[1.911s] DEBUG:colcon:Command line arguments: ['/usr/bin/colcon', 'build']
[1.911s] DEBUG:colcon:Parsed command line arguments: Namespace(allow_overriding=[], ament_cmake_args=None, base_paths=['.'], build_base='build', catkin_cmake_args=None, catkin_skip_building_tests=False, cmake_args=None, cmake_clean_cache=False, cmake_clean_first=False, cmake_force_configure=False, cmake_target=None, cmake_target_skip_unavailable=False, continue_on_error=False, event_handlers=None, executor='parallel', ignore_user_meta=False, install_base='install', log_base=None, log_level=None, main=<bound method BuildVerb.main of <colcon_core.verb.build.BuildVerb object at 0x7ff806c65bb0>>, merge_install=False, metas=['./colcon.meta'], mixin=None, mixin_files=None, mixin_verb=('build',), packages_above=None, packages_above_and_dependencies=None, packages_above_depth=None, packages_end=None, packages_ignore=None, packages_ignore_regex=None, packages_select=None, packages_select_build_failed=False, packages_select_by_dep=None, packages_select_regex=None, packages_select_test_failures=False, packages_skip=None, packages_skip_build_finished=False, packages_skip_by_dep=None, packages_skip_regex=None, packages_skip_test_passed=False, packages_skip_up_to=None, packages_start=None, packages_up_to=None, packages_up_to_regex=None, parallel_workers=1, paths=None, symlink_install=False, test_result_base=None, verb_extension=<colcon_core.verb.build.BuildVerb object at 0x7ff806c65bb0>, verb_name='build', verb_parser=<colcon_mixin.mixin.mixin_argument.MixinArgumentDecorator object at 0x7ff806b26ac0>)
[4.031s] Level 1:colcon.colcon_core.package_discovery:discover_packages(colcon_meta) check parameters
[4.034s] Level 1:colcon.colcon_core.package_discovery:discover_packages(recursive) check parameters
[4.034s] Level 1:colcon.colcon_core.package_discovery:discover_packages(ignore) check parameters
[4.034s] Level 1:colcon.colcon_core.package_discovery:discover_packages(path) check parameters
[4.034s] Level 1:colcon.colcon_core.package_discovery:discover_packages(colcon_meta) discover
[4.034s] Level 1:colcon.colcon_core.package_discovery:discover_packages(recursive) discover
[4.035s] INFO:colcon.colcon_core.package_discovery:Crawling recursively for packages in '/home/deylahm/Desktop/ros2'
[4.035s] Level 1:colcon.colcon_core.package_identification:_identify(.) by extensions ['ignore', 'ignore_ament_install']
[4.035s] Level 1:colcon.colcon_core.package_identification:_identify(.) by extension 'ignore'
[4.035s] Level 1:colcon.colcon_core.package_identification:_identify(.) by extension 'ignore_ament_install'
[4.036s] Level 1:colcon.colcon_core.package_identification:_identify(.) by extensions ['colcon_pkg']
[4.036s] Level 1:colcon.colcon_core.package_identification:_identify(.) by extension 'colcon_pkg'
[4.036s] Level 1:colcon.colcon_core.package_identification:_identify(.) by extensions ['colcon_meta']
[4.036s] Level 1:colcon.colcon_core.package_identification:_identify(.) by extension 'colcon_meta'
[4.036s] Level 1:colcon.colcon_core.package_identification:_identify(.) by extensions ['ros']
[4.036s] Level 1:colcon.colcon_core.package_identification:_identify(.) by extension 'ros'
[4.130s] Level 1:colcon.colcon_core.package_identification:_identify(.) by extensions ['cmake', 'python']
[4.134s] Level 1:colcon.colcon_core.package_identification:_identify(.) by extension 'cmake'
[4.134s] Level 1:colcon.colcon_core.package_identification:_identify(.) by extension 'python'
[4.134s] Level 1:colcon.colcon_core.package_identification:_identify(.) by extensions ['python_setup_py']
[4.134s] Level 1:colcon.colcon_core.package_identification:_identify(.) by extension 'python_setup_py'
[4.134s] Level 1:colcon.colcon_core.package_identification:_identify(build) by extensions ['ignore', 'ignore_ament_install']
[4.135s] Level 1:colcon.colcon_core.package_identification:_identify(build) by extension 'ignore'
[4.135s] Level 1:colcon.colcon_core.package_identification:_identify(build) ignored
[4.135s] Level 1:colcon.colcon_core.package_identification:_identify(install) by extensions ['ignore', 'ignore_ament_install']
[4.135s] Level 1:colcon.colcon_core.package_identification:_identify(install) by extension 'ignore'
[4.136s] Level 1:colcon.colcon_core.package_identification:_identify(install) ignored
[4.136s] Level 1:colcon.colcon_core.package_identification:_identify(log) by extensions ['ignore', 'ignore_ament_install']
[4.136s] Level 1:colcon.colcon_core.package_identification:_identify(log) by extension 'ignore'
[4.137s] Level 1:colcon.colcon_core.package_identification:_identify(log) ignored
[4.137s] Level 1:colcon.colcon_core.package_identification:_identify(src) by extensions ['ignore', 'ignore_ament_install']
[4.137s] Level 1:colcon.colcon_core.package_identification:_identify(src) by extension 'ignore'
[4.137s] Level 1:colcon.colcon_core.package_identification:_identify(src) by extension 'ignore_ament_install'
[4.137s] Level 1:colcon.colcon_core.package_identification:_identify(src) by extensions ['colcon_pkg']
[4.142s] Level 1:colcon.colcon_core.package_identification:_identify(src) by extension 'colcon_pkg'
[4.142s] Level 1:colcon.colcon_core.package_identification:_identify(src) by extensions ['colcon_meta']
[4.142s] Level 1:colcon.colcon_core.package_identification:_identify(src) by extension 'colcon_meta'
[4.142s] Level 1:colcon.colcon_core.package_identification:_identify(src) by extensions ['ros']
[4.142s] Level 1:colcon.colcon_core.package_identification:_identify(src) by extension 'ros'
[4.142s] Level 1:colcon.colcon_core.package_identification:_identify(src) by extensions ['cmake', 'python']
[4.143s] Level 1:colcon.colcon_core.package_identification:_identify(src) by extension 'cmake'
[4.143s] Level 1:colcon.colcon_core.package_identification:_identify(src) by extension 'python'
[4.143s] Level 1:colcon.colcon_core.package_identification:_identify(src) by extensions ['python_setup_py']
[4.143s] Level 1:colcon.colcon_core.package_identification:_identify(src) by extension 'python_setup_py'
[4.143s] Level 1:colcon.colcon_core.package_identification:_identify(src/occupancy_grid_demo) by extensions ['ignore', 'ignore_ament_install']
[4.144s] Level 1:colcon.colcon_core.package_identification:_identify(src/occupancy_grid_demo) by extension 'ignore'
[4.144s] Level 1:colcon.colcon_core.package_identification:_identify(src/occupancy_grid_demo) by extension 'ignore_ament_install'
[4.144s] Level 1:colcon.colcon_core.package_identification:_identify(src/occupancy_grid_demo) by extensions ['colcon_pkg']
[4.144s] Level 1:colcon.colcon_core.package_identification:_identify(src/occupancy_grid_demo) by extension 'colcon_pkg'
[4.144s] Level 1:colcon.colcon_core.package_identification:_identify(src/occupancy_grid_demo) by extensions ['colcon_meta']
[4.144s] Level 1:colcon.colcon_core.package_identification:_identify(src/occupancy_grid_demo) by extension 'colcon_meta'
[4.144s] Level 1:colcon.colcon_core.package_identification:_identify(src/occupancy_grid_demo) by extensions ['ros']
[4.144s] Level 1:colcon.colcon_core.package_identification:_identify(src/occupancy_grid_demo) by extension 'ros'
[4.160s] DEBUG:colcon.colcon_core.package_identification:Package 'src/occupancy_grid_demo' with type 'ros.ament_python' and name 'occupancy_grid_demo'
[4.163s] Level 1:colcon.colcon_core.package_discovery:discover_packages(recursive) using defaults
[4.163s] Level 1:colcon.colcon_core.package_discovery:discover_packages(ignore) discover
[4.163s] Level 1:colcon.colcon_core.package_discovery:discover_packages(ignore) using defaults
[4.163s] Level 1:colcon.colcon_core.package_discovery:discover_packages(path) discover
[4.163s] Level 1:colcon.colcon_core.package_discovery:discover_packages(path) using defaults
[4.284s] Level 1:colcon.colcon_core.package_discovery:discover_packages(prefix_path) check parameters
[4.284s] Level 1:colcon.colcon_core.package_discovery:discover_packages(prefix_path) discover
[4.310s] DEBUG:colcon.colcon_installed_package_information.package_discovery:Found 1 installed packages in /home/deylahm/Desktop/ros2/install
[4.321s] DEBUG:colcon.colcon_installed_package_information.package_discovery:Found 270 installed packages in /opt/ros/foxy
[4.356s] Level 1:colcon.colcon_core.package_discovery:discover_packages(prefix_path) using defaults
[5.144s] Level 5:colcon.colcon_core.verb:set package 'occupancy_grid_demo' build argument 'cmake_args' from command line to 'None'
[5.145s] Level 5:colcon.colcon_core.verb:set package 'occupancy_grid_demo' build argument 'cmake_target' from command line to 'None'
[5.145s] Level 5:colcon.colcon_core.verb:set package 'occupancy_grid_demo' build argument 'cmake_target_skip_unavailable' from command line to 'False'
[5.145s] Level 5:colcon.colcon_core.verb:set package 'occupancy_grid_demo' build argument 'cmake_clean_cache' from command line to 'False'
[5.145s] Level 5:colcon.colcon_core.verb:set package 'occupancy_grid_demo' build argument 'cmake_clean_first' from command line to 'False'
[5.145s] Level 5:colcon.colcon_core.verb:set package 'occupancy_grid_demo' build argument 'cmake_force_configure' from command line to 'False'
[5.145s] Level 5:colcon.colcon_core.verb:set package 'occupancy_grid_demo' build argument 'ament_cmake_args' from command line to 'None'
[5.145s] Level 5:colcon.colcon_core.verb:set package 'occupancy_grid_demo' build argument 'catkin_cmake_args' from command line to 'None'
[5.145s] Level 5:colcon.colcon_core.verb:set package 'occupancy_grid_demo' build argument 'catkin_skip_building_tests' from command line to 'False'
[5.148s] DEBUG:colcon.colcon_core.verb:Building package 'occupancy_grid_demo' with the following arguments: {'ament_cmake_args': None, 'build_base': '/home/deylahm/Desktop/ros2/build/occupancy_grid_demo', 'catkin_cmake_args': None, 'catkin_skip_building_tests': False, 'cmake_args': None, 'cmake_clean_cache': False, 'cmake_clean_first': False, 'cmake_force_configure': False, 'cmake_target': None, 'cmake_target_skip_unavailable': False, 'install_base': '/home/deylahm/Desktop/ros2/install/occupancy_grid_demo', 'merge_install': False, 'path': '/home/deylahm/Desktop/ros2/src/occupancy_grid_demo', 'symlink_install': False, 'test_result_base': None}
[5.148s] INFO:colcon.colcon_core.executor:Executing jobs using 'parallel' executor
[5.152s] DEBUG:colcon.colcon_parallel_executor.executor.parallel:run_until_complete
[5.153s] INFO:colcon.colcon_ros.task.ament_python.build:Building ROS package in '/home/deylahm/Desktop/ros2/src/occupancy_grid_demo' with build type 'ament_python'
[5.153s] Level 1:colcon.colcon_core.shell:create_environment_hook('occupancy_grid_demo', 'ament_prefix_path')
[5.174s] INFO:colcon.colcon_core.plugin_system:Skipping extension 'colcon_core.shell.bat': Not used on non-Windows systems
[5.176s] INFO:colcon.colcon_core.shell:Creating environment hook '/home/deylahm/Desktop/ros2/install/occupancy_grid_demo/share/occupancy_grid_demo/hook/ament_prefix_path.ps1'
[5.182s] INFO:colcon.colcon_core.shell:Creating environment descriptor '/home/deylahm/Desktop/ros2/install/occupancy_grid_demo/share/occupancy_grid_demo/hook/ament_prefix_path.dsv'
[5.186s] INFO:colcon.colcon_core.shell:Creating environment hook '/home/deylahm/Desktop/ros2/install/occupancy_grid_demo/share/occupancy_grid_demo/hook/ament_prefix_path.sh'
[5.194s] INFO:colcon.colcon_core.shell:Skip shell extension 'powershell' for command environment: Not usable outside of PowerShell
[5.194s] DEBUG:colcon.colcon_core.shell:Skip shell extension 'dsv' for command environment
[8.360s] INFO:colcon.colcon_core.task.python.build:Building Python package in '/home/deylahm/Desktop/ros2/src/occupancy_grid_demo'
[8.367s] INFO:colcon.colcon_core.shell:Skip shell extension 'powershell' for command environment: Not usable outside of PowerShell
[8.367s] DEBUG:colcon.colcon_core.shell:Skip shell extension 'dsv' for command environment
[13.536s] DEBUG:colcon.colcon_core.event_handler.log_command:Invoking command in '/home/deylahm/Desktop/ros2/src/occupancy_grid_demo': PYTHONPATH=/home/deylahm/Desktop/ros2/build/occupancy_grid_demo/prefix_override:/usr/lib/python3/dist-packages/colcon_core/task/python/colcon_distutils_commands:/home/deylahm/Desktop/ros2/install/occupancy_grid_demo/lib/python3.8/site-packages:${PYTHONPATH} /usr/bin/python3 -W ignore:setup.py install is deprecated setup.py egg_info --egg-base ../../build/occupancy_grid_demo build --build-base /home/deylahm/Desktop/ros2/build/occupancy_grid_demo/build install --record /home/deylahm/Desktop/ros2/build/occupancy_grid_demo/install.log --install-scripts $base/lib/occupancy_grid_demo --single-version-externally-managed install_data
[17.745s] DEBUG:colcon.colcon_core.event_handler.log_command:Invoked command in '/home/deylahm/Desktop/ros2/src/occupancy_grid_demo' returned '0': PYTHONPATH=/home/deylahm/Desktop/ros2/build/occupancy_grid_demo/prefix_override:/usr/lib/python3/dist-packages/colcon_core/task/python/colcon_distutils_commands:/home/deylahm/Desktop/ros2/install/occupancy_grid_demo/lib/python3.8/site-packages:${PYTHONPATH} /usr/bin/python3 -W ignore:setup.py install is deprecated setup.py egg_info --egg-base ../../build/occupancy_grid_demo build --build-base /home/deylahm/Desktop/ros2/build/occupancy_grid_demo/build install --record /home/deylahm/Desktop/ros2/build/occupancy_grid_demo/install.log --install-scripts $base/lib/occupancy_grid_demo --single-version-externally-managed install_data
[17.760s] Level 1:colcon.colcon_core.environment:checking '/home/deylahm/Desktop/ros2/install/occupancy_grid_demo' for CMake module files
[17.770s] Level 1:colcon.colcon_core.environment:checking '/home/deylahm/Desktop/ros2/install/occupancy_grid_demo' for CMake config files
[17.772s] Level 1:colcon.colcon_core.environment:checking '/home/deylahm/Desktop/ros2/install/occupancy_grid_demo/lib'
[17.772s] Level 1:colcon.colcon_core.environment:checking '/home/deylahm/Desktop/ros2/install/occupancy_grid_demo/bin'
[17.772s] Level 1:colcon.colcon_core.environment:checking '/home/deylahm/Desktop/ros2/install/occupancy_grid_demo/lib/pkgconfig/occupancy_grid_demo.pc'
[17.773s] Level 1:colcon.colcon_core.environment:checking '/home/deylahm/Desktop/ros2/install/occupancy_grid_demo/lib/python3.8/site-packages'
[17.773s] Level 1:colcon.colcon_core.shell:create_environment_hook('occupancy_grid_demo', 'pythonpath')
[17.782s] INFO:colcon.colcon_core.shell:Creating environment hook '/home/deylahm/Desktop/ros2/install/occupancy_grid_demo/share/occupancy_grid_demo/hook/pythonpath.ps1'
[17.788s] INFO:colcon.colcon_core.shell:Creating environment descriptor '/home/deylahm/Desktop/ros2/install/occupancy_grid_demo/share/occupancy_grid_demo/hook/pythonpath.dsv'
[17.798s] INFO:colcon.colcon_core.shell:Creating environment hook '/home/deylahm/Desktop/ros2/install/occupancy_grid_demo/share/occupancy_grid_demo/hook/pythonpath.sh'
[17.800s] Level 1:colcon.colcon_core.environment:checking '/home/deylahm/Desktop/ros2/install/occupancy_grid_demo/bin'
[17.801s] Level 1:colcon.colcon_core.environment:create_environment_scripts_only(occupancy_grid_demo)
[17.804s] INFO:colcon.colcon_core.shell:Creating package script '/home/deylahm/Desktop/ros2/install/occupancy_grid_demo/share/occupancy_grid_demo/package.ps1'
[17.834s] INFO:colcon.colcon_core.shell:Creating package descriptor '/home/deylahm/Desktop/ros2/install/occupancy_grid_demo/share/occupancy_grid_demo/package.dsv'
[17.842s] INFO:colcon.colcon_core.shell:Creating package script '/home/deylahm/Desktop/ros2/install/occupancy_grid_demo/share/occupancy_grid_demo/package.sh'
[17.862s] INFO:colcon.colcon_core.shell:Creating package script '/home/deylahm/Desktop/ros2/install/occupancy_grid_demo/share/occupancy_grid_demo/package.bash'
[17.874s] INFO:colcon.colcon_core.shell:Creating package script '/home/deylahm/Desktop/ros2/install/occupancy_grid_demo/share/occupancy_grid_demo/package.zsh'
[17.886s] Level 1:colcon.colcon_core.environment:create_file_with_runtime_dependencies(/home/deylahm/Desktop/ros2/install/occupancy_grid_demo/share/colcon-core/packages/occupancy_grid_demo)
[17.910s] DEBUG:colcon.colcon_parallel_executor.executor.parallel:closing loop
[17.918s] DEBUG:colcon.colcon_parallel_executor.executor.parallel:loop closed
[17.918s] DEBUG:colcon.colcon_parallel_executor.executor.parallel:run_until_complete finished with '0'
[17.918s] DEBUG:colcon.colcon_core.event_reactor:joining thread
[17.997s] INFO:colcon.colcon_core.plugin_system:Skipping extension 'colcon_notification.desktop_notification.terminal_notifier': Not used on non-Darwin systems
[18.022s] INFO:colcon.colcon_core.plugin_system:Skipping extension 'colcon_notification.desktop_notification.win32': Not used on non-Windows systems
[18.022s] INFO:colcon.colcon_notification.desktop_notification:Sending desktop notification using 'notify2'
[18.196s] DEBUG:colcon.colcon_core.event_reactor:joined thread
[18.197s] INFO:colcon.colcon_core.shell:Creating prefix script '/home/deylahm/Desktop/ros2/install/local_setup.ps1'
[18.208s] INFO:colcon.colcon_core.shell:Creating prefix util module '/home/deylahm/Desktop/ros2/install/_local_setup_util_ps1.py'
[18.234s] INFO:colcon.colcon_core.shell:Creating prefix chain script '/home/deylahm/Desktop/ros2/install/setup.ps1'
[18.250s] INFO:colcon.colcon_core.shell:Creating prefix script '/home/deylahm/Desktop/ros2/install/local_setup.sh'
[18.262s] INFO:colcon.colcon_core.shell:Creating prefix util module '/home/deylahm/Desktop/ros2/install/_local_setup_util_sh.py'
[18.270s] INFO:colcon.colcon_core.shell:Creating prefix chain script '/home/deylahm/Desktop/ros2/install/setup.sh'
[18.282s] INFO:colcon.colcon_core.shell:Creating prefix script '/home/deylahm/Desktop/ros2/install/local_setup.bash'
[18.290s] INFO:colcon.colcon_core.shell:Creating prefix chain script '/home/deylahm/Desktop/ros2/install/setup.bash'
[18.310s] INFO:colcon.colcon_core.shell:Creating prefix script '/home/deylahm/Desktop/ros2/install/local_setup.zsh'
[18.326s] INFO:colcon.colcon_core.shell:Creating prefix chain script '/home/deylahm/Desktop/ros2/install/setup.zsh'
