running egg_info
creating ../../build/holonomic_robot/holonomic_robot.egg-info
writing ../../build/holonomic_robot/holonomic_robot.egg-info/PKG-INFO
writing dependency_links to ../../build/holonomic_robot/holonomic_robot.egg-info/dependency_links.txt
writing entry points to ../../build/holonomic_robot/holonomic_robot.egg-info/entry_points.txt
writing requirements to ../../build/holonomic_robot/holonomic_robot.egg-info/requires.txt
writing top-level names to ../../build/holonomic_robot/holonomic_robot.egg-info/top_level.txt
writing manifest file '../../build/holonomic_robot/holonomic_robot.egg-info/SOURCES.txt'
reading manifest file '../../build/holonomic_robot/holonomic_robot.egg-info/SOURCES.txt'
writing manifest file '../../build/holonomic_robot/holonomic_robot.egg-info/SOURCES.txt'
running build
running build_py
creating /home/deylahm/Desktop/ros2 (copy)/build/holonomic_robot/build
creating /home/deylahm/Desktop/ros2 (copy)/build/holonomic_robot/build/lib
creating /home/deylahm/Desktop/ros2 (copy)/build/holonomic_robot/build/lib/holonomic_robot
copying holonomic_robot/__init__.py -> /home/deylahm/Desktop/ros2 (copy)/build/holonomic_robot/build/lib/holonomic_robot
running install
running install_lib
creating /home/deylahm/Desktop/ros2 (copy)/install/holonomic_robot/lib/python3.8/site-packages/holonomic_robot
copying /home/deylahm/Desktop/ros2 (copy)/build/holonomic_robot/build/lib/holonomic_robot/__init__.py -> /home/deylahm/Desktop/ros2 (copy)/install/holonomic_robot/lib/python3.8/site-packages/holonomic_robot
byte-compiling /home/deylahm/Desktop/ros2 (copy)/install/holonomic_robot/lib/python3.8/site-packages/holonomic_robot/__init__.py to __init__.cpython-38.pyc
running install_data
creating /home/deylahm/Desktop/ros2 (copy)/install/holonomic_robot/share/ament_index
creating /home/deylahm/Desktop/ros2 (copy)/install/holonomic_robot/share/ament_index/resource_index
creating /home/deylahm/Desktop/ros2 (copy)/install/holonomic_robot/share/ament_index/resource_index/packages
copying resource/holonomic_robot -> /home/deylahm/Desktop/ros2 (copy)/install/holonomic_robot/share/ament_index/resource_index/packages
copying package.xml -> /home/deylahm/Desktop/ros2 (copy)/install/holonomic_robot/share/holonomic_robot
running install_egg_info
Copying ../../build/holonomic_robot/holonomic_robot.egg-info to /home/deylahm/Desktop/ros2 (copy)/install/holonomic_robot/lib/python3.8/site-packages/holonomic_robot-0.0.0-py3.8.egg-info
running install_scripts
writing list of installed files to '/home/deylahm/Desktop/ros2 (copy)/build/holonomic_robot/install.log'
