[4.754s] Invoking command in '/home/deylahm/Desktop/ros2 (copy)/src/holonomic_robot': PYTHONPATH=/home/deylahm/Desktop/ros2 (copy)/build/holonomic_robot/prefix_override:/usr/lib/python3/dist-packages/colcon_core/task/python/colcon_distutils_commands:/home/deylahm/Desktop/ros2 (copy)/install/holonomic_robot/lib/python3.8/site-packages:${PYTHONPATH} /usr/bin/python3 -W ignore:setup.py install is deprecated setup.py egg_info --egg-base ../../build/holonomic_robot build --build-base /home/deylahm/Desktop/ros2 (copy)/build/holonomic_robot/build install --record /home/deylahm/Desktop/ros2 (copy)/build/holonomic_robot/install.log --install-scripts $base/lib/holonomic_robot --single-version-externally-managed install_data
[6.241s] running egg_info
[6.242s] creating ../../build/holonomic_robot/holonomic_robot.egg-info
[6.243s] writing ../../build/holonomic_robot/holonomic_robot.egg-info/PKG-INFO
[6.244s] writing dependency_links to ../../build/holonomic_robot/holonomic_robot.egg-info/dependency_links.txt
[6.245s] writing entry points to ../../build/holonomic_robot/holonomic_robot.egg-info/entry_points.txt
[6.245s] writing requirements to ../../build/holonomic_robot/holonomic_robot.egg-info/requires.txt
[6.246s] writing top-level names to ../../build/holonomic_robot/holonomic_robot.egg-info/top_level.txt
[6.258s] writing manifest file '../../build/holonomic_robot/holonomic_robot.egg-info/SOURCES.txt'
[6.779s] reading manifest file '../../build/holonomic_robot/holonomic_robot.egg-info/SOURCES.txt'
[6.784s] writing manifest file '../../build/holonomic_robot/holonomic_robot.egg-info/SOURCES.txt'
[6.785s] running build
[6.785s] running build_py
[6.789s] creating /home/deylahm/Desktop/ros2 (copy)/build/holonomic_robot/build
[6.791s] creating /home/deylahm/Desktop/ros2 (copy)/build/holonomic_robot/build/lib
[6.792s] creating /home/deylahm/Desktop/ros2 (copy)/build/holonomic_robot/build/lib/holonomic_robot
[6.792s] copying holonomic_robot/__init__.py -> /home/deylahm/Desktop/ros2 (copy)/build/holonomic_robot/build/lib/holonomic_robot
[6.793s] running install
[6.796s] running install_lib
[6.799s] creating /home/deylahm/Desktop/ros2 (copy)/install/holonomic_robot/lib/python3.8/site-packages/holonomic_robot
[6.800s] copying /home/deylahm/Desktop/ros2 (copy)/build/holonomic_robot/build/lib/holonomic_robot/__init__.py -> /home/deylahm/Desktop/ros2 (copy)/install/holonomic_robot/lib/python3.8/site-packages/holonomic_robot
[6.802s] byte-compiling /home/deylahm/Desktop/ros2 (copy)/install/holonomic_robot/lib/python3.8/site-packages/holonomic_robot/__init__.py to __init__.cpython-38.pyc
[6.811s] running install_data
[6.819s] creating /home/deylahm/Desktop/ros2 (copy)/install/holonomic_robot/share/ament_index
[6.819s] creating /home/deylahm/Desktop/ros2 (copy)/install/holonomic_robot/share/ament_index/resource_index
[6.825s] creating /home/deylahm/Desktop/ros2 (copy)/install/holonomic_robot/share/ament_index/resource_index/packages
[6.825s] copying resource/holonomic_robot -> /home/deylahm/Desktop/ros2 (copy)/install/holonomic_robot/share/ament_index/resource_index/packages
[6.826s] copying package.xml -> /home/deylahm/Desktop/ros2 (copy)/install/holonomic_robot/share/holonomic_robot
[6.827s] running install_egg_info
[6.834s] Copying ../../build/holonomic_robot/holonomic_robot.egg-info to /home/deylahm/Desktop/ros2 (copy)/install/holonomic_robot/lib/python3.8/site-packages/holonomic_robot-0.0.0-py3.8.egg-info
[6.845s] running install_scripts
[7.058s] writing list of installed files to '/home/deylahm/Desktop/ros2 (copy)/build/holonomic_robot/install.log'
[7.219s] Invoked command in '/home/deylahm/Desktop/ros2 (copy)/src/holonomic_robot' returned '0': PYTHONPATH=/home/deylahm/Desktop/ros2 (copy)/build/holonomic_robot/prefix_override:/usr/lib/python3/dist-packages/colcon_core/task/python/colcon_distutils_commands:/home/deylahm/Desktop/ros2 (copy)/install/holonomic_robot/lib/python3.8/site-packages:${PYTHONPATH} /usr/bin/python3 -W ignore:setup.py install is deprecated setup.py egg_info --egg-base ../../build/holonomic_robot build --build-base /home/deylahm/Desktop/ros2 (copy)/build/holonomic_robot/build install --record /home/deylahm/Desktop/ros2 (copy)/build/holonomic_robot/install.log --install-scripts $base/lib/holonomic_robot --single-version-externally-managed install_data
