[6.231s] Invoking command in '/home/deylahm/Desktop/ros2 (copy)/src/occupancy_grid_demo': PYTHONPATH=/home/deylahm/Desktop/ros2 (copy)/build/occupancy_grid_demo/prefix_override:/usr/lib/python3/dist-packages/colcon_core/task/python/colcon_distutils_commands:/home/deylahm/Desktop/ros2 (copy)/install/occupancy_grid_demo/lib/python3.8/site-packages:${PYTHONPATH} /usr/bin/python3 -W ignore:setup.py install is deprecated setup.py egg_info --egg-base ../../build/occupancy_grid_demo build --build-base /home/deylahm/Desktop/ros2 (copy)/build/occupancy_grid_demo/build install --record /home/deylahm/Desktop/ros2 (copy)/build/occupancy_grid_demo/install.log --install-scripts $base/lib/occupancy_grid_demo --single-version-externally-managed install_data
[7.189s] running egg_info
[7.191s] writing ../../build/occupancy_grid_demo/occupancy_grid_demo.egg-info/PKG-INFO
[7.193s] writing dependency_links to ../../build/occupancy_grid_demo/occupancy_grid_demo.egg-info/dependency_links.txt
[7.195s] writing entry points to ../../build/occupancy_grid_demo/occupancy_grid_demo.egg-info/entry_points.txt
[7.196s] writing requirements to ../../build/occupancy_grid_demo/occupancy_grid_demo.egg-info/requires.txt
[7.197s] writing top-level names to ../../build/occupancy_grid_demo/occupancy_grid_demo.egg-info/top_level.txt
[7.550s] reading manifest file '../../build/occupancy_grid_demo/occupancy_grid_demo.egg-info/SOURCES.txt'
[7.570s] writing manifest file '../../build/occupancy_grid_demo/occupancy_grid_demo.egg-info/SOURCES.txt'
[7.571s] running build
[7.571s] running build_py
[7.572s] running install
[7.578s] running install_lib
[7.583s] creating /home/deylahm/Desktop/ros2 (copy)/install/occupancy_grid_demo/lib/python3.8/site-packages/occupancy_grid_demo
[7.584s] copying /home/deylahm/Desktop/ros2 (copy)/build/occupancy_grid_demo/build/lib/occupancy_grid_demo/occupancy_grid_publisher.py -> /home/deylahm/Desktop/ros2 (copy)/install/occupancy_grid_demo/lib/python3.8/site-packages/occupancy_grid_demo
[7.586s] copying /home/deylahm/Desktop/ros2 (copy)/build/occupancy_grid_demo/build/lib/occupancy_grid_demo/__init__.py -> /home/deylahm/Desktop/ros2 (copy)/install/occupancy_grid_demo/lib/python3.8/site-packages/occupancy_grid_demo
[7.590s] byte-compiling /home/deylahm/Desktop/ros2 (copy)/install/occupancy_grid_demo/lib/python3.8/site-packages/occupancy_grid_demo/occupancy_grid_publisher.py to occupancy_grid_publisher.cpython-38.pyc
[7.604s] byte-compiling /home/deylahm/Desktop/ros2 (copy)/install/occupancy_grid_demo/lib/python3.8/site-packages/occupancy_grid_demo/__init__.py to __init__.cpython-38.pyc
[7.606s] running install_data
[7.610s] creating /home/deylahm/Desktop/ros2 (copy)/install/occupancy_grid_demo/share/ament_index
[7.611s] creating /home/deylahm/Desktop/ros2 (copy)/install/occupancy_grid_demo/share/ament_index/resource_index
[7.611s] creating /home/deylahm/Desktop/ros2 (copy)/install/occupancy_grid_demo/share/ament_index/resource_index/packages
[7.612s] copying resource/occupancy_grid_demo -> /home/deylahm/Desktop/ros2 (copy)/install/occupancy_grid_demo/share/ament_index/resource_index/packages
[7.618s] copying package.xml -> /home/deylahm/Desktop/ros2 (copy)/install/occupancy_grid_demo/share/occupancy_grid_demo
[7.619s] running install_egg_info
[7.638s] Copying ../../build/occupancy_grid_demo/occupancy_grid_demo.egg-info to /home/deylahm/Desktop/ros2 (copy)/install/occupancy_grid_demo/lib/python3.8/site-packages/occupancy_grid_demo-0.0.0-py3.8.egg-info
[7.650s] running install_scripts
[7.798s] Installing occupancy_grid_publisher script to /home/deylahm/Desktop/ros2 (copy)/install/occupancy_grid_demo/lib/occupancy_grid_demo
[7.799s] writing list of installed files to '/home/deylahm/Desktop/ros2 (copy)/build/occupancy_grid_demo/install.log'
[8.019s] Invoked command in '/home/deylahm/Desktop/ros2 (copy)/src/occupancy_grid_demo' returned '0': PYTHONPATH=/home/deylahm/Desktop/ros2 (copy)/build/occupancy_grid_demo/prefix_override:/usr/lib/python3/dist-packages/colcon_core/task/python/colcon_distutils_commands:/home/deylahm/Desktop/ros2 (copy)/install/occupancy_grid_demo/lib/python3.8/site-packages:${PYTHONPATH} /usr/bin/python3 -W ignore:setup.py install is deprecated setup.py egg_info --egg-base ../../build/occupancy_grid_demo build --build-base /home/deylahm/Desktop/ros2 (copy)/build/occupancy_grid_demo/build install --record /home/deylahm/Desktop/ros2 (copy)/build/occupancy_grid_demo/install.log --install-scripts $base/lib/occupancy_grid_demo --single-version-externally-managed install_data
