[28.394s] DEBUG:colcon:Command line arguments: ['/usr/bin/colcon', 'list', '-p', '--base-paths', '/home/deylahm/Desktop/ros2']
[28.419s] DEBUG:colcon:Parsed command line arguments: Namespace(allow_overriding=[], base_paths=['/home/deylahm/Desktop/ros2'], build_base='build', ignore_user_meta=False, log_base=None, log_level=None, main=<bound method ListVerb.main of <colcon_package_information.verb.list.ListVerb object at 0x7f7417eacc10>>, metas=['./colcon.meta'], mixin=None, mixin_files=None, mixin_verb=('list',), names_only=False, packages_above=None, packages_above_and_dependencies=None, packages_above_depth=None, packages_end=None, packages_ignore=None, packages_ignore_regex=None, packages_select=None, packages_select_build_failed=False, packages_select_by_dep=None, packages_select_regex=None, packages_select_test_failures=False, packages_skip=None, packages_skip_build_finished=False, packages_skip_by_dep=None, packages_skip_regex=None, packages_skip_test_passed=False, packages_skip_up_to=None, packages_start=None, packages_up_to=None, packages_up_to_regex=None, paths=None, paths_only=True, topological_graph=False, topological_graph_density=False, topological_graph_dot=False, topological_graph_dot_cluster=False, topological_graph_dot_include_skipped=False, topological_graph_legend=False, topological_order=False, verb_extension=<colcon_package_information.verb.list.ListVerb object at 0x7f7417eacc10>, verb_name='list', verb_parser=<colcon_mixin.mixin.mixin_argument.MixinArgumentDecorator object at 0x7f7417ebcee0>)
[58.641s] Level 1:colcon.colcon_core.package_discovery:discover_packages(colcon_meta) check parameters
[58.641s] Level 1:colcon.colcon_core.package_discovery:discover_packages(recursive) check parameters
[58.641s] Level 1:colcon.colcon_core.package_discovery:discover_packages(ignore) check parameters
[58.641s] Level 1:colcon.colcon_core.package_discovery:discover_packages(path) check parameters
[58.641s] Level 1:colcon.colcon_core.package_discovery:discover_packages(recursive) discover
[58.642s] INFO:colcon.colcon_core.package_discovery:Crawling recursively for packages in '/home/deylahm/Desktop/ros2'
[58.642s] Level 1:colcon.colcon_core.package_identification:_identify(/home/deylahm/Desktop/ros2) by extensions ['ignore', 'ignore_ament_install']
[58.643s] Level 1:colcon.colcon_core.package_identification:_identify(/home/deylahm/Desktop/ros2) by extension 'ignore'
[58.643s] Level 1:colcon.colcon_core.package_identification:_identify(/home/deylahm/Desktop/ros2) by extension 'ignore_ament_install'
[58.733s] Level 1:colcon.colcon_core.package_identification:_identify(/home/deylahm/Desktop/ros2) by extensions ['colcon_pkg']
[58.734s] Level 1:colcon.colcon_core.package_identification:_identify(/home/deylahm/Desktop/ros2) by extension 'colcon_pkg'
[58.734s] Level 1:colcon.colcon_core.package_identification:_identify(/home/deylahm/Desktop/ros2) by extensions ['colcon_meta']
[58.734s] Level 1:colcon.colcon_core.package_identification:_identify(/home/deylahm/Desktop/ros2) by extension 'colcon_meta'
[58.735s] Level 1:colcon.colcon_core.package_identification:_identify(/home/deylahm/Desktop/ros2) by extensions ['ros']
[58.735s] Level 1:colcon.colcon_core.package_identification:_identify(/home/deylahm/Desktop/ros2) by extension 'ros'
[61.403s] Level 1:colcon.colcon_core.package_identification:_identify(/home/deylahm/Desktop/ros2) by extensions ['cmake', 'python']
[61.404s] Level 1:colcon.colcon_core.package_identification:_identify(/home/deylahm/Desktop/ros2) by extension 'cmake'
[61.404s] Level 1:colcon.colcon_core.package_identification:_identify(/home/deylahm/Desktop/ros2) by extension 'python'
[61.404s] Level 1:colcon.colcon_core.package_identification:_identify(/home/deylahm/Desktop/ros2) by extensions ['python_setup_py']
[61.404s] Level 1:colcon.colcon_core.package_identification:_identify(/home/deylahm/Desktop/ros2) by extension 'python_setup_py'
[61.557s] Level 1:colcon.colcon_core.package_identification:_identify(/home/deylahm/Desktop/ros2/log) by extensions ['ignore', 'ignore_ament_install']
[61.558s] Level 1:colcon.colcon_core.package_identification:_identify(/home/deylahm/Desktop/ros2/log) by extension 'ignore'
[61.558s] Level 1:colcon.colcon_core.package_identification:_identify(/home/deylahm/Desktop/ros2/log) ignored
[61.559s] Level 1:colcon.colcon_core.package_identification:_identify(/home/deylahm/Desktop/ros2/src) by extensions ['ignore', 'ignore_ament_install']
[61.559s] Level 1:colcon.colcon_core.package_identification:_identify(/home/deylahm/Desktop/ros2/src) by extension 'ignore'
[61.560s] Level 1:colcon.colcon_core.package_identification:_identify(/home/deylahm/Desktop/ros2/src) by extension 'ignore_ament_install'
[61.560s] Level 1:colcon.colcon_core.package_identification:_identify(/home/deylahm/Desktop/ros2/src) by extensions ['colcon_pkg']
[61.560s] Level 1:colcon.colcon_core.package_identification:_identify(/home/deylahm/Desktop/ros2/src) by extension 'colcon_pkg'
[61.714s] Level 1:colcon.colcon_core.package_identification:_identify(/home/deylahm/Desktop/ros2/src) by extensions ['colcon_meta']
[61.714s] Level 1:colcon.colcon_core.package_identification:_identify(/home/deylahm/Desktop/ros2/src) by extension 'colcon_meta'
[61.715s] Level 1:colcon.colcon_core.package_identification:_identify(/home/deylahm/Desktop/ros2/src) by extensions ['ros']
[61.715s] Level 1:colcon.colcon_core.package_identification:_identify(/home/deylahm/Desktop/ros2/src) by extension 'ros'
[61.715s] Level 1:colcon.colcon_core.package_identification:_identify(/home/deylahm/Desktop/ros2/src) by extensions ['cmake', 'python']
[61.715s] Level 1:colcon.colcon_core.package_identification:_identify(/home/deylahm/Desktop/ros2/src) by extension 'cmake'
[61.715s] Level 1:colcon.colcon_core.package_identification:_identify(/home/deylahm/Desktop/ros2/src) by extension 'python'
[61.715s] Level 1:colcon.colcon_core.package_identification:_identify(/home/deylahm/Desktop/ros2/src) by extensions ['python_setup_py']
[61.715s] Level 1:colcon.colcon_core.package_identification:_identify(/home/deylahm/Desktop/ros2/src) by extension 'python_setup_py'
[61.716s] Level 1:colcon.colcon_core.package_identification:_identify(/home/deylahm/Desktop/ros2/src/occupancy_grid_demo) by extensions ['ignore', 'ignore_ament_install']
[61.716s] Level 1:colcon.colcon_core.package_identification:_identify(/home/deylahm/Desktop/ros2/src/occupancy_grid_demo) by extension 'ignore'
[61.716s] Level 1:colcon.colcon_core.package_identification:_identify(/home/deylahm/Desktop/ros2/src/occupancy_grid_demo) by extension 'ignore_ament_install'
[61.716s] Level 1:colcon.colcon_core.package_identification:_identify(/home/deylahm/Desktop/ros2/src/occupancy_grid_demo) by extensions ['colcon_pkg']
[61.779s] Level 1:colcon.colcon_core.package_identification:_identify(/home/deylahm/Desktop/ros2/src/occupancy_grid_demo) by extension 'colcon_pkg'
[61.779s] Level 1:colcon.colcon_core.package_identification:_identify(/home/deylahm/Desktop/ros2/src/occupancy_grid_demo) by extensions ['colcon_meta']
[61.779s] Level 1:colcon.colcon_core.package_identification:_identify(/home/deylahm/Desktop/ros2/src/occupancy_grid_demo) by extension 'colcon_meta'
[61.779s] Level 1:colcon.colcon_core.package_identification:_identify(/home/deylahm/Desktop/ros2/src/occupancy_grid_demo) by extensions ['ros']
[61.780s] Level 1:colcon.colcon_core.package_identification:_identify(/home/deylahm/Desktop/ros2/src/occupancy_grid_demo) by extension 'ros'
[61.943s] DEBUG:colcon.colcon_core.package_identification:Failed to parse potential ROS package manifest in'/home/deylahm/Desktop/ros2/src/occupancy_grid_demo': Error(s) in package '/home/deylahm/Desktop/ros2/src/occupancy_grid_demo/package.xml':
The manifest contains invalid XML:
syntax error: line 3, column 0
[61.943s] Level 1:colcon.colcon_core.package_identification:_identify(/home/deylahm/Desktop/ros2/src/occupancy_grid_demo) by extensions ['cmake', 'python']
[61.943s] Level 1:colcon.colcon_core.package_identification:_identify(/home/deylahm/Desktop/ros2/src/occupancy_grid_demo) by extension 'cmake'
[61.943s] Level 1:colcon.colcon_core.package_identification:_identify(/home/deylahm/Desktop/ros2/src/occupancy_grid_demo) by extension 'python'
[61.944s] DEBUG:colcon.colcon_core.package_identification:Python package in '/home/deylahm/Desktop/ros2/src/occupancy_grid_demo' passes arguments to the setup() function which requires a different identification extension than 'python'
[61.944s] Level 1:colcon.colcon_core.package_identification:_identify(/home/deylahm/Desktop/ros2/src/occupancy_grid_demo) by extensions ['python_setup_py']
[61.944s] Level 1:colcon.colcon_core.package_identification:_identify(/home/deylahm/Desktop/ros2/src/occupancy_grid_demo) by extension 'python_setup_py'
[100.618s] DEBUG:colcon.colcon_core.package_identification:Package '/home/deylahm/Desktop/ros2/src/occupancy_grid_demo' with type 'python' and name 'occupancy_grid_demo'
[100.641s] Level 1:colcon.colcon_core.package_discovery:discover_packages(recursive) using defaults
