[2.677s] DEBUG:colcon:Command line arguments: ['/usr/bin/colcon', 'build']
[2.677s] DEBUG:colcon:Parsed command line arguments: Namespace(allow_overriding=[], ament_cmake_args=None, base_paths=['.'], build_base='build', catkin_cmake_args=None, catkin_skip_building_tests=False, cmake_args=None, cmake_clean_cache=False, cmake_clean_first=False, cmake_force_configure=False, cmake_target=None, cmake_target_skip_unavailable=False, continue_on_error=False, event_handlers=None, executor='parallel', ignore_user_meta=False, install_base='install', log_base=None, log_level=None, main=<bound method BuildVerb.main of <colcon_core.verb.build.BuildVerb object at 0x7f85536f4a90>>, merge_install=False, metas=['./colcon.meta'], mixin=None, mixin_files=None, mixin_verb=('build',), packages_above=None, packages_above_and_dependencies=None, packages_above_depth=None, packages_end=None, packages_ignore=None, packages_ignore_regex=None, packages_select=None, packages_select_build_failed=False, packages_select_by_dep=None, packages_select_regex=None, packages_select_test_failures=False, packages_skip=None, packages_skip_build_finished=False, packages_skip_by_dep=None, packages_skip_regex=None, packages_skip_test_passed=False, packages_skip_up_to=None, packages_start=None, packages_up_to=None, packages_up_to_regex=None, parallel_workers=1, paths=None, symlink_install=False, test_result_base=None, verb_extension=<colcon_core.verb.build.BuildVerb object at 0x7f85536f4a90>, verb_name='build', verb_parser=<colcon_mixin.mixin.mixin_argument.MixinArgumentDecorator object at 0x7f85535b79a0>)
[4.227s] Level 1:colcon.colcon_core.package_discovery:discover_packages(colcon_meta) check parameters
[4.228s] Level 1:colcon.colcon_core.package_discovery:discover_packages(recursive) check parameters
[4.228s] Level 1:colcon.colcon_core.package_discovery:discover_packages(ignore) check parameters
[4.244s] Level 1:colcon.colcon_core.package_discovery:discover_packages(path) check parameters
[4.244s] Level 1:colcon.colcon_core.package_discovery:discover_packages(colcon_meta) discover
[4.244s] Level 1:colcon.colcon_core.package_discovery:discover_packages(recursive) discover
[4.244s] INFO:colcon.colcon_core.package_discovery:Crawling recursively for packages in '/home/deylahm/Desktop/Simulacion Rotbot/Prueba-Ros2'
[4.245s] Level 1:colcon.colcon_core.package_identification:_identify(.) by extensions ['ignore', 'ignore_ament_install']
[4.245s] Level 1:colcon.colcon_core.package_identification:_identify(.) by extension 'ignore'
[4.245s] Level 1:colcon.colcon_core.package_identification:_identify(.) by extension 'ignore_ament_install'
[4.245s] Level 1:colcon.colcon_core.package_identification:_identify(.) by extensions ['colcon_pkg']
[4.246s] Level 1:colcon.colcon_core.package_identification:_identify(.) by extension 'colcon_pkg'
[4.246s] Level 1:colcon.colcon_core.package_identification:_identify(.) by extensions ['colcon_meta']
[4.246s] Level 1:colcon.colcon_core.package_identification:_identify(.) by extension 'colcon_meta'
[4.246s] Level 1:colcon.colcon_core.package_identification:_identify(.) by extensions ['ros']
[4.246s] Level 1:colcon.colcon_core.package_identification:_identify(.) by extension 'ros'
[4.327s] Level 1:colcon.colcon_core.package_identification:_identify(.) by extensions ['cmake', 'python']
[4.338s] Level 1:colcon.colcon_core.package_identification:_identify(.) by extension 'cmake'
[4.338s] Level 1:colcon.colcon_core.package_identification:_identify(.) by extension 'python'
[4.338s] Level 1:colcon.colcon_core.package_identification:_identify(.) by extensions ['python_setup_py']
[4.339s] Level 1:colcon.colcon_core.package_identification:_identify(.) by extension 'python_setup_py'
[4.339s] Level 1:colcon.colcon_core.package_identification:_identify(build) by extensions ['ignore', 'ignore_ament_install']
[4.340s] Level 1:colcon.colcon_core.package_identification:_identify(build) by extension 'ignore'
[4.340s] Level 1:colcon.colcon_core.package_identification:_identify(build) ignored
[4.341s] Level 1:colcon.colcon_core.package_identification:_identify(install) by extensions ['ignore', 'ignore_ament_install']
[4.342s] Level 1:colcon.colcon_core.package_identification:_identify(install) by extension 'ignore'
[4.342s] Level 1:colcon.colcon_core.package_identification:_identify(install) ignored
[4.342s] Level 1:colcon.colcon_core.package_identification:_identify(log) by extensions ['ignore', 'ignore_ament_install']
[4.343s] Level 1:colcon.colcon_core.package_identification:_identify(log) by extension 'ignore'
[4.343s] Level 1:colcon.colcon_core.package_identification:_identify(log) ignored
[4.344s] Level 1:colcon.colcon_core.package_identification:_identify(src) by extensions ['ignore', 'ignore_ament_install']
[4.345s] Level 1:colcon.colcon_core.package_identification:_identify(src) by extension 'ignore'
[4.345s] Level 1:colcon.colcon_core.package_identification:_identify(src) by extension 'ignore_ament_install'
[4.345s] Level 1:colcon.colcon_core.package_identification:_identify(src) by extensions ['colcon_pkg']
[4.346s] Level 1:colcon.colcon_core.package_identification:_identify(src) by extension 'colcon_pkg'
[4.346s] Level 1:colcon.colcon_core.package_identification:_identify(src) by extensions ['colcon_meta']
[4.346s] Level 1:colcon.colcon_core.package_identification:_identify(src) by extension 'colcon_meta'
[4.347s] Level 1:colcon.colcon_core.package_identification:_identify(src) by extensions ['ros']
[4.347s] Level 1:colcon.colcon_core.package_identification:_identify(src) by extension 'ros'
[4.352s] Level 1:colcon.colcon_core.package_identification:_identify(src) by extensions ['cmake', 'python']
[4.352s] Level 1:colcon.colcon_core.package_identification:_identify(src) by extension 'cmake'
[4.352s] Level 1:colcon.colcon_core.package_identification:_identify(src) by extension 'python'
[4.353s] Level 1:colcon.colcon_core.package_identification:_identify(src) by extensions ['python_setup_py']
[4.353s] Level 1:colcon.colcon_core.package_identification:_identify(src) by extension 'python_setup_py'
[4.354s] Level 1:colcon.colcon_core.package_identification:_identify(src/holonomic_robot) by extensions ['ignore', 'ignore_ament_install']
[4.354s] Level 1:colcon.colcon_core.package_identification:_identify(src/holonomic_robot) by extension 'ignore'
[4.354s] Level 1:colcon.colcon_core.package_identification:_identify(src/holonomic_robot) by extension 'ignore_ament_install'
[4.355s] Level 1:colcon.colcon_core.package_identification:_identify(src/holonomic_robot) by extensions ['colcon_pkg']
[4.355s] Level 1:colcon.colcon_core.package_identification:_identify(src/holonomic_robot) by extension 'colcon_pkg'
[4.355s] Level 1:colcon.colcon_core.package_identification:_identify(src/holonomic_robot) by extensions ['colcon_meta']
[4.355s] Level 1:colcon.colcon_core.package_identification:_identify(src/holonomic_robot) by extension 'colcon_meta'
[4.356s] Level 1:colcon.colcon_core.package_identification:_identify(src/holonomic_robot) by extensions ['ros']
[4.360s] Level 1:colcon.colcon_core.package_identification:_identify(src/holonomic_robot) by extension 'ros'
[4.384s] DEBUG:colcon.colcon_core.package_identification:Package 'src/holonomic_robot' with type 'ros.ament_python' and name 'holonomic_robot'
[4.385s] Level 1:colcon.colcon_core.package_identification:_identify(src/occupancy_grid_demo) by extensions ['ignore', 'ignore_ament_install']
[4.385s] Level 1:colcon.colcon_core.package_identification:_identify(src/occupancy_grid_demo) by extension 'ignore'
[4.386s] Level 1:colcon.colcon_core.package_identification:_identify(src/occupancy_grid_demo) by extension 'ignore_ament_install'
[4.386s] Level 1:colcon.colcon_core.package_identification:_identify(src/occupancy_grid_demo) by extensions ['colcon_pkg']
[4.386s] Level 1:colcon.colcon_core.package_identification:_identify(src/occupancy_grid_demo) by extension 'colcon_pkg'
[4.387s] Level 1:colcon.colcon_core.package_identification:_identify(src/occupancy_grid_demo) by extensions ['colcon_meta']
[4.387s] Level 1:colcon.colcon_core.package_identification:_identify(src/occupancy_grid_demo) by extension 'colcon_meta'
[4.387s] Level 1:colcon.colcon_core.package_identification:_identify(src/occupancy_grid_demo) by extensions ['ros']
[4.387s] Level 1:colcon.colcon_core.package_identification:_identify(src/occupancy_grid_demo) by extension 'ros'
[4.394s] DEBUG:colcon.colcon_core.package_identification:Package 'src/occupancy_grid_demo' with type 'ros.ament_python' and name 'occupancy_grid_demo'
[4.396s] Level 1:colcon.colcon_core.package_discovery:discover_packages(recursive) using defaults
[4.396s] Level 1:colcon.colcon_core.package_discovery:discover_packages(ignore) discover
[4.396s] Level 1:colcon.colcon_core.package_discovery:discover_packages(ignore) using defaults
[4.397s] Level 1:colcon.colcon_core.package_discovery:discover_packages(path) discover
[4.397s] Level 1:colcon.colcon_core.package_discovery:discover_packages(path) using defaults
[4.576s] Level 1:colcon.colcon_core.package_discovery:discover_packages(prefix_path) check parameters
[4.577s] Level 1:colcon.colcon_core.package_discovery:discover_packages(prefix_path) discover
[4.593s] DEBUG:colcon.colcon_installed_package_information.package_discovery:Found 2 installed packages in /home/deylahm/Desktop/Simulacion Rotbot/Prueba-Ros2/install
[4.603s] DEBUG:colcon.colcon_installed_package_information.package_discovery:Found 277 installed packages in /opt/ros/foxy
[4.626s] Level 1:colcon.colcon_core.package_discovery:discover_packages(prefix_path) using defaults
[5.558s] Level 5:colcon.colcon_core.verb:set package 'holonomic_robot' build argument 'cmake_args' from command line to 'None'
[5.564s] Level 5:colcon.colcon_core.verb:set package 'holonomic_robot' build argument 'cmake_target' from command line to 'None'
[5.564s] Level 5:colcon.colcon_core.verb:set package 'holonomic_robot' build argument 'cmake_target_skip_unavailable' from command line to 'False'
[5.564s] Level 5:colcon.colcon_core.verb:set package 'holonomic_robot' build argument 'cmake_clean_cache' from command line to 'False'
[5.565s] Level 5:colcon.colcon_core.verb:set package 'holonomic_robot' build argument 'cmake_clean_first' from command line to 'False'
[5.565s] Level 5:colcon.colcon_core.verb:set package 'holonomic_robot' build argument 'cmake_force_configure' from command line to 'False'
[5.565s] Level 5:colcon.colcon_core.verb:set package 'holonomic_robot' build argument 'ament_cmake_args' from command line to 'None'
[5.565s] Level 5:colcon.colcon_core.verb:set package 'holonomic_robot' build argument 'catkin_cmake_args' from command line to 'None'
[5.565s] Level 5:colcon.colcon_core.verb:set package 'holonomic_robot' build argument 'catkin_skip_building_tests' from command line to 'False'
[5.565s] DEBUG:colcon.colcon_core.verb:Building package 'holonomic_robot' with the following arguments: {'ament_cmake_args': None, 'build_base': '/home/deylahm/Desktop/Simulacion Rotbot/Prueba-Ros2/build/holonomic_robot', 'catkin_cmake_args': None, 'catkin_skip_building_tests': False, 'cmake_args': None, 'cmake_clean_cache': False, 'cmake_clean_first': False, 'cmake_force_configure': False, 'cmake_target': None, 'cmake_target_skip_unavailable': False, 'install_base': '/home/deylahm/Desktop/Simulacion Rotbot/Prueba-Ros2/install/holonomic_robot', 'merge_install': False, 'path': '/home/deylahm/Desktop/Simulacion Rotbot/Prueba-Ros2/src/holonomic_robot', 'symlink_install': False, 'test_result_base': None}
[5.570s] Level 5:colcon.colcon_core.verb:set package 'occupancy_grid_demo' build argument 'cmake_args' from command line to 'None'
[5.570s] Level 5:colcon.colcon_core.verb:set package 'occupancy_grid_demo' build argument 'cmake_target' from command line to 'None'
[5.570s] Level 5:colcon.colcon_core.verb:set package 'occupancy_grid_demo' build argument 'cmake_target_skip_unavailable' from command line to 'False'
[5.570s] Level 5:colcon.colcon_core.verb:set package 'occupancy_grid_demo' build argument 'cmake_clean_cache' from command line to 'False'
[5.571s] Level 5:colcon.colcon_core.verb:set package 'occupancy_grid_demo' build argument 'cmake_clean_first' from command line to 'False'
[5.571s] Level 5:colcon.colcon_core.verb:set package 'occupancy_grid_demo' build argument 'cmake_force_configure' from command line to 'False'
[5.571s] Level 5:colcon.colcon_core.verb:set package 'occupancy_grid_demo' build argument 'ament_cmake_args' from command line to 'None'
[5.571s] Level 5:colcon.colcon_core.verb:set package 'occupancy_grid_demo' build argument 'catkin_cmake_args' from command line to 'None'
[5.571s] Level 5:colcon.colcon_core.verb:set package 'occupancy_grid_demo' build argument 'catkin_skip_building_tests' from command line to 'False'
[5.572s] DEBUG:colcon.colcon_core.verb:Building package 'occupancy_grid_demo' with the following arguments: {'ament_cmake_args': None, 'build_base': '/home/deylahm/Desktop/Simulacion Rotbot/Prueba-Ros2/build/occupancy_grid_demo', 'catkin_cmake_args': None, 'catkin_skip_building_tests': False, 'cmake_args': None, 'cmake_clean_cache': False, 'cmake_clean_first': False, 'cmake_force_configure': False, 'cmake_target': None, 'cmake_target_skip_unavailable': False, 'install_base': '/home/deylahm/Desktop/Simulacion Rotbot/Prueba-Ros2/install/occupancy_grid_demo', 'merge_install': False, 'path': '/home/deylahm/Desktop/Simulacion Rotbot/Prueba-Ros2/src/occupancy_grid_demo', 'symlink_install': False, 'test_result_base': None}
[5.577s] INFO:colcon.colcon_core.executor:Executing jobs using 'parallel' executor
[5.585s] DEBUG:colcon.colcon_parallel_executor.executor.parallel:run_until_complete
[5.586s] INFO:colcon.colcon_ros.task.ament_python.build:Building ROS package in '/home/deylahm/Desktop/Simulacion Rotbot/Prueba-Ros2/src/holonomic_robot' with build type 'ament_python'
[5.587s] Level 1:colcon.colcon_core.shell:create_environment_hook('holonomic_robot', 'ament_prefix_path')
[5.615s] INFO:colcon.colcon_core.plugin_system:Skipping extension 'colcon_core.shell.bat': Not used on non-Windows systems
[5.625s] INFO:colcon.colcon_core.shell:Creating environment hook '/home/deylahm/Desktop/Simulacion Rotbot/Prueba-Ros2/install/holonomic_robot/share/holonomic_robot/hook/ament_prefix_path.ps1'
[5.648s] INFO:colcon.colcon_core.shell:Creating environment descriptor '/home/deylahm/Desktop/Simulacion Rotbot/Prueba-Ros2/install/holonomic_robot/share/holonomic_robot/hook/ament_prefix_path.dsv'
[5.660s] INFO:colcon.colcon_core.shell:Creating environment hook '/home/deylahm/Desktop/Simulacion Rotbot/Prueba-Ros2/install/holonomic_robot/share/holonomic_robot/hook/ament_prefix_path.sh'
[5.665s] INFO:colcon.colcon_core.shell:Skip shell extension 'powershell' for command environment: Not usable outside of PowerShell
[5.665s] DEBUG:colcon.colcon_core.shell:Skip shell extension 'dsv' for command environment
[7.997s] INFO:colcon.colcon_core.task.python.build:Building Python package in '/home/deylahm/Desktop/Simulacion Rotbot/Prueba-Ros2/src/holonomic_robot'
[8.000s] INFO:colcon.colcon_core.shell:Skip shell extension 'powershell' for command environment: Not usable outside of PowerShell
[8.001s] DEBUG:colcon.colcon_core.shell:Skip shell extension 'dsv' for command environment
[11.656s] DEBUG:colcon.colcon_core.event_handler.log_command:Invoking command in '/home/deylahm/Desktop/Simulacion Rotbot/Prueba-Ros2/src/holonomic_robot': PYTHONPATH=/home/deylahm/Desktop/Simulacion Rotbot/Prueba-Ros2/build/holonomic_robot/prefix_override:/usr/lib/python3/dist-packages/colcon_core/task/python/colcon_distutils_commands:/home/deylahm/Desktop/Simulacion Rotbot/Prueba-Ros2/install/holonomic_robot/lib/python3.8/site-packages:${PYTHONPATH} /usr/bin/python3 -W ignore:setup.py install is deprecated setup.py egg_info --egg-base ../../build/holonomic_robot build --build-base /home/deylahm/Desktop/Simulacion Rotbot/Prueba-Ros2/build/holonomic_robot/build install --record /home/deylahm/Desktop/Simulacion Rotbot/Prueba-Ros2/build/holonomic_robot/install.log --install-scripts $base/lib/holonomic_robot --single-version-externally-managed install_data
[14.444s] DEBUG:colcon.colcon_core.event_handler.log_command:Invoked command in '/home/deylahm/Desktop/Simulacion Rotbot/Prueba-Ros2/src/holonomic_robot' returned '0': PYTHONPATH=/home/deylahm/Desktop/Simulacion Rotbot/Prueba-Ros2/build/holonomic_robot/prefix_override:/usr/lib/python3/dist-packages/colcon_core/task/python/colcon_distutils_commands:/home/deylahm/Desktop/Simulacion Rotbot/Prueba-Ros2/install/holonomic_robot/lib/python3.8/site-packages:${PYTHONPATH} /usr/bin/python3 -W ignore:setup.py install is deprecated setup.py egg_info --egg-base ../../build/holonomic_robot build --build-base /home/deylahm/Desktop/Simulacion Rotbot/Prueba-Ros2/build/holonomic_robot/build install --record /home/deylahm/Desktop/Simulacion Rotbot/Prueba-Ros2/build/holonomic_robot/install.log --install-scripts $base/lib/holonomic_robot --single-version-externally-managed install_data
[14.454s] Level 1:colcon.colcon_core.environment:checking '/home/deylahm/Desktop/Simulacion Rotbot/Prueba-Ros2/install/holonomic_robot' for CMake module files
[14.461s] Level 1:colcon.colcon_core.environment:checking '/home/deylahm/Desktop/Simulacion Rotbot/Prueba-Ros2/install/holonomic_robot' for CMake config files
[14.463s] Level 1:colcon.colcon_core.environment:checking '/home/deylahm/Desktop/Simulacion Rotbot/Prueba-Ros2/install/holonomic_robot/lib'
[14.464s] Level 1:colcon.colcon_core.environment:checking '/home/deylahm/Desktop/Simulacion Rotbot/Prueba-Ros2/install/holonomic_robot/bin'
[14.468s] Level 1:colcon.colcon_core.environment:checking '/home/deylahm/Desktop/Simulacion Rotbot/Prueba-Ros2/install/holonomic_robot/lib/pkgconfig/holonomic_robot.pc'
[14.469s] Level 1:colcon.colcon_core.environment:checking '/home/deylahm/Desktop/Simulacion Rotbot/Prueba-Ros2/install/holonomic_robot/lib/python3.8/site-packages'
[14.469s] Level 1:colcon.colcon_core.shell:create_environment_hook('holonomic_robot', 'pythonpath')
[14.470s] INFO:colcon.colcon_core.shell:Creating environment hook '/home/deylahm/Desktop/Simulacion Rotbot/Prueba-Ros2/install/holonomic_robot/share/holonomic_robot/hook/pythonpath.ps1'
[14.476s] INFO:colcon.colcon_core.shell:Creating environment descriptor '/home/deylahm/Desktop/Simulacion Rotbot/Prueba-Ros2/install/holonomic_robot/share/holonomic_robot/hook/pythonpath.dsv'
[14.477s] INFO:colcon.colcon_core.shell:Creating environment hook '/home/deylahm/Desktop/Simulacion Rotbot/Prueba-Ros2/install/holonomic_robot/share/holonomic_robot/hook/pythonpath.sh'
[14.479s] Level 1:colcon.colcon_core.environment:checking '/home/deylahm/Desktop/Simulacion Rotbot/Prueba-Ros2/install/holonomic_robot/bin'
[14.479s] Level 1:colcon.colcon_core.environment:create_environment_scripts_only(holonomic_robot)
[14.483s] INFO:colcon.colcon_core.shell:Creating package script '/home/deylahm/Desktop/Simulacion Rotbot/Prueba-Ros2/install/holonomic_robot/share/holonomic_robot/package.ps1'
[14.491s] INFO:colcon.colcon_core.shell:Creating package descriptor '/home/deylahm/Desktop/Simulacion Rotbot/Prueba-Ros2/install/holonomic_robot/share/holonomic_robot/package.dsv'
[14.497s] INFO:colcon.colcon_core.shell:Creating package script '/home/deylahm/Desktop/Simulacion Rotbot/Prueba-Ros2/install/holonomic_robot/share/holonomic_robot/package.sh'
[14.505s] INFO:colcon.colcon_core.shell:Creating package script '/home/deylahm/Desktop/Simulacion Rotbot/Prueba-Ros2/install/holonomic_robot/share/holonomic_robot/package.bash'
[14.527s] INFO:colcon.colcon_core.shell:Creating package script '/home/deylahm/Desktop/Simulacion Rotbot/Prueba-Ros2/install/holonomic_robot/share/holonomic_robot/package.zsh'
[14.536s] Level 1:colcon.colcon_core.environment:create_file_with_runtime_dependencies(/home/deylahm/Desktop/Simulacion Rotbot/Prueba-Ros2/install/holonomic_robot/share/colcon-core/packages/holonomic_robot)
[14.551s] INFO:colcon.colcon_ros.task.ament_python.build:Building ROS package in '/home/deylahm/Desktop/Simulacion Rotbot/Prueba-Ros2/src/occupancy_grid_demo' with build type 'ament_python'
[14.556s] Level 1:colcon.colcon_core.shell:create_environment_hook('occupancy_grid_demo', 'ament_prefix_path')
[14.558s] INFO:colcon.colcon_core.shell:Creating environment hook '/home/deylahm/Desktop/Simulacion Rotbot/Prueba-Ros2/install/occupancy_grid_demo/share/occupancy_grid_demo/hook/ament_prefix_path.ps1'
[14.564s] INFO:colcon.colcon_core.shell:Creating environment descriptor '/home/deylahm/Desktop/Simulacion Rotbot/Prueba-Ros2/install/occupancy_grid_demo/share/occupancy_grid_demo/hook/ament_prefix_path.dsv'
[14.575s] INFO:colcon.colcon_core.shell:Creating environment hook '/home/deylahm/Desktop/Simulacion Rotbot/Prueba-Ros2/install/occupancy_grid_demo/share/occupancy_grid_demo/hook/ament_prefix_path.sh'
[14.593s] INFO:colcon.colcon_core.shell:Skip shell extension 'powershell' for command environment: Not usable outside of PowerShell
[14.593s] DEBUG:colcon.colcon_core.shell:Skip shell extension 'dsv' for command environment
[16.951s] INFO:colcon.colcon_core.task.python.build:Building Python package in '/home/deylahm/Desktop/Simulacion Rotbot/Prueba-Ros2/src/occupancy_grid_demo'
[16.953s] INFO:colcon.colcon_core.shell:Skip shell extension 'powershell' for command environment: Not usable outside of PowerShell
[16.956s] DEBUG:colcon.colcon_core.shell:Skip shell extension 'dsv' for command environment
[20.709s] DEBUG:colcon.colcon_core.event_handler.log_command:Invoking command in '/home/deylahm/Desktop/Simulacion Rotbot/Prueba-Ros2/src/occupancy_grid_demo': PYTHONPATH=/home/deylahm/Desktop/Simulacion Rotbot/Prueba-Ros2/build/occupancy_grid_demo/prefix_override:/usr/lib/python3/dist-packages/colcon_core/task/python/colcon_distutils_commands:/home/deylahm/Desktop/Simulacion Rotbot/Prueba-Ros2/install/occupancy_grid_demo/lib/python3.8/site-packages:${PYTHONPATH} /usr/bin/python3 -W ignore:setup.py install is deprecated setup.py egg_info --egg-base ../../build/occupancy_grid_demo build --build-base /home/deylahm/Desktop/Simulacion Rotbot/Prueba-Ros2/build/occupancy_grid_demo/build install --record /home/deylahm/Desktop/Simulacion Rotbot/Prueba-Ros2/build/occupancy_grid_demo/install.log --install-scripts $base/lib/occupancy_grid_demo --single-version-externally-managed install_data
[23.479s] Level 1:colcon.colcon_core.environment:checking '/home/deylahm/Desktop/Simulacion Rotbot/Prueba-Ros2/install/occupancy_grid_demo' for CMake module files
[23.482s] DEBUG:colcon.colcon_core.event_handler.log_command:Invoked command in '/home/deylahm/Desktop/Simulacion Rotbot/Prueba-Ros2/src/occupancy_grid_demo' returned '0': PYTHONPATH=/home/deylahm/Desktop/Simulacion Rotbot/Prueba-Ros2/build/occupancy_grid_demo/prefix_override:/usr/lib/python3/dist-packages/colcon_core/task/python/colcon_distutils_commands:/home/deylahm/Desktop/Simulacion Rotbot/Prueba-Ros2/install/occupancy_grid_demo/lib/python3.8/site-packages:${PYTHONPATH} /usr/bin/python3 -W ignore:setup.py install is deprecated setup.py egg_info --egg-base ../../build/occupancy_grid_demo build --build-base /home/deylahm/Desktop/Simulacion Rotbot/Prueba-Ros2/build/occupancy_grid_demo/build install --record /home/deylahm/Desktop/Simulacion Rotbot/Prueba-Ros2/build/occupancy_grid_demo/install.log --install-scripts $base/lib/occupancy_grid_demo --single-version-externally-managed install_data
[23.485s] Level 1:colcon.colcon_core.environment:checking '/home/deylahm/Desktop/Simulacion Rotbot/Prueba-Ros2/install/occupancy_grid_demo' for CMake config files
[23.486s] Level 1:colcon.colcon_core.environment:checking '/home/deylahm/Desktop/Simulacion Rotbot/Prueba-Ros2/install/occupancy_grid_demo/lib'
[23.487s] Level 1:colcon.colcon_core.environment:checking '/home/deylahm/Desktop/Simulacion Rotbot/Prueba-Ros2/install/occupancy_grid_demo/bin'
[23.487s] Level 1:colcon.colcon_core.environment:checking '/home/deylahm/Desktop/Simulacion Rotbot/Prueba-Ros2/install/occupancy_grid_demo/lib/pkgconfig/occupancy_grid_demo.pc'
[23.488s] Level 1:colcon.colcon_core.environment:checking '/home/deylahm/Desktop/Simulacion Rotbot/Prueba-Ros2/install/occupancy_grid_demo/lib/python3.8/site-packages'
[23.493s] Level 1:colcon.colcon_core.shell:create_environment_hook('occupancy_grid_demo', 'pythonpath')
[23.494s] INFO:colcon.colcon_core.shell:Creating environment hook '/home/deylahm/Desktop/Simulacion Rotbot/Prueba-Ros2/install/occupancy_grid_demo/share/occupancy_grid_demo/hook/pythonpath.ps1'
[23.496s] INFO:colcon.colcon_core.shell:Creating environment descriptor '/home/deylahm/Desktop/Simulacion Rotbot/Prueba-Ros2/install/occupancy_grid_demo/share/occupancy_grid_demo/hook/pythonpath.dsv'
[23.499s] INFO:colcon.colcon_core.shell:Creating environment hook '/home/deylahm/Desktop/Simulacion Rotbot/Prueba-Ros2/install/occupancy_grid_demo/share/occupancy_grid_demo/hook/pythonpath.sh'
[23.502s] Level 1:colcon.colcon_core.environment:checking '/home/deylahm/Desktop/Simulacion Rotbot/Prueba-Ros2/install/occupancy_grid_demo/bin'
[23.502s] Level 1:colcon.colcon_core.environment:create_environment_scripts_only(occupancy_grid_demo)
[23.504s] INFO:colcon.colcon_core.shell:Creating package script '/home/deylahm/Desktop/Simulacion Rotbot/Prueba-Ros2/install/occupancy_grid_demo/share/occupancy_grid_demo/package.ps1'
[23.509s] INFO:colcon.colcon_core.shell:Creating package descriptor '/home/deylahm/Desktop/Simulacion Rotbot/Prueba-Ros2/install/occupancy_grid_demo/share/occupancy_grid_demo/package.dsv'
[23.510s] INFO:colcon.colcon_core.shell:Creating package script '/home/deylahm/Desktop/Simulacion Rotbot/Prueba-Ros2/install/occupancy_grid_demo/share/occupancy_grid_demo/package.sh'
[23.515s] INFO:colcon.colcon_core.shell:Creating package script '/home/deylahm/Desktop/Simulacion Rotbot/Prueba-Ros2/install/occupancy_grid_demo/share/occupancy_grid_demo/package.bash'
[23.516s] INFO:colcon.colcon_core.shell:Creating package script '/home/deylahm/Desktop/Simulacion Rotbot/Prueba-Ros2/install/occupancy_grid_demo/share/occupancy_grid_demo/package.zsh'
[23.520s] Level 1:colcon.colcon_core.environment:create_file_with_runtime_dependencies(/home/deylahm/Desktop/Simulacion Rotbot/Prueba-Ros2/install/occupancy_grid_demo/share/colcon-core/packages/occupancy_grid_demo)
[23.524s] DEBUG:colcon.colcon_parallel_executor.executor.parallel:closing loop
[23.527s] DEBUG:colcon.colcon_parallel_executor.executor.parallel:loop closed
[23.527s] DEBUG:colcon.colcon_parallel_executor.executor.parallel:run_until_complete finished with '0'
[23.528s] DEBUG:colcon.colcon_core.event_reactor:joining thread
[23.609s] INFO:colcon.colcon_core.plugin_system:Skipping extension 'colcon_notification.desktop_notification.terminal_notifier': Not used on non-Darwin systems
[23.609s] INFO:colcon.colcon_core.plugin_system:Skipping extension 'colcon_notification.desktop_notification.win32': Not used on non-Windows systems
[23.609s] INFO:colcon.colcon_notification.desktop_notification:Sending desktop notification using 'notify2'
[23.746s] DEBUG:colcon.colcon_core.event_reactor:joined thread
[23.747s] INFO:colcon.colcon_core.shell:Creating prefix script '/home/deylahm/Desktop/Simulacion Rotbot/Prueba-Ros2/install/local_setup.ps1'
[23.756s] INFO:colcon.colcon_core.shell:Creating prefix util module '/home/deylahm/Desktop/Simulacion Rotbot/Prueba-Ros2/install/_local_setup_util_ps1.py'
[23.772s] INFO:colcon.colcon_core.shell:Creating prefix chain script '/home/deylahm/Desktop/Simulacion Rotbot/Prueba-Ros2/install/setup.ps1'
[23.780s] INFO:colcon.colcon_core.shell:Creating prefix script '/home/deylahm/Desktop/Simulacion Rotbot/Prueba-Ros2/install/local_setup.sh'
[23.786s] INFO:colcon.colcon_core.shell:Creating prefix util module '/home/deylahm/Desktop/Simulacion Rotbot/Prueba-Ros2/install/_local_setup_util_sh.py'
[23.798s] INFO:colcon.colcon_core.shell:Creating prefix chain script '/home/deylahm/Desktop/Simulacion Rotbot/Prueba-Ros2/install/setup.sh'
[23.808s] INFO:colcon.colcon_core.shell:Creating prefix script '/home/deylahm/Desktop/Simulacion Rotbot/Prueba-Ros2/install/local_setup.bash'
[23.812s] INFO:colcon.colcon_core.shell:Creating prefix chain script '/home/deylahm/Desktop/Simulacion Rotbot/Prueba-Ros2/install/setup.bash'
[23.824s] INFO:colcon.colcon_core.shell:Creating prefix script '/home/deylahm/Desktop/Simulacion Rotbot/Prueba-Ros2/install/local_setup.zsh'
[23.826s] INFO:colcon.colcon_core.shell:Creating prefix chain script '/home/deylahm/Desktop/Simulacion Rotbot/Prueba-Ros2/install/setup.zsh'
