[5.248s] Invoking command in '/home/deylahm/Desktop/ros2 (copy)/src/occupancy_grid_demo': PYTHONPATH=/home/deylahm/Desktop/ros2 (copy)/build/occupancy_grid_demo/prefix_override:/usr/lib/python3/dist-packages/colcon_core/task/python/colcon_distutils_commands:/home/deylahm/Desktop/ros2 (copy)/install/occupancy_grid_demo/lib/python3.8/site-packages:${PYTHONPATH} /usr/bin/python3 -W ignore:setup.py install is deprecated setup.py egg_info --egg-base ../../build/occupancy_grid_demo build --build-base /home/deylahm/Desktop/ros2 (copy)/build/occupancy_grid_demo/build install --record /home/deylahm/Desktop/ros2 (copy)/build/occupancy_grid_demo/install.log --install-scripts $base/lib/occupancy_grid_demo --single-version-externally-managed install_data
[7.183s] running egg_info
[7.190s] writing ../../build/occupancy_grid_demo/occupancy_grid_demo.egg-info/PKG-INFO
[7.203s] writing dependency_links to ../../build/occupancy_grid_demo/occupancy_grid_demo.egg-info/dependency_links.txt
[7.208s] writing entry points to ../../build/occupancy_grid_demo/occupancy_grid_demo.egg-info/entry_points.txt
[7.211s] writing requirements to ../../build/occupancy_grid_demo/occupancy_grid_demo.egg-info/requires.txt
[7.223s] writing top-level names to ../../build/occupancy_grid_demo/occupancy_grid_demo.egg-info/top_level.txt
[7.531s] reading manifest file '../../build/occupancy_grid_demo/occupancy_grid_demo.egg-info/SOURCES.txt'
[7.540s] writing manifest file '../../build/occupancy_grid_demo/occupancy_grid_demo.egg-info/SOURCES.txt'
[7.543s] running build
[7.543s] running build_py
[7.563s] running install
[7.566s] running install_lib
[7.583s] running install_data
[7.587s] running install_egg_info
[7.599s] removing '/home/deylahm/Desktop/ros2 (copy)/install/occupancy_grid_demo/lib/python3.8/site-packages/occupancy_grid_demo-0.0.0-py3.8.egg-info' (and everything under it)
[7.618s] Copying ../../build/occupancy_grid_demo/occupancy_grid_demo.egg-info to /home/deylahm/Desktop/ros2 (copy)/install/occupancy_grid_demo/lib/python3.8/site-packages/occupancy_grid_demo-0.0.0-py3.8.egg-info
[7.623s] running install_scripts
[7.995s] Installing occupancy_grid_publisher script to /home/deylahm/Desktop/ros2 (copy)/install/occupancy_grid_demo/lib/occupancy_grid_demo
[8.003s] writing list of installed files to '/home/deylahm/Desktop/ros2 (copy)/build/occupancy_grid_demo/install.log'
[8.154s] Invoked command in '/home/deylahm/Desktop/ros2 (copy)/src/occupancy_grid_demo' returned '0': PYTHONPATH=/home/deylahm/Desktop/ros2 (copy)/build/occupancy_grid_demo/prefix_override:/usr/lib/python3/dist-packages/colcon_core/task/python/colcon_distutils_commands:/home/deylahm/Desktop/ros2 (copy)/install/occupancy_grid_demo/lib/python3.8/site-packages:${PYTHONPATH} /usr/bin/python3 -W ignore:setup.py install is deprecated setup.py egg_info --egg-base ../../build/occupancy_grid_demo build --build-base /home/deylahm/Desktop/ros2 (copy)/build/occupancy_grid_demo/build install --record /home/deylahm/Desktop/ros2 (copy)/build/occupancy_grid_demo/install.log --install-scripts $base/lib/occupancy_grid_demo --single-version-externally-managed install_data
