[1.692s] DEBUG:colcon:Command line arguments: ['/usr/bin/colcon', 'build']
[1.692s] DEBUG:colcon:Parsed command line arguments: Namespace(allow_overriding=[], ament_cmake_args=None, base_paths=['.'], build_base='build', catkin_cmake_args=None, catkin_skip_building_tests=False, cmake_args=None, cmake_clean_cache=False, cmake_clean_first=False, cmake_force_configure=False, cmake_target=None, cmake_target_skip_unavailable=False, continue_on_error=False, event_handlers=None, executor='parallel', ignore_user_meta=False, install_base='install', log_base=None, log_level=None, main=<bound method BuildVerb.main of <colcon_core.verb.build.BuildVerb object at 0x7f530ea3aa90>>, merge_install=False, metas=['./colcon.meta'], mixin=None, mixin_files=None, mixin_verb=('build',), packages_above=None, packages_above_and_dependencies=None, packages_above_depth=None, packages_end=None, packages_ignore=None, packages_ignore_regex=None, packages_select=None, packages_select_build_failed=False, packages_select_by_dep=None, packages_select_regex=None, packages_select_test_failures=False, packages_skip=None, packages_skip_build_finished=False, packages_skip_by_dep=None, packages_skip_regex=None, packages_skip_test_passed=False, packages_skip_up_to=None, packages_start=None, packages_up_to=None, packages_up_to_regex=None, parallel_workers=1, paths=None, symlink_install=False, test_result_base=None, verb_extension=<colcon_core.verb.build.BuildVerb object at 0x7f530ea3aa90>, verb_name='build', verb_parser=<colcon_mixin.mixin.mixin_argument.MixinArgumentDecorator object at 0x7f530e8fd9a0>)
[2.876s] Level 1:colcon.colcon_core.package_discovery:discover_packages(colcon_meta) check parameters
[2.877s] Level 1:colcon.colcon_core.package_discovery:discover_packages(recursive) check parameters
[2.877s] Level 1:colcon.colcon_core.package_discovery:discover_packages(ignore) check parameters
[2.877s] Level 1:colcon.colcon_core.package_discovery:discover_packages(path) check parameters
[2.877s] Level 1:colcon.colcon_core.package_discovery:discover_packages(colcon_meta) discover
[2.877s] Level 1:colcon.colcon_core.package_discovery:discover_packages(recursive) discover
[2.877s] INFO:colcon.colcon_core.package_discovery:Crawling recursively for packages in '/home/deylahm/Desktop/Simulacion Rotbot/Prueba-Ros2'
[2.877s] Level 1:colcon.colcon_core.package_identification:_identify(.) by extensions ['ignore', 'ignore_ament_install']
[2.878s] Level 1:colcon.colcon_core.package_identification:_identify(.) by extension 'ignore'
[2.878s] Level 1:colcon.colcon_core.package_identification:_identify(.) by extension 'ignore_ament_install'
[2.878s] Level 1:colcon.colcon_core.package_identification:_identify(.) by extensions ['colcon_pkg']
[2.878s] Level 1:colcon.colcon_core.package_identification:_identify(.) by extension 'colcon_pkg'
[2.882s] Level 1:colcon.colcon_core.package_identification:_identify(.) by extensions ['colcon_meta']
[2.882s] Level 1:colcon.colcon_core.package_identification:_identify(.) by extension 'colcon_meta'
[2.882s] Level 1:colcon.colcon_core.package_identification:_identify(.) by extensions ['ros']
[2.882s] Level 1:colcon.colcon_core.package_identification:_identify(.) by extension 'ros'
[2.949s] Level 1:colcon.colcon_core.package_identification:_identify(.) by extensions ['cmake', 'python']
[2.954s] Level 1:colcon.colcon_core.package_identification:_identify(.) by extension 'cmake'
[2.954s] Level 1:colcon.colcon_core.package_identification:_identify(.) by extension 'python'
[2.955s] Level 1:colcon.colcon_core.package_identification:_identify(.) by extensions ['python_setup_py']
[2.955s] Level 1:colcon.colcon_core.package_identification:_identify(.) by extension 'python_setup_py'
[2.955s] Level 1:colcon.colcon_core.package_identification:_identify(build) by extensions ['ignore', 'ignore_ament_install']
[2.955s] Level 1:colcon.colcon_core.package_identification:_identify(build) by extension 'ignore'
[2.955s] Level 1:colcon.colcon_core.package_identification:_identify(build) ignored
[2.956s] Level 1:colcon.colcon_core.package_identification:_identify(install) by extensions ['ignore', 'ignore_ament_install']
[2.956s] Level 1:colcon.colcon_core.package_identification:_identify(install) by extension 'ignore'
[2.956s] Level 1:colcon.colcon_core.package_identification:_identify(install) ignored
[2.956s] Level 1:colcon.colcon_core.package_identification:_identify(log) by extensions ['ignore', 'ignore_ament_install']
[2.956s] Level 1:colcon.colcon_core.package_identification:_identify(log) by extension 'ignore'
[2.957s] Level 1:colcon.colcon_core.package_identification:_identify(log) ignored
[2.957s] Level 1:colcon.colcon_core.package_identification:_identify(src) by extensions ['ignore', 'ignore_ament_install']
[2.957s] Level 1:colcon.colcon_core.package_identification:_identify(src) by extension 'ignore'
[2.957s] Level 1:colcon.colcon_core.package_identification:_identify(src) by extension 'ignore_ament_install'
[2.957s] Level 1:colcon.colcon_core.package_identification:_identify(src) by extensions ['colcon_pkg']
[2.957s] Level 1:colcon.colcon_core.package_identification:_identify(src) by extension 'colcon_pkg'
[2.957s] Level 1:colcon.colcon_core.package_identification:_identify(src) by extensions ['colcon_meta']
[2.958s] Level 1:colcon.colcon_core.package_identification:_identify(src) by extension 'colcon_meta'
[2.958s] Level 1:colcon.colcon_core.package_identification:_identify(src) by extensions ['ros']
[2.958s] Level 1:colcon.colcon_core.package_identification:_identify(src) by extension 'ros'
[2.958s] Level 1:colcon.colcon_core.package_identification:_identify(src) by extensions ['cmake', 'python']
[2.958s] Level 1:colcon.colcon_core.package_identification:_identify(src) by extension 'cmake'
[2.961s] Level 1:colcon.colcon_core.package_identification:_identify(src) by extension 'python'
[2.962s] Level 1:colcon.colcon_core.package_identification:_identify(src) by extensions ['python_setup_py']
[2.962s] Level 1:colcon.colcon_core.package_identification:_identify(src) by extension 'python_setup_py'
[2.962s] Level 1:colcon.colcon_core.package_identification:_identify(src/holonomic_robot) by extensions ['ignore', 'ignore_ament_install']
[2.962s] Level 1:colcon.colcon_core.package_identification:_identify(src/holonomic_robot) by extension 'ignore'
[2.963s] Level 1:colcon.colcon_core.package_identification:_identify(src/holonomic_robot) by extension 'ignore_ament_install'
[2.963s] Level 1:colcon.colcon_core.package_identification:_identify(src/holonomic_robot) by extensions ['colcon_pkg']
[2.963s] Level 1:colcon.colcon_core.package_identification:_identify(src/holonomic_robot) by extension 'colcon_pkg'
[2.963s] Level 1:colcon.colcon_core.package_identification:_identify(src/holonomic_robot) by extensions ['colcon_meta']
[2.963s] Level 1:colcon.colcon_core.package_identification:_identify(src/holonomic_robot) by extension 'colcon_meta'
[2.963s] Level 1:colcon.colcon_core.package_identification:_identify(src/holonomic_robot) by extensions ['ros']
[2.963s] Level 1:colcon.colcon_core.package_identification:_identify(src/holonomic_robot) by extension 'ros'
[2.980s] DEBUG:colcon.colcon_core.package_identification:Package 'src/holonomic_robot' with type 'ros.ament_python' and name 'holonomic_robot'
[2.980s] Level 1:colcon.colcon_core.package_identification:_identify(src/occupancy_grid_demo) by extensions ['ignore', 'ignore_ament_install']
[2.981s] Level 1:colcon.colcon_core.package_identification:_identify(src/occupancy_grid_demo) by extension 'ignore'
[2.981s] Level 1:colcon.colcon_core.package_identification:_identify(src/occupancy_grid_demo) by extension 'ignore_ament_install'
[2.981s] Level 1:colcon.colcon_core.package_identification:_identify(src/occupancy_grid_demo) by extensions ['colcon_pkg']
[2.981s] Level 1:colcon.colcon_core.package_identification:_identify(src/occupancy_grid_demo) by extension 'colcon_pkg'
[2.981s] Level 1:colcon.colcon_core.package_identification:_identify(src/occupancy_grid_demo) by extensions ['colcon_meta']
[2.982s] Level 1:colcon.colcon_core.package_identification:_identify(src/occupancy_grid_demo) by extension 'colcon_meta'
[2.982s] Level 1:colcon.colcon_core.package_identification:_identify(src/occupancy_grid_demo) by extensions ['ros']
[2.982s] Level 1:colcon.colcon_core.package_identification:_identify(src/occupancy_grid_demo) by extension 'ros'
[2.989s] DEBUG:colcon.colcon_core.package_identification:Package 'src/occupancy_grid_demo' with type 'ros.ament_python' and name 'occupancy_grid_demo'
[2.989s] Level 1:colcon.colcon_core.package_discovery:discover_packages(recursive) using defaults
[2.989s] Level 1:colcon.colcon_core.package_discovery:discover_packages(ignore) discover
[2.989s] Level 1:colcon.colcon_core.package_discovery:discover_packages(ignore) using defaults
[2.989s] Level 1:colcon.colcon_core.package_discovery:discover_packages(path) discover
[2.989s] Level 1:colcon.colcon_core.package_discovery:discover_packages(path) using defaults
[3.092s] Level 1:colcon.colcon_core.package_discovery:discover_packages(prefix_path) check parameters
[3.092s] Level 1:colcon.colcon_core.package_discovery:discover_packages(prefix_path) discover
[3.100s] DEBUG:colcon.colcon_installed_package_information.package_discovery:Found 2 installed packages in /home/deylahm/Desktop/Simulacion Rotbot/Prueba-Ros2/install
[3.109s] DEBUG:colcon.colcon_installed_package_information.package_discovery:Found 277 installed packages in /opt/ros/foxy
[3.124s] Level 1:colcon.colcon_core.package_discovery:discover_packages(prefix_path) using defaults
[3.730s] Level 5:colcon.colcon_core.verb:set package 'holonomic_robot' build argument 'cmake_args' from command line to 'None'
[3.734s] Level 5:colcon.colcon_core.verb:set package 'holonomic_robot' build argument 'cmake_target' from command line to 'None'
[3.735s] Level 5:colcon.colcon_core.verb:set package 'holonomic_robot' build argument 'cmake_target_skip_unavailable' from command line to 'False'
[3.735s] Level 5:colcon.colcon_core.verb:set package 'holonomic_robot' build argument 'cmake_clean_cache' from command line to 'False'
[3.735s] Level 5:colcon.colcon_core.verb:set package 'holonomic_robot' build argument 'cmake_clean_first' from command line to 'False'
[3.735s] Level 5:colcon.colcon_core.verb:set package 'holonomic_robot' build argument 'cmake_force_configure' from command line to 'False'
[3.735s] Level 5:colcon.colcon_core.verb:set package 'holonomic_robot' build argument 'ament_cmake_args' from command line to 'None'
[3.736s] Level 5:colcon.colcon_core.verb:set package 'holonomic_robot' build argument 'catkin_cmake_args' from command line to 'None'
[3.736s] Level 5:colcon.colcon_core.verb:set package 'holonomic_robot' build argument 'catkin_skip_building_tests' from command line to 'False'
[3.736s] DEBUG:colcon.colcon_core.verb:Building package 'holonomic_robot' with the following arguments: {'ament_cmake_args': None, 'build_base': '/home/deylahm/Desktop/Simulacion Rotbot/Prueba-Ros2/build/holonomic_robot', 'catkin_cmake_args': None, 'catkin_skip_building_tests': False, 'cmake_args': None, 'cmake_clean_cache': False, 'cmake_clean_first': False, 'cmake_force_configure': False, 'cmake_target': None, 'cmake_target_skip_unavailable': False, 'install_base': '/home/deylahm/Desktop/Simulacion Rotbot/Prueba-Ros2/install/holonomic_robot', 'merge_install': False, 'path': '/home/deylahm/Desktop/Simulacion Rotbot/Prueba-Ros2/src/holonomic_robot', 'symlink_install': False, 'test_result_base': None}
[3.743s] Level 5:colcon.colcon_core.verb:set package 'occupancy_grid_demo' build argument 'cmake_args' from command line to 'None'
[3.743s] Level 5:colcon.colcon_core.verb:set package 'occupancy_grid_demo' build argument 'cmake_target' from command line to 'None'
[3.743s] Level 5:colcon.colcon_core.verb:set package 'occupancy_grid_demo' build argument 'cmake_target_skip_unavailable' from command line to 'False'
[3.743s] Level 5:colcon.colcon_core.verb:set package 'occupancy_grid_demo' build argument 'cmake_clean_cache' from command line to 'False'
[3.743s] Level 5:colcon.colcon_core.verb:set package 'occupancy_grid_demo' build argument 'cmake_clean_first' from command line to 'False'
[3.744s] Level 5:colcon.colcon_core.verb:set package 'occupancy_grid_demo' build argument 'cmake_force_configure' from command line to 'False'
[3.744s] Level 5:colcon.colcon_core.verb:set package 'occupancy_grid_demo' build argument 'ament_cmake_args' from command line to 'None'
[3.744s] Level 5:colcon.colcon_core.verb:set package 'occupancy_grid_demo' build argument 'catkin_cmake_args' from command line to 'None'
[3.744s] Level 5:colcon.colcon_core.verb:set package 'occupancy_grid_demo' build argument 'catkin_skip_building_tests' from command line to 'False'
[3.744s] DEBUG:colcon.colcon_core.verb:Building package 'occupancy_grid_demo' with the following arguments: {'ament_cmake_args': None, 'build_base': '/home/deylahm/Desktop/Simulacion Rotbot/Prueba-Ros2/build/occupancy_grid_demo', 'catkin_cmake_args': None, 'catkin_skip_building_tests': False, 'cmake_args': None, 'cmake_clean_cache': False, 'cmake_clean_first': False, 'cmake_force_configure': False, 'cmake_target': None, 'cmake_target_skip_unavailable': False, 'install_base': '/home/deylahm/Desktop/Simulacion Rotbot/Prueba-Ros2/install/occupancy_grid_demo', 'merge_install': False, 'path': '/home/deylahm/Desktop/Simulacion Rotbot/Prueba-Ros2/src/occupancy_grid_demo', 'symlink_install': False, 'test_result_base': None}
[3.745s] INFO:colcon.colcon_core.executor:Executing jobs using 'parallel' executor
[3.753s] DEBUG:colcon.colcon_parallel_executor.executor.parallel:run_until_complete
[3.759s] INFO:colcon.colcon_ros.task.ament_python.build:Building ROS package in '/home/deylahm/Desktop/Simulacion Rotbot/Prueba-Ros2/src/holonomic_robot' with build type 'ament_python'
[3.759s] Level 1:colcon.colcon_core.shell:create_environment_hook('holonomic_robot', 'ament_prefix_path')
[3.770s] INFO:colcon.colcon_core.plugin_system:Skipping extension 'colcon_core.shell.bat': Not used on non-Windows systems
[3.771s] INFO:colcon.colcon_core.shell:Creating environment hook '/home/deylahm/Desktop/Simulacion Rotbot/Prueba-Ros2/install/holonomic_robot/share/holonomic_robot/hook/ament_prefix_path.ps1'
[3.779s] INFO:colcon.colcon_core.shell:Creating environment descriptor '/home/deylahm/Desktop/Simulacion Rotbot/Prueba-Ros2/install/holonomic_robot/share/holonomic_robot/hook/ament_prefix_path.dsv'
[3.781s] INFO:colcon.colcon_core.shell:Creating environment hook '/home/deylahm/Desktop/Simulacion Rotbot/Prueba-Ros2/install/holonomic_robot/share/holonomic_robot/hook/ament_prefix_path.sh'
[3.789s] INFO:colcon.colcon_core.shell:Skip shell extension 'powershell' for command environment: Not usable outside of PowerShell
[3.789s] DEBUG:colcon.colcon_core.shell:Skip shell extension 'dsv' for command environment
[6.238s] INFO:colcon.colcon_core.task.python.build:Building Python package in '/home/deylahm/Desktop/Simulacion Rotbot/Prueba-Ros2/src/holonomic_robot'
[6.243s] INFO:colcon.colcon_core.shell:Skip shell extension 'powershell' for command environment: Not usable outside of PowerShell
[6.248s] DEBUG:colcon.colcon_core.shell:Skip shell extension 'dsv' for command environment
[10.841s] DEBUG:colcon.colcon_core.event_handler.log_command:Invoking command in '/home/deylahm/Desktop/Simulacion Rotbot/Prueba-Ros2/src/holonomic_robot': PYTHONPATH=/home/deylahm/Desktop/Simulacion Rotbot/Prueba-Ros2/build/holonomic_robot/prefix_override:/usr/lib/python3/dist-packages/colcon_core/task/python/colcon_distutils_commands:/home/deylahm/Desktop/Simulacion Rotbot/Prueba-Ros2/install/holonomic_robot/lib/python3.8/site-packages:${PYTHONPATH} /usr/bin/python3 -W ignore:setup.py install is deprecated setup.py egg_info --egg-base ../../build/holonomic_robot build --build-base /home/deylahm/Desktop/Simulacion Rotbot/Prueba-Ros2/build/holonomic_robot/build install --record /home/deylahm/Desktop/Simulacion Rotbot/Prueba-Ros2/build/holonomic_robot/install.log --install-scripts $base/lib/holonomic_robot --single-version-externally-managed install_data
[13.603s] DEBUG:colcon.colcon_core.event_handler.log_command:Invoked command in '/home/deylahm/Desktop/Simulacion Rotbot/Prueba-Ros2/src/holonomic_robot' returned '0': PYTHONPATH=/home/deylahm/Desktop/Simulacion Rotbot/Prueba-Ros2/build/holonomic_robot/prefix_override:/usr/lib/python3/dist-packages/colcon_core/task/python/colcon_distutils_commands:/home/deylahm/Desktop/Simulacion Rotbot/Prueba-Ros2/install/holonomic_robot/lib/python3.8/site-packages:${PYTHONPATH} /usr/bin/python3 -W ignore:setup.py install is deprecated setup.py egg_info --egg-base ../../build/holonomic_robot build --build-base /home/deylahm/Desktop/Simulacion Rotbot/Prueba-Ros2/build/holonomic_robot/build install --record /home/deylahm/Desktop/Simulacion Rotbot/Prueba-Ros2/build/holonomic_robot/install.log --install-scripts $base/lib/holonomic_robot --single-version-externally-managed install_data
[13.617s] Level 1:colcon.colcon_core.environment:checking '/home/deylahm/Desktop/Simulacion Rotbot/Prueba-Ros2/install/holonomic_robot' for CMake module files
[13.620s] Level 1:colcon.colcon_core.environment:checking '/home/deylahm/Desktop/Simulacion Rotbot/Prueba-Ros2/install/holonomic_robot' for CMake config files
[13.628s] Level 1:colcon.colcon_core.environment:checking '/home/deylahm/Desktop/Simulacion Rotbot/Prueba-Ros2/install/holonomic_robot/lib'
[13.632s] Level 1:colcon.colcon_core.environment:checking '/home/deylahm/Desktop/Simulacion Rotbot/Prueba-Ros2/install/holonomic_robot/bin'
[13.632s] Level 1:colcon.colcon_core.environment:checking '/home/deylahm/Desktop/Simulacion Rotbot/Prueba-Ros2/install/holonomic_robot/lib/pkgconfig/holonomic_robot.pc'
[13.634s] Level 1:colcon.colcon_core.environment:checking '/home/deylahm/Desktop/Simulacion Rotbot/Prueba-Ros2/install/holonomic_robot/lib/python3.8/site-packages'
[13.634s] Level 1:colcon.colcon_core.shell:create_environment_hook('holonomic_robot', 'pythonpath')
[13.639s] INFO:colcon.colcon_core.shell:Creating environment hook '/home/deylahm/Desktop/Simulacion Rotbot/Prueba-Ros2/install/holonomic_robot/share/holonomic_robot/hook/pythonpath.ps1'
[13.651s] INFO:colcon.colcon_core.shell:Creating environment descriptor '/home/deylahm/Desktop/Simulacion Rotbot/Prueba-Ros2/install/holonomic_robot/share/holonomic_robot/hook/pythonpath.dsv'
[13.652s] INFO:colcon.colcon_core.shell:Creating environment hook '/home/deylahm/Desktop/Simulacion Rotbot/Prueba-Ros2/install/holonomic_robot/share/holonomic_robot/hook/pythonpath.sh'
[13.658s] Level 1:colcon.colcon_core.environment:checking '/home/deylahm/Desktop/Simulacion Rotbot/Prueba-Ros2/install/holonomic_robot/bin'
[13.658s] Level 1:colcon.colcon_core.environment:create_environment_scripts_only(holonomic_robot)
[13.671s] INFO:colcon.colcon_core.shell:Creating package script '/home/deylahm/Desktop/Simulacion Rotbot/Prueba-Ros2/install/holonomic_robot/share/holonomic_robot/package.ps1'
[13.681s] INFO:colcon.colcon_core.shell:Creating package descriptor '/home/deylahm/Desktop/Simulacion Rotbot/Prueba-Ros2/install/holonomic_robot/share/holonomic_robot/package.dsv'
[13.688s] INFO:colcon.colcon_core.shell:Creating package script '/home/deylahm/Desktop/Simulacion Rotbot/Prueba-Ros2/install/holonomic_robot/share/holonomic_robot/package.sh'
[13.699s] INFO:colcon.colcon_core.shell:Creating package script '/home/deylahm/Desktop/Simulacion Rotbot/Prueba-Ros2/install/holonomic_robot/share/holonomic_robot/package.bash'
[13.706s] INFO:colcon.colcon_core.shell:Creating package script '/home/deylahm/Desktop/Simulacion Rotbot/Prueba-Ros2/install/holonomic_robot/share/holonomic_robot/package.zsh'
[13.714s] Level 1:colcon.colcon_core.environment:create_file_with_runtime_dependencies(/home/deylahm/Desktop/Simulacion Rotbot/Prueba-Ros2/install/holonomic_robot/share/colcon-core/packages/holonomic_robot)
[13.720s] INFO:colcon.colcon_ros.task.ament_python.build:Building ROS package in '/home/deylahm/Desktop/Simulacion Rotbot/Prueba-Ros2/src/occupancy_grid_demo' with build type 'ament_python'
[13.723s] Level 1:colcon.colcon_core.shell:create_environment_hook('occupancy_grid_demo', 'ament_prefix_path')
[13.724s] INFO:colcon.colcon_core.shell:Creating environment hook '/home/deylahm/Desktop/Simulacion Rotbot/Prueba-Ros2/install/occupancy_grid_demo/share/occupancy_grid_demo/hook/ament_prefix_path.ps1'
[13.739s] INFO:colcon.colcon_core.shell:Creating environment descriptor '/home/deylahm/Desktop/Simulacion Rotbot/Prueba-Ros2/install/occupancy_grid_demo/share/occupancy_grid_demo/hook/ament_prefix_path.dsv'
[13.742s] INFO:colcon.colcon_core.shell:Creating environment hook '/home/deylahm/Desktop/Simulacion Rotbot/Prueba-Ros2/install/occupancy_grid_demo/share/occupancy_grid_demo/hook/ament_prefix_path.sh'
[13.757s] INFO:colcon.colcon_core.shell:Skip shell extension 'powershell' for command environment: Not usable outside of PowerShell
[13.758s] DEBUG:colcon.colcon_core.shell:Skip shell extension 'dsv' for command environment
[15.790s] INFO:colcon.colcon_core.task.python.build:Building Python package in '/home/deylahm/Desktop/Simulacion Rotbot/Prueba-Ros2/src/occupancy_grid_demo'
[15.795s] INFO:colcon.colcon_core.shell:Skip shell extension 'powershell' for command environment: Not usable outside of PowerShell
[15.796s] DEBUG:colcon.colcon_core.shell:Skip shell extension 'dsv' for command environment
[19.300s] DEBUG:colcon.colcon_core.event_handler.log_command:Invoking command in '/home/deylahm/Desktop/Simulacion Rotbot/Prueba-Ros2/src/occupancy_grid_demo': PYTHONPATH=/home/deylahm/Desktop/Simulacion Rotbot/Prueba-Ros2/build/occupancy_grid_demo/prefix_override:/usr/lib/python3/dist-packages/colcon_core/task/python/colcon_distutils_commands:/home/deylahm/Desktop/Simulacion Rotbot/Prueba-Ros2/install/occupancy_grid_demo/lib/python3.8/site-packages:${PYTHONPATH} /usr/bin/python3 -W ignore:setup.py install is deprecated setup.py egg_info --egg-base ../../build/occupancy_grid_demo build --build-base /home/deylahm/Desktop/Simulacion Rotbot/Prueba-Ros2/build/occupancy_grid_demo/build install --record /home/deylahm/Desktop/Simulacion Rotbot/Prueba-Ros2/build/occupancy_grid_demo/install.log --install-scripts $base/lib/occupancy_grid_demo --single-version-externally-managed install_data
[21.822s] Level 1:colcon.colcon_core.environment:checking '/home/deylahm/Desktop/Simulacion Rotbot/Prueba-Ros2/install/occupancy_grid_demo' for CMake module files
[21.825s] DEBUG:colcon.colcon_core.event_handler.log_command:Invoked command in '/home/deylahm/Desktop/Simulacion Rotbot/Prueba-Ros2/src/occupancy_grid_demo' returned '0': PYTHONPATH=/home/deylahm/Desktop/Simulacion Rotbot/Prueba-Ros2/build/occupancy_grid_demo/prefix_override:/usr/lib/python3/dist-packages/colcon_core/task/python/colcon_distutils_commands:/home/deylahm/Desktop/Simulacion Rotbot/Prueba-Ros2/install/occupancy_grid_demo/lib/python3.8/site-packages:${PYTHONPATH} /usr/bin/python3 -W ignore:setup.py install is deprecated setup.py egg_info --egg-base ../../build/occupancy_grid_demo build --build-base /home/deylahm/Desktop/Simulacion Rotbot/Prueba-Ros2/build/occupancy_grid_demo/build install --record /home/deylahm/Desktop/Simulacion Rotbot/Prueba-Ros2/build/occupancy_grid_demo/install.log --install-scripts $base/lib/occupancy_grid_demo --single-version-externally-managed install_data
[21.832s] Level 1:colcon.colcon_core.environment:checking '/home/deylahm/Desktop/Simulacion Rotbot/Prueba-Ros2/install/occupancy_grid_demo' for CMake config files
[21.833s] Level 1:colcon.colcon_core.environment:checking '/home/deylahm/Desktop/Simulacion Rotbot/Prueba-Ros2/install/occupancy_grid_demo/lib'
[21.834s] Level 1:colcon.colcon_core.environment:checking '/home/deylahm/Desktop/Simulacion Rotbot/Prueba-Ros2/install/occupancy_grid_demo/bin'
[21.834s] Level 1:colcon.colcon_core.environment:checking '/home/deylahm/Desktop/Simulacion Rotbot/Prueba-Ros2/install/occupancy_grid_demo/lib/pkgconfig/occupancy_grid_demo.pc'
[21.839s] Level 1:colcon.colcon_core.environment:checking '/home/deylahm/Desktop/Simulacion Rotbot/Prueba-Ros2/install/occupancy_grid_demo/lib/python3.8/site-packages'
[21.839s] Level 1:colcon.colcon_core.shell:create_environment_hook('occupancy_grid_demo', 'pythonpath')
[21.840s] INFO:colcon.colcon_core.shell:Creating environment hook '/home/deylahm/Desktop/Simulacion Rotbot/Prueba-Ros2/install/occupancy_grid_demo/share/occupancy_grid_demo/hook/pythonpath.ps1'
[21.844s] INFO:colcon.colcon_core.shell:Creating environment descriptor '/home/deylahm/Desktop/Simulacion Rotbot/Prueba-Ros2/install/occupancy_grid_demo/share/occupancy_grid_demo/hook/pythonpath.dsv'
[21.848s] INFO:colcon.colcon_core.shell:Creating environment hook '/home/deylahm/Desktop/Simulacion Rotbot/Prueba-Ros2/install/occupancy_grid_demo/share/occupancy_grid_demo/hook/pythonpath.sh'
[21.864s] Level 1:colcon.colcon_core.environment:checking '/home/deylahm/Desktop/Simulacion Rotbot/Prueba-Ros2/install/occupancy_grid_demo/bin'
[21.864s] Level 1:colcon.colcon_core.environment:create_environment_scripts_only(occupancy_grid_demo)
[21.865s] INFO:colcon.colcon_core.shell:Creating package script '/home/deylahm/Desktop/Simulacion Rotbot/Prueba-Ros2/install/occupancy_grid_demo/share/occupancy_grid_demo/package.ps1'
[21.871s] INFO:colcon.colcon_core.shell:Creating package descriptor '/home/deylahm/Desktop/Simulacion Rotbot/Prueba-Ros2/install/occupancy_grid_demo/share/occupancy_grid_demo/package.dsv'
[21.873s] INFO:colcon.colcon_core.shell:Creating package script '/home/deylahm/Desktop/Simulacion Rotbot/Prueba-Ros2/install/occupancy_grid_demo/share/occupancy_grid_demo/package.sh'
[21.878s] INFO:colcon.colcon_core.shell:Creating package script '/home/deylahm/Desktop/Simulacion Rotbot/Prueba-Ros2/install/occupancy_grid_demo/share/occupancy_grid_demo/package.bash'
[21.887s] INFO:colcon.colcon_core.shell:Creating package script '/home/deylahm/Desktop/Simulacion Rotbot/Prueba-Ros2/install/occupancy_grid_demo/share/occupancy_grid_demo/package.zsh'
[21.893s] Level 1:colcon.colcon_core.environment:create_file_with_runtime_dependencies(/home/deylahm/Desktop/Simulacion Rotbot/Prueba-Ros2/install/occupancy_grid_demo/share/colcon-core/packages/occupancy_grid_demo)
[21.901s] DEBUG:colcon.colcon_parallel_executor.executor.parallel:closing loop
[21.902s] DEBUG:colcon.colcon_parallel_executor.executor.parallel:loop closed
[21.902s] DEBUG:colcon.colcon_parallel_executor.executor.parallel:run_until_complete finished with '0'
[21.902s] DEBUG:colcon.colcon_core.event_reactor:joining thread
[21.960s] INFO:colcon.colcon_core.plugin_system:Skipping extension 'colcon_notification.desktop_notification.terminal_notifier': Not used on non-Darwin systems
[21.960s] INFO:colcon.colcon_core.plugin_system:Skipping extension 'colcon_notification.desktop_notification.win32': Not used on non-Windows systems
[21.960s] INFO:colcon.colcon_notification.desktop_notification:Sending desktop notification using 'notify2'
[22.084s] DEBUG:colcon.colcon_core.event_reactor:joined thread
[22.086s] INFO:colcon.colcon_core.shell:Creating prefix script '/home/deylahm/Desktop/Simulacion Rotbot/Prueba-Ros2/install/local_setup.ps1'
[22.104s] INFO:colcon.colcon_core.shell:Creating prefix util module '/home/deylahm/Desktop/Simulacion Rotbot/Prueba-Ros2/install/_local_setup_util_ps1.py'
[22.114s] INFO:colcon.colcon_core.shell:Creating prefix chain script '/home/deylahm/Desktop/Simulacion Rotbot/Prueba-Ros2/install/setup.ps1'
[22.128s] INFO:colcon.colcon_core.shell:Creating prefix script '/home/deylahm/Desktop/Simulacion Rotbot/Prueba-Ros2/install/local_setup.sh'
[22.142s] INFO:colcon.colcon_core.shell:Creating prefix util module '/home/deylahm/Desktop/Simulacion Rotbot/Prueba-Ros2/install/_local_setup_util_sh.py'
[22.154s] INFO:colcon.colcon_core.shell:Creating prefix chain script '/home/deylahm/Desktop/Simulacion Rotbot/Prueba-Ros2/install/setup.sh'
[22.170s] INFO:colcon.colcon_core.shell:Creating prefix script '/home/deylahm/Desktop/Simulacion Rotbot/Prueba-Ros2/install/local_setup.bash'
[22.181s] INFO:colcon.colcon_core.shell:Creating prefix chain script '/home/deylahm/Desktop/Simulacion Rotbot/Prueba-Ros2/install/setup.bash'
[22.190s] INFO:colcon.colcon_core.shell:Creating prefix script '/home/deylahm/Desktop/Simulacion Rotbot/Prueba-Ros2/install/local_setup.zsh'
[22.202s] INFO:colcon.colcon_core.shell:Creating prefix chain script '/home/deylahm/Desktop/Simulacion Rotbot/Prueba-Ros2/install/setup.zsh'
