running egg_info
writing ../../build/holonomic_robot/holonomic_robot.egg-info/PKG-INFO
writing dependency_links to ../../build/holonomic_robot/holonomic_robot.egg-info/dependency_links.txt
writing entry points to ../../build/holonomic_robot/holonomic_robot.egg-info/entry_points.txt
writing requirements to ../../build/holonomic_robot/holonomic_robot.egg-info/requires.txt
writing top-level names to ../../build/holonomic_robot/holonomic_robot.egg-info/top_level.txt
reading manifest file '../../build/holonomic_robot/holonomic_robot.egg-info/SOURCES.txt'
writing manifest file '../../build/holonomic_robot/holonomic_robot.egg-info/SOURCES.txt'
running build
running build_py
running install
running install_lib
creating /home/deylahm/Desktop/Simulacion Rotbot/Prueba-Ros2/install/holonomic_robot/lib/python3.8/site-packages/holonomic_robot
copying /home/deylahm/Desktop/Simulacion Rotbot/Prueba-Ros2/build/holonomic_robot/build/lib/holonomic_robot/__init__.py -> /home/deylahm/Desktop/Simulacion Rotbot/Prueba-Ros2/install/holonomic_robot/lib/python3.8/site-packages/holonomic_robot
byte-compiling /home/deylahm/Desktop/Simulacion Rotbot/Prueba-Ros2/install/holonomic_robot/lib/python3.8/site-packages/holonomic_robot/__init__.py to __init__.cpython-38.pyc
running install_data
creating /home/deylahm/Desktop/Simulacion Rotbot/Prueba-Ros2/install/holonomic_robot/share/ament_index
creating /home/deylahm/Desktop/Simulacion Rotbot/Prueba-Ros2/install/holonomic_robot/share/ament_index/resource_index
creating /home/deylahm/Desktop/Simulacion Rotbot/Prueba-Ros2/install/holonomic_robot/share/ament_index/resource_index/packages
copying resource/holonomic_robot -> /home/deylahm/Desktop/Simulacion Rotbot/Prueba-Ros2/install/holonomic_robot/share/ament_index/resource_index/packages
copying package.xml -> /home/deylahm/Desktop/Simulacion Rotbot/Prueba-Ros2/install/holonomic_robot/share/holonomic_robot
creating /home/deylahm/Desktop/Simulacion Rotbot/Prueba-Ros2/install/holonomic_robot/share/holonomic_robot/launch
copying launch/holonomic_robot_gazebo.launch.py -> /home/deylahm/Desktop/Simulacion Rotbot/Prueba-Ros2/install/holonomic_robot/share/holonomic_robot/launch
copying launch/nav2_launch.py -> /home/deylahm/Desktop/Simulacion Rotbot/Prueba-Ros2/install/holonomic_robot/share/holonomic_robot/launch
creating /home/deylahm/Desktop/Simulacion Rotbot/Prueba-Ros2/install/holonomic_robot/share/holonomic_robot/urdf
copying urdf/holonomic_robot.urdf -> /home/deylahm/Desktop/Simulacion Rotbot/Prueba-Ros2/install/holonomic_robot/share/holonomic_robot/urdf
creating /home/deylahm/Desktop/Simulacion Rotbot/Prueba-Ros2/install/holonomic_robot/share/holonomic_robot/config
copying config/nav2_params.yaml -> /home/deylahm/Desktop/Simulacion Rotbot/Prueba-Ros2/install/holonomic_robot/share/holonomic_robot/config
creating /home/deylahm/Desktop/Simulacion Rotbot/Prueba-Ros2/install/holonomic_robot/share/holonomic_robot/scripts
copying scripts/navigate_robot.py -> /home/deylahm/Desktop/Simulacion Rotbot/Prueba-Ros2/install/holonomic_robot/share/holonomic_robot/scripts
running install_egg_info
Copying ../../build/holonomic_robot/holonomic_robot.egg-info to /home/deylahm/Desktop/Simulacion Rotbot/Prueba-Ros2/install/holonomic_robot/lib/python3.8/site-packages/holonomic_robot-0.0.0-py3.8.egg-info
running install_scripts
writing list of installed files to '/home/deylahm/Desktop/Simulacion Rotbot/Prueba-Ros2/build/holonomic_robot/install.log'
