[5.004s] Invoking command in '/home/deylahm/Desktop/Simulacion Rotbot/Prueba-Ros2/src/holonomic_robot': PYTHONPATH=/home/deylahm/Desktop/Simulacion Rotbot/Prueba-Ros2/build/holonomic_robot/prefix_override:/usr/lib/python3/dist-packages/colcon_core/task/python/colcon_distutils_commands:/home/deylahm/Desktop/Simulacion Rotbot/Prueba-Ros2/install/holonomic_robot/lib/python3.8/site-packages:${PYTHONPATH} /usr/bin/python3 -W ignore:setup.py install is deprecated setup.py egg_info --egg-base ../../build/holonomic_robot build --build-base /home/deylahm/Desktop/Simulacion Rotbot/Prueba-Ros2/build/holonomic_robot/build install --record /home/deylahm/Desktop/Simulacion Rotbot/Prueba-Ros2/build/holonomic_robot/install.log --install-scripts $base/lib/holonomic_robot --single-version-externally-managed install_data
[6.337s] running egg_info
[6.343s] writing ../../build/holonomic_robot/holonomic_robot.egg-info/PKG-INFO
[6.345s] writing dependency_links to ../../build/holonomic_robot/holonomic_robot.egg-info/dependency_links.txt
[6.349s] writing entry points to ../../build/holonomic_robot/holonomic_robot.egg-info/entry_points.txt
[6.350s] writing requirements to ../../build/holonomic_robot/holonomic_robot.egg-info/requires.txt
[6.351s] writing top-level names to ../../build/holonomic_robot/holonomic_robot.egg-info/top_level.txt
[6.561s] reading manifest file '../../build/holonomic_robot/holonomic_robot.egg-info/SOURCES.txt'
[6.582s] writing manifest file '../../build/holonomic_robot/holonomic_robot.egg-info/SOURCES.txt'
[6.583s] running build
[6.585s] running build_py
[6.586s] running install
[6.594s] running install_lib
[6.611s] running install_data
[6.617s] running install_egg_info
[6.628s] removing '/home/deylahm/Desktop/Simulacion Rotbot/Prueba-Ros2/install/holonomic_robot/lib/python3.8/site-packages/holonomic_robot-0.0.0-py3.8.egg-info' (and everything under it)
[6.638s] Copying ../../build/holonomic_robot/holonomic_robot.egg-info to /home/deylahm/Desktop/Simulacion Rotbot/Prueba-Ros2/install/holonomic_robot/lib/python3.8/site-packages/holonomic_robot-0.0.0-py3.8.egg-info
[6.647s] running install_scripts
[6.774s] writing list of installed files to '/home/deylahm/Desktop/Simulacion Rotbot/Prueba-Ros2/build/holonomic_robot/install.log'
[6.922s] Invoked command in '/home/deylahm/Desktop/Simulacion Rotbot/Prueba-Ros2/src/holonomic_robot' returned '0': PYTHONPATH=/home/deylahm/Desktop/Simulacion Rotbot/Prueba-Ros2/build/holonomic_robot/prefix_override:/usr/lib/python3/dist-packages/colcon_core/task/python/colcon_distutils_commands:/home/deylahm/Desktop/Simulacion Rotbot/Prueba-Ros2/install/holonomic_robot/lib/python3.8/site-packages:${PYTHONPATH} /usr/bin/python3 -W ignore:setup.py install is deprecated setup.py egg_info --egg-base ../../build/holonomic_robot build --build-base /home/deylahm/Desktop/Simulacion Rotbot/Prueba-Ros2/build/holonomic_robot/build install --record /home/deylahm/Desktop/Simulacion Rotbot/Prueba-Ros2/build/holonomic_robot/install.log --install-scripts $base/lib/holonomic_robot --single-version-externally-managed install_data
