[2.160s] DEBUG:colcon:Command line arguments: ['/usr/bin/colcon', 'build']
[2.160s] DEBUG:colcon:Parsed command line arguments: Namespace(allow_overriding=[], ament_cmake_args=None, base_paths=['.'], build_base='build', catkin_cmake_args=None, catkin_skip_building_tests=False, cmake_args=None, cmake_clean_cache=False, cmake_clean_first=False, cmake_force_configure=False, cmake_target=None, cmake_target_skip_unavailable=False, continue_on_error=False, event_handlers=None, executor='parallel', ignore_user_meta=False, install_base='install', log_base=None, log_level=None, main=<bound method BuildVerb.main of <colcon_core.verb.build.BuildVerb object at 0x7fbee55af400>>, merge_install=False, metas=['./colcon.meta'], mixin=None, mixin_files=None, mixin_verb=('build',), packages_above=None, packages_above_and_dependencies=None, packages_above_depth=None, packages_end=None, packages_ignore=None, packages_ignore_regex=None, packages_select=None, packages_select_build_failed=False, packages_select_by_dep=None, packages_select_regex=None, packages_select_test_failures=False, packages_skip=None, packages_skip_build_finished=False, packages_skip_by_dep=None, packages_skip_regex=None, packages_skip_test_passed=False, packages_skip_up_to=None, packages_start=None, packages_up_to=None, packages_up_to_regex=None, parallel_workers=1, paths=None, symlink_install=False, test_result_base=None, verb_extension=<colcon_core.verb.build.BuildVerb object at 0x7fbee55af400>, verb_name='build', verb_parser=<colcon_mixin.mixin.mixin_argument.MixinArgumentDecorator object at 0x7fbee54fa220>)
[5.357s] Level 1:colcon.colcon_core.package_discovery:discover_packages(colcon_meta) check parameters
[5.357s] Level 1:colcon.colcon_core.package_discovery:discover_packages(recursive) check parameters
[5.357s] Level 1:colcon.colcon_core.package_discovery:discover_packages(ignore) check parameters
[5.357s] Level 1:colcon.colcon_core.package_discovery:discover_packages(path) check parameters
[5.357s] Level 1:colcon.colcon_core.package_discovery:discover_packages(colcon_meta) discover
[5.357s] Level 1:colcon.colcon_core.package_discovery:discover_packages(recursive) discover
[5.370s] INFO:colcon.colcon_core.package_discovery:Crawling recursively for packages in '/home/deylahm/Desktop/ros2 (copy)'
[5.370s] Level 1:colcon.colcon_core.package_identification:_identify(.) by extensions ['ignore', 'ignore_ament_install']
[5.370s] Level 1:colcon.colcon_core.package_identification:_identify(.) by extension 'ignore'
[5.371s] Level 1:colcon.colcon_core.package_identification:_identify(.) by extension 'ignore_ament_install'
[5.371s] Level 1:colcon.colcon_core.package_identification:_identify(.) by extensions ['colcon_pkg']
[5.371s] Level 1:colcon.colcon_core.package_identification:_identify(.) by extension 'colcon_pkg'
[5.371s] Level 1:colcon.colcon_core.package_identification:_identify(.) by extensions ['colcon_meta']
[5.371s] Level 1:colcon.colcon_core.package_identification:_identify(.) by extension 'colcon_meta'
[5.371s] Level 1:colcon.colcon_core.package_identification:_identify(.) by extensions ['ros']
[5.371s] Level 1:colcon.colcon_core.package_identification:_identify(.) by extension 'ros'
[5.493s] Level 1:colcon.colcon_core.package_identification:_identify(.) by extensions ['cmake', 'python']
[5.502s] Level 1:colcon.colcon_core.package_identification:_identify(.) by extension 'cmake'
[5.502s] Level 1:colcon.colcon_core.package_identification:_identify(.) by extension 'python'
[5.503s] Level 1:colcon.colcon_core.package_identification:_identify(.) by extensions ['python_setup_py']
[5.503s] Level 1:colcon.colcon_core.package_identification:_identify(.) by extension 'python_setup_py'
[5.504s] Level 1:colcon.colcon_core.package_identification:_identify(build) by extensions ['ignore', 'ignore_ament_install']
[5.504s] Level 1:colcon.colcon_core.package_identification:_identify(build) by extension 'ignore'
[5.504s] Level 1:colcon.colcon_core.package_identification:_identify(build) ignored
[5.505s] Level 1:colcon.colcon_core.package_identification:_identify(install) by extensions ['ignore', 'ignore_ament_install']
[5.514s] Level 1:colcon.colcon_core.package_identification:_identify(install) by extension 'ignore'
[5.514s] Level 1:colcon.colcon_core.package_identification:_identify(install) ignored
[5.515s] Level 1:colcon.colcon_core.package_identification:_identify(log) by extensions ['ignore', 'ignore_ament_install']
[5.515s] Level 1:colcon.colcon_core.package_identification:_identify(log) by extension 'ignore'
[5.516s] Level 1:colcon.colcon_core.package_identification:_identify(log) ignored
[5.516s] Level 1:colcon.colcon_core.package_identification:_identify(src) by extensions ['ignore', 'ignore_ament_install']
[5.517s] Level 1:colcon.colcon_core.package_identification:_identify(src) by extension 'ignore'
[5.517s] Level 1:colcon.colcon_core.package_identification:_identify(src) by extension 'ignore_ament_install'
[5.517s] Level 1:colcon.colcon_core.package_identification:_identify(src) by extensions ['colcon_pkg']
[5.526s] Level 1:colcon.colcon_core.package_identification:_identify(src) by extension 'colcon_pkg'
[5.526s] Level 1:colcon.colcon_core.package_identification:_identify(src) by extensions ['colcon_meta']
[5.527s] Level 1:colcon.colcon_core.package_identification:_identify(src) by extension 'colcon_meta'
[5.527s] Level 1:colcon.colcon_core.package_identification:_identify(src) by extensions ['ros']
[5.527s] Level 1:colcon.colcon_core.package_identification:_identify(src) by extension 'ros'
[5.528s] Level 1:colcon.colcon_core.package_identification:_identify(src) by extensions ['cmake', 'python']
[5.528s] Level 1:colcon.colcon_core.package_identification:_identify(src) by extension 'cmake'
[5.528s] Level 1:colcon.colcon_core.package_identification:_identify(src) by extension 'python'
[5.528s] Level 1:colcon.colcon_core.package_identification:_identify(src) by extensions ['python_setup_py']
[5.529s] Level 1:colcon.colcon_core.package_identification:_identify(src) by extension 'python_setup_py'
[5.529s] Level 1:colcon.colcon_core.package_identification:_identify(src/holonomic_robot) by extensions ['ignore', 'ignore_ament_install']
[5.538s] Level 1:colcon.colcon_core.package_identification:_identify(src/holonomic_robot) by extension 'ignore'
[5.538s] Level 1:colcon.colcon_core.package_identification:_identify(src/holonomic_robot) by extension 'ignore_ament_install'
[5.539s] Level 1:colcon.colcon_core.package_identification:_identify(src/holonomic_robot) by extensions ['colcon_pkg']
[5.539s] Level 1:colcon.colcon_core.package_identification:_identify(src/holonomic_robot) by extension 'colcon_pkg'
[5.539s] Level 1:colcon.colcon_core.package_identification:_identify(src/holonomic_robot) by extensions ['colcon_meta']
[5.540s] Level 1:colcon.colcon_core.package_identification:_identify(src/holonomic_robot) by extension 'colcon_meta'
[5.540s] Level 1:colcon.colcon_core.package_identification:_identify(src/holonomic_robot) by extensions ['ros']
[5.540s] Level 1:colcon.colcon_core.package_identification:_identify(src/holonomic_robot) by extension 'ros'
[5.580s] DEBUG:colcon.colcon_core.package_identification:Package 'src/holonomic_robot' with type 'ros.ament_python' and name 'holonomic_robot'
[5.581s] Level 1:colcon.colcon_core.package_identification:_identify(src/occupancy_grid_demo) by extensions ['ignore', 'ignore_ament_install']
[5.581s] Level 1:colcon.colcon_core.package_identification:_identify(src/occupancy_grid_demo) by extension 'ignore'
[5.581s] Level 1:colcon.colcon_core.package_identification:_identify(src/occupancy_grid_demo) by extension 'ignore_ament_install'
[5.590s] Level 1:colcon.colcon_core.package_identification:_identify(src/occupancy_grid_demo) by extensions ['colcon_pkg']
[5.590s] Level 1:colcon.colcon_core.package_identification:_identify(src/occupancy_grid_demo) by extension 'colcon_pkg'
[5.590s] Level 1:colcon.colcon_core.package_identification:_identify(src/occupancy_grid_demo) by extensions ['colcon_meta']
[5.590s] Level 1:colcon.colcon_core.package_identification:_identify(src/occupancy_grid_demo) by extension 'colcon_meta'
[5.591s] Level 1:colcon.colcon_core.package_identification:_identify(src/occupancy_grid_demo) by extensions ['ros']
[5.591s] Level 1:colcon.colcon_core.package_identification:_identify(src/occupancy_grid_demo) by extension 'ros'
[5.593s] DEBUG:colcon.colcon_core.package_identification:Package 'src/occupancy_grid_demo' with type 'ros.ament_python' and name 'occupancy_grid_demo'
[5.593s] Level 1:colcon.colcon_core.package_discovery:discover_packages(recursive) using defaults
[5.602s] Level 1:colcon.colcon_core.package_discovery:discover_packages(ignore) discover
[5.602s] Level 1:colcon.colcon_core.package_discovery:discover_packages(ignore) using defaults
[5.602s] Level 1:colcon.colcon_core.package_discovery:discover_packages(path) discover
[5.603s] Level 1:colcon.colcon_core.package_discovery:discover_packages(path) using defaults
[5.854s] Level 1:colcon.colcon_core.package_discovery:discover_packages(prefix_path) check parameters
[5.854s] Level 1:colcon.colcon_core.package_discovery:discover_packages(prefix_path) discover
[5.887s] DEBUG:colcon.colcon_installed_package_information.package_discovery:Found 277 installed packages in /opt/ros/foxy
[5.911s] Level 1:colcon.colcon_core.package_discovery:discover_packages(prefix_path) using defaults
[7.116s] Level 5:colcon.colcon_core.verb:set package 'holonomic_robot' build argument 'cmake_args' from command line to 'None'
[7.118s] Level 5:colcon.colcon_core.verb:set package 'holonomic_robot' build argument 'cmake_target' from command line to 'None'
[7.118s] Level 5:colcon.colcon_core.verb:set package 'holonomic_robot' build argument 'cmake_target_skip_unavailable' from command line to 'False'
[7.118s] Level 5:colcon.colcon_core.verb:set package 'holonomic_robot' build argument 'cmake_clean_cache' from command line to 'False'
[7.119s] Level 5:colcon.colcon_core.verb:set package 'holonomic_robot' build argument 'cmake_clean_first' from command line to 'False'
[7.119s] Level 5:colcon.colcon_core.verb:set package 'holonomic_robot' build argument 'cmake_force_configure' from command line to 'False'
[7.119s] Level 5:colcon.colcon_core.verb:set package 'holonomic_robot' build argument 'ament_cmake_args' from command line to 'None'
[7.119s] Level 5:colcon.colcon_core.verb:set package 'holonomic_robot' build argument 'catkin_cmake_args' from command line to 'None'
[7.119s] Level 5:colcon.colcon_core.verb:set package 'holonomic_robot' build argument 'catkin_skip_building_tests' from command line to 'False'
[7.120s] DEBUG:colcon.colcon_core.verb:Building package 'holonomic_robot' with the following arguments: {'ament_cmake_args': None, 'build_base': '/home/deylahm/Desktop/ros2 (copy)/build/holonomic_robot', 'catkin_cmake_args': None, 'catkin_skip_building_tests': False, 'cmake_args': None, 'cmake_clean_cache': False, 'cmake_clean_first': False, 'cmake_force_configure': False, 'cmake_target': None, 'cmake_target_skip_unavailable': False, 'install_base': '/home/deylahm/Desktop/ros2 (copy)/install/holonomic_robot', 'merge_install': False, 'path': '/home/deylahm/Desktop/ros2 (copy)/src/holonomic_robot', 'symlink_install': False, 'test_result_base': None}
[7.121s] Level 5:colcon.colcon_core.verb:set package 'occupancy_grid_demo' build argument 'cmake_args' from command line to 'None'
[7.121s] Level 5:colcon.colcon_core.verb:set package 'occupancy_grid_demo' build argument 'cmake_target' from command line to 'None'
[7.127s] Level 5:colcon.colcon_core.verb:set package 'occupancy_grid_demo' build argument 'cmake_target_skip_unavailable' from command line to 'False'
[7.127s] Level 5:colcon.colcon_core.verb:set package 'occupancy_grid_demo' build argument 'cmake_clean_cache' from command line to 'False'
[7.127s] Level 5:colcon.colcon_core.verb:set package 'occupancy_grid_demo' build argument 'cmake_clean_first' from command line to 'False'
[7.127s] Level 5:colcon.colcon_core.verb:set package 'occupancy_grid_demo' build argument 'cmake_force_configure' from command line to 'False'
[7.127s] Level 5:colcon.colcon_core.verb:set package 'occupancy_grid_demo' build argument 'ament_cmake_args' from command line to 'None'
[7.127s] Level 5:colcon.colcon_core.verb:set package 'occupancy_grid_demo' build argument 'catkin_cmake_args' from command line to 'None'
[7.127s] Level 5:colcon.colcon_core.verb:set package 'occupancy_grid_demo' build argument 'catkin_skip_building_tests' from command line to 'False'
[7.127s] DEBUG:colcon.colcon_core.verb:Building package 'occupancy_grid_demo' with the following arguments: {'ament_cmake_args': None, 'build_base': '/home/deylahm/Desktop/ros2 (copy)/build/occupancy_grid_demo', 'catkin_cmake_args': None, 'catkin_skip_building_tests': False, 'cmake_args': None, 'cmake_clean_cache': False, 'cmake_clean_first': False, 'cmake_force_configure': False, 'cmake_target': None, 'cmake_target_skip_unavailable': False, 'install_base': '/home/deylahm/Desktop/ros2 (copy)/install/occupancy_grid_demo', 'merge_install': False, 'path': '/home/deylahm/Desktop/ros2 (copy)/src/occupancy_grid_demo', 'symlink_install': False, 'test_result_base': None}
[7.128s] INFO:colcon.colcon_core.executor:Executing jobs using 'parallel' executor
[7.135s] DEBUG:colcon.colcon_parallel_executor.executor.parallel:run_until_complete
[7.135s] INFO:colcon.colcon_ros.task.ament_python.build:Building ROS package in '/home/deylahm/Desktop/ros2 (copy)/src/holonomic_robot' with build type 'ament_python'
[7.135s] Level 1:colcon.colcon_core.shell:create_environment_hook('holonomic_robot', 'ament_prefix_path')
[7.170s] INFO:colcon.colcon_core.plugin_system:Skipping extension 'colcon_core.shell.bat': Not used on non-Windows systems
[7.171s] INFO:colcon.colcon_core.shell:Creating environment hook '/home/deylahm/Desktop/ros2 (copy)/install/holonomic_robot/share/holonomic_robot/hook/ament_prefix_path.ps1'
[7.176s] INFO:colcon.colcon_core.shell:Creating environment descriptor '/home/deylahm/Desktop/ros2 (copy)/install/holonomic_robot/share/holonomic_robot/hook/ament_prefix_path.dsv'
[7.186s] INFO:colcon.colcon_core.shell:Creating environment hook '/home/deylahm/Desktop/ros2 (copy)/install/holonomic_robot/share/holonomic_robot/hook/ament_prefix_path.sh'
[7.191s] INFO:colcon.colcon_core.shell:Skip shell extension 'powershell' for command environment: Not usable outside of PowerShell
[7.191s] DEBUG:colcon.colcon_core.shell:Skip shell extension 'dsv' for command environment
[14.807s] DEBUG:colcon.colcon_parallel_executor.executor.parallel:closing loop
[14.815s] DEBUG:colcon.colcon_parallel_executor.executor.parallel:loop closed
[14.815s] DEBUG:colcon.colcon_parallel_executor.executor.parallel:run_until_complete finished with 'Command '['/usr/bin/python3', '-c', 'import sys;from contextlib import suppress;exec("with suppress(ImportError):    from setuptools.extern.packaging.specifiers    import SpecifierSet");exec("with suppress(ImportError):    from packaging.specifiers import SpecifierSet");from distutils.core import run_setup;dist = run_setup(    \'setup.py\', script_args=(\'--dry-run\',), stop_after=\'config\');skip_keys = (\'cmdclass\', \'distclass\', \'ext_modules\', \'metadata\');data = {    key: value for key, value in dist.__dict__.items()     if (        not key.startswith(\'_\') and         not callable(value) and         key not in skip_keys and         key not in dist.display_option_names    )};data[\'metadata\'] = {    k: v for k, v in dist.metadata.__dict__.items()     if k not in (\'license_files\', \'provides_extras\')};sys.stdout.buffer.write(repr(data).encode(\'utf-8\'))']' returned non-zero exit status 1.'
[14.816s] DEBUG:colcon.colcon_core.event_reactor:joining thread
[14.935s] INFO:colcon.colcon_core.plugin_system:Skipping extension 'colcon_notification.desktop_notification.terminal_notifier': Not used on non-Darwin systems
[14.936s] INFO:colcon.colcon_core.plugin_system:Skipping extension 'colcon_notification.desktop_notification.win32': Not used on non-Windows systems
[14.936s] INFO:colcon.colcon_notification.desktop_notification:Sending desktop notification using 'notify2'
[15.319s] DEBUG:colcon.colcon_core.event_reactor:joined thread
[15.320s] INFO:colcon.colcon_core.shell:Creating prefix script '/home/deylahm/Desktop/ros2 (copy)/install/local_setup.ps1'
[15.346s] INFO:colcon.colcon_core.shell:Creating prefix util module '/home/deylahm/Desktop/ros2 (copy)/install/_local_setup_util_ps1.py'
[15.383s] INFO:colcon.colcon_core.shell:Creating prefix chain script '/home/deylahm/Desktop/ros2 (copy)/install/setup.ps1'
[15.402s] INFO:colcon.colcon_core.shell:Creating prefix script '/home/deylahm/Desktop/ros2 (copy)/install/local_setup.sh'
[15.414s] INFO:colcon.colcon_core.shell:Creating prefix util module '/home/deylahm/Desktop/ros2 (copy)/install/_local_setup_util_sh.py'
[15.428s] INFO:colcon.colcon_core.shell:Creating prefix chain script '/home/deylahm/Desktop/ros2 (copy)/install/setup.sh'
[15.450s] INFO:colcon.colcon_core.shell:Creating prefix script '/home/deylahm/Desktop/ros2 (copy)/install/local_setup.bash'
[15.466s] INFO:colcon.colcon_core.shell:Creating prefix chain script '/home/deylahm/Desktop/ros2 (copy)/install/setup.bash'
[15.488s] INFO:colcon.colcon_core.shell:Creating prefix script '/home/deylahm/Desktop/ros2 (copy)/install/local_setup.zsh'
[15.503s] INFO:colcon.colcon_core.shell:Creating prefix chain script '/home/deylahm/Desktop/ros2 (copy)/install/setup.zsh'
