[5.882s] Invoking command in '/home/deylahm/Desktop/ros2 (copy)/src/holonomic_robot': PYTHONPATH=/home/deylahm/Desktop/ros2 (copy)/build/holonomic_robot/prefix_override:/usr/lib/python3/dist-packages/colcon_core/task/python/colcon_distutils_commands:/home/deylahm/Desktop/ros2 (copy)/install/holonomic_robot/lib/python3.8/site-packages:${PYTHONPATH} /usr/bin/python3 -W ignore:setup.py install is deprecated setup.py egg_info --egg-base ../../build/holonomic_robot build --build-base /home/deylahm/Desktop/ros2 (copy)/build/holonomic_robot/build install --record /home/deylahm/Desktop/ros2 (copy)/build/holonomic_robot/install.log --install-scripts $base/lib/holonomic_robot --single-version-externally-managed install_data
[9.239s] running egg_info
[9.260s] writing ../../build/holonomic_robot/holonomic_robot.egg-info/PKG-INFO
[9.266s] writing dependency_links to ../../build/holonomic_robot/holonomic_robot.egg-info/dependency_links.txt
[9.272s] writing entry points to ../../build/holonomic_robot/holonomic_robot.egg-info/entry_points.txt
[9.279s] writing requirements to ../../build/holonomic_robot/holonomic_robot.egg-info/requires.txt
[9.280s] writing top-level names to ../../build/holonomic_robot/holonomic_robot.egg-info/top_level.txt
[9.981s] reading manifest file '../../build/holonomic_robot/holonomic_robot.egg-info/SOURCES.txt'
[10.004s] writing manifest file '../../build/holonomic_robot/holonomic_robot.egg-info/SOURCES.txt'
[10.010s] running build
[10.011s] running build_py
[10.018s] running install
[10.034s] running install_lib
[10.045s] running install_data
[10.046s] running install_egg_info
[10.071s] removing '/home/deylahm/Desktop/ros2 (copy)/install/holonomic_robot/lib/python3.8/site-packages/holonomic_robot-0.0.0-py3.8.egg-info' (and everything under it)
[10.100s] Copying ../../build/holonomic_robot/holonomic_robot.egg-info to /home/deylahm/Desktop/ros2 (copy)/install/holonomic_robot/lib/python3.8/site-packages/holonomic_robot-0.0.0-py3.8.egg-info
[10.116s] running install_scripts
[10.450s] writing list of installed files to '/home/deylahm/Desktop/ros2 (copy)/build/holonomic_robot/install.log'
[10.680s] Invoked command in '/home/deylahm/Desktop/ros2 (copy)/src/holonomic_robot' returned '0': PYTHONPATH=/home/deylahm/Desktop/ros2 (copy)/build/holonomic_robot/prefix_override:/usr/lib/python3/dist-packages/colcon_core/task/python/colcon_distutils_commands:/home/deylahm/Desktop/ros2 (copy)/install/holonomic_robot/lib/python3.8/site-packages:${PYTHONPATH} /usr/bin/python3 -W ignore:setup.py install is deprecated setup.py egg_info --egg-base ../../build/holonomic_robot build --build-base /home/deylahm/Desktop/ros2 (copy)/build/holonomic_robot/build install --record /home/deylahm/Desktop/ros2 (copy)/build/holonomic_robot/install.log --install-scripts $base/lib/holonomic_robot --single-version-externally-managed install_data
