[1.398s] DEBUG:colcon:Command line arguments: ['/usr/bin/colcon', 'build']
[1.399s] DEBUG:colcon:Parsed command line arguments: Namespace(allow_overriding=[], ament_cmake_args=None, base_paths=['.'], build_base='build', catkin_cmake_args=None, catkin_skip_building_tests=False, cmake_args=None, cmake_clean_cache=False, cmake_clean_first=False, cmake_force_configure=False, cmake_target=None, cmake_target_skip_unavailable=False, continue_on_error=False, event_handlers=None, executor='parallel', ignore_user_meta=False, install_base='install', log_base=None, log_level=None, main=<bound method BuildVerb.main of <colcon_core.verb.build.BuildVerb object at 0x7f9f9ad10a90>>, merge_install=False, metas=['./colcon.meta'], mixin=None, mixin_files=None, mixin_verb=('build',), packages_above=None, packages_above_and_dependencies=None, packages_above_depth=None, packages_end=None, packages_ignore=None, packages_ignore_regex=None, packages_select=None, packages_select_build_failed=False, packages_select_by_dep=None, packages_select_regex=None, packages_select_test_failures=False, packages_skip=None, packages_skip_build_finished=False, packages_skip_by_dep=None, packages_skip_regex=None, packages_skip_test_passed=False, packages_skip_up_to=None, packages_start=None, packages_up_to=None, packages_up_to_regex=None, parallel_workers=1, paths=None, symlink_install=False, test_result_base=None, verb_extension=<colcon_core.verb.build.BuildVerb object at 0x7f9f9ad10a90>, verb_name='build', verb_parser=<colcon_mixin.mixin.mixin_argument.MixinArgumentDecorator object at 0x7f9f9abd39a0>)
[2.614s] Level 1:colcon.colcon_core.package_discovery:discover_packages(colcon_meta) check parameters
[2.619s] Level 1:colcon.colcon_core.package_discovery:discover_packages(recursive) check parameters
[2.619s] Level 1:colcon.colcon_core.package_discovery:discover_packages(ignore) check parameters
[2.619s] Level 1:colcon.colcon_core.package_discovery:discover_packages(path) check parameters
[2.620s] Level 1:colcon.colcon_core.package_discovery:discover_packages(colcon_meta) discover
[2.620s] Level 1:colcon.colcon_core.package_discovery:discover_packages(recursive) discover
[2.620s] INFO:colcon.colcon_core.package_discovery:Crawling recursively for packages in '/home/deylahm/Desktop/Simulacion Rotbot/Prueba-Ros2'
[2.621s] Level 1:colcon.colcon_core.package_identification:_identify(.) by extensions ['ignore', 'ignore_ament_install']
[2.622s] Level 1:colcon.colcon_core.package_identification:_identify(.) by extension 'ignore'
[2.622s] Level 1:colcon.colcon_core.package_identification:_identify(.) by extension 'ignore_ament_install'
[2.623s] Level 1:colcon.colcon_core.package_identification:_identify(.) by extensions ['colcon_pkg']
[2.623s] Level 1:colcon.colcon_core.package_identification:_identify(.) by extension 'colcon_pkg'
[2.623s] Level 1:colcon.colcon_core.package_identification:_identify(.) by extensions ['colcon_meta']
[2.624s] Level 1:colcon.colcon_core.package_identification:_identify(.) by extension 'colcon_meta'
[2.624s] Level 1:colcon.colcon_core.package_identification:_identify(.) by extensions ['ros']
[2.624s] Level 1:colcon.colcon_core.package_identification:_identify(.) by extension 'ros'
[2.714s] Level 1:colcon.colcon_core.package_identification:_identify(.) by extensions ['cmake', 'python']
[2.715s] Level 1:colcon.colcon_core.package_identification:_identify(.) by extension 'cmake'
[2.716s] Level 1:colcon.colcon_core.package_identification:_identify(.) by extension 'python'
[2.717s] Level 1:colcon.colcon_core.package_identification:_identify(.) by extensions ['python_setup_py']
[2.718s] Level 1:colcon.colcon_core.package_identification:_identify(.) by extension 'python_setup_py'
[2.720s] Level 1:colcon.colcon_core.package_identification:_identify(build) by extensions ['ignore', 'ignore_ament_install']
[2.722s] Level 1:colcon.colcon_core.package_identification:_identify(build) by extension 'ignore'
[2.723s] Level 1:colcon.colcon_core.package_identification:_identify(build) ignored
[2.725s] Level 1:colcon.colcon_core.package_identification:_identify(install) by extensions ['ignore', 'ignore_ament_install']
[2.726s] Level 1:colcon.colcon_core.package_identification:_identify(install) by extension 'ignore'
[2.726s] Level 1:colcon.colcon_core.package_identification:_identify(install) ignored
[2.728s] Level 1:colcon.colcon_core.package_identification:_identify(log) by extensions ['ignore', 'ignore_ament_install']
[2.729s] Level 1:colcon.colcon_core.package_identification:_identify(log) by extension 'ignore'
[2.730s] Level 1:colcon.colcon_core.package_identification:_identify(log) ignored
[2.731s] Level 1:colcon.colcon_core.package_identification:_identify(src) by extensions ['ignore', 'ignore_ament_install']
[2.732s] Level 1:colcon.colcon_core.package_identification:_identify(src) by extension 'ignore'
[2.733s] Level 1:colcon.colcon_core.package_identification:_identify(src) by extension 'ignore_ament_install'
[2.734s] Level 1:colcon.colcon_core.package_identification:_identify(src) by extensions ['colcon_pkg']
[2.734s] Level 1:colcon.colcon_core.package_identification:_identify(src) by extension 'colcon_pkg'
[2.735s] Level 1:colcon.colcon_core.package_identification:_identify(src) by extensions ['colcon_meta']
[2.736s] Level 1:colcon.colcon_core.package_identification:_identify(src) by extension 'colcon_meta'
[2.737s] Level 1:colcon.colcon_core.package_identification:_identify(src) by extensions ['ros']
[2.738s] Level 1:colcon.colcon_core.package_identification:_identify(src) by extension 'ros'
[2.738s] Level 1:colcon.colcon_core.package_identification:_identify(src) by extensions ['cmake', 'python']
[2.739s] Level 1:colcon.colcon_core.package_identification:_identify(src) by extension 'cmake'
[2.739s] Level 1:colcon.colcon_core.package_identification:_identify(src) by extension 'python'
[2.739s] Level 1:colcon.colcon_core.package_identification:_identify(src) by extensions ['python_setup_py']
[2.739s] Level 1:colcon.colcon_core.package_identification:_identify(src) by extension 'python_setup_py'
[2.740s] Level 1:colcon.colcon_core.package_identification:_identify(src/holonomic_robot) by extensions ['ignore', 'ignore_ament_install']
[2.740s] Level 1:colcon.colcon_core.package_identification:_identify(src/holonomic_robot) by extension 'ignore'
[2.740s] Level 1:colcon.colcon_core.package_identification:_identify(src/holonomic_robot) by extension 'ignore_ament_install'
[2.740s] Level 1:colcon.colcon_core.package_identification:_identify(src/holonomic_robot) by extensions ['colcon_pkg']
[2.740s] Level 1:colcon.colcon_core.package_identification:_identify(src/holonomic_robot) by extension 'colcon_pkg'
[2.741s] Level 1:colcon.colcon_core.package_identification:_identify(src/holonomic_robot) by extensions ['colcon_meta']
[2.742s] Level 1:colcon.colcon_core.package_identification:_identify(src/holonomic_robot) by extension 'colcon_meta'
[2.743s] Level 1:colcon.colcon_core.package_identification:_identify(src/holonomic_robot) by extensions ['ros']
[2.744s] Level 1:colcon.colcon_core.package_identification:_identify(src/holonomic_robot) by extension 'ros'
[2.756s] DEBUG:colcon.colcon_core.package_identification:Package 'src/holonomic_robot' with type 'ros.ament_python' and name 'holonomic_robot'
[2.758s] Level 1:colcon.colcon_core.package_identification:_identify(src/occupancy_grid_demo) by extensions ['ignore', 'ignore_ament_install']
[2.759s] Level 1:colcon.colcon_core.package_identification:_identify(src/occupancy_grid_demo) by extension 'ignore'
[2.759s] Level 1:colcon.colcon_core.package_identification:_identify(src/occupancy_grid_demo) by extension 'ignore_ament_install'
[2.760s] Level 1:colcon.colcon_core.package_identification:_identify(src/occupancy_grid_demo) by extensions ['colcon_pkg']
[2.761s] Level 1:colcon.colcon_core.package_identification:_identify(src/occupancy_grid_demo) by extension 'colcon_pkg'
[2.762s] Level 1:colcon.colcon_core.package_identification:_identify(src/occupancy_grid_demo) by extensions ['colcon_meta']
[2.763s] Level 1:colcon.colcon_core.package_identification:_identify(src/occupancy_grid_demo) by extension 'colcon_meta'
[2.764s] Level 1:colcon.colcon_core.package_identification:_identify(src/occupancy_grid_demo) by extensions ['ros']
[2.764s] Level 1:colcon.colcon_core.package_identification:_identify(src/occupancy_grid_demo) by extension 'ros'
[2.767s] DEBUG:colcon.colcon_core.package_identification:Package 'src/occupancy_grid_demo' with type 'ros.ament_python' and name 'occupancy_grid_demo'
[2.768s] Level 1:colcon.colcon_core.package_discovery:discover_packages(recursive) using defaults
[2.768s] Level 1:colcon.colcon_core.package_discovery:discover_packages(ignore) discover
[2.769s] Level 1:colcon.colcon_core.package_discovery:discover_packages(ignore) using defaults
[2.770s] Level 1:colcon.colcon_core.package_discovery:discover_packages(path) discover
[2.770s] Level 1:colcon.colcon_core.package_discovery:discover_packages(path) using defaults
[2.858s] Level 1:colcon.colcon_core.package_discovery:discover_packages(prefix_path) check parameters
[2.861s] Level 1:colcon.colcon_core.package_discovery:discover_packages(prefix_path) discover
[2.870s] DEBUG:colcon.colcon_installed_package_information.package_discovery:Found 2 installed packages in /home/deylahm/Desktop/Simulacion Rotbot/Prueba-Ros2/install
[2.880s] DEBUG:colcon.colcon_installed_package_information.package_discovery:Found 277 installed packages in /opt/ros/foxy
[2.896s] Level 1:colcon.colcon_core.package_discovery:discover_packages(prefix_path) using defaults
[3.299s] Level 5:colcon.colcon_core.verb:set package 'holonomic_robot' build argument 'cmake_args' from command line to 'None'
[3.299s] Level 5:colcon.colcon_core.verb:set package 'holonomic_robot' build argument 'cmake_target' from command line to 'None'
[3.300s] Level 5:colcon.colcon_core.verb:set package 'holonomic_robot' build argument 'cmake_target_skip_unavailable' from command line to 'False'
[3.300s] Level 5:colcon.colcon_core.verb:set package 'holonomic_robot' build argument 'cmake_clean_cache' from command line to 'False'
[3.301s] Level 5:colcon.colcon_core.verb:set package 'holonomic_robot' build argument 'cmake_clean_first' from command line to 'False'
[3.301s] Level 5:colcon.colcon_core.verb:set package 'holonomic_robot' build argument 'cmake_force_configure' from command line to 'False'
[3.302s] Level 5:colcon.colcon_core.verb:set package 'holonomic_robot' build argument 'ament_cmake_args' from command line to 'None'
[3.302s] Level 5:colcon.colcon_core.verb:set package 'holonomic_robot' build argument 'catkin_cmake_args' from command line to 'None'
[3.302s] Level 5:colcon.colcon_core.verb:set package 'holonomic_robot' build argument 'catkin_skip_building_tests' from command line to 'False'
[3.303s] DEBUG:colcon.colcon_core.verb:Building package 'holonomic_robot' with the following arguments: {'ament_cmake_args': None, 'build_base': '/home/deylahm/Desktop/Simulacion Rotbot/Prueba-Ros2/build/holonomic_robot', 'catkin_cmake_args': None, 'catkin_skip_building_tests': False, 'cmake_args': None, 'cmake_clean_cache': False, 'cmake_clean_first': False, 'cmake_force_configure': False, 'cmake_target': None, 'cmake_target_skip_unavailable': False, 'install_base': '/home/deylahm/Desktop/Simulacion Rotbot/Prueba-Ros2/install/holonomic_robot', 'merge_install': False, 'path': '/home/deylahm/Desktop/Simulacion Rotbot/Prueba-Ros2/src/holonomic_robot', 'symlink_install': False, 'test_result_base': None}
[3.305s] Level 5:colcon.colcon_core.verb:set package 'occupancy_grid_demo' build argument 'cmake_args' from command line to 'None'
[3.305s] Level 5:colcon.colcon_core.verb:set package 'occupancy_grid_demo' build argument 'cmake_target' from command line to 'None'
[3.306s] Level 5:colcon.colcon_core.verb:set package 'occupancy_grid_demo' build argument 'cmake_target_skip_unavailable' from command line to 'False'
[3.307s] Level 5:colcon.colcon_core.verb:set package 'occupancy_grid_demo' build argument 'cmake_clean_cache' from command line to 'False'
[3.307s] Level 5:colcon.colcon_core.verb:set package 'occupancy_grid_demo' build argument 'cmake_clean_first' from command line to 'False'
[3.308s] Level 5:colcon.colcon_core.verb:set package 'occupancy_grid_demo' build argument 'cmake_force_configure' from command line to 'False'
[3.308s] Level 5:colcon.colcon_core.verb:set package 'occupancy_grid_demo' build argument 'ament_cmake_args' from command line to 'None'
[3.308s] Level 5:colcon.colcon_core.verb:set package 'occupancy_grid_demo' build argument 'catkin_cmake_args' from command line to 'None'
[3.308s] Level 5:colcon.colcon_core.verb:set package 'occupancy_grid_demo' build argument 'catkin_skip_building_tests' from command line to 'False'
[3.308s] DEBUG:colcon.colcon_core.verb:Building package 'occupancy_grid_demo' with the following arguments: {'ament_cmake_args': None, 'build_base': '/home/deylahm/Desktop/Simulacion Rotbot/Prueba-Ros2/build/occupancy_grid_demo', 'catkin_cmake_args': None, 'catkin_skip_building_tests': False, 'cmake_args': None, 'cmake_clean_cache': False, 'cmake_clean_first': False, 'cmake_force_configure': False, 'cmake_target': None, 'cmake_target_skip_unavailable': False, 'install_base': '/home/deylahm/Desktop/Simulacion Rotbot/Prueba-Ros2/install/occupancy_grid_demo', 'merge_install': False, 'path': '/home/deylahm/Desktop/Simulacion Rotbot/Prueba-Ros2/src/occupancy_grid_demo', 'symlink_install': False, 'test_result_base': None}
[3.309s] INFO:colcon.colcon_core.executor:Executing jobs using 'parallel' executor
[3.311s] DEBUG:colcon.colcon_parallel_executor.executor.parallel:run_until_complete
[3.312s] INFO:colcon.colcon_ros.task.ament_python.build:Building ROS package in '/home/deylahm/Desktop/Simulacion Rotbot/Prueba-Ros2/src/holonomic_robot' with build type 'ament_python'
[3.313s] Level 1:colcon.colcon_core.shell:create_environment_hook('holonomic_robot', 'ament_prefix_path')
[3.321s] INFO:colcon.colcon_core.plugin_system:Skipping extension 'colcon_core.shell.bat': Not used on non-Windows systems
[3.323s] INFO:colcon.colcon_core.shell:Creating environment hook '/home/deylahm/Desktop/Simulacion Rotbot/Prueba-Ros2/install/holonomic_robot/share/holonomic_robot/hook/ament_prefix_path.ps1'
[3.325s] INFO:colcon.colcon_core.shell:Creating environment descriptor '/home/deylahm/Desktop/Simulacion Rotbot/Prueba-Ros2/install/holonomic_robot/share/holonomic_robot/hook/ament_prefix_path.dsv'
[3.327s] INFO:colcon.colcon_core.shell:Creating environment hook '/home/deylahm/Desktop/Simulacion Rotbot/Prueba-Ros2/install/holonomic_robot/share/holonomic_robot/hook/ament_prefix_path.sh'
[3.334s] INFO:colcon.colcon_core.shell:Skip shell extension 'powershell' for command environment: Not usable outside of PowerShell
[3.341s] DEBUG:colcon.colcon_core.shell:Skip shell extension 'dsv' for command environment
[4.926s] INFO:colcon.colcon_core.task.python.build:Building Python package in '/home/deylahm/Desktop/Simulacion Rotbot/Prueba-Ros2/src/holonomic_robot'
[4.929s] INFO:colcon.colcon_core.shell:Skip shell extension 'powershell' for command environment: Not usable outside of PowerShell
[4.930s] DEBUG:colcon.colcon_core.shell:Skip shell extension 'dsv' for command environment
[8.078s] DEBUG:colcon.colcon_core.event_handler.log_command:Invoking command in '/home/deylahm/Desktop/Simulacion Rotbot/Prueba-Ros2/src/holonomic_robot': PYTHONPATH=/home/deylahm/Desktop/Simulacion Rotbot/Prueba-Ros2/build/holonomic_robot/prefix_override:/usr/lib/python3/dist-packages/colcon_core/task/python/colcon_distutils_commands:/home/deylahm/Desktop/Simulacion Rotbot/Prueba-Ros2/install/holonomic_robot/lib/python3.8/site-packages:${PYTHONPATH} /usr/bin/python3 -W ignore:setup.py install is deprecated setup.py egg_info --egg-base ../../build/holonomic_robot build --build-base /home/deylahm/Desktop/Simulacion Rotbot/Prueba-Ros2/build/holonomic_robot/build install --record /home/deylahm/Desktop/Simulacion Rotbot/Prueba-Ros2/build/holonomic_robot/install.log --install-scripts $base/lib/holonomic_robot --single-version-externally-managed install_data
[11.135s] DEBUG:colcon.colcon_core.event_handler.log_command:Invoked command in '/home/deylahm/Desktop/Simulacion Rotbot/Prueba-Ros2/src/holonomic_robot' returned '0': PYTHONPATH=/home/deylahm/Desktop/Simulacion Rotbot/Prueba-Ros2/build/holonomic_robot/prefix_override:/usr/lib/python3/dist-packages/colcon_core/task/python/colcon_distutils_commands:/home/deylahm/Desktop/Simulacion Rotbot/Prueba-Ros2/install/holonomic_robot/lib/python3.8/site-packages:${PYTHONPATH} /usr/bin/python3 -W ignore:setup.py install is deprecated setup.py egg_info --egg-base ../../build/holonomic_robot build --build-base /home/deylahm/Desktop/Simulacion Rotbot/Prueba-Ros2/build/holonomic_robot/build install --record /home/deylahm/Desktop/Simulacion Rotbot/Prueba-Ros2/build/holonomic_robot/install.log --install-scripts $base/lib/holonomic_robot --single-version-externally-managed install_data
[11.174s] Level 1:colcon.colcon_core.environment:checking '/home/deylahm/Desktop/Simulacion Rotbot/Prueba-Ros2/install/holonomic_robot' for CMake module files
[11.180s] Level 1:colcon.colcon_core.environment:checking '/home/deylahm/Desktop/Simulacion Rotbot/Prueba-Ros2/install/holonomic_robot' for CMake config files
[11.186s] Level 1:colcon.colcon_core.environment:checking '/home/deylahm/Desktop/Simulacion Rotbot/Prueba-Ros2/install/holonomic_robot/lib'
[11.188s] Level 1:colcon.colcon_core.environment:checking '/home/deylahm/Desktop/Simulacion Rotbot/Prueba-Ros2/install/holonomic_robot/bin'
[11.189s] Level 1:colcon.colcon_core.environment:checking '/home/deylahm/Desktop/Simulacion Rotbot/Prueba-Ros2/install/holonomic_robot/lib/pkgconfig/holonomic_robot.pc'
[11.192s] Level 1:colcon.colcon_core.environment:checking '/home/deylahm/Desktop/Simulacion Rotbot/Prueba-Ros2/install/holonomic_robot/lib/python3.8/site-packages'
[11.194s] Level 1:colcon.colcon_core.shell:create_environment_hook('holonomic_robot', 'pythonpath')
[11.196s] INFO:colcon.colcon_core.shell:Creating environment hook '/home/deylahm/Desktop/Simulacion Rotbot/Prueba-Ros2/install/holonomic_robot/share/holonomic_robot/hook/pythonpath.ps1'
[11.204s] INFO:colcon.colcon_core.shell:Creating environment descriptor '/home/deylahm/Desktop/Simulacion Rotbot/Prueba-Ros2/install/holonomic_robot/share/holonomic_robot/hook/pythonpath.dsv'
[11.206s] INFO:colcon.colcon_core.shell:Creating environment hook '/home/deylahm/Desktop/Simulacion Rotbot/Prueba-Ros2/install/holonomic_robot/share/holonomic_robot/hook/pythonpath.sh'
[11.211s] Level 1:colcon.colcon_core.environment:checking '/home/deylahm/Desktop/Simulacion Rotbot/Prueba-Ros2/install/holonomic_robot/bin'
[11.213s] Level 1:colcon.colcon_core.environment:create_environment_scripts_only(holonomic_robot)
[11.215s] INFO:colcon.colcon_core.shell:Creating package script '/home/deylahm/Desktop/Simulacion Rotbot/Prueba-Ros2/install/holonomic_robot/share/holonomic_robot/package.ps1'
[11.222s] INFO:colcon.colcon_core.shell:Creating package descriptor '/home/deylahm/Desktop/Simulacion Rotbot/Prueba-Ros2/install/holonomic_robot/share/holonomic_robot/package.dsv'
[11.230s] INFO:colcon.colcon_core.shell:Creating package script '/home/deylahm/Desktop/Simulacion Rotbot/Prueba-Ros2/install/holonomic_robot/share/holonomic_robot/package.sh'
[11.241s] INFO:colcon.colcon_core.shell:Creating package script '/home/deylahm/Desktop/Simulacion Rotbot/Prueba-Ros2/install/holonomic_robot/share/holonomic_robot/package.bash'
[11.252s] INFO:colcon.colcon_core.shell:Creating package script '/home/deylahm/Desktop/Simulacion Rotbot/Prueba-Ros2/install/holonomic_robot/share/holonomic_robot/package.zsh'
[11.268s] Level 1:colcon.colcon_core.environment:create_file_with_runtime_dependencies(/home/deylahm/Desktop/Simulacion Rotbot/Prueba-Ros2/install/holonomic_robot/share/colcon-core/packages/holonomic_robot)
[11.275s] INFO:colcon.colcon_ros.task.ament_python.build:Building ROS package in '/home/deylahm/Desktop/Simulacion Rotbot/Prueba-Ros2/src/occupancy_grid_demo' with build type 'ament_python'
[11.279s] Level 1:colcon.colcon_core.shell:create_environment_hook('occupancy_grid_demo', 'ament_prefix_path')
[11.280s] INFO:colcon.colcon_core.shell:Creating environment hook '/home/deylahm/Desktop/Simulacion Rotbot/Prueba-Ros2/install/occupancy_grid_demo/share/occupancy_grid_demo/hook/ament_prefix_path.ps1'
[11.282s] INFO:colcon.colcon_core.shell:Creating environment descriptor '/home/deylahm/Desktop/Simulacion Rotbot/Prueba-Ros2/install/occupancy_grid_demo/share/occupancy_grid_demo/hook/ament_prefix_path.dsv'
[11.290s] INFO:colcon.colcon_core.shell:Creating environment hook '/home/deylahm/Desktop/Simulacion Rotbot/Prueba-Ros2/install/occupancy_grid_demo/share/occupancy_grid_demo/hook/ament_prefix_path.sh'
[11.307s] INFO:colcon.colcon_core.shell:Skip shell extension 'powershell' for command environment: Not usable outside of PowerShell
[11.307s] DEBUG:colcon.colcon_core.shell:Skip shell extension 'dsv' for command environment
[13.388s] INFO:colcon.colcon_core.task.python.build:Building Python package in '/home/deylahm/Desktop/Simulacion Rotbot/Prueba-Ros2/src/occupancy_grid_demo'
[13.390s] INFO:colcon.colcon_core.shell:Skip shell extension 'powershell' for command environment: Not usable outside of PowerShell
[13.391s] DEBUG:colcon.colcon_core.shell:Skip shell extension 'dsv' for command environment
[15.676s] DEBUG:colcon.colcon_core.event_handler.log_command:Invoking command in '/home/deylahm/Desktop/Simulacion Rotbot/Prueba-Ros2/src/occupancy_grid_demo': PYTHONPATH=/home/deylahm/Desktop/Simulacion Rotbot/Prueba-Ros2/build/occupancy_grid_demo/prefix_override:/usr/lib/python3/dist-packages/colcon_core/task/python/colcon_distutils_commands:/home/deylahm/Desktop/Simulacion Rotbot/Prueba-Ros2/install/occupancy_grid_demo/lib/python3.8/site-packages:${PYTHONPATH} /usr/bin/python3 -W ignore:setup.py install is deprecated setup.py egg_info --egg-base ../../build/occupancy_grid_demo build --build-base /home/deylahm/Desktop/Simulacion Rotbot/Prueba-Ros2/build/occupancy_grid_demo/build install --record /home/deylahm/Desktop/Simulacion Rotbot/Prueba-Ros2/build/occupancy_grid_demo/install.log --install-scripts $base/lib/occupancy_grid_demo --single-version-externally-managed install_data
[17.996s] Level 1:colcon.colcon_core.environment:checking '/home/deylahm/Desktop/Simulacion Rotbot/Prueba-Ros2/install/occupancy_grid_demo' for CMake module files
[18.005s] DEBUG:colcon.colcon_core.event_handler.log_command:Invoked command in '/home/deylahm/Desktop/Simulacion Rotbot/Prueba-Ros2/src/occupancy_grid_demo' returned '0': PYTHONPATH=/home/deylahm/Desktop/Simulacion Rotbot/Prueba-Ros2/build/occupancy_grid_demo/prefix_override:/usr/lib/python3/dist-packages/colcon_core/task/python/colcon_distutils_commands:/home/deylahm/Desktop/Simulacion Rotbot/Prueba-Ros2/install/occupancy_grid_demo/lib/python3.8/site-packages:${PYTHONPATH} /usr/bin/python3 -W ignore:setup.py install is deprecated setup.py egg_info --egg-base ../../build/occupancy_grid_demo build --build-base /home/deylahm/Desktop/Simulacion Rotbot/Prueba-Ros2/build/occupancy_grid_demo/build install --record /home/deylahm/Desktop/Simulacion Rotbot/Prueba-Ros2/build/occupancy_grid_demo/install.log --install-scripts $base/lib/occupancy_grid_demo --single-version-externally-managed install_data
[18.008s] Level 1:colcon.colcon_core.environment:checking '/home/deylahm/Desktop/Simulacion Rotbot/Prueba-Ros2/install/occupancy_grid_demo' for CMake config files
[18.011s] Level 1:colcon.colcon_core.environment:checking '/home/deylahm/Desktop/Simulacion Rotbot/Prueba-Ros2/install/occupancy_grid_demo/lib'
[18.012s] Level 1:colcon.colcon_core.environment:checking '/home/deylahm/Desktop/Simulacion Rotbot/Prueba-Ros2/install/occupancy_grid_demo/bin'
[18.012s] Level 1:colcon.colcon_core.environment:checking '/home/deylahm/Desktop/Simulacion Rotbot/Prueba-Ros2/install/occupancy_grid_demo/lib/pkgconfig/occupancy_grid_demo.pc'
[18.014s] Level 1:colcon.colcon_core.environment:checking '/home/deylahm/Desktop/Simulacion Rotbot/Prueba-Ros2/install/occupancy_grid_demo/lib/python3.8/site-packages'
[18.015s] Level 1:colcon.colcon_core.shell:create_environment_hook('occupancy_grid_demo', 'pythonpath')
[18.019s] INFO:colcon.colcon_core.shell:Creating environment hook '/home/deylahm/Desktop/Simulacion Rotbot/Prueba-Ros2/install/occupancy_grid_demo/share/occupancy_grid_demo/hook/pythonpath.ps1'
[18.028s] INFO:colcon.colcon_core.shell:Creating environment descriptor '/home/deylahm/Desktop/Simulacion Rotbot/Prueba-Ros2/install/occupancy_grid_demo/share/occupancy_grid_demo/hook/pythonpath.dsv'
[18.037s] INFO:colcon.colcon_core.shell:Creating environment hook '/home/deylahm/Desktop/Simulacion Rotbot/Prueba-Ros2/install/occupancy_grid_demo/share/occupancy_grid_demo/hook/pythonpath.sh'
[18.042s] Level 1:colcon.colcon_core.environment:checking '/home/deylahm/Desktop/Simulacion Rotbot/Prueba-Ros2/install/occupancy_grid_demo/bin'
[18.042s] Level 1:colcon.colcon_core.environment:create_environment_scripts_only(occupancy_grid_demo)
[18.044s] INFO:colcon.colcon_core.shell:Creating package script '/home/deylahm/Desktop/Simulacion Rotbot/Prueba-Ros2/install/occupancy_grid_demo/share/occupancy_grid_demo/package.ps1'
[18.058s] INFO:colcon.colcon_core.shell:Creating package descriptor '/home/deylahm/Desktop/Simulacion Rotbot/Prueba-Ros2/install/occupancy_grid_demo/share/occupancy_grid_demo/package.dsv'
[18.060s] INFO:colcon.colcon_core.shell:Creating package script '/home/deylahm/Desktop/Simulacion Rotbot/Prueba-Ros2/install/occupancy_grid_demo/share/occupancy_grid_demo/package.sh'
[18.065s] INFO:colcon.colcon_core.shell:Creating package script '/home/deylahm/Desktop/Simulacion Rotbot/Prueba-Ros2/install/occupancy_grid_demo/share/occupancy_grid_demo/package.bash'
[18.073s] INFO:colcon.colcon_core.shell:Creating package script '/home/deylahm/Desktop/Simulacion Rotbot/Prueba-Ros2/install/occupancy_grid_demo/share/occupancy_grid_demo/package.zsh'
[18.076s] Level 1:colcon.colcon_core.environment:create_file_with_runtime_dependencies(/home/deylahm/Desktop/Simulacion Rotbot/Prueba-Ros2/install/occupancy_grid_demo/share/colcon-core/packages/occupancy_grid_demo)
[18.082s] DEBUG:colcon.colcon_parallel_executor.executor.parallel:closing loop
[18.085s] DEBUG:colcon.colcon_parallel_executor.executor.parallel:loop closed
[18.085s] DEBUG:colcon.colcon_parallel_executor.executor.parallel:run_until_complete finished with '0'
[18.086s] DEBUG:colcon.colcon_core.event_reactor:joining thread
[18.154s] INFO:colcon.colcon_core.plugin_system:Skipping extension 'colcon_notification.desktop_notification.terminal_notifier': Not used on non-Darwin systems
[18.155s] INFO:colcon.colcon_core.plugin_system:Skipping extension 'colcon_notification.desktop_notification.win32': Not used on non-Windows systems
[18.156s] INFO:colcon.colcon_notification.desktop_notification:Sending desktop notification using 'notify2'
[18.322s] DEBUG:colcon.colcon_core.event_reactor:joined thread
[18.323s] INFO:colcon.colcon_core.shell:Creating prefix script '/home/deylahm/Desktop/Simulacion Rotbot/Prueba-Ros2/install/local_setup.ps1'
[18.338s] INFO:colcon.colcon_core.shell:Creating prefix util module '/home/deylahm/Desktop/Simulacion Rotbot/Prueba-Ros2/install/_local_setup_util_ps1.py'
[18.350s] INFO:colcon.colcon_core.shell:Creating prefix chain script '/home/deylahm/Desktop/Simulacion Rotbot/Prueba-Ros2/install/setup.ps1'
[18.355s] INFO:colcon.colcon_core.shell:Creating prefix script '/home/deylahm/Desktop/Simulacion Rotbot/Prueba-Ros2/install/local_setup.sh'
[18.362s] INFO:colcon.colcon_core.shell:Creating prefix util module '/home/deylahm/Desktop/Simulacion Rotbot/Prueba-Ros2/install/_local_setup_util_sh.py'
[18.366s] INFO:colcon.colcon_core.shell:Creating prefix chain script '/home/deylahm/Desktop/Simulacion Rotbot/Prueba-Ros2/install/setup.sh'
[18.377s] INFO:colcon.colcon_core.shell:Creating prefix script '/home/deylahm/Desktop/Simulacion Rotbot/Prueba-Ros2/install/local_setup.bash'
[18.384s] INFO:colcon.colcon_core.shell:Creating prefix chain script '/home/deylahm/Desktop/Simulacion Rotbot/Prueba-Ros2/install/setup.bash'
[18.394s] INFO:colcon.colcon_core.shell:Creating prefix script '/home/deylahm/Desktop/Simulacion Rotbot/Prueba-Ros2/install/local_setup.zsh'
[18.396s] INFO:colcon.colcon_core.shell:Creating prefix chain script '/home/deylahm/Desktop/Simulacion Rotbot/Prueba-Ros2/install/setup.zsh'
