[11.909s] Invoking command in '/home/deylahm/Desktop/ros2 (copy)/src/occupancy_grid_demo': PYTHONPATH=/home/deylahm/Desktop/ros2 (copy)/build/occupancy_grid_demo/prefix_override:/usr/lib/python3/dist-packages/colcon_core/task/python/colcon_distutils_commands:/home/deylahm/Desktop/ros2 (copy)/install/occupancy_grid_demo/lib/python3.8/site-packages:${PYTHONPATH} /usr/bin/python3 -W ignore:setup.py install is deprecated setup.py egg_info --egg-base ../../build/occupancy_grid_demo build --build-base /home/deylahm/Desktop/ros2 (copy)/build/occupancy_grid_demo/build install --record /home/deylahm/Desktop/ros2 (copy)/build/occupancy_grid_demo/install.log --install-scripts $base/lib/occupancy_grid_demo --single-version-externally-managed install_data
[16.099s] running egg_info
[16.129s] writing ../../build/occupancy_grid_demo/occupancy_grid_demo.egg-info/PKG-INFO
[16.144s] writing dependency_links to ../../build/occupancy_grid_demo/occupancy_grid_demo.egg-info/dependency_links.txt
[16.149s] writing entry points to ../../build/occupancy_grid_demo/occupancy_grid_demo.egg-info/entry_points.txt
[16.160s] writing requirements to ../../build/occupancy_grid_demo/occupancy_grid_demo.egg-info/requires.txt
[16.162s] writing top-level names to ../../build/occupancy_grid_demo/occupancy_grid_demo.egg-info/top_level.txt
[16.943s] reading manifest file '../../build/occupancy_grid_demo/occupancy_grid_demo.egg-info/SOURCES.txt'
[16.962s] writing manifest file '../../build/occupancy_grid_demo/occupancy_grid_demo.egg-info/SOURCES.txt'
[16.970s] running build
[16.971s] running build_py
[16.984s] running install
[16.995s] running install_lib
[17.028s] running install_data
[17.060s] running install_egg_info
[17.077s] removing '/home/deylahm/Desktop/ros2 (copy)/install/occupancy_grid_demo/lib/python3.8/site-packages/occupancy_grid_demo-0.0.0-py3.8.egg-info' (and everything under it)
[17.094s] Copying ../../build/occupancy_grid_demo/occupancy_grid_demo.egg-info to /home/deylahm/Desktop/ros2 (copy)/install/occupancy_grid_demo/lib/python3.8/site-packages/occupancy_grid_demo-0.0.0-py3.8.egg-info
[17.123s] running install_scripts
[17.428s] Installing occupancy_grid_publisher script to /home/deylahm/Desktop/ros2 (copy)/install/occupancy_grid_demo/lib/occupancy_grid_demo
[17.440s] writing list of installed files to '/home/deylahm/Desktop/ros2 (copy)/build/occupancy_grid_demo/install.log'
[17.708s] Invoked command in '/home/deylahm/Desktop/ros2 (copy)/src/occupancy_grid_demo' returned '0': PYTHONPATH=/home/deylahm/Desktop/ros2 (copy)/build/occupancy_grid_demo/prefix_override:/usr/lib/python3/dist-packages/colcon_core/task/python/colcon_distutils_commands:/home/deylahm/Desktop/ros2 (copy)/install/occupancy_grid_demo/lib/python3.8/site-packages:${PYTHONPATH} /usr/bin/python3 -W ignore:setup.py install is deprecated setup.py egg_info --egg-base ../../build/occupancy_grid_demo build --build-base /home/deylahm/Desktop/ros2 (copy)/build/occupancy_grid_demo/build install --record /home/deylahm/Desktop/ros2 (copy)/build/occupancy_grid_demo/install.log --install-scripts $base/lib/occupancy_grid_demo --single-version-externally-managed install_data
