[11.812s] Invoking command in '/home/deylahm/Desktop/ros2/src/occupancy_grid_demo': PYTHONPATH=/home/deylahm/Desktop/ros2/build/occupancy_grid_demo/prefix_override:/usr/lib/python3/dist-packages/colcon_core/task/python/colcon_distutils_commands:/home/deylahm/Desktop/ros2/install/occupancy_grid_demo/lib/python3.8/site-packages:${PYTHONPATH} /usr/bin/python3 -W ignore:setup.py install is deprecated setup.py egg_info --egg-base ../../build/occupancy_grid_demo build --build-base /home/deylahm/Desktop/ros2/build/occupancy_grid_demo/build install --record /home/deylahm/Desktop/ros2/build/occupancy_grid_demo/install.log --install-scripts $base/lib/occupancy_grid_demo --single-version-externally-managed install_data
[14.991s] running egg_info
[15.007s] writing ../../build/occupancy_grid_demo/occupancy_grid_demo.egg-info/PKG-INFO
[15.011s] writing dependency_links to ../../build/occupancy_grid_demo/occupancy_grid_demo.egg-info/dependency_links.txt
[15.012s] writing entry points to ../../build/occupancy_grid_demo/occupancy_grid_demo.egg-info/entry_points.txt
[15.015s] writing requirements to ../../build/occupancy_grid_demo/occupancy_grid_demo.egg-info/requires.txt
[15.019s] writing top-level names to ../../build/occupancy_grid_demo/occupancy_grid_demo.egg-info/top_level.txt
[15.567s] reading manifest file '../../build/occupancy_grid_demo/occupancy_grid_demo.egg-info/SOURCES.txt'
[15.592s] writing manifest file '../../build/occupancy_grid_demo/occupancy_grid_demo.egg-info/SOURCES.txt'
[15.594s] running build
[15.594s] running build_py
[15.598s] copying occupancy_grid_demo/occupancy_grid_publisher.py -> /home/deylahm/Desktop/ros2/build/occupancy_grid_demo/build/lib/occupancy_grid_demo
[15.608s] running install
[15.625s] running install_lib
[15.639s] copying /home/deylahm/Desktop/ros2/build/occupancy_grid_demo/build/lib/occupancy_grid_demo/occupancy_grid_publisher.py -> /home/deylahm/Desktop/ros2/install/occupancy_grid_demo/lib/python3.8/site-packages/occupancy_grid_demo
[15.647s] byte-compiling /home/deylahm/Desktop/ros2/install/occupancy_grid_demo/lib/python3.8/site-packages/occupancy_grid_demo/occupancy_grid_publisher.py to occupancy_grid_publisher.cpython-38.pyc
[15.677s] running install_data
[15.679s] running install_egg_info
[15.699s] removing '/home/deylahm/Desktop/ros2/install/occupancy_grid_demo/lib/python3.8/site-packages/occupancy_grid_demo-0.0.0-py3.8.egg-info' (and everything under it)
[15.730s] Copying ../../build/occupancy_grid_demo/occupancy_grid_demo.egg-info to /home/deylahm/Desktop/ros2/install/occupancy_grid_demo/lib/python3.8/site-packages/occupancy_grid_demo-0.0.0-py3.8.egg-info
[15.731s] running install_scripts
[16.003s] Installing occupancy_grid_publisher script to /home/deylahm/Desktop/ros2/install/occupancy_grid_demo/lib/occupancy_grid_demo
[16.007s] writing list of installed files to '/home/deylahm/Desktop/ros2/build/occupancy_grid_demo/install.log'
[16.243s] Invoked command in '/home/deylahm/Desktop/ros2/src/occupancy_grid_demo' returned '0': PYTHONPATH=/home/deylahm/Desktop/ros2/build/occupancy_grid_demo/prefix_override:/usr/lib/python3/dist-packages/colcon_core/task/python/colcon_distutils_commands:/home/deylahm/Desktop/ros2/install/occupancy_grid_demo/lib/python3.8/site-packages:${PYTHONPATH} /usr/bin/python3 -W ignore:setup.py install is deprecated setup.py egg_info --egg-base ../../build/occupancy_grid_demo build --build-base /home/deylahm/Desktop/ros2/build/occupancy_grid_demo/build install --record /home/deylahm/Desktop/ros2/build/occupancy_grid_demo/install.log --install-scripts $base/lib/occupancy_grid_demo --single-version-externally-managed install_data
