[2.617s] DEBUG:colcon:Command line arguments: ['/usr/bin/colcon', 'build']
[2.636s] DEBUG:colcon:Parsed command line arguments: Namespace(allow_overriding=[], ament_cmake_args=None, base_paths=['.'], build_base='build', catkin_cmake_args=None, catkin_skip_building_tests=False, cmake_args=None, cmake_clean_cache=False, cmake_clean_first=False, cmake_force_configure=False, cmake_target=None, cmake_target_skip_unavailable=False, continue_on_error=False, event_handlers=None, executor='parallel', ignore_user_meta=False, install_base='install', log_base=None, log_level=None, main=<bound method BuildVerb.main of <colcon_core.verb.build.BuildVerb object at 0x7f71ef4b2430>>, merge_install=False, metas=['./colcon.meta'], mixin=None, mixin_files=None, mixin_verb=('build',), packages_above=None, packages_above_and_dependencies=None, packages_above_depth=None, packages_end=None, packages_ignore=None, packages_ignore_regex=None, packages_select=None, packages_select_build_failed=False, packages_select_by_dep=None, packages_select_regex=None, packages_select_test_failures=False, packages_skip=None, packages_skip_build_finished=False, packages_skip_by_dep=None, packages_skip_regex=None, packages_skip_test_passed=False, packages_skip_up_to=None, packages_start=None, packages_up_to=None, packages_up_to_regex=None, parallel_workers=1, paths=None, symlink_install=False, test_result_base=None, verb_extension=<colcon_core.verb.build.BuildVerb object at 0x7f71ef4b2430>, verb_name='build', verb_parser=<colcon_mixin.mixin.mixin_argument.MixinArgumentDecorator object at 0x7f71ef3fd250>)
[4.403s] Level 1:colcon.colcon_core.package_discovery:discover_packages(colcon_meta) check parameters
[4.403s] Level 1:colcon.colcon_core.package_discovery:discover_packages(recursive) check parameters
[4.403s] Level 1:colcon.colcon_core.package_discovery:discover_packages(ignore) check parameters
[4.403s] Level 1:colcon.colcon_core.package_discovery:discover_packages(path) check parameters
[4.403s] Level 1:colcon.colcon_core.package_discovery:discover_packages(colcon_meta) discover
[4.403s] Level 1:colcon.colcon_core.package_discovery:discover_packages(recursive) discover
[4.403s] INFO:colcon.colcon_core.package_discovery:Crawling recursively for packages in '/home/deylahm/Desktop/ros2 (copy)'
[4.404s] Level 1:colcon.colcon_core.package_identification:_identify(.) by extensions ['ignore', 'ignore_ament_install']
[4.404s] Level 1:colcon.colcon_core.package_identification:_identify(.) by extension 'ignore'
[4.404s] Level 1:colcon.colcon_core.package_identification:_identify(.) by extension 'ignore_ament_install'
[4.404s] Level 1:colcon.colcon_core.package_identification:_identify(.) by extensions ['colcon_pkg']
[4.404s] Level 1:colcon.colcon_core.package_identification:_identify(.) by extension 'colcon_pkg'
[4.405s] Level 1:colcon.colcon_core.package_identification:_identify(.) by extensions ['colcon_meta']
[4.405s] Level 1:colcon.colcon_core.package_identification:_identify(.) by extension 'colcon_meta'
[4.405s] Level 1:colcon.colcon_core.package_identification:_identify(.) by extensions ['ros']
[4.409s] Level 1:colcon.colcon_core.package_identification:_identify(.) by extension 'ros'
[4.492s] Level 1:colcon.colcon_core.package_identification:_identify(.) by extensions ['cmake', 'python']
[4.492s] Level 1:colcon.colcon_core.package_identification:_identify(.) by extension 'cmake'
[4.493s] Level 1:colcon.colcon_core.package_identification:_identify(.) by extension 'python'
[4.493s] Level 1:colcon.colcon_core.package_identification:_identify(.) by extensions ['python_setup_py']
[4.501s] Level 1:colcon.colcon_core.package_identification:_identify(.) by extension 'python_setup_py'
[4.501s] Level 1:colcon.colcon_core.package_identification:_identify(build) by extensions ['ignore', 'ignore_ament_install']
[4.502s] Level 1:colcon.colcon_core.package_identification:_identify(build) by extension 'ignore'
[4.502s] Level 1:colcon.colcon_core.package_identification:_identify(build) ignored
[4.502s] Level 1:colcon.colcon_core.package_identification:_identify(install) by extensions ['ignore', 'ignore_ament_install']
[4.502s] Level 1:colcon.colcon_core.package_identification:_identify(install) by extension 'ignore'
[4.502s] Level 1:colcon.colcon_core.package_identification:_identify(install) ignored
[4.503s] Level 1:colcon.colcon_core.package_identification:_identify(log) by extensions ['ignore', 'ignore_ament_install']
[4.503s] Level 1:colcon.colcon_core.package_identification:_identify(log) by extension 'ignore'
[4.503s] Level 1:colcon.colcon_core.package_identification:_identify(log) ignored
[4.503s] Level 1:colcon.colcon_core.package_identification:_identify(src) by extensions ['ignore', 'ignore_ament_install']
[4.503s] Level 1:colcon.colcon_core.package_identification:_identify(src) by extension 'ignore'
[4.504s] Level 1:colcon.colcon_core.package_identification:_identify(src) by extension 'ignore_ament_install'
[4.504s] Level 1:colcon.colcon_core.package_identification:_identify(src) by extensions ['colcon_pkg']
[4.504s] Level 1:colcon.colcon_core.package_identification:_identify(src) by extension 'colcon_pkg'
[4.504s] Level 1:colcon.colcon_core.package_identification:_identify(src) by extensions ['colcon_meta']
[4.504s] Level 1:colcon.colcon_core.package_identification:_identify(src) by extension 'colcon_meta'
[4.504s] Level 1:colcon.colcon_core.package_identification:_identify(src) by extensions ['ros']
[4.504s] Level 1:colcon.colcon_core.package_identification:_identify(src) by extension 'ros'
[4.504s] Level 1:colcon.colcon_core.package_identification:_identify(src) by extensions ['cmake', 'python']
[4.505s] Level 1:colcon.colcon_core.package_identification:_identify(src) by extension 'cmake'
[4.505s] Level 1:colcon.colcon_core.package_identification:_identify(src) by extension 'python'
[4.509s] Level 1:colcon.colcon_core.package_identification:_identify(src) by extensions ['python_setup_py']
[4.509s] Level 1:colcon.colcon_core.package_identification:_identify(src) by extension 'python_setup_py'
[4.510s] Level 1:colcon.colcon_core.package_identification:_identify(src/holonomic_robot) by extensions ['ignore', 'ignore_ament_install']
[4.512s] Level 1:colcon.colcon_core.package_identification:_identify(src/holonomic_robot) by extension 'ignore'
[4.513s] Level 1:colcon.colcon_core.package_identification:_identify(src/holonomic_robot) by extension 'ignore_ament_install'
[4.513s] Level 1:colcon.colcon_core.package_identification:_identify(src/holonomic_robot) by extensions ['colcon_pkg']
[4.513s] Level 1:colcon.colcon_core.package_identification:_identify(src/holonomic_robot) by extension 'colcon_pkg'
[4.513s] Level 1:colcon.colcon_core.package_identification:_identify(src/holonomic_robot) by extensions ['colcon_meta']
[4.513s] Level 1:colcon.colcon_core.package_identification:_identify(src/holonomic_robot) by extension 'colcon_meta'
[4.513s] Level 1:colcon.colcon_core.package_identification:_identify(src/holonomic_robot) by extensions ['ros']
[4.514s] Level 1:colcon.colcon_core.package_identification:_identify(src/holonomic_robot) by extension 'ros'
[4.552s] DEBUG:colcon.colcon_core.package_identification:Package 'src/holonomic_robot' with type 'ros.ament_python' and name 'holonomic_robot'
[4.553s] Level 1:colcon.colcon_core.package_identification:_identify(src/occupancy_grid_demo) by extensions ['ignore', 'ignore_ament_install']
[4.554s] Level 1:colcon.colcon_core.package_identification:_identify(src/occupancy_grid_demo) by extension 'ignore'
[4.554s] Level 1:colcon.colcon_core.package_identification:_identify(src/occupancy_grid_demo) by extension 'ignore_ament_install'
[4.554s] Level 1:colcon.colcon_core.package_identification:_identify(src/occupancy_grid_demo) by extensions ['colcon_pkg']
[4.554s] Level 1:colcon.colcon_core.package_identification:_identify(src/occupancy_grid_demo) by extension 'colcon_pkg'
[4.554s] Level 1:colcon.colcon_core.package_identification:_identify(src/occupancy_grid_demo) by extensions ['colcon_meta']
[4.555s] Level 1:colcon.colcon_core.package_identification:_identify(src/occupancy_grid_demo) by extension 'colcon_meta'
[4.555s] Level 1:colcon.colcon_core.package_identification:_identify(src/occupancy_grid_demo) by extensions ['ros']
[4.555s] Level 1:colcon.colcon_core.package_identification:_identify(src/occupancy_grid_demo) by extension 'ros'
[4.556s] DEBUG:colcon.colcon_core.package_identification:Package 'src/occupancy_grid_demo' with type 'ros.ament_python' and name 'occupancy_grid_demo'
[4.557s] Level 1:colcon.colcon_core.package_discovery:discover_packages(recursive) using defaults
[4.557s] Level 1:colcon.colcon_core.package_discovery:discover_packages(ignore) discover
[4.563s] Level 1:colcon.colcon_core.package_discovery:discover_packages(ignore) using defaults
[4.563s] Level 1:colcon.colcon_core.package_discovery:discover_packages(path) discover
[4.563s] Level 1:colcon.colcon_core.package_discovery:discover_packages(path) using defaults
[4.693s] Level 1:colcon.colcon_core.package_discovery:discover_packages(prefix_path) check parameters
[4.694s] Level 1:colcon.colcon_core.package_discovery:discover_packages(prefix_path) discover
[4.719s] DEBUG:colcon.colcon_installed_package_information.package_discovery:Found 270 installed packages in /opt/ros/foxy
[4.738s] Level 1:colcon.colcon_core.package_discovery:discover_packages(prefix_path) using defaults
[5.435s] Level 5:colcon.colcon_core.verb:set package 'holonomic_robot' build argument 'cmake_args' from command line to 'None'
[5.435s] Level 5:colcon.colcon_core.verb:set package 'holonomic_robot' build argument 'cmake_target' from command line to 'None'
[5.436s] Level 5:colcon.colcon_core.verb:set package 'holonomic_robot' build argument 'cmake_target_skip_unavailable' from command line to 'False'
[5.436s] Level 5:colcon.colcon_core.verb:set package 'holonomic_robot' build argument 'cmake_clean_cache' from command line to 'False'
[5.436s] Level 5:colcon.colcon_core.verb:set package 'holonomic_robot' build argument 'cmake_clean_first' from command line to 'False'
[5.436s] Level 5:colcon.colcon_core.verb:set package 'holonomic_robot' build argument 'cmake_force_configure' from command line to 'False'
[5.436s] Level 5:colcon.colcon_core.verb:set package 'holonomic_robot' build argument 'ament_cmake_args' from command line to 'None'
[5.436s] Level 5:colcon.colcon_core.verb:set package 'holonomic_robot' build argument 'catkin_cmake_args' from command line to 'None'
[5.436s] Level 5:colcon.colcon_core.verb:set package 'holonomic_robot' build argument 'catkin_skip_building_tests' from command line to 'False'
[5.436s] DEBUG:colcon.colcon_core.verb:Building package 'holonomic_robot' with the following arguments: {'ament_cmake_args': None, 'build_base': '/home/deylahm/Desktop/ros2 (copy)/build/holonomic_robot', 'catkin_cmake_args': None, 'catkin_skip_building_tests': False, 'cmake_args': None, 'cmake_clean_cache': False, 'cmake_clean_first': False, 'cmake_force_configure': False, 'cmake_target': None, 'cmake_target_skip_unavailable': False, 'install_base': '/home/deylahm/Desktop/ros2 (copy)/install/holonomic_robot', 'merge_install': False, 'path': '/home/deylahm/Desktop/ros2 (copy)/src/holonomic_robot', 'symlink_install': False, 'test_result_base': None}
[5.437s] Level 5:colcon.colcon_core.verb:set package 'occupancy_grid_demo' build argument 'cmake_args' from command line to 'None'
[5.437s] Level 5:colcon.colcon_core.verb:set package 'occupancy_grid_demo' build argument 'cmake_target' from command line to 'None'
[5.437s] Level 5:colcon.colcon_core.verb:set package 'occupancy_grid_demo' build argument 'cmake_target_skip_unavailable' from command line to 'False'
[5.437s] Level 5:colcon.colcon_core.verb:set package 'occupancy_grid_demo' build argument 'cmake_clean_cache' from command line to 'False'
[5.437s] Level 5:colcon.colcon_core.verb:set package 'occupancy_grid_demo' build argument 'cmake_clean_first' from command line to 'False'
[5.437s] Level 5:colcon.colcon_core.verb:set package 'occupancy_grid_demo' build argument 'cmake_force_configure' from command line to 'False'
[5.437s] Level 5:colcon.colcon_core.verb:set package 'occupancy_grid_demo' build argument 'ament_cmake_args' from command line to 'None'
[5.438s] Level 5:colcon.colcon_core.verb:set package 'occupancy_grid_demo' build argument 'catkin_cmake_args' from command line to 'None'
[5.438s] Level 5:colcon.colcon_core.verb:set package 'occupancy_grid_demo' build argument 'catkin_skip_building_tests' from command line to 'False'
[5.438s] DEBUG:colcon.colcon_core.verb:Building package 'occupancy_grid_demo' with the following arguments: {'ament_cmake_args': None, 'build_base': '/home/deylahm/Desktop/ros2 (copy)/build/occupancy_grid_demo', 'catkin_cmake_args': None, 'catkin_skip_building_tests': False, 'cmake_args': None, 'cmake_clean_cache': False, 'cmake_clean_first': False, 'cmake_force_configure': False, 'cmake_target': None, 'cmake_target_skip_unavailable': False, 'install_base': '/home/deylahm/Desktop/ros2 (copy)/install/occupancy_grid_demo', 'merge_install': False, 'path': '/home/deylahm/Desktop/ros2 (copy)/src/occupancy_grid_demo', 'symlink_install': False, 'test_result_base': None}
[5.438s] INFO:colcon.colcon_core.executor:Executing jobs using 'parallel' executor
[5.440s] DEBUG:colcon.colcon_parallel_executor.executor.parallel:run_until_complete
[5.441s] INFO:colcon.colcon_ros.task.ament_python.build:Building ROS package in '/home/deylahm/Desktop/ros2 (copy)/src/holonomic_robot' with build type 'ament_python'
[5.441s] Level 1:colcon.colcon_core.shell:create_environment_hook('holonomic_robot', 'ament_prefix_path')
[5.456s] INFO:colcon.colcon_core.plugin_system:Skipping extension 'colcon_core.shell.bat': Not used on non-Windows systems
[5.457s] INFO:colcon.colcon_core.shell:Creating environment hook '/home/deylahm/Desktop/ros2 (copy)/install/holonomic_robot/share/holonomic_robot/hook/ament_prefix_path.ps1'
[5.460s] INFO:colcon.colcon_core.shell:Creating environment descriptor '/home/deylahm/Desktop/ros2 (copy)/install/holonomic_robot/share/holonomic_robot/hook/ament_prefix_path.dsv'
[5.462s] INFO:colcon.colcon_core.shell:Creating environment hook '/home/deylahm/Desktop/ros2 (copy)/install/holonomic_robot/share/holonomic_robot/hook/ament_prefix_path.sh'
[5.468s] INFO:colcon.colcon_core.shell:Skip shell extension 'powershell' for command environment: Not usable outside of PowerShell
[5.468s] DEBUG:colcon.colcon_core.shell:Skip shell extension 'dsv' for command environment
[6.873s] INFO:colcon.colcon_core.task.python.build:Building Python package in '/home/deylahm/Desktop/ros2 (copy)/src/holonomic_robot'
[6.875s] INFO:colcon.colcon_core.shell:Skip shell extension 'powershell' for command environment: Not usable outside of PowerShell
[6.875s] DEBUG:colcon.colcon_core.shell:Skip shell extension 'dsv' for command environment
[10.197s] DEBUG:colcon.colcon_core.event_handler.log_command:Invoking command in '/home/deylahm/Desktop/ros2 (copy)/src/holonomic_robot': PYTHONPATH=/home/deylahm/Desktop/ros2 (copy)/build/holonomic_robot/prefix_override:/usr/lib/python3/dist-packages/colcon_core/task/python/colcon_distutils_commands:/home/deylahm/Desktop/ros2 (copy)/install/holonomic_robot/lib/python3.8/site-packages:${PYTHONPATH} /usr/bin/python3 -W ignore:setup.py install is deprecated setup.py egg_info --egg-base ../../build/holonomic_robot build --build-base /home/deylahm/Desktop/ros2 (copy)/build/holonomic_robot/build install --record /home/deylahm/Desktop/ros2 (copy)/build/holonomic_robot/install.log --install-scripts $base/lib/holonomic_robot --single-version-externally-managed install_data
[12.663s] DEBUG:colcon.colcon_core.event_handler.log_command:Invoked command in '/home/deylahm/Desktop/ros2 (copy)/src/holonomic_robot' returned '0': PYTHONPATH=/home/deylahm/Desktop/ros2 (copy)/build/holonomic_robot/prefix_override:/usr/lib/python3/dist-packages/colcon_core/task/python/colcon_distutils_commands:/home/deylahm/Desktop/ros2 (copy)/install/holonomic_robot/lib/python3.8/site-packages:${PYTHONPATH} /usr/bin/python3 -W ignore:setup.py install is deprecated setup.py egg_info --egg-base ../../build/holonomic_robot build --build-base /home/deylahm/Desktop/ros2 (copy)/build/holonomic_robot/build install --record /home/deylahm/Desktop/ros2 (copy)/build/holonomic_robot/install.log --install-scripts $base/lib/holonomic_robot --single-version-externally-managed install_data
[12.705s] Level 1:colcon.colcon_core.environment:checking '/home/deylahm/Desktop/ros2 (copy)/install/holonomic_robot' for CMake module files
[12.710s] Level 1:colcon.colcon_core.environment:checking '/home/deylahm/Desktop/ros2 (copy)/install/holonomic_robot' for CMake config files
[12.712s] Level 1:colcon.colcon_core.environment:checking '/home/deylahm/Desktop/ros2 (copy)/install/holonomic_robot/lib'
[12.712s] Level 1:colcon.colcon_core.environment:checking '/home/deylahm/Desktop/ros2 (copy)/install/holonomic_robot/bin'
[12.712s] Level 1:colcon.colcon_core.environment:checking '/home/deylahm/Desktop/ros2 (copy)/install/holonomic_robot/lib/pkgconfig/holonomic_robot.pc'
[12.717s] Level 1:colcon.colcon_core.environment:checking '/home/deylahm/Desktop/ros2 (copy)/install/holonomic_robot/lib/python3.8/site-packages'
[12.718s] Level 1:colcon.colcon_core.shell:create_environment_hook('holonomic_robot', 'pythonpath')
[12.718s] INFO:colcon.colcon_core.shell:Creating environment hook '/home/deylahm/Desktop/ros2 (copy)/install/holonomic_robot/share/holonomic_robot/hook/pythonpath.ps1'
[12.719s] INFO:colcon.colcon_core.shell:Creating environment descriptor '/home/deylahm/Desktop/ros2 (copy)/install/holonomic_robot/share/holonomic_robot/hook/pythonpath.dsv'
[12.720s] INFO:colcon.colcon_core.shell:Creating environment hook '/home/deylahm/Desktop/ros2 (copy)/install/holonomic_robot/share/holonomic_robot/hook/pythonpath.sh'
[12.725s] Level 1:colcon.colcon_core.environment:checking '/home/deylahm/Desktop/ros2 (copy)/install/holonomic_robot/bin'
[12.726s] Level 1:colcon.colcon_core.environment:create_environment_scripts_only(holonomic_robot)
[12.727s] INFO:colcon.colcon_core.shell:Creating package script '/home/deylahm/Desktop/ros2 (copy)/install/holonomic_robot/share/holonomic_robot/package.ps1'
[12.736s] INFO:colcon.colcon_core.shell:Creating package descriptor '/home/deylahm/Desktop/ros2 (copy)/install/holonomic_robot/share/holonomic_robot/package.dsv'
[12.742s] INFO:colcon.colcon_core.shell:Creating package script '/home/deylahm/Desktop/ros2 (copy)/install/holonomic_robot/share/holonomic_robot/package.sh'
[12.752s] INFO:colcon.colcon_core.shell:Creating package script '/home/deylahm/Desktop/ros2 (copy)/install/holonomic_robot/share/holonomic_robot/package.bash'
[12.772s] INFO:colcon.colcon_core.shell:Creating package script '/home/deylahm/Desktop/ros2 (copy)/install/holonomic_robot/share/holonomic_robot/package.zsh'
[12.791s] Level 1:colcon.colcon_core.environment:create_file_with_runtime_dependencies(/home/deylahm/Desktop/ros2 (copy)/install/holonomic_robot/share/colcon-core/packages/holonomic_robot)
[12.814s] INFO:colcon.colcon_ros.task.ament_python.build:Building ROS package in '/home/deylahm/Desktop/ros2 (copy)/src/occupancy_grid_demo' with build type 'ament_python'
[12.845s] Level 1:colcon.colcon_core.shell:create_environment_hook('occupancy_grid_demo', 'ament_prefix_path')
[12.864s] INFO:colcon.colcon_core.shell:Creating environment hook '/home/deylahm/Desktop/ros2 (copy)/install/occupancy_grid_demo/share/occupancy_grid_demo/hook/ament_prefix_path.ps1'
[12.896s] INFO:colcon.colcon_core.shell:Creating environment descriptor '/home/deylahm/Desktop/ros2 (copy)/install/occupancy_grid_demo/share/occupancy_grid_demo/hook/ament_prefix_path.dsv'
[12.914s] INFO:colcon.colcon_core.shell:Creating environment hook '/home/deylahm/Desktop/ros2 (copy)/install/occupancy_grid_demo/share/occupancy_grid_demo/hook/ament_prefix_path.sh'
[12.925s] INFO:colcon.colcon_core.shell:Skip shell extension 'powershell' for command environment: Not usable outside of PowerShell
[12.936s] DEBUG:colcon.colcon_core.shell:Skip shell extension 'dsv' for command environment
[16.107s] INFO:colcon.colcon_core.task.python.build:Building Python package in '/home/deylahm/Desktop/ros2 (copy)/src/occupancy_grid_demo'
[16.124s] INFO:colcon.colcon_core.shell:Skip shell extension 'powershell' for command environment: Not usable outside of PowerShell
[16.125s] DEBUG:colcon.colcon_core.shell:Skip shell extension 'dsv' for command environment
[20.912s] DEBUG:colcon.colcon_core.event_handler.log_command:Invoking command in '/home/deylahm/Desktop/ros2 (copy)/src/occupancy_grid_demo': PYTHONPATH=/home/deylahm/Desktop/ros2 (copy)/build/occupancy_grid_demo/prefix_override:/usr/lib/python3/dist-packages/colcon_core/task/python/colcon_distutils_commands:/home/deylahm/Desktop/ros2 (copy)/install/occupancy_grid_demo/lib/python3.8/site-packages:${PYTHONPATH} /usr/bin/python3 -W ignore:setup.py install is deprecated setup.py egg_info --egg-base ../../build/occupancy_grid_demo build --build-base /home/deylahm/Desktop/ros2 (copy)/build/occupancy_grid_demo/build install --record /home/deylahm/Desktop/ros2 (copy)/build/occupancy_grid_demo/install.log --install-scripts $base/lib/occupancy_grid_demo --single-version-externally-managed install_data
[25.069s] Level 1:colcon.colcon_core.environment:checking '/home/deylahm/Desktop/ros2 (copy)/install/occupancy_grid_demo' for CMake module files
[25.075s] DEBUG:colcon.colcon_core.event_handler.log_command:Invoked command in '/home/deylahm/Desktop/ros2 (copy)/src/occupancy_grid_demo' returned '0': PYTHONPATH=/home/deylahm/Desktop/ros2 (copy)/build/occupancy_grid_demo/prefix_override:/usr/lib/python3/dist-packages/colcon_core/task/python/colcon_distutils_commands:/home/deylahm/Desktop/ros2 (copy)/install/occupancy_grid_demo/lib/python3.8/site-packages:${PYTHONPATH} /usr/bin/python3 -W ignore:setup.py install is deprecated setup.py egg_info --egg-base ../../build/occupancy_grid_demo build --build-base /home/deylahm/Desktop/ros2 (copy)/build/occupancy_grid_demo/build install --record /home/deylahm/Desktop/ros2 (copy)/build/occupancy_grid_demo/install.log --install-scripts $base/lib/occupancy_grid_demo --single-version-externally-managed install_data
[25.078s] Level 1:colcon.colcon_core.environment:checking '/home/deylahm/Desktop/ros2 (copy)/install/occupancy_grid_demo' for CMake config files
[25.093s] Level 1:colcon.colcon_core.environment:checking '/home/deylahm/Desktop/ros2 (copy)/install/occupancy_grid_demo/lib'
[25.093s] Level 1:colcon.colcon_core.environment:checking '/home/deylahm/Desktop/ros2 (copy)/install/occupancy_grid_demo/bin'
[25.094s] Level 1:colcon.colcon_core.environment:checking '/home/deylahm/Desktop/ros2 (copy)/install/occupancy_grid_demo/lib/pkgconfig/occupancy_grid_demo.pc'
[25.094s] Level 1:colcon.colcon_core.environment:checking '/home/deylahm/Desktop/ros2 (copy)/install/occupancy_grid_demo/lib/python3.8/site-packages'
[25.094s] Level 1:colcon.colcon_core.shell:create_environment_hook('occupancy_grid_demo', 'pythonpath')
[25.095s] INFO:colcon.colcon_core.shell:Creating environment hook '/home/deylahm/Desktop/ros2 (copy)/install/occupancy_grid_demo/share/occupancy_grid_demo/hook/pythonpath.ps1'
[25.106s] INFO:colcon.colcon_core.shell:Creating environment descriptor '/home/deylahm/Desktop/ros2 (copy)/install/occupancy_grid_demo/share/occupancy_grid_demo/hook/pythonpath.dsv'
[25.107s] INFO:colcon.colcon_core.shell:Creating environment hook '/home/deylahm/Desktop/ros2 (copy)/install/occupancy_grid_demo/share/occupancy_grid_demo/hook/pythonpath.sh'
[25.118s] Level 1:colcon.colcon_core.environment:checking '/home/deylahm/Desktop/ros2 (copy)/install/occupancy_grid_demo/bin'
[25.118s] Level 1:colcon.colcon_core.environment:create_environment_scripts_only(occupancy_grid_demo)
[25.119s] INFO:colcon.colcon_core.shell:Creating package script '/home/deylahm/Desktop/ros2 (copy)/install/occupancy_grid_demo/share/occupancy_grid_demo/package.ps1'
[25.131s] INFO:colcon.colcon_core.shell:Creating package descriptor '/home/deylahm/Desktop/ros2 (copy)/install/occupancy_grid_demo/share/occupancy_grid_demo/package.dsv'
[25.140s] INFO:colcon.colcon_core.shell:Creating package script '/home/deylahm/Desktop/ros2 (copy)/install/occupancy_grid_demo/share/occupancy_grid_demo/package.sh'
[25.146s] INFO:colcon.colcon_core.shell:Creating package script '/home/deylahm/Desktop/ros2 (copy)/install/occupancy_grid_demo/share/occupancy_grid_demo/package.bash'
[25.153s] INFO:colcon.colcon_core.shell:Creating package script '/home/deylahm/Desktop/ros2 (copy)/install/occupancy_grid_demo/share/occupancy_grid_demo/package.zsh'
[25.157s] Level 1:colcon.colcon_core.environment:create_file_with_runtime_dependencies(/home/deylahm/Desktop/ros2 (copy)/install/occupancy_grid_demo/share/colcon-core/packages/occupancy_grid_demo)
[25.159s] DEBUG:colcon.colcon_parallel_executor.executor.parallel:closing loop
[25.172s] DEBUG:colcon.colcon_parallel_executor.executor.parallel:loop closed
[25.172s] DEBUG:colcon.colcon_parallel_executor.executor.parallel:run_until_complete finished with '0'
[25.172s] DEBUG:colcon.colcon_core.event_reactor:joining thread
[25.264s] INFO:colcon.colcon_core.plugin_system:Skipping extension 'colcon_notification.desktop_notification.terminal_notifier': Not used on non-Darwin systems
[25.264s] INFO:colcon.colcon_core.plugin_system:Skipping extension 'colcon_notification.desktop_notification.win32': Not used on non-Windows systems
[25.264s] INFO:colcon.colcon_notification.desktop_notification:Sending desktop notification using 'notify2'
[25.439s] DEBUG:colcon.colcon_core.event_reactor:joined thread
[25.440s] INFO:colcon.colcon_core.shell:Creating prefix script '/home/deylahm/Desktop/ros2 (copy)/install/local_setup.ps1'
[25.449s] INFO:colcon.colcon_core.shell:Creating prefix util module '/home/deylahm/Desktop/ros2 (copy)/install/_local_setup_util_ps1.py'
[25.469s] INFO:colcon.colcon_core.shell:Creating prefix chain script '/home/deylahm/Desktop/ros2 (copy)/install/setup.ps1'
[25.478s] INFO:colcon.colcon_core.shell:Creating prefix script '/home/deylahm/Desktop/ros2 (copy)/install/local_setup.sh'
[25.490s] INFO:colcon.colcon_core.shell:Creating prefix util module '/home/deylahm/Desktop/ros2 (copy)/install/_local_setup_util_sh.py'
[25.491s] INFO:colcon.colcon_core.shell:Creating prefix chain script '/home/deylahm/Desktop/ros2 (copy)/install/setup.sh'
[25.509s] INFO:colcon.colcon_core.shell:Creating prefix script '/home/deylahm/Desktop/ros2 (copy)/install/local_setup.bash'
[25.521s] INFO:colcon.colcon_core.shell:Creating prefix chain script '/home/deylahm/Desktop/ros2 (copy)/install/setup.bash'
[25.535s] INFO:colcon.colcon_core.shell:Creating prefix script '/home/deylahm/Desktop/ros2 (copy)/install/local_setup.zsh'
[25.546s] INFO:colcon.colcon_core.shell:Creating prefix chain script '/home/deylahm/Desktop/ros2 (copy)/install/setup.zsh'
