[3.275s] DEBUG:colcon:Command line arguments: ['/usr/bin/colcon', 'build']
[3.276s] DEBUG:colcon:Parsed command line arguments: Namespace(allow_overriding=[], ament_cmake_args=None, base_paths=['.'], build_base='build', catkin_cmake_args=None, catkin_skip_building_tests=False, cmake_args=None, cmake_clean_cache=False, cmake_clean_first=False, cmake_force_configure=False, cmake_target=None, cmake_target_skip_unavailable=False, continue_on_error=False, event_handlers=None, executor='parallel', ignore_user_meta=False, install_base='install', log_base=None, log_level=None, main=<bound method BuildVerb.main of <colcon_core.verb.build.BuildVerb object at 0x7fd4dbf78bb0>>, merge_install=False, metas=['./colcon.meta'], mixin=None, mixin_files=None, mixin_verb=('build',), packages_above=None, packages_above_and_dependencies=None, packages_above_depth=None, packages_end=None, packages_ignore=None, packages_ignore_regex=None, packages_select=None, packages_select_build_failed=False, packages_select_by_dep=None, packages_select_regex=None, packages_select_test_failures=False, packages_skip=None, packages_skip_build_finished=False, packages_skip_by_dep=None, packages_skip_regex=None, packages_skip_test_passed=False, packages_skip_up_to=None, packages_start=None, packages_up_to=None, packages_up_to_regex=None, parallel_workers=1, paths=None, symlink_install=False, test_result_base=None, verb_extension=<colcon_core.verb.build.BuildVerb object at 0x7fd4dbf78bb0>, verb_name='build', verb_parser=<colcon_mixin.mixin.mixin_argument.MixinArgumentDecorator object at 0x7fd4dbe39ac0>)
[7.118s] Level 1:colcon.colcon_core.package_discovery:discover_packages(colcon_meta) check parameters
[7.119s] Level 1:colcon.colcon_core.package_discovery:discover_packages(recursive) check parameters
[7.119s] Level 1:colcon.colcon_core.package_discovery:discover_packages(ignore) check parameters
[7.119s] Level 1:colcon.colcon_core.package_discovery:discover_packages(path) check parameters
[7.119s] Level 1:colcon.colcon_core.package_discovery:discover_packages(colcon_meta) discover
[7.119s] Level 1:colcon.colcon_core.package_discovery:discover_packages(recursive) discover
[7.119s] INFO:colcon.colcon_core.package_discovery:Crawling recursively for packages in '/home/deylahm/Desktop/ros2'
[7.120s] Level 1:colcon.colcon_core.package_identification:_identify(.) by extensions ['ignore', 'ignore_ament_install']
[7.120s] Level 1:colcon.colcon_core.package_identification:_identify(.) by extension 'ignore'
[7.120s] Level 1:colcon.colcon_core.package_identification:_identify(.) by extension 'ignore_ament_install'
[7.131s] Level 1:colcon.colcon_core.package_identification:_identify(.) by extensions ['colcon_pkg']
[7.131s] Level 1:colcon.colcon_core.package_identification:_identify(.) by extension 'colcon_pkg'
[7.131s] Level 1:colcon.colcon_core.package_identification:_identify(.) by extensions ['colcon_meta']
[7.131s] Level 1:colcon.colcon_core.package_identification:_identify(.) by extension 'colcon_meta'
[7.131s] Level 1:colcon.colcon_core.package_identification:_identify(.) by extensions ['ros']
[7.131s] Level 1:colcon.colcon_core.package_identification:_identify(.) by extension 'ros'
[7.340s] Level 1:colcon.colcon_core.package_identification:_identify(.) by extensions ['cmake', 'python']
[7.340s] Level 1:colcon.colcon_core.package_identification:_identify(.) by extension 'cmake'
[7.340s] Level 1:colcon.colcon_core.package_identification:_identify(.) by extension 'python'
[7.349s] Level 1:colcon.colcon_core.package_identification:_identify(.) by extensions ['python_setup_py']
[7.349s] Level 1:colcon.colcon_core.package_identification:_identify(.) by extension 'python_setup_py'
[7.350s] Level 1:colcon.colcon_core.package_identification:_identify(build) by extensions ['ignore', 'ignore_ament_install']
[7.350s] Level 1:colcon.colcon_core.package_identification:_identify(build) by extension 'ignore'
[7.350s] Level 1:colcon.colcon_core.package_identification:_identify(build) ignored
[7.351s] Level 1:colcon.colcon_core.package_identification:_identify(install) by extensions ['ignore', 'ignore_ament_install']
[7.351s] Level 1:colcon.colcon_core.package_identification:_identify(install) by extension 'ignore'
[7.352s] Level 1:colcon.colcon_core.package_identification:_identify(install) ignored
[7.361s] Level 1:colcon.colcon_core.package_identification:_identify(log) by extensions ['ignore', 'ignore_ament_install']
[7.361s] Level 1:colcon.colcon_core.package_identification:_identify(log) by extension 'ignore'
[7.362s] Level 1:colcon.colcon_core.package_identification:_identify(log) ignored
[7.362s] Level 1:colcon.colcon_core.package_identification:_identify(src) by extensions ['ignore', 'ignore_ament_install']
[7.362s] Level 1:colcon.colcon_core.package_identification:_identify(src) by extension 'ignore'
[7.362s] Level 1:colcon.colcon_core.package_identification:_identify(src) by extension 'ignore_ament_install'
[7.363s] Level 1:colcon.colcon_core.package_identification:_identify(src) by extensions ['colcon_pkg']
[7.363s] Level 1:colcon.colcon_core.package_identification:_identify(src) by extension 'colcon_pkg'
[7.363s] Level 1:colcon.colcon_core.package_identification:_identify(src) by extensions ['colcon_meta']
[7.364s] Level 1:colcon.colcon_core.package_identification:_identify(src) by extension 'colcon_meta'
[7.364s] Level 1:colcon.colcon_core.package_identification:_identify(src) by extensions ['ros']
[7.364s] Level 1:colcon.colcon_core.package_identification:_identify(src) by extension 'ros'
[7.364s] Level 1:colcon.colcon_core.package_identification:_identify(src) by extensions ['cmake', 'python']
[7.374s] Level 1:colcon.colcon_core.package_identification:_identify(src) by extension 'cmake'
[7.375s] Level 1:colcon.colcon_core.package_identification:_identify(src) by extension 'python'
[7.375s] Level 1:colcon.colcon_core.package_identification:_identify(src) by extensions ['python_setup_py']
[7.375s] Level 1:colcon.colcon_core.package_identification:_identify(src) by extension 'python_setup_py'
[7.376s] Level 1:colcon.colcon_core.package_identification:_identify(src/occupancy_grid_demo) by extensions ['ignore', 'ignore_ament_install']
[7.376s] Level 1:colcon.colcon_core.package_identification:_identify(src/occupancy_grid_demo) by extension 'ignore'
[7.379s] Level 1:colcon.colcon_core.package_identification:_identify(src/occupancy_grid_demo) by extension 'ignore_ament_install'
[7.379s] Level 1:colcon.colcon_core.package_identification:_identify(src/occupancy_grid_demo) by extensions ['colcon_pkg']
[7.380s] Level 1:colcon.colcon_core.package_identification:_identify(src/occupancy_grid_demo) by extension 'colcon_pkg'
[7.380s] Level 1:colcon.colcon_core.package_identification:_identify(src/occupancy_grid_demo) by extensions ['colcon_meta']
[7.380s] Level 1:colcon.colcon_core.package_identification:_identify(src/occupancy_grid_demo) by extension 'colcon_meta'
[7.380s] Level 1:colcon.colcon_core.package_identification:_identify(src/occupancy_grid_demo) by extensions ['ros']
[7.380s] Level 1:colcon.colcon_core.package_identification:_identify(src/occupancy_grid_demo) by extension 'ros'
[7.412s] DEBUG:colcon.colcon_core.package_identification:Package 'src/occupancy_grid_demo' with type 'ros.ament_python' and name 'occupancy_grid_demo'
[7.421s] Level 1:colcon.colcon_core.package_discovery:discover_packages(recursive) using defaults
[7.421s] Level 1:colcon.colcon_core.package_discovery:discover_packages(ignore) discover
[7.421s] Level 1:colcon.colcon_core.package_discovery:discover_packages(ignore) using defaults
[7.421s] Level 1:colcon.colcon_core.package_discovery:discover_packages(path) discover
[7.421s] Level 1:colcon.colcon_core.package_discovery:discover_packages(path) using defaults
[7.753s] Level 1:colcon.colcon_core.package_discovery:discover_packages(prefix_path) check parameters
[7.753s] Level 1:colcon.colcon_core.package_discovery:discover_packages(prefix_path) discover
[7.796s] DEBUG:colcon.colcon_installed_package_information.package_discovery:Found 1 installed packages in /home/deylahm/Desktop/ros2/install
[7.827s] DEBUG:colcon.colcon_installed_package_information.package_discovery:Found 270 installed packages in /opt/ros/foxy
[7.856s] Level 1:colcon.colcon_core.package_discovery:discover_packages(prefix_path) using defaults
[9.402s] Level 5:colcon.colcon_core.verb:set package 'occupancy_grid_demo' build argument 'cmake_args' from command line to 'None'
[9.407s] Level 5:colcon.colcon_core.verb:set package 'occupancy_grid_demo' build argument 'cmake_target' from command line to 'None'
[9.407s] Level 5:colcon.colcon_core.verb:set package 'occupancy_grid_demo' build argument 'cmake_target_skip_unavailable' from command line to 'False'
[9.408s] Level 5:colcon.colcon_core.verb:set package 'occupancy_grid_demo' build argument 'cmake_clean_cache' from command line to 'False'
[9.408s] Level 5:colcon.colcon_core.verb:set package 'occupancy_grid_demo' build argument 'cmake_clean_first' from command line to 'False'
[9.408s] Level 5:colcon.colcon_core.verb:set package 'occupancy_grid_demo' build argument 'cmake_force_configure' from command line to 'False'
[9.408s] Level 5:colcon.colcon_core.verb:set package 'occupancy_grid_demo' build argument 'ament_cmake_args' from command line to 'None'
[9.408s] Level 5:colcon.colcon_core.verb:set package 'occupancy_grid_demo' build argument 'catkin_cmake_args' from command line to 'None'
[9.408s] Level 5:colcon.colcon_core.verb:set package 'occupancy_grid_demo' build argument 'catkin_skip_building_tests' from command line to 'False'
[9.412s] DEBUG:colcon.colcon_core.verb:Building package 'occupancy_grid_demo' with the following arguments: {'ament_cmake_args': None, 'build_base': '/home/deylahm/Desktop/ros2/build/occupancy_grid_demo', 'catkin_cmake_args': None, 'catkin_skip_building_tests': False, 'cmake_args': None, 'cmake_clean_cache': False, 'cmake_clean_first': False, 'cmake_force_configure': False, 'cmake_target': None, 'cmake_target_skip_unavailable': False, 'install_base': '/home/deylahm/Desktop/ros2/install/occupancy_grid_demo', 'merge_install': False, 'path': '/home/deylahm/Desktop/ros2/src/occupancy_grid_demo', 'symlink_install': False, 'test_result_base': None}
[9.413s] INFO:colcon.colcon_core.executor:Executing jobs using 'parallel' executor
[9.424s] DEBUG:colcon.colcon_parallel_executor.executor.parallel:run_until_complete
[9.429s] INFO:colcon.colcon_ros.task.ament_python.build:Building ROS package in '/home/deylahm/Desktop/ros2/src/occupancy_grid_demo' with build type 'ament_python'
[9.430s] Level 1:colcon.colcon_core.shell:create_environment_hook('occupancy_grid_demo', 'ament_prefix_path')
[9.478s] INFO:colcon.colcon_core.plugin_system:Skipping extension 'colcon_core.shell.bat': Not used on non-Windows systems
[9.479s] INFO:colcon.colcon_core.shell:Creating environment hook '/home/deylahm/Desktop/ros2/install/occupancy_grid_demo/share/occupancy_grid_demo/hook/ament_prefix_path.ps1'
[9.495s] INFO:colcon.colcon_core.shell:Creating environment descriptor '/home/deylahm/Desktop/ros2/install/occupancy_grid_demo/share/occupancy_grid_demo/hook/ament_prefix_path.dsv'
[9.513s] INFO:colcon.colcon_core.shell:Creating environment hook '/home/deylahm/Desktop/ros2/install/occupancy_grid_demo/share/occupancy_grid_demo/hook/ament_prefix_path.sh'
[9.526s] INFO:colcon.colcon_core.shell:Skip shell extension 'powershell' for command environment: Not usable outside of PowerShell
[9.540s] DEBUG:colcon.colcon_core.shell:Skip shell extension 'dsv' for command environment
[16.050s] INFO:colcon.colcon_core.task.python.build:Building Python package in '/home/deylahm/Desktop/ros2/src/occupancy_grid_demo'
[16.055s] INFO:colcon.colcon_core.shell:Skip shell extension 'powershell' for command environment: Not usable outside of PowerShell
[16.055s] DEBUG:colcon.colcon_core.shell:Skip shell extension 'dsv' for command environment
[27.364s] DEBUG:colcon.colcon_core.event_handler.log_command:Invoking command in '/home/deylahm/Desktop/ros2/src/occupancy_grid_demo': PYTHONPATH=/home/deylahm/Desktop/ros2/build/occupancy_grid_demo/prefix_override:/usr/lib/python3/dist-packages/colcon_core/task/python/colcon_distutils_commands:/home/deylahm/Desktop/ros2/install/occupancy_grid_demo/lib/python3.8/site-packages:${PYTHONPATH} /usr/bin/python3 -W ignore:setup.py install is deprecated setup.py egg_info --egg-base ../../build/occupancy_grid_demo build --build-base /home/deylahm/Desktop/ros2/build/occupancy_grid_demo/build install --record /home/deylahm/Desktop/ros2/build/occupancy_grid_demo/install.log --install-scripts $base/lib/occupancy_grid_demo --single-version-externally-managed install_data
[36.416s] DEBUG:colcon.colcon_core.event_handler.log_command:Invoked command in '/home/deylahm/Desktop/ros2/src/occupancy_grid_demo' returned '0': PYTHONPATH=/home/deylahm/Desktop/ros2/build/occupancy_grid_demo/prefix_override:/usr/lib/python3/dist-packages/colcon_core/task/python/colcon_distutils_commands:/home/deylahm/Desktop/ros2/install/occupancy_grid_demo/lib/python3.8/site-packages:${PYTHONPATH} /usr/bin/python3 -W ignore:setup.py install is deprecated setup.py egg_info --egg-base ../../build/occupancy_grid_demo build --build-base /home/deylahm/Desktop/ros2/build/occupancy_grid_demo/build install --record /home/deylahm/Desktop/ros2/build/occupancy_grid_demo/install.log --install-scripts $base/lib/occupancy_grid_demo --single-version-externally-managed install_data
[36.507s] Level 1:colcon.colcon_core.environment:checking '/home/deylahm/Desktop/ros2/install/occupancy_grid_demo' for CMake module files
[36.518s] Level 1:colcon.colcon_core.environment:checking '/home/deylahm/Desktop/ros2/install/occupancy_grid_demo' for CMake config files
[36.533s] Level 1:colcon.colcon_core.environment:checking '/home/deylahm/Desktop/ros2/install/occupancy_grid_demo/lib'
[36.534s] Level 1:colcon.colcon_core.environment:checking '/home/deylahm/Desktop/ros2/install/occupancy_grid_demo/bin'
[36.534s] Level 1:colcon.colcon_core.environment:checking '/home/deylahm/Desktop/ros2/install/occupancy_grid_demo/lib/pkgconfig/occupancy_grid_demo.pc'
[36.536s] Level 1:colcon.colcon_core.environment:checking '/home/deylahm/Desktop/ros2/install/occupancy_grid_demo/lib/python3.8/site-packages'
[36.536s] Level 1:colcon.colcon_core.shell:create_environment_hook('occupancy_grid_demo', 'pythonpath')
[36.549s] INFO:colcon.colcon_core.shell:Creating environment hook '/home/deylahm/Desktop/ros2/install/occupancy_grid_demo/share/occupancy_grid_demo/hook/pythonpath.ps1'
[36.575s] INFO:colcon.colcon_core.shell:Creating environment descriptor '/home/deylahm/Desktop/ros2/install/occupancy_grid_demo/share/occupancy_grid_demo/hook/pythonpath.dsv'
[36.581s] INFO:colcon.colcon_core.shell:Creating environment hook '/home/deylahm/Desktop/ros2/install/occupancy_grid_demo/share/occupancy_grid_demo/hook/pythonpath.sh'
[36.593s] Level 1:colcon.colcon_core.environment:checking '/home/deylahm/Desktop/ros2/install/occupancy_grid_demo/bin'
[36.594s] Level 1:colcon.colcon_core.environment:create_environment_scripts_only(occupancy_grid_demo)
[36.601s] INFO:colcon.colcon_core.shell:Creating package script '/home/deylahm/Desktop/ros2/install/occupancy_grid_demo/share/occupancy_grid_demo/package.ps1'
[36.617s] INFO:colcon.colcon_core.shell:Creating package descriptor '/home/deylahm/Desktop/ros2/install/occupancy_grid_demo/share/occupancy_grid_demo/package.dsv'
[36.645s] INFO:colcon.colcon_core.shell:Creating package script '/home/deylahm/Desktop/ros2/install/occupancy_grid_demo/share/occupancy_grid_demo/package.sh'
[36.661s] INFO:colcon.colcon_core.shell:Creating package script '/home/deylahm/Desktop/ros2/install/occupancy_grid_demo/share/occupancy_grid_demo/package.bash'
[36.693s] INFO:colcon.colcon_core.shell:Creating package script '/home/deylahm/Desktop/ros2/install/occupancy_grid_demo/share/occupancy_grid_demo/package.zsh'
[36.712s] Level 1:colcon.colcon_core.environment:create_file_with_runtime_dependencies(/home/deylahm/Desktop/ros2/install/occupancy_grid_demo/share/colcon-core/packages/occupancy_grid_demo)
[36.723s] DEBUG:colcon.colcon_parallel_executor.executor.parallel:closing loop
[36.728s] DEBUG:colcon.colcon_parallel_executor.executor.parallel:loop closed
[36.728s] DEBUG:colcon.colcon_parallel_executor.executor.parallel:run_until_complete finished with '0'
[36.734s] DEBUG:colcon.colcon_core.event_reactor:joining thread
[36.999s] INFO:colcon.colcon_core.plugin_system:Skipping extension 'colcon_notification.desktop_notification.terminal_notifier': Not used on non-Darwin systems
[36.999s] INFO:colcon.colcon_core.plugin_system:Skipping extension 'colcon_notification.desktop_notification.win32': Not used on non-Windows systems
[37.000s] INFO:colcon.colcon_notification.desktop_notification:Sending desktop notification using 'notify2'
[38.018s] DEBUG:colcon.colcon_core.event_reactor:joined thread
[38.019s] INFO:colcon.colcon_core.shell:Creating prefix script '/home/deylahm/Desktop/ros2/install/local_setup.ps1'
[38.053s] INFO:colcon.colcon_core.shell:Creating prefix util module '/home/deylahm/Desktop/ros2/install/_local_setup_util_ps1.py'
[38.097s] INFO:colcon.colcon_core.shell:Creating prefix chain script '/home/deylahm/Desktop/ros2/install/setup.ps1'
[38.160s] INFO:colcon.colcon_core.shell:Creating prefix script '/home/deylahm/Desktop/ros2/install/local_setup.sh'
[38.181s] INFO:colcon.colcon_core.shell:Creating prefix util module '/home/deylahm/Desktop/ros2/install/_local_setup_util_sh.py'
[38.201s] INFO:colcon.colcon_core.shell:Creating prefix chain script '/home/deylahm/Desktop/ros2/install/setup.sh'
[38.310s] INFO:colcon.colcon_core.shell:Creating prefix script '/home/deylahm/Desktop/ros2/install/local_setup.bash'
[38.325s] INFO:colcon.colcon_core.shell:Creating prefix chain script '/home/deylahm/Desktop/ros2/install/setup.bash'
[38.354s] INFO:colcon.colcon_core.shell:Creating prefix script '/home/deylahm/Desktop/ros2/install/local_setup.zsh'
[38.373s] INFO:colcon.colcon_core.shell:Creating prefix chain script '/home/deylahm/Desktop/ros2/install/setup.zsh'
