[0.928s] DEBUG:colcon:Command line arguments: ['/usr/bin/colcon', 'build']
[0.928s] DEBUG:colcon:Parsed command line arguments: Namespace(allow_overriding=[], ament_cmake_args=None, base_paths=['.'], build_base='build', catkin_cmake_args=None, catkin_skip_building_tests=False, cmake_args=None, cmake_clean_cache=False, cmake_clean_first=False, cmake_force_configure=False, cmake_target=None, cmake_target_skip_unavailable=False, continue_on_error=False, event_handlers=None, executor='parallel', ignore_user_meta=False, install_base='install', log_base=None, log_level=None, main=<bound method BuildVerb.main of <colcon_core.verb.build.BuildVerb object at 0x7ff15c656a90>>, merge_install=False, metas=['./colcon.meta'], mixin=None, mixin_files=None, mixin_verb=('build',), packages_above=None, packages_above_and_dependencies=None, packages_above_depth=None, packages_end=None, packages_ignore=None, packages_ignore_regex=None, packages_select=None, packages_select_build_failed=False, packages_select_by_dep=None, packages_select_regex=None, packages_select_test_failures=False, packages_skip=None, packages_skip_build_finished=False, packages_skip_by_dep=None, packages_skip_regex=None, packages_skip_test_passed=False, packages_skip_up_to=None, packages_start=None, packages_up_to=None, packages_up_to_regex=None, parallel_workers=1, paths=None, symlink_install=False, test_result_base=None, verb_extension=<colcon_core.verb.build.BuildVerb object at 0x7ff15c656a90>, verb_name='build', verb_parser=<colcon_mixin.mixin.mixin_argument.MixinArgumentDecorator object at 0x7ff15c5199a0>)
[2.455s] Level 1:colcon.colcon_core.package_discovery:discover_packages(colcon_meta) check parameters
[2.455s] Level 1:colcon.colcon_core.package_discovery:discover_packages(recursive) check parameters
[2.455s] Level 1:colcon.colcon_core.package_discovery:discover_packages(ignore) check parameters
[2.455s] Level 1:colcon.colcon_core.package_discovery:discover_packages(path) check parameters
[2.455s] Level 1:colcon.colcon_core.package_discovery:discover_packages(colcon_meta) discover
[2.456s] Level 1:colcon.colcon_core.package_discovery:discover_packages(recursive) discover
[2.456s] INFO:colcon.colcon_core.package_discovery:Crawling recursively for packages in '/home/deylahm/Desktop/ros2 (copy)'
[2.456s] Level 1:colcon.colcon_core.package_identification:_identify(.) by extensions ['ignore', 'ignore_ament_install']
[2.456s] Level 1:colcon.colcon_core.package_identification:_identify(.) by extension 'ignore'
[2.456s] Level 1:colcon.colcon_core.package_identification:_identify(.) by extension 'ignore_ament_install'
[2.456s] Level 1:colcon.colcon_core.package_identification:_identify(.) by extensions ['colcon_pkg']
[2.456s] Level 1:colcon.colcon_core.package_identification:_identify(.) by extension 'colcon_pkg'
[2.457s] Level 1:colcon.colcon_core.package_identification:_identify(.) by extensions ['colcon_meta']
[2.457s] Level 1:colcon.colcon_core.package_identification:_identify(.) by extension 'colcon_meta'
[2.457s] Level 1:colcon.colcon_core.package_identification:_identify(.) by extensions ['ros']
[2.461s] Level 1:colcon.colcon_core.package_identification:_identify(.) by extension 'ros'
[2.562s] Level 1:colcon.colcon_core.package_identification:_identify(.) by extensions ['cmake', 'python']
[2.562s] Level 1:colcon.colcon_core.package_identification:_identify(.) by extension 'cmake'
[2.562s] Level 1:colcon.colcon_core.package_identification:_identify(.) by extension 'python'
[2.562s] Level 1:colcon.colcon_core.package_identification:_identify(.) by extensions ['python_setup_py']
[2.562s] Level 1:colcon.colcon_core.package_identification:_identify(.) by extension 'python_setup_py'
[2.563s] Level 1:colcon.colcon_core.package_identification:_identify(build) by extensions ['ignore', 'ignore_ament_install']
[2.563s] Level 1:colcon.colcon_core.package_identification:_identify(build) by extension 'ignore'
[2.563s] Level 1:colcon.colcon_core.package_identification:_identify(build) ignored
[2.563s] Level 1:colcon.colcon_core.package_identification:_identify(install) by extensions ['ignore', 'ignore_ament_install']
[2.564s] Level 1:colcon.colcon_core.package_identification:_identify(install) by extension 'ignore'
[2.564s] Level 1:colcon.colcon_core.package_identification:_identify(install) ignored
[2.564s] Level 1:colcon.colcon_core.package_identification:_identify(log) by extensions ['ignore', 'ignore_ament_install']
[2.564s] Level 1:colcon.colcon_core.package_identification:_identify(log) by extension 'ignore'
[2.564s] Level 1:colcon.colcon_core.package_identification:_identify(log) ignored
[2.565s] Level 1:colcon.colcon_core.package_identification:_identify(src) by extensions ['ignore', 'ignore_ament_install']
[2.565s] Level 1:colcon.colcon_core.package_identification:_identify(src) by extension 'ignore'
[2.566s] Level 1:colcon.colcon_core.package_identification:_identify(src) by extension 'ignore_ament_install'
[2.566s] Level 1:colcon.colcon_core.package_identification:_identify(src) by extensions ['colcon_pkg']
[2.566s] Level 1:colcon.colcon_core.package_identification:_identify(src) by extension 'colcon_pkg'
[2.566s] Level 1:colcon.colcon_core.package_identification:_identify(src) by extensions ['colcon_meta']
[2.566s] Level 1:colcon.colcon_core.package_identification:_identify(src) by extension 'colcon_meta'
[2.567s] Level 1:colcon.colcon_core.package_identification:_identify(src) by extensions ['ros']
[2.567s] Level 1:colcon.colcon_core.package_identification:_identify(src) by extension 'ros'
[2.567s] Level 1:colcon.colcon_core.package_identification:_identify(src) by extensions ['cmake', 'python']
[2.567s] Level 1:colcon.colcon_core.package_identification:_identify(src) by extension 'cmake'
[2.567s] Level 1:colcon.colcon_core.package_identification:_identify(src) by extension 'python'
[2.576s] Level 1:colcon.colcon_core.package_identification:_identify(src) by extensions ['python_setup_py']
[2.576s] Level 1:colcon.colcon_core.package_identification:_identify(src) by extension 'python_setup_py'
[2.576s] Level 1:colcon.colcon_core.package_identification:_identify(src/holonomic_robot) by extensions ['ignore', 'ignore_ament_install']
[2.577s] Level 1:colcon.colcon_core.package_identification:_identify(src/holonomic_robot) by extension 'ignore'
[2.578s] Level 1:colcon.colcon_core.package_identification:_identify(src/holonomic_robot) by extension 'ignore_ament_install'
[2.578s] Level 1:colcon.colcon_core.package_identification:_identify(src/holonomic_robot) by extensions ['colcon_pkg']
[2.578s] Level 1:colcon.colcon_core.package_identification:_identify(src/holonomic_robot) by extension 'colcon_pkg'
[2.579s] Level 1:colcon.colcon_core.package_identification:_identify(src/holonomic_robot) by extensions ['colcon_meta']
[2.579s] Level 1:colcon.colcon_core.package_identification:_identify(src/holonomic_robot) by extension 'colcon_meta'
[2.579s] Level 1:colcon.colcon_core.package_identification:_identify(src/holonomic_robot) by extensions ['ros']
[2.579s] Level 1:colcon.colcon_core.package_identification:_identify(src/holonomic_robot) by extension 'ros'
[2.594s] DEBUG:colcon.colcon_core.package_identification:Package 'src/holonomic_robot' with type 'ros.ament_python' and name 'holonomic_robot'
[2.595s] Level 1:colcon.colcon_core.package_identification:_identify(src/occupancy_grid_demo) by extensions ['ignore', 'ignore_ament_install']
[2.595s] Level 1:colcon.colcon_core.package_identification:_identify(src/occupancy_grid_demo) by extension 'ignore'
[2.595s] Level 1:colcon.colcon_core.package_identification:_identify(src/occupancy_grid_demo) by extension 'ignore_ament_install'
[2.595s] Level 1:colcon.colcon_core.package_identification:_identify(src/occupancy_grid_demo) by extensions ['colcon_pkg']
[2.595s] Level 1:colcon.colcon_core.package_identification:_identify(src/occupancy_grid_demo) by extension 'colcon_pkg'
[2.596s] Level 1:colcon.colcon_core.package_identification:_identify(src/occupancy_grid_demo) by extensions ['colcon_meta']
[2.596s] Level 1:colcon.colcon_core.package_identification:_identify(src/occupancy_grid_demo) by extension 'colcon_meta'
[2.596s] Level 1:colcon.colcon_core.package_identification:_identify(src/occupancy_grid_demo) by extensions ['ros']
[2.596s] Level 1:colcon.colcon_core.package_identification:_identify(src/occupancy_grid_demo) by extension 'ros'
[2.598s] DEBUG:colcon.colcon_core.package_identification:Package 'src/occupancy_grid_demo' with type 'ros.ament_python' and name 'occupancy_grid_demo'
[2.598s] Level 1:colcon.colcon_core.package_discovery:discover_packages(recursive) using defaults
[2.599s] Level 1:colcon.colcon_core.package_discovery:discover_packages(ignore) discover
[2.599s] Level 1:colcon.colcon_core.package_discovery:discover_packages(ignore) using defaults
[2.599s] Level 1:colcon.colcon_core.package_discovery:discover_packages(path) discover
[2.599s] Level 1:colcon.colcon_core.package_discovery:discover_packages(path) using defaults
[2.735s] Level 1:colcon.colcon_core.package_discovery:discover_packages(prefix_path) check parameters
[2.735s] Level 1:colcon.colcon_core.package_discovery:discover_packages(prefix_path) discover
[2.747s] DEBUG:colcon.colcon_installed_package_information.package_discovery:Found 2 installed packages in /home/deylahm/Desktop/ros2 (copy)/install
[2.759s] DEBUG:colcon.colcon_installed_package_information.package_discovery:Found 270 installed packages in /opt/ros/foxy
[2.773s] Level 1:colcon.colcon_core.package_discovery:discover_packages(prefix_path) using defaults
[3.558s] Level 5:colcon.colcon_core.verb:set package 'holonomic_robot' build argument 'cmake_args' from command line to 'None'
[3.558s] Level 5:colcon.colcon_core.verb:set package 'holonomic_robot' build argument 'cmake_target' from command line to 'None'
[3.558s] Level 5:colcon.colcon_core.verb:set package 'holonomic_robot' build argument 'cmake_target_skip_unavailable' from command line to 'False'
[3.558s] Level 5:colcon.colcon_core.verb:set package 'holonomic_robot' build argument 'cmake_clean_cache' from command line to 'False'
[3.559s] Level 5:colcon.colcon_core.verb:set package 'holonomic_robot' build argument 'cmake_clean_first' from command line to 'False'
[3.559s] Level 5:colcon.colcon_core.verb:set package 'holonomic_robot' build argument 'cmake_force_configure' from command line to 'False'
[3.559s] Level 5:colcon.colcon_core.verb:set package 'holonomic_robot' build argument 'ament_cmake_args' from command line to 'None'
[3.559s] Level 5:colcon.colcon_core.verb:set package 'holonomic_robot' build argument 'catkin_cmake_args' from command line to 'None'
[3.559s] Level 5:colcon.colcon_core.verb:set package 'holonomic_robot' build argument 'catkin_skip_building_tests' from command line to 'False'
[3.559s] DEBUG:colcon.colcon_core.verb:Building package 'holonomic_robot' with the following arguments: {'ament_cmake_args': None, 'build_base': '/home/deylahm/Desktop/ros2 (copy)/build/holonomic_robot', 'catkin_cmake_args': None, 'catkin_skip_building_tests': False, 'cmake_args': None, 'cmake_clean_cache': False, 'cmake_clean_first': False, 'cmake_force_configure': False, 'cmake_target': None, 'cmake_target_skip_unavailable': False, 'install_base': '/home/deylahm/Desktop/ros2 (copy)/install/holonomic_robot', 'merge_install': False, 'path': '/home/deylahm/Desktop/ros2 (copy)/src/holonomic_robot', 'symlink_install': False, 'test_result_base': None}
[3.560s] Level 5:colcon.colcon_core.verb:set package 'occupancy_grid_demo' build argument 'cmake_args' from command line to 'None'
[3.560s] Level 5:colcon.colcon_core.verb:set package 'occupancy_grid_demo' build argument 'cmake_target' from command line to 'None'
[3.560s] Level 5:colcon.colcon_core.verb:set package 'occupancy_grid_demo' build argument 'cmake_target_skip_unavailable' from command line to 'False'
[3.561s] Level 5:colcon.colcon_core.verb:set package 'occupancy_grid_demo' build argument 'cmake_clean_cache' from command line to 'False'
[3.561s] Level 5:colcon.colcon_core.verb:set package 'occupancy_grid_demo' build argument 'cmake_clean_first' from command line to 'False'
[3.561s] Level 5:colcon.colcon_core.verb:set package 'occupancy_grid_demo' build argument 'cmake_force_configure' from command line to 'False'
[3.561s] Level 5:colcon.colcon_core.verb:set package 'occupancy_grid_demo' build argument 'ament_cmake_args' from command line to 'None'
[3.561s] Level 5:colcon.colcon_core.verb:set package 'occupancy_grid_demo' build argument 'catkin_cmake_args' from command line to 'None'
[3.561s] Level 5:colcon.colcon_core.verb:set package 'occupancy_grid_demo' build argument 'catkin_skip_building_tests' from command line to 'False'
[3.561s] DEBUG:colcon.colcon_core.verb:Building package 'occupancy_grid_demo' with the following arguments: {'ament_cmake_args': None, 'build_base': '/home/deylahm/Desktop/ros2 (copy)/build/occupancy_grid_demo', 'catkin_cmake_args': None, 'catkin_skip_building_tests': False, 'cmake_args': None, 'cmake_clean_cache': False, 'cmake_clean_first': False, 'cmake_force_configure': False, 'cmake_target': None, 'cmake_target_skip_unavailable': False, 'install_base': '/home/deylahm/Desktop/ros2 (copy)/install/occupancy_grid_demo', 'merge_install': False, 'path': '/home/deylahm/Desktop/ros2 (copy)/src/occupancy_grid_demo', 'symlink_install': False, 'test_result_base': None}
[3.562s] INFO:colcon.colcon_core.executor:Executing jobs using 'parallel' executor
[3.564s] DEBUG:colcon.colcon_parallel_executor.executor.parallel:run_until_complete
[3.564s] INFO:colcon.colcon_ros.task.ament_python.build:Building ROS package in '/home/deylahm/Desktop/ros2 (copy)/src/holonomic_robot' with build type 'ament_python'
[3.565s] Level 1:colcon.colcon_core.shell:create_environment_hook('holonomic_robot', 'ament_prefix_path')
[3.574s] INFO:colcon.colcon_core.plugin_system:Skipping extension 'colcon_core.shell.bat': Not used on non-Windows systems
[3.575s] INFO:colcon.colcon_core.shell:Creating environment hook '/home/deylahm/Desktop/ros2 (copy)/install/holonomic_robot/share/holonomic_robot/hook/ament_prefix_path.ps1'
[3.576s] INFO:colcon.colcon_core.shell:Creating environment descriptor '/home/deylahm/Desktop/ros2 (copy)/install/holonomic_robot/share/holonomic_robot/hook/ament_prefix_path.dsv'
[3.578s] INFO:colcon.colcon_core.shell:Creating environment hook '/home/deylahm/Desktop/ros2 (copy)/install/holonomic_robot/share/holonomic_robot/hook/ament_prefix_path.sh'
[3.582s] INFO:colcon.colcon_core.shell:Skip shell extension 'powershell' for command environment: Not usable outside of PowerShell
[3.583s] DEBUG:colcon.colcon_core.shell:Skip shell extension 'dsv' for command environment
[5.391s] INFO:colcon.colcon_core.task.python.build:Building Python package in '/home/deylahm/Desktop/ros2 (copy)/src/holonomic_robot'
[5.395s] INFO:colcon.colcon_core.shell:Skip shell extension 'powershell' for command environment: Not usable outside of PowerShell
[5.395s] DEBUG:colcon.colcon_core.shell:Skip shell extension 'dsv' for command environment
[8.646s] DEBUG:colcon.colcon_core.event_handler.log_command:Invoking command in '/home/deylahm/Desktop/ros2 (copy)/src/holonomic_robot': PYTHONPATH=/home/deylahm/Desktop/ros2 (copy)/build/holonomic_robot/prefix_override:/usr/lib/python3/dist-packages/colcon_core/task/python/colcon_distutils_commands:/home/deylahm/Desktop/ros2 (copy)/install/holonomic_robot/lib/python3.8/site-packages:${PYTHONPATH} /usr/bin/python3 -W ignore:setup.py install is deprecated setup.py egg_info --egg-base ../../build/holonomic_robot build --build-base /home/deylahm/Desktop/ros2 (copy)/build/holonomic_robot/build install --record /home/deylahm/Desktop/ros2 (copy)/build/holonomic_robot/install.log --install-scripts $base/lib/holonomic_robot --single-version-externally-managed install_data
[11.166s] DEBUG:colcon.colcon_core.event_handler.log_command:Invoked command in '/home/deylahm/Desktop/ros2 (copy)/src/holonomic_robot' returned '0': PYTHONPATH=/home/deylahm/Desktop/ros2 (copy)/build/holonomic_robot/prefix_override:/usr/lib/python3/dist-packages/colcon_core/task/python/colcon_distutils_commands:/home/deylahm/Desktop/ros2 (copy)/install/holonomic_robot/lib/python3.8/site-packages:${PYTHONPATH} /usr/bin/python3 -W ignore:setup.py install is deprecated setup.py egg_info --egg-base ../../build/holonomic_robot build --build-base /home/deylahm/Desktop/ros2 (copy)/build/holonomic_robot/build install --record /home/deylahm/Desktop/ros2 (copy)/build/holonomic_robot/install.log --install-scripts $base/lib/holonomic_robot --single-version-externally-managed install_data
[11.179s] Level 1:colcon.colcon_core.environment:checking '/home/deylahm/Desktop/ros2 (copy)/install/holonomic_robot' for CMake module files
[11.181s] Level 1:colcon.colcon_core.environment:checking '/home/deylahm/Desktop/ros2 (copy)/install/holonomic_robot' for CMake config files
[11.197s] Level 1:colcon.colcon_core.environment:checking '/home/deylahm/Desktop/ros2 (copy)/install/holonomic_robot/lib'
[11.198s] Level 1:colcon.colcon_core.environment:checking '/home/deylahm/Desktop/ros2 (copy)/install/holonomic_robot/bin'
[11.198s] Level 1:colcon.colcon_core.environment:checking '/home/deylahm/Desktop/ros2 (copy)/install/holonomic_robot/lib/pkgconfig/holonomic_robot.pc'
[11.199s] Level 1:colcon.colcon_core.environment:checking '/home/deylahm/Desktop/ros2 (copy)/install/holonomic_robot/lib/python3.8/site-packages'
[11.199s] Level 1:colcon.colcon_core.shell:create_environment_hook('holonomic_robot', 'pythonpath')
[11.199s] INFO:colcon.colcon_core.shell:Creating environment hook '/home/deylahm/Desktop/ros2 (copy)/install/holonomic_robot/share/holonomic_robot/hook/pythonpath.ps1'
[11.201s] INFO:colcon.colcon_core.shell:Creating environment descriptor '/home/deylahm/Desktop/ros2 (copy)/install/holonomic_robot/share/holonomic_robot/hook/pythonpath.dsv'
[11.209s] INFO:colcon.colcon_core.shell:Creating environment hook '/home/deylahm/Desktop/ros2 (copy)/install/holonomic_robot/share/holonomic_robot/hook/pythonpath.sh'
[11.211s] Level 1:colcon.colcon_core.environment:checking '/home/deylahm/Desktop/ros2 (copy)/install/holonomic_robot/bin'
[11.211s] Level 1:colcon.colcon_core.environment:create_environment_scripts_only(holonomic_robot)
[11.212s] INFO:colcon.colcon_core.shell:Creating package script '/home/deylahm/Desktop/ros2 (copy)/install/holonomic_robot/share/holonomic_robot/package.ps1'
[11.234s] INFO:colcon.colcon_core.shell:Creating package descriptor '/home/deylahm/Desktop/ros2 (copy)/install/holonomic_robot/share/holonomic_robot/package.dsv'
[11.236s] INFO:colcon.colcon_core.shell:Creating package script '/home/deylahm/Desktop/ros2 (copy)/install/holonomic_robot/share/holonomic_robot/package.sh'
[11.248s] INFO:colcon.colcon_core.shell:Creating package script '/home/deylahm/Desktop/ros2 (copy)/install/holonomic_robot/share/holonomic_robot/package.bash'
[11.253s] INFO:colcon.colcon_core.shell:Creating package script '/home/deylahm/Desktop/ros2 (copy)/install/holonomic_robot/share/holonomic_robot/package.zsh'
[11.261s] Level 1:colcon.colcon_core.environment:create_file_with_runtime_dependencies(/home/deylahm/Desktop/ros2 (copy)/install/holonomic_robot/share/colcon-core/packages/holonomic_robot)
[11.264s] INFO:colcon.colcon_ros.task.ament_python.build:Building ROS package in '/home/deylahm/Desktop/ros2 (copy)/src/occupancy_grid_demo' with build type 'ament_python'
[11.265s] Level 1:colcon.colcon_core.shell:create_environment_hook('occupancy_grid_demo', 'ament_prefix_path')
[11.266s] INFO:colcon.colcon_core.shell:Creating environment hook '/home/deylahm/Desktop/ros2 (copy)/install/occupancy_grid_demo/share/occupancy_grid_demo/hook/ament_prefix_path.ps1'
[11.298s] INFO:colcon.colcon_core.shell:Creating environment descriptor '/home/deylahm/Desktop/ros2 (copy)/install/occupancy_grid_demo/share/occupancy_grid_demo/hook/ament_prefix_path.dsv'
[11.299s] INFO:colcon.colcon_core.shell:Creating environment hook '/home/deylahm/Desktop/ros2 (copy)/install/occupancy_grid_demo/share/occupancy_grid_demo/hook/ament_prefix_path.sh'
[11.309s] INFO:colcon.colcon_core.shell:Skip shell extension 'powershell' for command environment: Not usable outside of PowerShell
[11.309s] DEBUG:colcon.colcon_core.shell:Skip shell extension 'dsv' for command environment
[14.773s] INFO:colcon.colcon_core.task.python.build:Building Python package in '/home/deylahm/Desktop/ros2 (copy)/src/occupancy_grid_demo'
[14.778s] INFO:colcon.colcon_core.shell:Skip shell extension 'powershell' for command environment: Not usable outside of PowerShell
[14.778s] DEBUG:colcon.colcon_core.shell:Skip shell extension 'dsv' for command environment
[20.303s] DEBUG:colcon.colcon_core.event_handler.log_command:Invoking command in '/home/deylahm/Desktop/ros2 (copy)/src/occupancy_grid_demo': PYTHONPATH=/home/deylahm/Desktop/ros2 (copy)/build/occupancy_grid_demo/prefix_override:/usr/lib/python3/dist-packages/colcon_core/task/python/colcon_distutils_commands:/home/deylahm/Desktop/ros2 (copy)/install/occupancy_grid_demo/lib/python3.8/site-packages:${PYTHONPATH} /usr/bin/python3 -W ignore:setup.py install is deprecated setup.py egg_info --egg-base ../../build/occupancy_grid_demo build --build-base /home/deylahm/Desktop/ros2 (copy)/build/occupancy_grid_demo/build install --record /home/deylahm/Desktop/ros2 (copy)/build/occupancy_grid_demo/install.log --install-scripts $base/lib/occupancy_grid_demo --single-version-externally-managed install_data
[24.899s] Level 1:colcon.colcon_core.environment:checking '/home/deylahm/Desktop/ros2 (copy)/install/occupancy_grid_demo' for CMake module files
[24.915s] Level 1:colcon.colcon_core.environment:checking '/home/deylahm/Desktop/ros2 (copy)/install/occupancy_grid_demo' for CMake config files
[24.916s] Level 1:colcon.colcon_core.environment:checking '/home/deylahm/Desktop/ros2 (copy)/install/occupancy_grid_demo/lib'
[24.916s] Level 1:colcon.colcon_core.environment:checking '/home/deylahm/Desktop/ros2 (copy)/install/occupancy_grid_demo/bin'
[24.917s] Level 1:colcon.colcon_core.environment:checking '/home/deylahm/Desktop/ros2 (copy)/install/occupancy_grid_demo/lib/pkgconfig/occupancy_grid_demo.pc'
[24.908s] DEBUG:colcon.colcon_core.event_handler.log_command:Invoked command in '/home/deylahm/Desktop/ros2 (copy)/src/occupancy_grid_demo' returned '0': PYTHONPATH=/home/deylahm/Desktop/ros2 (copy)/build/occupancy_grid_demo/prefix_override:/usr/lib/python3/dist-packages/colcon_core/task/python/colcon_distutils_commands:/home/deylahm/Desktop/ros2 (copy)/install/occupancy_grid_demo/lib/python3.8/site-packages:${PYTHONPATH} /usr/bin/python3 -W ignore:setup.py install is deprecated setup.py egg_info --egg-base ../../build/occupancy_grid_demo build --build-base /home/deylahm/Desktop/ros2 (copy)/build/occupancy_grid_demo/build install --record /home/deylahm/Desktop/ros2 (copy)/build/occupancy_grid_demo/install.log --install-scripts $base/lib/occupancy_grid_demo --single-version-externally-managed install_data
[24.930s] Level 1:colcon.colcon_core.environment:checking '/home/deylahm/Desktop/ros2 (copy)/install/occupancy_grid_demo/lib/python3.8/site-packages'
[24.930s] Level 1:colcon.colcon_core.shell:create_environment_hook('occupancy_grid_demo', 'pythonpath')
[24.931s] INFO:colcon.colcon_core.shell:Creating environment hook '/home/deylahm/Desktop/ros2 (copy)/install/occupancy_grid_demo/share/occupancy_grid_demo/hook/pythonpath.ps1'
[24.945s] INFO:colcon.colcon_core.shell:Creating environment descriptor '/home/deylahm/Desktop/ros2 (copy)/install/occupancy_grid_demo/share/occupancy_grid_demo/hook/pythonpath.dsv'
[24.954s] INFO:colcon.colcon_core.shell:Creating environment hook '/home/deylahm/Desktop/ros2 (copy)/install/occupancy_grid_demo/share/occupancy_grid_demo/hook/pythonpath.sh'
[24.960s] Level 1:colcon.colcon_core.environment:checking '/home/deylahm/Desktop/ros2 (copy)/install/occupancy_grid_demo/bin'
[24.960s] Level 1:colcon.colcon_core.environment:create_environment_scripts_only(occupancy_grid_demo)
[24.968s] INFO:colcon.colcon_core.shell:Creating package script '/home/deylahm/Desktop/ros2 (copy)/install/occupancy_grid_demo/share/occupancy_grid_demo/package.ps1'
[24.977s] INFO:colcon.colcon_core.shell:Creating package descriptor '/home/deylahm/Desktop/ros2 (copy)/install/occupancy_grid_demo/share/occupancy_grid_demo/package.dsv'
[24.982s] INFO:colcon.colcon_core.shell:Creating package script '/home/deylahm/Desktop/ros2 (copy)/install/occupancy_grid_demo/share/occupancy_grid_demo/package.sh'
[24.992s] INFO:colcon.colcon_core.shell:Creating package script '/home/deylahm/Desktop/ros2 (copy)/install/occupancy_grid_demo/share/occupancy_grid_demo/package.bash'
[24.998s] INFO:colcon.colcon_core.shell:Creating package script '/home/deylahm/Desktop/ros2 (copy)/install/occupancy_grid_demo/share/occupancy_grid_demo/package.zsh'
[25.004s] Level 1:colcon.colcon_core.environment:create_file_with_runtime_dependencies(/home/deylahm/Desktop/ros2 (copy)/install/occupancy_grid_demo/share/colcon-core/packages/occupancy_grid_demo)
[25.015s] DEBUG:colcon.colcon_parallel_executor.executor.parallel:closing loop
[25.017s] DEBUG:colcon.colcon_parallel_executor.executor.parallel:loop closed
[25.018s] DEBUG:colcon.colcon_parallel_executor.executor.parallel:run_until_complete finished with '0'
[25.026s] DEBUG:colcon.colcon_core.event_reactor:joining thread
[25.124s] INFO:colcon.colcon_core.plugin_system:Skipping extension 'colcon_notification.desktop_notification.terminal_notifier': Not used on non-Darwin systems
[25.124s] INFO:colcon.colcon_core.plugin_system:Skipping extension 'colcon_notification.desktop_notification.win32': Not used on non-Windows systems
[25.125s] INFO:colcon.colcon_notification.desktop_notification:Sending desktop notification using 'notify2'
[25.483s] DEBUG:colcon.colcon_core.event_reactor:joined thread
[25.484s] INFO:colcon.colcon_core.shell:Creating prefix script '/home/deylahm/Desktop/ros2 (copy)/install/local_setup.ps1'
[25.489s] INFO:colcon.colcon_core.shell:Creating prefix util module '/home/deylahm/Desktop/ros2 (copy)/install/_local_setup_util_ps1.py'
[25.523s] INFO:colcon.colcon_core.shell:Creating prefix chain script '/home/deylahm/Desktop/ros2 (copy)/install/setup.ps1'
[25.541s] INFO:colcon.colcon_core.shell:Creating prefix script '/home/deylahm/Desktop/ros2 (copy)/install/local_setup.sh'
[25.560s] INFO:colcon.colcon_core.shell:Creating prefix util module '/home/deylahm/Desktop/ros2 (copy)/install/_local_setup_util_sh.py'
[25.570s] INFO:colcon.colcon_core.shell:Creating prefix chain script '/home/deylahm/Desktop/ros2 (copy)/install/setup.sh'
[25.605s] INFO:colcon.colcon_core.shell:Creating prefix script '/home/deylahm/Desktop/ros2 (copy)/install/local_setup.bash'
[25.627s] INFO:colcon.colcon_core.shell:Creating prefix chain script '/home/deylahm/Desktop/ros2 (copy)/install/setup.bash'
[25.641s] INFO:colcon.colcon_core.shell:Creating prefix script '/home/deylahm/Desktop/ros2 (copy)/install/local_setup.zsh'
[25.657s] INFO:colcon.colcon_core.shell:Creating prefix chain script '/home/deylahm/Desktop/ros2 (copy)/install/setup.zsh'
