[2.690s] DEBUG:colcon:Command line arguments: ['/usr/bin/colcon', 'build']
[2.690s] DEBUG:colcon:Parsed command line arguments: Namespace(allow_overriding=[], ament_cmake_args=None, base_paths=['.'], build_base='build', catkin_cmake_args=None, catkin_skip_building_tests=False, cmake_args=None, cmake_clean_cache=False, cmake_clean_first=False, cmake_force_configure=False, cmake_target=None, cmake_target_skip_unavailable=False, continue_on_error=False, event_handlers=None, executor='parallel', ignore_user_meta=False, install_base='install', log_base=None, log_level=None, main=<bound method BuildVerb.main of <colcon_core.verb.build.BuildVerb object at 0x7f53aee96bb0>>, merge_install=False, metas=['./colcon.meta'], mixin=None, mixin_files=None, mixin_verb=('build',), packages_above=None, packages_above_and_dependencies=None, packages_above_depth=None, packages_end=None, packages_ignore=None, packages_ignore_regex=None, packages_select=None, packages_select_build_failed=False, packages_select_by_dep=None, packages_select_regex=None, packages_select_test_failures=False, packages_skip=None, packages_skip_build_finished=False, packages_skip_by_dep=None, packages_skip_regex=None, packages_skip_test_passed=False, packages_skip_up_to=None, packages_start=None, packages_up_to=None, packages_up_to_regex=None, parallel_workers=1, paths=None, symlink_install=False, test_result_base=None, verb_extension=<colcon_core.verb.build.BuildVerb object at 0x7f53aee96bb0>, verb_name='build', verb_parser=<colcon_mixin.mixin.mixin_argument.MixinArgumentDecorator object at 0x7f53aed58ac0>)
[5.589s] Level 1:colcon.colcon_core.package_discovery:discover_packages(colcon_meta) check parameters
[5.589s] Level 1:colcon.colcon_core.package_discovery:discover_packages(recursive) check parameters
[5.590s] Level 1:colcon.colcon_core.package_discovery:discover_packages(ignore) check parameters
[5.590s] Level 1:colcon.colcon_core.package_discovery:discover_packages(path) check parameters
[5.590s] Level 1:colcon.colcon_core.package_discovery:discover_packages(colcon_meta) discover
[5.590s] Level 1:colcon.colcon_core.package_discovery:discover_packages(recursive) discover
[5.591s] INFO:colcon.colcon_core.package_discovery:Crawling recursively for packages in '/home/deylahm/Desktop/ros2'
[5.593s] Level 1:colcon.colcon_core.package_identification:_identify(.) by extensions ['ignore', 'ignore_ament_install']
[5.594s] Level 1:colcon.colcon_core.package_identification:_identify(.) by extension 'ignore'
[5.594s] Level 1:colcon.colcon_core.package_identification:_identify(.) by extension 'ignore_ament_install'
[5.594s] Level 1:colcon.colcon_core.package_identification:_identify(.) by extensions ['colcon_pkg']
[5.594s] Level 1:colcon.colcon_core.package_identification:_identify(.) by extension 'colcon_pkg'
[5.595s] Level 1:colcon.colcon_core.package_identification:_identify(.) by extensions ['colcon_meta']
[5.599s] Level 1:colcon.colcon_core.package_identification:_identify(.) by extension 'colcon_meta'
[5.600s] Level 1:colcon.colcon_core.package_identification:_identify(.) by extensions ['ros']
[5.600s] Level 1:colcon.colcon_core.package_identification:_identify(.) by extension 'ros'
[5.789s] Level 1:colcon.colcon_core.package_identification:_identify(.) by extensions ['cmake', 'python']
[5.789s] Level 1:colcon.colcon_core.package_identification:_identify(.) by extension 'cmake'
[5.790s] Level 1:colcon.colcon_core.package_identification:_identify(.) by extension 'python'
[5.790s] Level 1:colcon.colcon_core.package_identification:_identify(.) by extensions ['python_setup_py']
[5.790s] Level 1:colcon.colcon_core.package_identification:_identify(.) by extension 'python_setup_py'
[5.797s] Level 1:colcon.colcon_core.package_identification:_identify(build) by extensions ['ignore', 'ignore_ament_install']
[5.798s] Level 1:colcon.colcon_core.package_identification:_identify(build) by extension 'ignore'
[5.798s] Level 1:colcon.colcon_core.package_identification:_identify(build) ignored
[5.799s] Level 1:colcon.colcon_core.package_identification:_identify(install) by extensions ['ignore', 'ignore_ament_install']
[5.807s] Level 1:colcon.colcon_core.package_identification:_identify(install) by extension 'ignore'
[5.808s] Level 1:colcon.colcon_core.package_identification:_identify(install) ignored
[5.808s] Level 1:colcon.colcon_core.package_identification:_identify(log) by extensions ['ignore', 'ignore_ament_install']
[5.809s] Level 1:colcon.colcon_core.package_identification:_identify(log) by extension 'ignore'
[5.809s] Level 1:colcon.colcon_core.package_identification:_identify(log) ignored
[5.810s] Level 1:colcon.colcon_core.package_identification:_identify(src) by extensions ['ignore', 'ignore_ament_install']
[5.811s] Level 1:colcon.colcon_core.package_identification:_identify(src) by extension 'ignore'
[5.819s] Level 1:colcon.colcon_core.package_identification:_identify(src) by extension 'ignore_ament_install'
[5.820s] Level 1:colcon.colcon_core.package_identification:_identify(src) by extensions ['colcon_pkg']
[5.820s] Level 1:colcon.colcon_core.package_identification:_identify(src) by extension 'colcon_pkg'
[5.820s] Level 1:colcon.colcon_core.package_identification:_identify(src) by extensions ['colcon_meta']
[5.820s] Level 1:colcon.colcon_core.package_identification:_identify(src) by extension 'colcon_meta'
[5.820s] Level 1:colcon.colcon_core.package_identification:_identify(src) by extensions ['ros']
[5.821s] Level 1:colcon.colcon_core.package_identification:_identify(src) by extension 'ros'
[5.821s] Level 1:colcon.colcon_core.package_identification:_identify(src) by extensions ['cmake', 'python']
[5.821s] Level 1:colcon.colcon_core.package_identification:_identify(src) by extension 'cmake'
[5.821s] Level 1:colcon.colcon_core.package_identification:_identify(src) by extension 'python'
[5.821s] Level 1:colcon.colcon_core.package_identification:_identify(src) by extensions ['python_setup_py']
[5.822s] Level 1:colcon.colcon_core.package_identification:_identify(src) by extension 'python_setup_py'
[5.822s] Level 1:colcon.colcon_core.package_identification:_identify(src/occupancy_grid_demo) by extensions ['ignore', 'ignore_ament_install']
[5.822s] Level 1:colcon.colcon_core.package_identification:_identify(src/occupancy_grid_demo) by extension 'ignore'
[5.823s] Level 1:colcon.colcon_core.package_identification:_identify(src/occupancy_grid_demo) by extension 'ignore_ament_install'
[5.823s] Level 1:colcon.colcon_core.package_identification:_identify(src/occupancy_grid_demo) by extensions ['colcon_pkg']
[5.831s] Level 1:colcon.colcon_core.package_identification:_identify(src/occupancy_grid_demo) by extension 'colcon_pkg'
[5.832s] Level 1:colcon.colcon_core.package_identification:_identify(src/occupancy_grid_demo) by extensions ['colcon_meta']
[5.832s] Level 1:colcon.colcon_core.package_identification:_identify(src/occupancy_grid_demo) by extension 'colcon_meta'
[5.832s] Level 1:colcon.colcon_core.package_identification:_identify(src/occupancy_grid_demo) by extensions ['ros']
[5.832s] Level 1:colcon.colcon_core.package_identification:_identify(src/occupancy_grid_demo) by extension 'ros'
[5.864s] DEBUG:colcon.colcon_core.package_identification:Package 'src/occupancy_grid_demo' with type 'ros.ament_python' and name 'occupancy_grid_demo'
[5.864s] Level 1:colcon.colcon_core.package_discovery:discover_packages(recursive) using defaults
[5.864s] Level 1:colcon.colcon_core.package_discovery:discover_packages(ignore) discover
[5.864s] Level 1:colcon.colcon_core.package_discovery:discover_packages(ignore) using defaults
[5.864s] Level 1:colcon.colcon_core.package_discovery:discover_packages(path) discover
[5.864s] Level 1:colcon.colcon_core.package_discovery:discover_packages(path) using defaults
[6.254s] Level 1:colcon.colcon_core.package_discovery:discover_packages(prefix_path) check parameters
[6.254s] Level 1:colcon.colcon_core.package_discovery:discover_packages(prefix_path) discover
[6.290s] DEBUG:colcon.colcon_installed_package_information.package_discovery:Found 1 installed packages in /home/deylahm/Desktop/ros2/install
[6.314s] DEBUG:colcon.colcon_installed_package_information.package_discovery:Found 270 installed packages in /opt/ros/foxy
[6.349s] Level 1:colcon.colcon_core.package_discovery:discover_packages(prefix_path) using defaults
[7.930s] Level 5:colcon.colcon_core.verb:set package 'occupancy_grid_demo' build argument 'cmake_args' from command line to 'None'
[7.931s] Level 5:colcon.colcon_core.verb:set package 'occupancy_grid_demo' build argument 'cmake_target' from command line to 'None'
[7.931s] Level 5:colcon.colcon_core.verb:set package 'occupancy_grid_demo' build argument 'cmake_target_skip_unavailable' from command line to 'False'
[7.931s] Level 5:colcon.colcon_core.verb:set package 'occupancy_grid_demo' build argument 'cmake_clean_cache' from command line to 'False'
[7.931s] Level 5:colcon.colcon_core.verb:set package 'occupancy_grid_demo' build argument 'cmake_clean_first' from command line to 'False'
[7.932s] Level 5:colcon.colcon_core.verb:set package 'occupancy_grid_demo' build argument 'cmake_force_configure' from command line to 'False'
[7.932s] Level 5:colcon.colcon_core.verb:set package 'occupancy_grid_demo' build argument 'ament_cmake_args' from command line to 'None'
[7.932s] Level 5:colcon.colcon_core.verb:set package 'occupancy_grid_demo' build argument 'catkin_cmake_args' from command line to 'None'
[7.932s] Level 5:colcon.colcon_core.verb:set package 'occupancy_grid_demo' build argument 'catkin_skip_building_tests' from command line to 'False'
[7.932s] DEBUG:colcon.colcon_core.verb:Building package 'occupancy_grid_demo' with the following arguments: {'ament_cmake_args': None, 'build_base': '/home/deylahm/Desktop/ros2/build/occupancy_grid_demo', 'catkin_cmake_args': None, 'catkin_skip_building_tests': False, 'cmake_args': None, 'cmake_clean_cache': False, 'cmake_clean_first': False, 'cmake_force_configure': False, 'cmake_target': None, 'cmake_target_skip_unavailable': False, 'install_base': '/home/deylahm/Desktop/ros2/install/occupancy_grid_demo', 'merge_install': False, 'path': '/home/deylahm/Desktop/ros2/src/occupancy_grid_demo', 'symlink_install': False, 'test_result_base': None}
[7.933s] INFO:colcon.colcon_core.executor:Executing jobs using 'parallel' executor
[7.940s] DEBUG:colcon.colcon_parallel_executor.executor.parallel:run_until_complete
[7.941s] INFO:colcon.colcon_ros.task.ament_python.build:Building ROS package in '/home/deylahm/Desktop/ros2/src/occupancy_grid_demo' with build type 'ament_python'
[7.941s] Level 1:colcon.colcon_core.shell:create_environment_hook('occupancy_grid_demo', 'ament_prefix_path')
[7.969s] INFO:colcon.colcon_core.plugin_system:Skipping extension 'colcon_core.shell.bat': Not used on non-Windows systems
[7.970s] INFO:colcon.colcon_core.shell:Creating environment hook '/home/deylahm/Desktop/ros2/install/occupancy_grid_demo/share/occupancy_grid_demo/hook/ament_prefix_path.ps1'
[7.985s] INFO:colcon.colcon_core.shell:Creating environment descriptor '/home/deylahm/Desktop/ros2/install/occupancy_grid_demo/share/occupancy_grid_demo/hook/ament_prefix_path.dsv'
[8.010s] INFO:colcon.colcon_core.shell:Creating environment hook '/home/deylahm/Desktop/ros2/install/occupancy_grid_demo/share/occupancy_grid_demo/hook/ament_prefix_path.sh'
[8.032s] INFO:colcon.colcon_core.shell:Skip shell extension 'powershell' for command environment: Not usable outside of PowerShell
[8.032s] DEBUG:colcon.colcon_core.shell:Skip shell extension 'dsv' for command environment
[12.601s] INFO:colcon.colcon_core.task.python.build:Building Python package in '/home/deylahm/Desktop/ros2/src/occupancy_grid_demo'
[12.605s] INFO:colcon.colcon_core.shell:Skip shell extension 'powershell' for command environment: Not usable outside of PowerShell
[12.607s] DEBUG:colcon.colcon_core.shell:Skip shell extension 'dsv' for command environment
[19.761s] DEBUG:colcon.colcon_core.event_handler.log_command:Invoking command in '/home/deylahm/Desktop/ros2/src/occupancy_grid_demo': PYTHONPATH=/home/deylahm/Desktop/ros2/build/occupancy_grid_demo/prefix_override:/usr/lib/python3/dist-packages/colcon_core/task/python/colcon_distutils_commands:/home/deylahm/Desktop/ros2/install/occupancy_grid_demo/lib/python3.8/site-packages:${PYTHONPATH} /usr/bin/python3 -W ignore:setup.py install is deprecated setup.py egg_info --egg-base ../../build/occupancy_grid_demo build --build-base /home/deylahm/Desktop/ros2/build/occupancy_grid_demo/build install --record /home/deylahm/Desktop/ros2/build/occupancy_grid_demo/install.log --install-scripts $base/lib/occupancy_grid_demo --single-version-externally-managed install_data
[24.192s] DEBUG:colcon.colcon_core.event_handler.log_command:Invoked command in '/home/deylahm/Desktop/ros2/src/occupancy_grid_demo' returned '0': PYTHONPATH=/home/deylahm/Desktop/ros2/build/occupancy_grid_demo/prefix_override:/usr/lib/python3/dist-packages/colcon_core/task/python/colcon_distutils_commands:/home/deylahm/Desktop/ros2/install/occupancy_grid_demo/lib/python3.8/site-packages:${PYTHONPATH} /usr/bin/python3 -W ignore:setup.py install is deprecated setup.py egg_info --egg-base ../../build/occupancy_grid_demo build --build-base /home/deylahm/Desktop/ros2/build/occupancy_grid_demo/build install --record /home/deylahm/Desktop/ros2/build/occupancy_grid_demo/install.log --install-scripts $base/lib/occupancy_grid_demo --single-version-externally-managed install_data
[24.216s] Level 1:colcon.colcon_core.environment:checking '/home/deylahm/Desktop/ros2/install/occupancy_grid_demo' for CMake module files
[24.218s] Level 1:colcon.colcon_core.environment:checking '/home/deylahm/Desktop/ros2/install/occupancy_grid_demo' for CMake config files
[24.226s] Level 1:colcon.colcon_core.environment:checking '/home/deylahm/Desktop/ros2/install/occupancy_grid_demo/lib'
[24.226s] Level 1:colcon.colcon_core.environment:checking '/home/deylahm/Desktop/ros2/install/occupancy_grid_demo/bin'
[24.227s] Level 1:colcon.colcon_core.environment:checking '/home/deylahm/Desktop/ros2/install/occupancy_grid_demo/lib/pkgconfig/occupancy_grid_demo.pc'
[24.236s] Level 1:colcon.colcon_core.environment:checking '/home/deylahm/Desktop/ros2/install/occupancy_grid_demo/lib/python3.8/site-packages'
[24.236s] Level 1:colcon.colcon_core.shell:create_environment_hook('occupancy_grid_demo', 'pythonpath')
[24.237s] INFO:colcon.colcon_core.shell:Creating environment hook '/home/deylahm/Desktop/ros2/install/occupancy_grid_demo/share/occupancy_grid_demo/hook/pythonpath.ps1'
[24.247s] INFO:colcon.colcon_core.shell:Creating environment descriptor '/home/deylahm/Desktop/ros2/install/occupancy_grid_demo/share/occupancy_grid_demo/hook/pythonpath.dsv'
[24.251s] INFO:colcon.colcon_core.shell:Creating environment hook '/home/deylahm/Desktop/ros2/install/occupancy_grid_demo/share/occupancy_grid_demo/hook/pythonpath.sh'
[24.268s] Level 1:colcon.colcon_core.environment:checking '/home/deylahm/Desktop/ros2/install/occupancy_grid_demo/bin'
[24.268s] Level 1:colcon.colcon_core.environment:create_environment_scripts_only(occupancy_grid_demo)
[24.270s] INFO:colcon.colcon_core.shell:Creating package script '/home/deylahm/Desktop/ros2/install/occupancy_grid_demo/share/occupancy_grid_demo/package.ps1'
[24.295s] INFO:colcon.colcon_core.shell:Creating package descriptor '/home/deylahm/Desktop/ros2/install/occupancy_grid_demo/share/occupancy_grid_demo/package.dsv'
[24.300s] INFO:colcon.colcon_core.shell:Creating package script '/home/deylahm/Desktop/ros2/install/occupancy_grid_demo/share/occupancy_grid_demo/package.sh'
[24.314s] INFO:colcon.colcon_core.shell:Creating package script '/home/deylahm/Desktop/ros2/install/occupancy_grid_demo/share/occupancy_grid_demo/package.bash'
[24.335s] INFO:colcon.colcon_core.shell:Creating package script '/home/deylahm/Desktop/ros2/install/occupancy_grid_demo/share/occupancy_grid_demo/package.zsh'
[24.347s] Level 1:colcon.colcon_core.environment:create_file_with_runtime_dependencies(/home/deylahm/Desktop/ros2/install/occupancy_grid_demo/share/colcon-core/packages/occupancy_grid_demo)
[24.352s] DEBUG:colcon.colcon_parallel_executor.executor.parallel:closing loop
[24.362s] DEBUG:colcon.colcon_parallel_executor.executor.parallel:loop closed
[24.362s] DEBUG:colcon.colcon_parallel_executor.executor.parallel:run_until_complete finished with '0'
[24.362s] DEBUG:colcon.colcon_core.event_reactor:joining thread
[24.502s] INFO:colcon.colcon_core.plugin_system:Skipping extension 'colcon_notification.desktop_notification.terminal_notifier': Not used on non-Darwin systems
[24.502s] INFO:colcon.colcon_core.plugin_system:Skipping extension 'colcon_notification.desktop_notification.win32': Not used on non-Windows systems
[24.502s] INFO:colcon.colcon_notification.desktop_notification:Sending desktop notification using 'notify2'
[24.964s] DEBUG:colcon.colcon_core.event_reactor:joined thread
[24.965s] INFO:colcon.colcon_core.shell:Creating prefix script '/home/deylahm/Desktop/ros2/install/local_setup.ps1'
[24.987s] INFO:colcon.colcon_core.shell:Creating prefix util module '/home/deylahm/Desktop/ros2/install/_local_setup_util_ps1.py'
[25.011s] INFO:colcon.colcon_core.shell:Creating prefix chain script '/home/deylahm/Desktop/ros2/install/setup.ps1'
[25.039s] INFO:colcon.colcon_core.shell:Creating prefix script '/home/deylahm/Desktop/ros2/install/local_setup.sh'
[25.045s] INFO:colcon.colcon_core.shell:Creating prefix util module '/home/deylahm/Desktop/ros2/install/_local_setup_util_sh.py'
[25.055s] INFO:colcon.colcon_core.shell:Creating prefix chain script '/home/deylahm/Desktop/ros2/install/setup.sh'
[25.081s] INFO:colcon.colcon_core.shell:Creating prefix script '/home/deylahm/Desktop/ros2/install/local_setup.bash'
[25.106s] INFO:colcon.colcon_core.shell:Creating prefix chain script '/home/deylahm/Desktop/ros2/install/setup.bash'
[25.131s] INFO:colcon.colcon_core.shell:Creating prefix script '/home/deylahm/Desktop/ros2/install/local_setup.zsh'
[25.150s] INFO:colcon.colcon_core.shell:Creating prefix chain script '/home/deylahm/Desktop/ros2/install/setup.zsh'
