[2.904s] DEBUG:colcon:Command line arguments: ['/usr/bin/colcon', 'build']
[2.905s] DEBUG:colcon:Parsed command line arguments: Namespace(allow_overriding=[], ament_cmake_args=None, base_paths=['.'], build_base='build', catkin_cmake_args=None, catkin_skip_building_tests=False, cmake_args=None, cmake_clean_cache=False, cmake_clean_first=False, cmake_force_configure=False, cmake_target=None, cmake_target_skip_unavailable=False, continue_on_error=False, event_handlers=None, executor='parallel', ignore_user_meta=False, install_base='install', log_base=None, log_level=None, main=<bound method BuildVerb.main of <colcon_core.verb.build.BuildVerb object at 0x7f1e6cccbac0>>, merge_install=False, metas=['./colcon.meta'], mixin=None, mixin_files=None, mixin_verb=('build',), packages_above=None, packages_above_and_dependencies=None, packages_above_depth=None, packages_end=None, packages_ignore=None, packages_ignore_regex=None, packages_select=None, packages_select_build_failed=False, packages_select_by_dep=None, packages_select_regex=None, packages_select_test_failures=False, packages_skip=None, packages_skip_build_finished=False, packages_skip_by_dep=None, packages_skip_regex=None, packages_skip_test_passed=False, packages_skip_up_to=None, packages_start=None, packages_up_to=None, packages_up_to_regex=None, parallel_workers=1, paths=None, symlink_install=False, test_result_base=None, verb_extension=<colcon_core.verb.build.BuildVerb object at 0x7f1e6cccbac0>, verb_name='build', verb_parser=<colcon_mixin.mixin.mixin_argument.MixinArgumentDecorator object at 0x7f1e6cb8f9d0>)
[5.661s] Level 1:colcon.colcon_core.package_discovery:discover_packages(colcon_meta) check parameters
[5.662s] Level 1:colcon.colcon_core.package_discovery:discover_packages(recursive) check parameters
[5.662s] Level 1:colcon.colcon_core.package_discovery:discover_packages(ignore) check parameters
[5.662s] Level 1:colcon.colcon_core.package_discovery:discover_packages(path) check parameters
[5.662s] Level 1:colcon.colcon_core.package_discovery:discover_packages(colcon_meta) discover
[5.670s] Level 1:colcon.colcon_core.package_discovery:discover_packages(recursive) discover
[5.670s] INFO:colcon.colcon_core.package_discovery:Crawling recursively for packages in '/home/deylahm/Desktop/ros2 (copy)'
[5.670s] Level 1:colcon.colcon_core.package_identification:_identify(.) by extensions ['ignore', 'ignore_ament_install']
[5.677s] Level 1:colcon.colcon_core.package_identification:_identify(.) by extension 'ignore'
[5.677s] Level 1:colcon.colcon_core.package_identification:_identify(.) by extension 'ignore_ament_install'
[5.678s] Level 1:colcon.colcon_core.package_identification:_identify(.) by extensions ['colcon_pkg']
[5.678s] Level 1:colcon.colcon_core.package_identification:_identify(.) by extension 'colcon_pkg'
[5.678s] Level 1:colcon.colcon_core.package_identification:_identify(.) by extensions ['colcon_meta']
[5.681s] Level 1:colcon.colcon_core.package_identification:_identify(.) by extension 'colcon_meta'
[5.682s] Level 1:colcon.colcon_core.package_identification:_identify(.) by extensions ['ros']
[5.682s] Level 1:colcon.colcon_core.package_identification:_identify(.) by extension 'ros'
[5.876s] Level 1:colcon.colcon_core.package_identification:_identify(.) by extensions ['cmake', 'python']
[5.877s] Level 1:colcon.colcon_core.package_identification:_identify(.) by extension 'cmake'
[5.877s] Level 1:colcon.colcon_core.package_identification:_identify(.) by extension 'python'
[5.877s] Level 1:colcon.colcon_core.package_identification:_identify(.) by extensions ['python_setup_py']
[5.878s] Level 1:colcon.colcon_core.package_identification:_identify(.) by extension 'python_setup_py'
[5.878s] Level 1:colcon.colcon_core.package_identification:_identify(build) by extensions ['ignore', 'ignore_ament_install']
[5.902s] Level 1:colcon.colcon_core.package_identification:_identify(build) by extension 'ignore'
[5.903s] Level 1:colcon.colcon_core.package_identification:_identify(build) ignored
[5.904s] Level 1:colcon.colcon_core.package_identification:_identify(install) by extensions ['ignore', 'ignore_ament_install']
[5.904s] Level 1:colcon.colcon_core.package_identification:_identify(install) by extension 'ignore'
[5.904s] Level 1:colcon.colcon_core.package_identification:_identify(install) ignored
[5.905s] Level 1:colcon.colcon_core.package_identification:_identify(log) by extensions ['ignore', 'ignore_ament_install']
[5.905s] Level 1:colcon.colcon_core.package_identification:_identify(log) by extension 'ignore'
[5.906s] Level 1:colcon.colcon_core.package_identification:_identify(log) ignored
[5.906s] Level 1:colcon.colcon_core.package_identification:_identify(src) by extensions ['ignore', 'ignore_ament_install']
[5.915s] Level 1:colcon.colcon_core.package_identification:_identify(src) by extension 'ignore'
[5.916s] Level 1:colcon.colcon_core.package_identification:_identify(src) by extension 'ignore_ament_install'
[5.916s] Level 1:colcon.colcon_core.package_identification:_identify(src) by extensions ['colcon_pkg']
[5.916s] Level 1:colcon.colcon_core.package_identification:_identify(src) by extension 'colcon_pkg'
[5.916s] Level 1:colcon.colcon_core.package_identification:_identify(src) by extensions ['colcon_meta']
[5.917s] Level 1:colcon.colcon_core.package_identification:_identify(src) by extension 'colcon_meta'
[5.917s] Level 1:colcon.colcon_core.package_identification:_identify(src) by extensions ['ros']
[5.931s] Level 1:colcon.colcon_core.package_identification:_identify(src) by extension 'ros'
[5.931s] Level 1:colcon.colcon_core.package_identification:_identify(src) by extensions ['cmake', 'python']
[5.931s] Level 1:colcon.colcon_core.package_identification:_identify(src) by extension 'cmake'
[5.931s] Level 1:colcon.colcon_core.package_identification:_identify(src) by extension 'python'
[5.932s] Level 1:colcon.colcon_core.package_identification:_identify(src) by extensions ['python_setup_py']
[5.932s] Level 1:colcon.colcon_core.package_identification:_identify(src) by extension 'python_setup_py'
[5.932s] Level 1:colcon.colcon_core.package_identification:_identify(src/holonomic_robot) by extensions ['ignore', 'ignore_ament_install']
[5.933s] Level 1:colcon.colcon_core.package_identification:_identify(src/holonomic_robot) by extension 'ignore'
[5.933s] Level 1:colcon.colcon_core.package_identification:_identify(src/holonomic_robot) by extension 'ignore_ament_install'
[5.933s] Level 1:colcon.colcon_core.package_identification:_identify(src/holonomic_robot) by extensions ['colcon_pkg']
[5.933s] Level 1:colcon.colcon_core.package_identification:_identify(src/holonomic_robot) by extension 'colcon_pkg'
[5.934s] Level 1:colcon.colcon_core.package_identification:_identify(src/holonomic_robot) by extensions ['colcon_meta']
[5.934s] Level 1:colcon.colcon_core.package_identification:_identify(src/holonomic_robot) by extension 'colcon_meta'
[5.934s] Level 1:colcon.colcon_core.package_identification:_identify(src/holonomic_robot) by extensions ['ros']
[5.934s] Level 1:colcon.colcon_core.package_identification:_identify(src/holonomic_robot) by extension 'ros'
[6.004s] DEBUG:colcon.colcon_core.package_identification:Package 'src/holonomic_robot' with type 'ros.ament_python' and name 'holonomic_robot'
[6.004s] Level 1:colcon.colcon_core.package_identification:_identify(src/occupancy_grid_demo) by extensions ['ignore', 'ignore_ament_install']
[6.005s] Level 1:colcon.colcon_core.package_identification:_identify(src/occupancy_grid_demo) by extension 'ignore'
[6.005s] Level 1:colcon.colcon_core.package_identification:_identify(src/occupancy_grid_demo) by extension 'ignore_ament_install'
[6.005s] Level 1:colcon.colcon_core.package_identification:_identify(src/occupancy_grid_demo) by extensions ['colcon_pkg']
[6.005s] Level 1:colcon.colcon_core.package_identification:_identify(src/occupancy_grid_demo) by extension 'colcon_pkg'
[6.005s] Level 1:colcon.colcon_core.package_identification:_identify(src/occupancy_grid_demo) by extensions ['colcon_meta']
[6.005s] Level 1:colcon.colcon_core.package_identification:_identify(src/occupancy_grid_demo) by extension 'colcon_meta'
[6.006s] Level 1:colcon.colcon_core.package_identification:_identify(src/occupancy_grid_demo) by extensions ['ros']
[6.006s] Level 1:colcon.colcon_core.package_identification:_identify(src/occupancy_grid_demo) by extension 'ros'
[6.016s] DEBUG:colcon.colcon_core.package_identification:Package 'src/occupancy_grid_demo' with type 'ros.ament_python' and name 'occupancy_grid_demo'
[6.016s] Level 1:colcon.colcon_core.package_discovery:discover_packages(recursive) using defaults
[6.016s] Level 1:colcon.colcon_core.package_discovery:discover_packages(ignore) discover
[6.017s] Level 1:colcon.colcon_core.package_discovery:discover_packages(ignore) using defaults
[6.017s] Level 1:colcon.colcon_core.package_discovery:discover_packages(path) discover
[6.017s] Level 1:colcon.colcon_core.package_discovery:discover_packages(path) using defaults
[6.225s] Level 1:colcon.colcon_core.package_discovery:discover_packages(prefix_path) check parameters
[6.225s] Level 1:colcon.colcon_core.package_discovery:discover_packages(prefix_path) discover
[6.265s] DEBUG:colcon.colcon_installed_package_information.package_discovery:Found 2 installed packages in /home/deylahm/Desktop/ros2 (copy)/install
[6.289s] DEBUG:colcon.colcon_installed_package_information.package_discovery:Found 270 installed packages in /opt/ros/foxy
[6.312s] Level 1:colcon.colcon_core.package_discovery:discover_packages(prefix_path) using defaults
[7.244s] Level 5:colcon.colcon_core.verb:set package 'holonomic_robot' build argument 'cmake_args' from command line to 'None'
[7.244s] Level 5:colcon.colcon_core.verb:set package 'holonomic_robot' build argument 'cmake_target' from command line to 'None'
[7.245s] Level 5:colcon.colcon_core.verb:set package 'holonomic_robot' build argument 'cmake_target_skip_unavailable' from command line to 'False'
[7.245s] Level 5:colcon.colcon_core.verb:set package 'holonomic_robot' build argument 'cmake_clean_cache' from command line to 'False'
[7.245s] Level 5:colcon.colcon_core.verb:set package 'holonomic_robot' build argument 'cmake_clean_first' from command line to 'False'
[7.245s] Level 5:colcon.colcon_core.verb:set package 'holonomic_robot' build argument 'cmake_force_configure' from command line to 'False'
[7.245s] Level 5:colcon.colcon_core.verb:set package 'holonomic_robot' build argument 'ament_cmake_args' from command line to 'None'
[7.245s] Level 5:colcon.colcon_core.verb:set package 'holonomic_robot' build argument 'catkin_cmake_args' from command line to 'None'
[7.245s] Level 5:colcon.colcon_core.verb:set package 'holonomic_robot' build argument 'catkin_skip_building_tests' from command line to 'False'
[7.245s] DEBUG:colcon.colcon_core.verb:Building package 'holonomic_robot' with the following arguments: {'ament_cmake_args': None, 'build_base': '/home/deylahm/Desktop/ros2 (copy)/build/holonomic_robot', 'catkin_cmake_args': None, 'catkin_skip_building_tests': False, 'cmake_args': None, 'cmake_clean_cache': False, 'cmake_clean_first': False, 'cmake_force_configure': False, 'cmake_target': None, 'cmake_target_skip_unavailable': False, 'install_base': '/home/deylahm/Desktop/ros2 (copy)/install/holonomic_robot', 'merge_install': False, 'path': '/home/deylahm/Desktop/ros2 (copy)/src/holonomic_robot', 'symlink_install': False, 'test_result_base': None}
[7.248s] Level 5:colcon.colcon_core.verb:set package 'occupancy_grid_demo' build argument 'cmake_args' from command line to 'None'
[7.248s] Level 5:colcon.colcon_core.verb:set package 'occupancy_grid_demo' build argument 'cmake_target' from command line to 'None'
[7.248s] Level 5:colcon.colcon_core.verb:set package 'occupancy_grid_demo' build argument 'cmake_target_skip_unavailable' from command line to 'False'
[7.249s] Level 5:colcon.colcon_core.verb:set package 'occupancy_grid_demo' build argument 'cmake_clean_cache' from command line to 'False'
[7.249s] Level 5:colcon.colcon_core.verb:set package 'occupancy_grid_demo' build argument 'cmake_clean_first' from command line to 'False'
[7.249s] Level 5:colcon.colcon_core.verb:set package 'occupancy_grid_demo' build argument 'cmake_force_configure' from command line to 'False'
[7.249s] Level 5:colcon.colcon_core.verb:set package 'occupancy_grid_demo' build argument 'ament_cmake_args' from command line to 'None'
[7.249s] Level 5:colcon.colcon_core.verb:set package 'occupancy_grid_demo' build argument 'catkin_cmake_args' from command line to 'None'
[7.250s] Level 5:colcon.colcon_core.verb:set package 'occupancy_grid_demo' build argument 'catkin_skip_building_tests' from command line to 'False'
[7.250s] DEBUG:colcon.colcon_core.verb:Building package 'occupancy_grid_demo' with the following arguments: {'ament_cmake_args': None, 'build_base': '/home/deylahm/Desktop/ros2 (copy)/build/occupancy_grid_demo', 'catkin_cmake_args': None, 'catkin_skip_building_tests': False, 'cmake_args': None, 'cmake_clean_cache': False, 'cmake_clean_first': False, 'cmake_force_configure': False, 'cmake_target': None, 'cmake_target_skip_unavailable': False, 'install_base': '/home/deylahm/Desktop/ros2 (copy)/install/occupancy_grid_demo', 'merge_install': False, 'path': '/home/deylahm/Desktop/ros2 (copy)/src/occupancy_grid_demo', 'symlink_install': False, 'test_result_base': None}
[7.251s] INFO:colcon.colcon_core.executor:Executing jobs using 'parallel' executor
[7.254s] DEBUG:colcon.colcon_parallel_executor.executor.parallel:run_until_complete
[7.256s] INFO:colcon.colcon_ros.task.ament_python.build:Building ROS package in '/home/deylahm/Desktop/ros2 (copy)/src/holonomic_robot' with build type 'ament_python'
[7.256s] Level 1:colcon.colcon_core.shell:create_environment_hook('holonomic_robot', 'ament_prefix_path')
[7.272s] INFO:colcon.colcon_core.plugin_system:Skipping extension 'colcon_core.shell.bat': Not used on non-Windows systems
[7.273s] INFO:colcon.colcon_core.shell:Creating environment hook '/home/deylahm/Desktop/ros2 (copy)/install/holonomic_robot/share/holonomic_robot/hook/ament_prefix_path.ps1'
[7.293s] INFO:colcon.colcon_core.shell:Creating environment descriptor '/home/deylahm/Desktop/ros2 (copy)/install/holonomic_robot/share/holonomic_robot/hook/ament_prefix_path.dsv'
[7.296s] INFO:colcon.colcon_core.shell:Creating environment hook '/home/deylahm/Desktop/ros2 (copy)/install/holonomic_robot/share/holonomic_robot/hook/ament_prefix_path.sh'
[7.303s] INFO:colcon.colcon_core.shell:Skip shell extension 'powershell' for command environment: Not usable outside of PowerShell
[7.311s] DEBUG:colcon.colcon_core.shell:Skip shell extension 'dsv' for command environment
[11.104s] INFO:colcon.colcon_core.task.python.build:Building Python package in '/home/deylahm/Desktop/ros2 (copy)/src/holonomic_robot'
[11.116s] INFO:colcon.colcon_core.shell:Skip shell extension 'powershell' for command environment: Not usable outside of PowerShell
[11.116s] DEBUG:colcon.colcon_core.shell:Skip shell extension 'dsv' for command environment
[16.099s] DEBUG:colcon.colcon_core.event_handler.log_command:Invoking command in '/home/deylahm/Desktop/ros2 (copy)/src/holonomic_robot': PYTHONPATH=/home/deylahm/Desktop/ros2 (copy)/build/holonomic_robot/prefix_override:/usr/lib/python3/dist-packages/colcon_core/task/python/colcon_distutils_commands:/home/deylahm/Desktop/ros2 (copy)/install/holonomic_robot/lib/python3.8/site-packages:${PYTHONPATH} /usr/bin/python3 -W ignore:setup.py install is deprecated setup.py egg_info --egg-base ../../build/holonomic_robot build --build-base /home/deylahm/Desktop/ros2 (copy)/build/holonomic_robot/build install --record /home/deylahm/Desktop/ros2 (copy)/build/holonomic_robot/install.log --install-scripts $base/lib/holonomic_robot --single-version-externally-managed install_data
[19.803s] DEBUG:colcon.colcon_core.event_handler.log_command:Invoked command in '/home/deylahm/Desktop/ros2 (copy)/src/holonomic_robot' returned '0': PYTHONPATH=/home/deylahm/Desktop/ros2 (copy)/build/holonomic_robot/prefix_override:/usr/lib/python3/dist-packages/colcon_core/task/python/colcon_distutils_commands:/home/deylahm/Desktop/ros2 (copy)/install/holonomic_robot/lib/python3.8/site-packages:${PYTHONPATH} /usr/bin/python3 -W ignore:setup.py install is deprecated setup.py egg_info --egg-base ../../build/holonomic_robot build --build-base /home/deylahm/Desktop/ros2 (copy)/build/holonomic_robot/build install --record /home/deylahm/Desktop/ros2 (copy)/build/holonomic_robot/install.log --install-scripts $base/lib/holonomic_robot --single-version-externally-managed install_data
[19.837s] Level 1:colcon.colcon_core.environment:checking '/home/deylahm/Desktop/ros2 (copy)/install/holonomic_robot' for CMake module files
[19.848s] Level 1:colcon.colcon_core.environment:checking '/home/deylahm/Desktop/ros2 (copy)/install/holonomic_robot' for CMake config files
[19.858s] Level 1:colcon.colcon_core.environment:checking '/home/deylahm/Desktop/ros2 (copy)/install/holonomic_robot/lib'
[19.869s] Level 1:colcon.colcon_core.environment:checking '/home/deylahm/Desktop/ros2 (copy)/install/holonomic_robot/bin'
[19.870s] Level 1:colcon.colcon_core.environment:checking '/home/deylahm/Desktop/ros2 (copy)/install/holonomic_robot/lib/pkgconfig/holonomic_robot.pc'
[19.871s] Level 1:colcon.colcon_core.environment:checking '/home/deylahm/Desktop/ros2 (copy)/install/holonomic_robot/lib/python3.8/site-packages'
[19.871s] Level 1:colcon.colcon_core.shell:create_environment_hook('holonomic_robot', 'pythonpath')
[19.873s] INFO:colcon.colcon_core.shell:Creating environment hook '/home/deylahm/Desktop/ros2 (copy)/install/holonomic_robot/share/holonomic_robot/hook/pythonpath.ps1'
[19.893s] INFO:colcon.colcon_core.shell:Creating environment descriptor '/home/deylahm/Desktop/ros2 (copy)/install/holonomic_robot/share/holonomic_robot/hook/pythonpath.dsv'
[19.903s] INFO:colcon.colcon_core.shell:Creating environment hook '/home/deylahm/Desktop/ros2 (copy)/install/holonomic_robot/share/holonomic_robot/hook/pythonpath.sh'
[19.908s] Level 1:colcon.colcon_core.environment:checking '/home/deylahm/Desktop/ros2 (copy)/install/holonomic_robot/bin'
[19.908s] Level 1:colcon.colcon_core.environment:create_environment_scripts_only(holonomic_robot)
[19.910s] INFO:colcon.colcon_core.shell:Creating package script '/home/deylahm/Desktop/ros2 (copy)/install/holonomic_robot/share/holonomic_robot/package.ps1'
[19.935s] INFO:colcon.colcon_core.shell:Creating package descriptor '/home/deylahm/Desktop/ros2 (copy)/install/holonomic_robot/share/holonomic_robot/package.dsv'
[19.942s] INFO:colcon.colcon_core.shell:Creating package script '/home/deylahm/Desktop/ros2 (copy)/install/holonomic_robot/share/holonomic_robot/package.sh'
[19.954s] INFO:colcon.colcon_core.shell:Creating package script '/home/deylahm/Desktop/ros2 (copy)/install/holonomic_robot/share/holonomic_robot/package.bash'
[19.969s] INFO:colcon.colcon_core.shell:Creating package script '/home/deylahm/Desktop/ros2 (copy)/install/holonomic_robot/share/holonomic_robot/package.zsh'
[20.000s] Level 1:colcon.colcon_core.environment:create_file_with_runtime_dependencies(/home/deylahm/Desktop/ros2 (copy)/install/holonomic_robot/share/colcon-core/packages/holonomic_robot)
[20.016s] INFO:colcon.colcon_ros.task.ament_python.build:Building ROS package in '/home/deylahm/Desktop/ros2 (copy)/src/occupancy_grid_demo' with build type 'ament_python'
[20.025s] Level 1:colcon.colcon_core.shell:create_environment_hook('occupancy_grid_demo', 'ament_prefix_path')
[20.040s] INFO:colcon.colcon_core.shell:Creating environment hook '/home/deylahm/Desktop/ros2 (copy)/install/occupancy_grid_demo/share/occupancy_grid_demo/hook/ament_prefix_path.ps1'
[20.063s] INFO:colcon.colcon_core.shell:Creating environment descriptor '/home/deylahm/Desktop/ros2 (copy)/install/occupancy_grid_demo/share/occupancy_grid_demo/hook/ament_prefix_path.dsv'
[20.064s] INFO:colcon.colcon_core.shell:Creating environment hook '/home/deylahm/Desktop/ros2 (copy)/install/occupancy_grid_demo/share/occupancy_grid_demo/hook/ament_prefix_path.sh'
[20.080s] INFO:colcon.colcon_core.shell:Skip shell extension 'powershell' for command environment: Not usable outside of PowerShell
[20.085s] DEBUG:colcon.colcon_core.shell:Skip shell extension 'dsv' for command environment
[24.253s] INFO:colcon.colcon_core.task.python.build:Building Python package in '/home/deylahm/Desktop/ros2 (copy)/src/occupancy_grid_demo'
[24.254s] INFO:colcon.colcon_core.shell:Skip shell extension 'powershell' for command environment: Not usable outside of PowerShell
[24.272s] DEBUG:colcon.colcon_core.shell:Skip shell extension 'dsv' for command environment
[31.327s] DEBUG:colcon.colcon_core.event_handler.log_command:Invoking command in '/home/deylahm/Desktop/ros2 (copy)/src/occupancy_grid_demo': PYTHONPATH=/home/deylahm/Desktop/ros2 (copy)/build/occupancy_grid_demo/prefix_override:/usr/lib/python3/dist-packages/colcon_core/task/python/colcon_distutils_commands:/home/deylahm/Desktop/ros2 (copy)/install/occupancy_grid_demo/lib/python3.8/site-packages:${PYTHONPATH} /usr/bin/python3 -W ignore:setup.py install is deprecated setup.py egg_info --egg-base ../../build/occupancy_grid_demo build --build-base /home/deylahm/Desktop/ros2 (copy)/build/occupancy_grid_demo/build install --record /home/deylahm/Desktop/ros2 (copy)/build/occupancy_grid_demo/install.log --install-scripts $base/lib/occupancy_grid_demo --single-version-externally-managed install_data
[35.500s] Level 1:colcon.colcon_core.environment:checking '/home/deylahm/Desktop/ros2 (copy)/install/occupancy_grid_demo' for CMake module files
[35.515s] DEBUG:colcon.colcon_core.event_handler.log_command:Invoked command in '/home/deylahm/Desktop/ros2 (copy)/src/occupancy_grid_demo' returned '0': PYTHONPATH=/home/deylahm/Desktop/ros2 (copy)/build/occupancy_grid_demo/prefix_override:/usr/lib/python3/dist-packages/colcon_core/task/python/colcon_distutils_commands:/home/deylahm/Desktop/ros2 (copy)/install/occupancy_grid_demo/lib/python3.8/site-packages:${PYTHONPATH} /usr/bin/python3 -W ignore:setup.py install is deprecated setup.py egg_info --egg-base ../../build/occupancy_grid_demo build --build-base /home/deylahm/Desktop/ros2 (copy)/build/occupancy_grid_demo/build install --record /home/deylahm/Desktop/ros2 (copy)/build/occupancy_grid_demo/install.log --install-scripts $base/lib/occupancy_grid_demo --single-version-externally-managed install_data
[35.519s] Level 1:colcon.colcon_core.environment:checking '/home/deylahm/Desktop/ros2 (copy)/install/occupancy_grid_demo' for CMake config files
[35.521s] Level 1:colcon.colcon_core.environment:checking '/home/deylahm/Desktop/ros2 (copy)/install/occupancy_grid_demo/lib'
[35.521s] Level 1:colcon.colcon_core.environment:checking '/home/deylahm/Desktop/ros2 (copy)/install/occupancy_grid_demo/bin'
[35.521s] Level 1:colcon.colcon_core.environment:checking '/home/deylahm/Desktop/ros2 (copy)/install/occupancy_grid_demo/lib/pkgconfig/occupancy_grid_demo.pc'
[35.522s] Level 1:colcon.colcon_core.environment:checking '/home/deylahm/Desktop/ros2 (copy)/install/occupancy_grid_demo/lib/python3.8/site-packages'
[35.535s] Level 1:colcon.colcon_core.shell:create_environment_hook('occupancy_grid_demo', 'pythonpath')
[35.536s] INFO:colcon.colcon_core.shell:Creating environment hook '/home/deylahm/Desktop/ros2 (copy)/install/occupancy_grid_demo/share/occupancy_grid_demo/hook/pythonpath.ps1'
[35.546s] INFO:colcon.colcon_core.shell:Creating environment descriptor '/home/deylahm/Desktop/ros2 (copy)/install/occupancy_grid_demo/share/occupancy_grid_demo/hook/pythonpath.dsv'
[35.557s] INFO:colcon.colcon_core.shell:Creating environment hook '/home/deylahm/Desktop/ros2 (copy)/install/occupancy_grid_demo/share/occupancy_grid_demo/hook/pythonpath.sh'
[35.567s] Level 1:colcon.colcon_core.environment:checking '/home/deylahm/Desktop/ros2 (copy)/install/occupancy_grid_demo/bin'
[35.567s] Level 1:colcon.colcon_core.environment:create_environment_scripts_only(occupancy_grid_demo)
[35.568s] INFO:colcon.colcon_core.shell:Creating package script '/home/deylahm/Desktop/ros2 (copy)/install/occupancy_grid_demo/share/occupancy_grid_demo/package.ps1'
[35.583s] INFO:colcon.colcon_core.shell:Creating package descriptor '/home/deylahm/Desktop/ros2 (copy)/install/occupancy_grid_demo/share/occupancy_grid_demo/package.dsv'
[35.593s] INFO:colcon.colcon_core.shell:Creating package script '/home/deylahm/Desktop/ros2 (copy)/install/occupancy_grid_demo/share/occupancy_grid_demo/package.sh'
[35.603s] INFO:colcon.colcon_core.shell:Creating package script '/home/deylahm/Desktop/ros2 (copy)/install/occupancy_grid_demo/share/occupancy_grid_demo/package.bash'
[35.606s] INFO:colcon.colcon_core.shell:Creating package script '/home/deylahm/Desktop/ros2 (copy)/install/occupancy_grid_demo/share/occupancy_grid_demo/package.zsh'
[35.609s] Level 1:colcon.colcon_core.environment:create_file_with_runtime_dependencies(/home/deylahm/Desktop/ros2 (copy)/install/occupancy_grid_demo/share/colcon-core/packages/occupancy_grid_demo)
[35.623s] DEBUG:colcon.colcon_parallel_executor.executor.parallel:closing loop
[35.625s] DEBUG:colcon.colcon_parallel_executor.executor.parallel:loop closed
[35.626s] DEBUG:colcon.colcon_parallel_executor.executor.parallel:run_until_complete finished with '0'
[35.626s] DEBUG:colcon.colcon_core.event_reactor:joining thread
[35.740s] INFO:colcon.colcon_core.plugin_system:Skipping extension 'colcon_notification.desktop_notification.terminal_notifier': Not used on non-Darwin systems
[35.740s] INFO:colcon.colcon_core.plugin_system:Skipping extension 'colcon_notification.desktop_notification.win32': Not used on non-Windows systems
[35.740s] INFO:colcon.colcon_notification.desktop_notification:Sending desktop notification using 'notify2'
[36.124s] DEBUG:colcon.colcon_core.event_reactor:joined thread
[36.125s] INFO:colcon.colcon_core.shell:Creating prefix script '/home/deylahm/Desktop/ros2 (copy)/install/local_setup.ps1'
[36.142s] INFO:colcon.colcon_core.shell:Creating prefix util module '/home/deylahm/Desktop/ros2 (copy)/install/_local_setup_util_ps1.py'
[36.169s] INFO:colcon.colcon_core.shell:Creating prefix chain script '/home/deylahm/Desktop/ros2 (copy)/install/setup.ps1'
[36.187s] INFO:colcon.colcon_core.shell:Creating prefix script '/home/deylahm/Desktop/ros2 (copy)/install/local_setup.sh'
[36.193s] INFO:colcon.colcon_core.shell:Creating prefix util module '/home/deylahm/Desktop/ros2 (copy)/install/_local_setup_util_sh.py'
[36.207s] INFO:colcon.colcon_core.shell:Creating prefix chain script '/home/deylahm/Desktop/ros2 (copy)/install/setup.sh'
[36.225s] INFO:colcon.colcon_core.shell:Creating prefix script '/home/deylahm/Desktop/ros2 (copy)/install/local_setup.bash'
[36.238s] INFO:colcon.colcon_core.shell:Creating prefix chain script '/home/deylahm/Desktop/ros2 (copy)/install/setup.bash'
[36.259s] INFO:colcon.colcon_core.shell:Creating prefix script '/home/deylahm/Desktop/ros2 (copy)/install/local_setup.zsh'
[36.275s] INFO:colcon.colcon_core.shell:Creating prefix chain script '/home/deylahm/Desktop/ros2 (copy)/install/setup.zsh'
