[1.896s] DEBUG:colcon:Command line arguments: ['/usr/bin/colcon', 'build']
[1.897s] DEBUG:colcon:Parsed command line arguments: Namespace(allow_overriding=[], ament_cmake_args=None, base_paths=['.'], build_base='build', catkin_cmake_args=None, catkin_skip_building_tests=False, cmake_args=None, cmake_clean_cache=False, cmake_clean_first=False, cmake_force_configure=False, cmake_target=None, cmake_target_skip_unavailable=False, continue_on_error=False, event_handlers=None, executor='parallel', ignore_user_meta=False, install_base='install', log_base=None, log_level=None, main=<bound method BuildVerb.main of <colcon_core.verb.build.BuildVerb object at 0x7f2298a7b400>>, merge_install=False, metas=['./colcon.meta'], mixin=None, mixin_files=None, mixin_verb=('build',), packages_above=None, packages_above_and_dependencies=None, packages_above_depth=None, packages_end=None, packages_ignore=None, packages_ignore_regex=None, packages_select=None, packages_select_build_failed=False, packages_select_by_dep=None, packages_select_regex=None, packages_select_test_failures=False, packages_skip=None, packages_skip_build_finished=False, packages_skip_by_dep=None, packages_skip_regex=None, packages_skip_test_passed=False, packages_skip_up_to=None, packages_start=None, packages_up_to=None, packages_up_to_regex=None, parallel_workers=1, paths=None, symlink_install=False, test_result_base=None, verb_extension=<colcon_core.verb.build.BuildVerb object at 0x7f2298a7b400>, verb_name='build', verb_parser=<colcon_mixin.mixin.mixin_argument.MixinArgumentDecorator object at 0x7f22989c6220>)
[4.107s] Level 1:colcon.colcon_core.package_discovery:discover_packages(colcon_meta) check parameters
[4.108s] Level 1:colcon.colcon_core.package_discovery:discover_packages(recursive) check parameters
[4.108s] Level 1:colcon.colcon_core.package_discovery:discover_packages(ignore) check parameters
[4.108s] Level 1:colcon.colcon_core.package_discovery:discover_packages(path) check parameters
[4.108s] Level 1:colcon.colcon_core.package_discovery:discover_packages(colcon_meta) discover
[4.109s] Level 1:colcon.colcon_core.package_discovery:discover_packages(recursive) discover
[4.109s] INFO:colcon.colcon_core.package_discovery:Crawling recursively for packages in '/home/deylahm/Desktop/ros2'
[4.109s] Level 1:colcon.colcon_core.package_identification:_identify(.) by extensions ['ignore', 'ignore_ament_install']
[4.110s] Level 1:colcon.colcon_core.package_identification:_identify(.) by extension 'ignore'
[4.110s] Level 1:colcon.colcon_core.package_identification:_identify(.) by extension 'ignore_ament_install'
[4.115s] Level 1:colcon.colcon_core.package_identification:_identify(.) by extensions ['colcon_pkg']
[4.115s] Level 1:colcon.colcon_core.package_identification:_identify(.) by extension 'colcon_pkg'
[4.115s] Level 1:colcon.colcon_core.package_identification:_identify(.) by extensions ['colcon_meta']
[4.115s] Level 1:colcon.colcon_core.package_identification:_identify(.) by extension 'colcon_meta'
[4.116s] Level 1:colcon.colcon_core.package_identification:_identify(.) by extensions ['ros']
[4.116s] Level 1:colcon.colcon_core.package_identification:_identify(.) by extension 'ros'
[4.311s] Level 1:colcon.colcon_core.package_identification:_identify(.) by extensions ['cmake', 'python']
[4.312s] Level 1:colcon.colcon_core.package_identification:_identify(.) by extension 'cmake'
[4.312s] Level 1:colcon.colcon_core.package_identification:_identify(.) by extension 'python'
[4.312s] Level 1:colcon.colcon_core.package_identification:_identify(.) by extensions ['python_setup_py']
[4.312s] Level 1:colcon.colcon_core.package_identification:_identify(.) by extension 'python_setup_py'
[4.313s] Level 1:colcon.colcon_core.package_identification:_identify(build) by extensions ['ignore', 'ignore_ament_install']
[4.313s] Level 1:colcon.colcon_core.package_identification:_identify(build) by extension 'ignore'
[4.313s] Level 1:colcon.colcon_core.package_identification:_identify(build) ignored
[4.314s] Level 1:colcon.colcon_core.package_identification:_identify(install) by extensions ['ignore', 'ignore_ament_install']
[4.319s] Level 1:colcon.colcon_core.package_identification:_identify(install) by extension 'ignore'
[4.319s] Level 1:colcon.colcon_core.package_identification:_identify(install) ignored
[4.320s] Level 1:colcon.colcon_core.package_identification:_identify(log) by extensions ['ignore', 'ignore_ament_install']
[4.320s] Level 1:colcon.colcon_core.package_identification:_identify(log) by extension 'ignore'
[4.320s] Level 1:colcon.colcon_core.package_identification:_identify(log) ignored
[4.320s] Level 1:colcon.colcon_core.package_identification:_identify(src) by extensions ['ignore', 'ignore_ament_install']
[4.321s] Level 1:colcon.colcon_core.package_identification:_identify(src) by extension 'ignore'
[4.321s] Level 1:colcon.colcon_core.package_identification:_identify(src) by extension 'ignore_ament_install'
[4.321s] Level 1:colcon.colcon_core.package_identification:_identify(src) by extensions ['colcon_pkg']
[4.321s] Level 1:colcon.colcon_core.package_identification:_identify(src) by extension 'colcon_pkg'
[4.322s] Level 1:colcon.colcon_core.package_identification:_identify(src) by extensions ['colcon_meta']
[4.322s] Level 1:colcon.colcon_core.package_identification:_identify(src) by extension 'colcon_meta'
[4.322s] Level 1:colcon.colcon_core.package_identification:_identify(src) by extensions ['ros']
[4.322s] Level 1:colcon.colcon_core.package_identification:_identify(src) by extension 'ros'
[4.328s] Level 1:colcon.colcon_core.package_identification:_identify(src) by extensions ['cmake', 'python']
[4.328s] Level 1:colcon.colcon_core.package_identification:_identify(src) by extension 'cmake'
[4.328s] Level 1:colcon.colcon_core.package_identification:_identify(src) by extension 'python'
[4.328s] Level 1:colcon.colcon_core.package_identification:_identify(src) by extensions ['python_setup_py']
[4.328s] Level 1:colcon.colcon_core.package_identification:_identify(src) by extension 'python_setup_py'
[4.329s] Level 1:colcon.colcon_core.package_identification:_identify(src/occupancy_grid_demo) by extensions ['ignore', 'ignore_ament_install']
[4.329s] Level 1:colcon.colcon_core.package_identification:_identify(src/occupancy_grid_demo) by extension 'ignore'
[4.329s] Level 1:colcon.colcon_core.package_identification:_identify(src/occupancy_grid_demo) by extension 'ignore_ament_install'
[4.330s] Level 1:colcon.colcon_core.package_identification:_identify(src/occupancy_grid_demo) by extensions ['colcon_pkg']
[4.330s] Level 1:colcon.colcon_core.package_identification:_identify(src/occupancy_grid_demo) by extension 'colcon_pkg'
[4.330s] Level 1:colcon.colcon_core.package_identification:_identify(src/occupancy_grid_demo) by extensions ['colcon_meta']
[4.330s] Level 1:colcon.colcon_core.package_identification:_identify(src/occupancy_grid_demo) by extension 'colcon_meta'
[4.335s] Level 1:colcon.colcon_core.package_identification:_identify(src/occupancy_grid_demo) by extensions ['ros']
[4.335s] Level 1:colcon.colcon_core.package_identification:_identify(src/occupancy_grid_demo) by extension 'ros'
[4.362s] DEBUG:colcon.colcon_core.package_identification:Package 'src/occupancy_grid_demo' with type 'ros.ament_python' and name 'occupancy_grid_demo'
[4.362s] Level 1:colcon.colcon_core.package_discovery:discover_packages(recursive) using defaults
[4.363s] Level 1:colcon.colcon_core.package_discovery:discover_packages(ignore) discover
[4.363s] Level 1:colcon.colcon_core.package_discovery:discover_packages(ignore) using defaults
[4.363s] Level 1:colcon.colcon_core.package_discovery:discover_packages(path) discover
[4.363s] Level 1:colcon.colcon_core.package_discovery:discover_packages(path) using defaults
[4.584s] Level 1:colcon.colcon_core.package_discovery:discover_packages(prefix_path) check parameters
[4.584s] Level 1:colcon.colcon_core.package_discovery:discover_packages(prefix_path) discover
[4.657s] DEBUG:colcon.colcon_installed_package_information.package_discovery:Found 270 installed packages in /opt/ros/foxy
[4.709s] Level 1:colcon.colcon_core.package_discovery:discover_packages(prefix_path) using defaults
[5.376s] Level 5:colcon.colcon_core.verb:set package 'occupancy_grid_demo' build argument 'cmake_args' from command line to 'None'
[5.376s] Level 5:colcon.colcon_core.verb:set package 'occupancy_grid_demo' build argument 'cmake_target' from command line to 'None'
[5.376s] Level 5:colcon.colcon_core.verb:set package 'occupancy_grid_demo' build argument 'cmake_target_skip_unavailable' from command line to 'False'
[5.376s] Level 5:colcon.colcon_core.verb:set package 'occupancy_grid_demo' build argument 'cmake_clean_cache' from command line to 'False'
[5.376s] Level 5:colcon.colcon_core.verb:set package 'occupancy_grid_demo' build argument 'cmake_clean_first' from command line to 'False'
[5.377s] Level 5:colcon.colcon_core.verb:set package 'occupancy_grid_demo' build argument 'cmake_force_configure' from command line to 'False'
[5.377s] Level 5:colcon.colcon_core.verb:set package 'occupancy_grid_demo' build argument 'ament_cmake_args' from command line to 'None'
[5.377s] Level 5:colcon.colcon_core.verb:set package 'occupancy_grid_demo' build argument 'catkin_cmake_args' from command line to 'None'
[5.377s] Level 5:colcon.colcon_core.verb:set package 'occupancy_grid_demo' build argument 'catkin_skip_building_tests' from command line to 'False'
[5.377s] DEBUG:colcon.colcon_core.verb:Building package 'occupancy_grid_demo' with the following arguments: {'ament_cmake_args': None, 'build_base': '/home/deylahm/Desktop/ros2/build/occupancy_grid_demo', 'catkin_cmake_args': None, 'catkin_skip_building_tests': False, 'cmake_args': None, 'cmake_clean_cache': False, 'cmake_clean_first': False, 'cmake_force_configure': False, 'cmake_target': None, 'cmake_target_skip_unavailable': False, 'install_base': '/home/deylahm/Desktop/ros2/install/occupancy_grid_demo', 'merge_install': False, 'path': '/home/deylahm/Desktop/ros2/src/occupancy_grid_demo', 'symlink_install': False, 'test_result_base': None}
[5.378s] INFO:colcon.colcon_core.executor:Executing jobs using 'parallel' executor
[5.381s] DEBUG:colcon.colcon_parallel_executor.executor.parallel:run_until_complete
[5.382s] INFO:colcon.colcon_ros.task.ament_python.build:Building ROS package in '/home/deylahm/Desktop/ros2/src/occupancy_grid_demo' with build type 'ament_python'
[5.383s] Level 1:colcon.colcon_core.shell:create_environment_hook('occupancy_grid_demo', 'ament_prefix_path')
[5.407s] INFO:colcon.colcon_core.plugin_system:Skipping extension 'colcon_core.shell.bat': Not used on non-Windows systems
[5.409s] INFO:colcon.colcon_core.shell:Creating environment hook '/home/deylahm/Desktop/ros2/install/occupancy_grid_demo/share/occupancy_grid_demo/hook/ament_prefix_path.ps1'
[5.418s] INFO:colcon.colcon_core.shell:Creating environment descriptor '/home/deylahm/Desktop/ros2/install/occupancy_grid_demo/share/occupancy_grid_demo/hook/ament_prefix_path.dsv'
[5.429s] INFO:colcon.colcon_core.shell:Creating environment hook '/home/deylahm/Desktop/ros2/install/occupancy_grid_demo/share/occupancy_grid_demo/hook/ament_prefix_path.sh'
[5.437s] INFO:colcon.colcon_core.shell:Skip shell extension 'powershell' for command environment: Not usable outside of PowerShell
[5.437s] DEBUG:colcon.colcon_core.shell:Skip shell extension 'dsv' for command environment
[8.058s] INFO:colcon.colcon_core.task.python.build:Building Python package in '/home/deylahm/Desktop/ros2/src/occupancy_grid_demo'
[8.065s] INFO:colcon.colcon_core.shell:Skip shell extension 'powershell' for command environment: Not usable outside of PowerShell
[8.066s] DEBUG:colcon.colcon_core.shell:Skip shell extension 'dsv' for command environment
[12.486s] DEBUG:colcon.colcon_core.event_handler.log_command:Invoking command in '/home/deylahm/Desktop/ros2/src/occupancy_grid_demo': PYTHONPATH=/home/deylahm/Desktop/ros2/build/occupancy_grid_demo/prefix_override:/usr/lib/python3/dist-packages/colcon_core/task/python/colcon_distutils_commands:/home/deylahm/Desktop/ros2/install/occupancy_grid_demo/lib/python3.8/site-packages:${PYTHONPATH} /usr/bin/python3 -W ignore:setup.py install is deprecated setup.py egg_info --egg-base ../../build/occupancy_grid_demo build --build-base /home/deylahm/Desktop/ros2/build/occupancy_grid_demo/build install --record /home/deylahm/Desktop/ros2/build/occupancy_grid_demo/install.log --install-scripts $base/lib/occupancy_grid_demo --single-version-externally-managed install_data
[15.969s] DEBUG:colcon.colcon_core.event_handler.log_command:Invoked command in '/home/deylahm/Desktop/ros2/src/occupancy_grid_demo' returned '0': PYTHONPATH=/home/deylahm/Desktop/ros2/build/occupancy_grid_demo/prefix_override:/usr/lib/python3/dist-packages/colcon_core/task/python/colcon_distutils_commands:/home/deylahm/Desktop/ros2/install/occupancy_grid_demo/lib/python3.8/site-packages:${PYTHONPATH} /usr/bin/python3 -W ignore:setup.py install is deprecated setup.py egg_info --egg-base ../../build/occupancy_grid_demo build --build-base /home/deylahm/Desktop/ros2/build/occupancy_grid_demo/build install --record /home/deylahm/Desktop/ros2/build/occupancy_grid_demo/install.log --install-scripts $base/lib/occupancy_grid_demo --single-version-externally-managed install_data
[16.018s] Level 1:colcon.colcon_core.environment:checking '/home/deylahm/Desktop/ros2/install/occupancy_grid_demo' for CMake module files
[16.025s] Level 1:colcon.colcon_core.environment:checking '/home/deylahm/Desktop/ros2/install/occupancy_grid_demo' for CMake config files
[16.039s] Level 1:colcon.colcon_core.environment:checking '/home/deylahm/Desktop/ros2/install/occupancy_grid_demo/lib'
[16.040s] Level 1:colcon.colcon_core.environment:checking '/home/deylahm/Desktop/ros2/install/occupancy_grid_demo/bin'
[16.041s] Level 1:colcon.colcon_core.environment:checking '/home/deylahm/Desktop/ros2/install/occupancy_grid_demo/lib/pkgconfig/occupancy_grid_demo.pc'
[16.042s] Level 1:colcon.colcon_core.environment:checking '/home/deylahm/Desktop/ros2/install/occupancy_grid_demo/lib/python3.8/site-packages'
[16.047s] Level 1:colcon.colcon_core.shell:create_environment_hook('occupancy_grid_demo', 'pythonpath')
[16.048s] INFO:colcon.colcon_core.shell:Creating environment hook '/home/deylahm/Desktop/ros2/install/occupancy_grid_demo/share/occupancy_grid_demo/hook/pythonpath.ps1'
[16.056s] INFO:colcon.colcon_core.shell:Creating environment descriptor '/home/deylahm/Desktop/ros2/install/occupancy_grid_demo/share/occupancy_grid_demo/hook/pythonpath.dsv'
[16.089s] INFO:colcon.colcon_core.shell:Creating environment hook '/home/deylahm/Desktop/ros2/install/occupancy_grid_demo/share/occupancy_grid_demo/hook/pythonpath.sh'
[16.092s] Level 1:colcon.colcon_core.environment:checking '/home/deylahm/Desktop/ros2/install/occupancy_grid_demo/bin'
[16.093s] Level 1:colcon.colcon_core.environment:create_environment_scripts_only(occupancy_grid_demo)
[16.095s] INFO:colcon.colcon_core.shell:Creating package script '/home/deylahm/Desktop/ros2/install/occupancy_grid_demo/share/occupancy_grid_demo/package.ps1'
[16.107s] INFO:colcon.colcon_core.shell:Creating package descriptor '/home/deylahm/Desktop/ros2/install/occupancy_grid_demo/share/occupancy_grid_demo/package.dsv'
[16.112s] INFO:colcon.colcon_core.shell:Creating package script '/home/deylahm/Desktop/ros2/install/occupancy_grid_demo/share/occupancy_grid_demo/package.sh'
[16.131s] INFO:colcon.colcon_core.shell:Creating package script '/home/deylahm/Desktop/ros2/install/occupancy_grid_demo/share/occupancy_grid_demo/package.bash'
[16.144s] INFO:colcon.colcon_core.shell:Creating package script '/home/deylahm/Desktop/ros2/install/occupancy_grid_demo/share/occupancy_grid_demo/package.zsh'
[16.156s] Level 1:colcon.colcon_core.environment:create_file_with_runtime_dependencies(/home/deylahm/Desktop/ros2/install/occupancy_grid_demo/share/colcon-core/packages/occupancy_grid_demo)
[16.163s] DEBUG:colcon.colcon_parallel_executor.executor.parallel:closing loop
[16.164s] DEBUG:colcon.colcon_parallel_executor.executor.parallel:loop closed
[16.164s] DEBUG:colcon.colcon_parallel_executor.executor.parallel:run_until_complete finished with '0'
[16.165s] DEBUG:colcon.colcon_core.event_reactor:joining thread
[16.319s] INFO:colcon.colcon_core.plugin_system:Skipping extension 'colcon_notification.desktop_notification.terminal_notifier': Not used on non-Darwin systems
[16.319s] INFO:colcon.colcon_core.plugin_system:Skipping extension 'colcon_notification.desktop_notification.win32': Not used on non-Windows systems
[16.320s] INFO:colcon.colcon_notification.desktop_notification:Sending desktop notification using 'notify2'
[16.675s] DEBUG:colcon.colcon_core.event_reactor:joined thread
[16.679s] INFO:colcon.colcon_core.shell:Creating prefix script '/home/deylahm/Desktop/ros2/install/local_setup.ps1'
[16.694s] INFO:colcon.colcon_core.shell:Creating prefix util module '/home/deylahm/Desktop/ros2/install/_local_setup_util_ps1.py'
[16.728s] INFO:colcon.colcon_core.shell:Creating prefix chain script '/home/deylahm/Desktop/ros2/install/setup.ps1'
[16.757s] INFO:colcon.colcon_core.shell:Creating prefix script '/home/deylahm/Desktop/ros2/install/local_setup.sh'
[16.767s] INFO:colcon.colcon_core.shell:Creating prefix util module '/home/deylahm/Desktop/ros2/install/_local_setup_util_sh.py'
[16.775s] INFO:colcon.colcon_core.shell:Creating prefix chain script '/home/deylahm/Desktop/ros2/install/setup.sh'
[16.799s] INFO:colcon.colcon_core.shell:Creating prefix script '/home/deylahm/Desktop/ros2/install/local_setup.bash'
[16.815s] INFO:colcon.colcon_core.shell:Creating prefix chain script '/home/deylahm/Desktop/ros2/install/setup.bash'
[16.831s] INFO:colcon.colcon_core.shell:Creating prefix script '/home/deylahm/Desktop/ros2/install/local_setup.zsh'
[16.847s] INFO:colcon.colcon_core.shell:Creating prefix chain script '/home/deylahm/Desktop/ros2/install/setup.zsh'
