[8.416s] Invoking command in '/home/deylahm/Desktop/ros2 (copy)/src/holonomic_robot': PYTHONPATH=/home/deylahm/Desktop/ros2 (copy)/build/holonomic_robot/prefix_override:/usr/lib/python3/dist-packages/colcon_core/task/python/colcon_distutils_commands:/home/deylahm/Desktop/ros2 (copy)/install/holonomic_robot/lib/python3.8/site-packages:${PYTHONPATH} /usr/bin/python3 -W ignore:setup.py install is deprecated setup.py egg_info --egg-base ../../build/holonomic_robot build --build-base /home/deylahm/Desktop/ros2 (copy)/build/holonomic_robot/build install --record /home/deylahm/Desktop/ros2 (copy)/build/holonomic_robot/install.log --install-scripts $base/lib/holonomic_robot --single-version-externally-managed install_data
[9.960s] running egg_info
[9.964s] writing ../../build/holonomic_robot/holonomic_robot.egg-info/PKG-INFO
[9.967s] writing dependency_links to ../../build/holonomic_robot/holonomic_robot.egg-info/dependency_links.txt
[9.969s] writing entry points to ../../build/holonomic_robot/holonomic_robot.egg-info/entry_points.txt
[9.972s] writing requirements to ../../build/holonomic_robot/holonomic_robot.egg-info/requires.txt
[9.973s] writing top-level names to ../../build/holonomic_robot/holonomic_robot.egg-info/top_level.txt
[10.383s] reading manifest file '../../build/holonomic_robot/holonomic_robot.egg-info/SOURCES.txt'
[10.394s] writing manifest file '../../build/holonomic_robot/holonomic_robot.egg-info/SOURCES.txt'
[10.399s] running build
[10.400s] running build_py
[10.411s] running install
[10.427s] running install_lib
[10.443s] running install_data
[10.455s] running install_egg_info
[10.476s] removing '/home/deylahm/Desktop/ros2 (copy)/install/holonomic_robot/lib/python3.8/site-packages/holonomic_robot-0.0.0-py3.8.egg-info' (and everything under it)
[10.488s] Copying ../../build/holonomic_robot/holonomic_robot.egg-info to /home/deylahm/Desktop/ros2 (copy)/install/holonomic_robot/lib/python3.8/site-packages/holonomic_robot-0.0.0-py3.8.egg-info
[10.504s] running install_scripts
[10.711s] writing list of installed files to '/home/deylahm/Desktop/ros2 (copy)/build/holonomic_robot/install.log'
[10.894s] Invoked command in '/home/deylahm/Desktop/ros2 (copy)/src/holonomic_robot' returned '0': PYTHONPATH=/home/deylahm/Desktop/ros2 (copy)/build/holonomic_robot/prefix_override:/usr/lib/python3/dist-packages/colcon_core/task/python/colcon_distutils_commands:/home/deylahm/Desktop/ros2 (copy)/install/holonomic_robot/lib/python3.8/site-packages:${PYTHONPATH} /usr/bin/python3 -W ignore:setup.py install is deprecated setup.py egg_info --egg-base ../../build/holonomic_robot build --build-base /home/deylahm/Desktop/ros2 (copy)/build/holonomic_robot/build install --record /home/deylahm/Desktop/ros2 (copy)/build/holonomic_robot/install.log --install-scripts $base/lib/holonomic_robot --single-version-externally-managed install_data
