[1.645s] DEBUG:colcon:Command line arguments: ['/usr/bin/colcon', 'build']
[1.646s] DEBUG:colcon:Parsed command line arguments: Namespace(allow_overriding=[], ament_cmake_args=None, base_paths=['.'], build_base='build', catkin_cmake_args=None, catkin_skip_building_tests=False, cmake_args=None, cmake_clean_cache=False, cmake_clean_first=False, cmake_force_configure=False, cmake_target=None, cmake_target_skip_unavailable=False, continue_on_error=False, event_handlers=None, executor='parallel', ignore_user_meta=False, install_base='install', log_base=None, log_level=None, main=<bound method BuildVerb.main of <colcon_core.verb.build.BuildVerb object at 0x7f78b00aba90>>, merge_install=False, metas=['./colcon.meta'], mixin=None, mixin_files=None, mixin_verb=('build',), packages_above=None, packages_above_and_dependencies=None, packages_above_depth=None, packages_end=None, packages_ignore=None, packages_ignore_regex=None, packages_select=None, packages_select_build_failed=False, packages_select_by_dep=None, packages_select_regex=None, packages_select_test_failures=False, packages_skip=None, packages_skip_build_finished=False, packages_skip_by_dep=None, packages_skip_regex=None, packages_skip_test_passed=False, packages_skip_up_to=None, packages_start=None, packages_up_to=None, packages_up_to_regex=None, parallel_workers=1, paths=None, symlink_install=False, test_result_base=None, verb_extension=<colcon_core.verb.build.BuildVerb object at 0x7f78b00aba90>, verb_name='build', verb_parser=<colcon_mixin.mixin.mixin_argument.MixinArgumentDecorator object at 0x7f78aff6e9a0>)
[3.827s] Level 1:colcon.colcon_core.package_discovery:discover_packages(colcon_meta) check parameters
[3.828s] Level 1:colcon.colcon_core.package_discovery:discover_packages(recursive) check parameters
[3.829s] Level 1:colcon.colcon_core.package_discovery:discover_packages(ignore) check parameters
[3.829s] Level 1:colcon.colcon_core.package_discovery:discover_packages(path) check parameters
[3.830s] Level 1:colcon.colcon_core.package_discovery:discover_packages(colcon_meta) discover
[3.831s] Level 1:colcon.colcon_core.package_discovery:discover_packages(recursive) discover
[3.831s] INFO:colcon.colcon_core.package_discovery:Crawling recursively for packages in '/home/deylahm/Desktop/ros2 (copy)'
[3.832s] Level 1:colcon.colcon_core.package_identification:_identify(.) by extensions ['ignore', 'ignore_ament_install']
[3.832s] Level 1:colcon.colcon_core.package_identification:_identify(.) by extension 'ignore'
[3.833s] Level 1:colcon.colcon_core.package_identification:_identify(.) by extension 'ignore_ament_install'
[3.833s] Level 1:colcon.colcon_core.package_identification:_identify(.) by extensions ['colcon_pkg']
[3.833s] Level 1:colcon.colcon_core.package_identification:_identify(.) by extension 'colcon_pkg'
[3.833s] Level 1:colcon.colcon_core.package_identification:_identify(.) by extensions ['colcon_meta']
[3.834s] Level 1:colcon.colcon_core.package_identification:_identify(.) by extension 'colcon_meta'
[3.834s] Level 1:colcon.colcon_core.package_identification:_identify(.) by extensions ['ros']
[3.834s] Level 1:colcon.colcon_core.package_identification:_identify(.) by extension 'ros'
[3.893s] Level 1:colcon.colcon_core.package_identification:_identify(.) by extensions ['cmake', 'python']
[3.894s] Level 1:colcon.colcon_core.package_identification:_identify(.) by extension 'cmake'
[3.895s] Level 1:colcon.colcon_core.package_identification:_identify(.) by extension 'python'
[3.896s] Level 1:colcon.colcon_core.package_identification:_identify(.) by extensions ['python_setup_py']
[3.896s] Level 1:colcon.colcon_core.package_identification:_identify(.) by extension 'python_setup_py'
[3.897s] Level 1:colcon.colcon_core.package_identification:_identify(build) by extensions ['ignore', 'ignore_ament_install']
[3.898s] Level 1:colcon.colcon_core.package_identification:_identify(build) by extension 'ignore'
[3.899s] Level 1:colcon.colcon_core.package_identification:_identify(build) ignored
[3.900s] Level 1:colcon.colcon_core.package_identification:_identify(install) by extensions ['ignore', 'ignore_ament_install']
[3.901s] Level 1:colcon.colcon_core.package_identification:_identify(install) by extension 'ignore'
[3.901s] Level 1:colcon.colcon_core.package_identification:_identify(install) ignored
[3.902s] Level 1:colcon.colcon_core.package_identification:_identify(log) by extensions ['ignore', 'ignore_ament_install']
[3.902s] Level 1:colcon.colcon_core.package_identification:_identify(log) by extension 'ignore'
[3.902s] Level 1:colcon.colcon_core.package_identification:_identify(log) ignored
[3.902s] Level 1:colcon.colcon_core.package_identification:_identify(src) by extensions ['ignore', 'ignore_ament_install']
[3.906s] Level 1:colcon.colcon_core.package_identification:_identify(src) by extension 'ignore'
[3.906s] Level 1:colcon.colcon_core.package_identification:_identify(src) by extension 'ignore_ament_install'
[3.906s] Level 1:colcon.colcon_core.package_identification:_identify(src) by extensions ['colcon_pkg']
[3.906s] Level 1:colcon.colcon_core.package_identification:_identify(src) by extension 'colcon_pkg'
[3.907s] Level 1:colcon.colcon_core.package_identification:_identify(src) by extensions ['colcon_meta']
[3.907s] Level 1:colcon.colcon_core.package_identification:_identify(src) by extension 'colcon_meta'
[3.907s] Level 1:colcon.colcon_core.package_identification:_identify(src) by extensions ['ros']
[3.907s] Level 1:colcon.colcon_core.package_identification:_identify(src) by extension 'ros'
[3.909s] Level 1:colcon.colcon_core.package_identification:_identify(src) by extensions ['cmake', 'python']
[3.909s] Level 1:colcon.colcon_core.package_identification:_identify(src) by extension 'cmake'
[3.909s] Level 1:colcon.colcon_core.package_identification:_identify(src) by extension 'python'
[3.909s] Level 1:colcon.colcon_core.package_identification:_identify(src) by extensions ['python_setup_py']
[3.910s] Level 1:colcon.colcon_core.package_identification:_identify(src) by extension 'python_setup_py'
[3.910s] Level 1:colcon.colcon_core.package_identification:_identify(src/holonomic_robot) by extensions ['ignore', 'ignore_ament_install']
[3.910s] Level 1:colcon.colcon_core.package_identification:_identify(src/holonomic_robot) by extension 'ignore'
[3.910s] Level 1:colcon.colcon_core.package_identification:_identify(src/holonomic_robot) by extension 'ignore_ament_install'
[3.911s] Level 1:colcon.colcon_core.package_identification:_identify(src/holonomic_robot) by extensions ['colcon_pkg']
[3.911s] Level 1:colcon.colcon_core.package_identification:_identify(src/holonomic_robot) by extension 'colcon_pkg'
[3.911s] Level 1:colcon.colcon_core.package_identification:_identify(src/holonomic_robot) by extensions ['colcon_meta']
[3.911s] Level 1:colcon.colcon_core.package_identification:_identify(src/holonomic_robot) by extension 'colcon_meta'
[3.911s] Level 1:colcon.colcon_core.package_identification:_identify(src/holonomic_robot) by extensions ['ros']
[3.912s] Level 1:colcon.colcon_core.package_identification:_identify(src/holonomic_robot) by extension 'ros'
[3.923s] DEBUG:colcon.colcon_core.package_identification:Package 'src/holonomic_robot' with type 'ros.ament_python' and name 'holonomic_robot'
[3.924s] Level 1:colcon.colcon_core.package_identification:_identify(src/occupancy_grid_demo) by extensions ['ignore', 'ignore_ament_install']
[3.925s] Level 1:colcon.colcon_core.package_identification:_identify(src/occupancy_grid_demo) by extension 'ignore'
[3.926s] Level 1:colcon.colcon_core.package_identification:_identify(src/occupancy_grid_demo) by extension 'ignore_ament_install'
[3.926s] Level 1:colcon.colcon_core.package_identification:_identify(src/occupancy_grid_demo) by extensions ['colcon_pkg']
[3.927s] Level 1:colcon.colcon_core.package_identification:_identify(src/occupancy_grid_demo) by extension 'colcon_pkg'
[3.928s] Level 1:colcon.colcon_core.package_identification:_identify(src/occupancy_grid_demo) by extensions ['colcon_meta']
[3.929s] Level 1:colcon.colcon_core.package_identification:_identify(src/occupancy_grid_demo) by extension 'colcon_meta'
[3.929s] Level 1:colcon.colcon_core.package_identification:_identify(src/occupancy_grid_demo) by extensions ['ros']
[3.930s] Level 1:colcon.colcon_core.package_identification:_identify(src/occupancy_grid_demo) by extension 'ros'
[3.932s] DEBUG:colcon.colcon_core.package_identification:Package 'src/occupancy_grid_demo' with type 'ros.ament_python' and name 'occupancy_grid_demo'
[3.933s] Level 1:colcon.colcon_core.package_discovery:discover_packages(recursive) using defaults
[3.933s] Level 1:colcon.colcon_core.package_discovery:discover_packages(ignore) discover
[3.934s] Level 1:colcon.colcon_core.package_discovery:discover_packages(ignore) using defaults
[3.934s] Level 1:colcon.colcon_core.package_discovery:discover_packages(path) discover
[3.935s] Level 1:colcon.colcon_core.package_discovery:discover_packages(path) using defaults
[4.002s] Level 1:colcon.colcon_core.package_discovery:discover_packages(prefix_path) check parameters
[4.003s] Level 1:colcon.colcon_core.package_discovery:discover_packages(prefix_path) discover
[4.009s] DEBUG:colcon.colcon_installed_package_information.package_discovery:Found 2 installed packages in /home/deylahm/Desktop/ros2 (copy)/install
[4.014s] DEBUG:colcon.colcon_installed_package_information.package_discovery:Found 277 installed packages in /opt/ros/foxy
[4.022s] Level 1:colcon.colcon_core.package_discovery:discover_packages(prefix_path) using defaults
[4.434s] Level 5:colcon.colcon_core.verb:set package 'holonomic_robot' build argument 'cmake_args' from command line to 'None'
[4.435s] Level 5:colcon.colcon_core.verb:set package 'holonomic_robot' build argument 'cmake_target' from command line to 'None'
[4.435s] Level 5:colcon.colcon_core.verb:set package 'holonomic_robot' build argument 'cmake_target_skip_unavailable' from command line to 'False'
[4.436s] Level 5:colcon.colcon_core.verb:set package 'holonomic_robot' build argument 'cmake_clean_cache' from command line to 'False'
[4.436s] Level 5:colcon.colcon_core.verb:set package 'holonomic_robot' build argument 'cmake_clean_first' from command line to 'False'
[4.437s] Level 5:colcon.colcon_core.verb:set package 'holonomic_robot' build argument 'cmake_force_configure' from command line to 'False'
[4.437s] Level 5:colcon.colcon_core.verb:set package 'holonomic_robot' build argument 'ament_cmake_args' from command line to 'None'
[4.438s] Level 5:colcon.colcon_core.verb:set package 'holonomic_robot' build argument 'catkin_cmake_args' from command line to 'None'
[4.438s] Level 5:colcon.colcon_core.verb:set package 'holonomic_robot' build argument 'catkin_skip_building_tests' from command line to 'False'
[4.438s] DEBUG:colcon.colcon_core.verb:Building package 'holonomic_robot' with the following arguments: {'ament_cmake_args': None, 'build_base': '/home/deylahm/Desktop/ros2 (copy)/build/holonomic_robot', 'catkin_cmake_args': None, 'catkin_skip_building_tests': False, 'cmake_args': None, 'cmake_clean_cache': False, 'cmake_clean_first': False, 'cmake_force_configure': False, 'cmake_target': None, 'cmake_target_skip_unavailable': False, 'install_base': '/home/deylahm/Desktop/ros2 (copy)/install/holonomic_robot', 'merge_install': False, 'path': '/home/deylahm/Desktop/ros2 (copy)/src/holonomic_robot', 'symlink_install': False, 'test_result_base': None}
[4.439s] Level 5:colcon.colcon_core.verb:set package 'occupancy_grid_demo' build argument 'cmake_args' from command line to 'None'
[4.439s] Level 5:colcon.colcon_core.verb:set package 'occupancy_grid_demo' build argument 'cmake_target' from command line to 'None'
[4.439s] Level 5:colcon.colcon_core.verb:set package 'occupancy_grid_demo' build argument 'cmake_target_skip_unavailable' from command line to 'False'
[4.439s] Level 5:colcon.colcon_core.verb:set package 'occupancy_grid_demo' build argument 'cmake_clean_cache' from command line to 'False'
[4.443s] Level 5:colcon.colcon_core.verb:set package 'occupancy_grid_demo' build argument 'cmake_clean_first' from command line to 'False'
[4.444s] Level 5:colcon.colcon_core.verb:set package 'occupancy_grid_demo' build argument 'cmake_force_configure' from command line to 'False'
[4.444s] Level 5:colcon.colcon_core.verb:set package 'occupancy_grid_demo' build argument 'ament_cmake_args' from command line to 'None'
[4.445s] Level 5:colcon.colcon_core.verb:set package 'occupancy_grid_demo' build argument 'catkin_cmake_args' from command line to 'None'
[4.445s] Level 5:colcon.colcon_core.verb:set package 'occupancy_grid_demo' build argument 'catkin_skip_building_tests' from command line to 'False'
[4.446s] DEBUG:colcon.colcon_core.verb:Building package 'occupancy_grid_demo' with the following arguments: {'ament_cmake_args': None, 'build_base': '/home/deylahm/Desktop/ros2 (copy)/build/occupancy_grid_demo', 'catkin_cmake_args': None, 'catkin_skip_building_tests': False, 'cmake_args': None, 'cmake_clean_cache': False, 'cmake_clean_first': False, 'cmake_force_configure': False, 'cmake_target': None, 'cmake_target_skip_unavailable': False, 'install_base': '/home/deylahm/Desktop/ros2 (copy)/install/occupancy_grid_demo', 'merge_install': False, 'path': '/home/deylahm/Desktop/ros2 (copy)/src/occupancy_grid_demo', 'symlink_install': False, 'test_result_base': None}
[4.447s] INFO:colcon.colcon_core.executor:Executing jobs using 'parallel' executor
[4.449s] DEBUG:colcon.colcon_parallel_executor.executor.parallel:run_until_complete
[4.454s] INFO:colcon.colcon_ros.task.ament_python.build:Building ROS package in '/home/deylahm/Desktop/ros2 (copy)/src/holonomic_robot' with build type 'ament_python'
[4.455s] Level 1:colcon.colcon_core.shell:create_environment_hook('holonomic_robot', 'ament_prefix_path')
[4.478s] INFO:colcon.colcon_core.plugin_system:Skipping extension 'colcon_core.shell.bat': Not used on non-Windows systems
[4.482s] INFO:colcon.colcon_core.shell:Creating environment hook '/home/deylahm/Desktop/ros2 (copy)/install/holonomic_robot/share/holonomic_robot/hook/ament_prefix_path.ps1'
[4.493s] INFO:colcon.colcon_core.shell:Creating environment descriptor '/home/deylahm/Desktop/ros2 (copy)/install/holonomic_robot/share/holonomic_robot/hook/ament_prefix_path.dsv'
[4.497s] INFO:colcon.colcon_core.shell:Creating environment hook '/home/deylahm/Desktop/ros2 (copy)/install/holonomic_robot/share/holonomic_robot/hook/ament_prefix_path.sh'
[4.508s] INFO:colcon.colcon_core.shell:Skip shell extension 'powershell' for command environment: Not usable outside of PowerShell
[4.509s] DEBUG:colcon.colcon_core.shell:Skip shell extension 'dsv' for command environment
[7.799s] INFO:colcon.colcon_core.task.python.build:Building Python package in '/home/deylahm/Desktop/ros2 (copy)/src/holonomic_robot'
[7.806s] INFO:colcon.colcon_core.shell:Skip shell extension 'powershell' for command environment: Not usable outside of PowerShell
[7.807s] DEBUG:colcon.colcon_core.shell:Skip shell extension 'dsv' for command environment
[12.345s] DEBUG:colcon.colcon_core.event_handler.log_command:Invoking command in '/home/deylahm/Desktop/ros2 (copy)/src/holonomic_robot': PYTHONPATH=/home/deylahm/Desktop/ros2 (copy)/build/holonomic_robot/prefix_override:/usr/lib/python3/dist-packages/colcon_core/task/python/colcon_distutils_commands:/home/deylahm/Desktop/ros2 (copy)/install/holonomic_robot/lib/python3.8/site-packages:${PYTHONPATH} /usr/bin/python3 -W ignore:setup.py install is deprecated setup.py egg_info --egg-base ../../build/holonomic_robot build --build-base /home/deylahm/Desktop/ros2 (copy)/build/holonomic_robot/build install --record /home/deylahm/Desktop/ros2 (copy)/build/holonomic_robot/install.log --install-scripts $base/lib/holonomic_robot --single-version-externally-managed install_data
[15.353s] DEBUG:colcon.colcon_core.event_handler.log_command:Invoked command in '/home/deylahm/Desktop/ros2 (copy)/src/holonomic_robot' returned '0': PYTHONPATH=/home/deylahm/Desktop/ros2 (copy)/build/holonomic_robot/prefix_override:/usr/lib/python3/dist-packages/colcon_core/task/python/colcon_distutils_commands:/home/deylahm/Desktop/ros2 (copy)/install/holonomic_robot/lib/python3.8/site-packages:${PYTHONPATH} /usr/bin/python3 -W ignore:setup.py install is deprecated setup.py egg_info --egg-base ../../build/holonomic_robot build --build-base /home/deylahm/Desktop/ros2 (copy)/build/holonomic_robot/build install --record /home/deylahm/Desktop/ros2 (copy)/build/holonomic_robot/install.log --install-scripts $base/lib/holonomic_robot --single-version-externally-managed install_data
[15.370s] Level 1:colcon.colcon_core.environment:checking '/home/deylahm/Desktop/ros2 (copy)/install/holonomic_robot' for CMake module files
[15.382s] Level 1:colcon.colcon_core.environment:checking '/home/deylahm/Desktop/ros2 (copy)/install/holonomic_robot' for CMake config files
[15.397s] Level 1:colcon.colcon_core.environment:checking '/home/deylahm/Desktop/ros2 (copy)/install/holonomic_robot/lib'
[15.398s] Level 1:colcon.colcon_core.environment:checking '/home/deylahm/Desktop/ros2 (copy)/install/holonomic_robot/bin'
[15.398s] Level 1:colcon.colcon_core.environment:checking '/home/deylahm/Desktop/ros2 (copy)/install/holonomic_robot/lib/pkgconfig/holonomic_robot.pc'
[15.399s] Level 1:colcon.colcon_core.environment:checking '/home/deylahm/Desktop/ros2 (copy)/install/holonomic_robot/lib/python3.8/site-packages'
[15.399s] Level 1:colcon.colcon_core.shell:create_environment_hook('holonomic_robot', 'pythonpath')
[15.406s] INFO:colcon.colcon_core.shell:Creating environment hook '/home/deylahm/Desktop/ros2 (copy)/install/holonomic_robot/share/holonomic_robot/hook/pythonpath.ps1'
[15.424s] INFO:colcon.colcon_core.shell:Creating environment descriptor '/home/deylahm/Desktop/ros2 (copy)/install/holonomic_robot/share/holonomic_robot/hook/pythonpath.dsv'
[15.427s] INFO:colcon.colcon_core.shell:Creating environment hook '/home/deylahm/Desktop/ros2 (copy)/install/holonomic_robot/share/holonomic_robot/hook/pythonpath.sh'
[15.429s] Level 1:colcon.colcon_core.environment:checking '/home/deylahm/Desktop/ros2 (copy)/install/holonomic_robot/bin'
[15.430s] Level 1:colcon.colcon_core.environment:create_environment_scripts_only(holonomic_robot)
[15.431s] INFO:colcon.colcon_core.shell:Creating package script '/home/deylahm/Desktop/ros2 (copy)/install/holonomic_robot/share/holonomic_robot/package.ps1'
[15.449s] INFO:colcon.colcon_core.shell:Creating package descriptor '/home/deylahm/Desktop/ros2 (copy)/install/holonomic_robot/share/holonomic_robot/package.dsv'
[15.453s] INFO:colcon.colcon_core.shell:Creating package script '/home/deylahm/Desktop/ros2 (copy)/install/holonomic_robot/share/holonomic_robot/package.sh'
[15.463s] INFO:colcon.colcon_core.shell:Creating package script '/home/deylahm/Desktop/ros2 (copy)/install/holonomic_robot/share/holonomic_robot/package.bash'
[15.476s] INFO:colcon.colcon_core.shell:Creating package script '/home/deylahm/Desktop/ros2 (copy)/install/holonomic_robot/share/holonomic_robot/package.zsh'
[15.493s] Level 1:colcon.colcon_core.environment:create_file_with_runtime_dependencies(/home/deylahm/Desktop/ros2 (copy)/install/holonomic_robot/share/colcon-core/packages/holonomic_robot)
[15.501s] INFO:colcon.colcon_ros.task.ament_python.build:Building ROS package in '/home/deylahm/Desktop/ros2 (copy)/src/occupancy_grid_demo' with build type 'ament_python'
[15.508s] Level 1:colcon.colcon_core.shell:create_environment_hook('occupancy_grid_demo', 'ament_prefix_path')
[15.509s] INFO:colcon.colcon_core.shell:Creating environment hook '/home/deylahm/Desktop/ros2 (copy)/install/occupancy_grid_demo/share/occupancy_grid_demo/hook/ament_prefix_path.ps1'
[15.527s] INFO:colcon.colcon_core.shell:Creating environment descriptor '/home/deylahm/Desktop/ros2 (copy)/install/occupancy_grid_demo/share/occupancy_grid_demo/hook/ament_prefix_path.dsv'
[15.535s] INFO:colcon.colcon_core.shell:Creating environment hook '/home/deylahm/Desktop/ros2 (copy)/install/occupancy_grid_demo/share/occupancy_grid_demo/hook/ament_prefix_path.sh'
[15.537s] INFO:colcon.colcon_core.shell:Skip shell extension 'powershell' for command environment: Not usable outside of PowerShell
[15.537s] DEBUG:colcon.colcon_core.shell:Skip shell extension 'dsv' for command environment
[19.685s] INFO:colcon.colcon_core.task.python.build:Building Python package in '/home/deylahm/Desktop/ros2 (copy)/src/occupancy_grid_demo'
[19.692s] INFO:colcon.colcon_core.shell:Skip shell extension 'powershell' for command environment: Not usable outside of PowerShell
[19.692s] DEBUG:colcon.colcon_core.shell:Skip shell extension 'dsv' for command environment
[24.277s] DEBUG:colcon.colcon_core.event_handler.log_command:Invoking command in '/home/deylahm/Desktop/ros2 (copy)/src/occupancy_grid_demo': PYTHONPATH=/home/deylahm/Desktop/ros2 (copy)/build/occupancy_grid_demo/prefix_override:/usr/lib/python3/dist-packages/colcon_core/task/python/colcon_distutils_commands:/home/deylahm/Desktop/ros2 (copy)/install/occupancy_grid_demo/lib/python3.8/site-packages:${PYTHONPATH} /usr/bin/python3 -W ignore:setup.py install is deprecated setup.py egg_info --egg-base ../../build/occupancy_grid_demo build --build-base /home/deylahm/Desktop/ros2 (copy)/build/occupancy_grid_demo/build install --record /home/deylahm/Desktop/ros2 (copy)/build/occupancy_grid_demo/install.log --install-scripts $base/lib/occupancy_grid_demo --single-version-externally-managed install_data
[28.301s] Level 1:colcon.colcon_core.environment:checking '/home/deylahm/Desktop/ros2 (copy)/install/occupancy_grid_demo' for CMake module files
[28.309s] DEBUG:colcon.colcon_core.event_handler.log_command:Invoked command in '/home/deylahm/Desktop/ros2 (copy)/src/occupancy_grid_demo' returned '0': PYTHONPATH=/home/deylahm/Desktop/ros2 (copy)/build/occupancy_grid_demo/prefix_override:/usr/lib/python3/dist-packages/colcon_core/task/python/colcon_distutils_commands:/home/deylahm/Desktop/ros2 (copy)/install/occupancy_grid_demo/lib/python3.8/site-packages:${PYTHONPATH} /usr/bin/python3 -W ignore:setup.py install is deprecated setup.py egg_info --egg-base ../../build/occupancy_grid_demo build --build-base /home/deylahm/Desktop/ros2 (copy)/build/occupancy_grid_demo/build install --record /home/deylahm/Desktop/ros2 (copy)/build/occupancy_grid_demo/install.log --install-scripts $base/lib/occupancy_grid_demo --single-version-externally-managed install_data
[28.317s] Level 1:colcon.colcon_core.environment:checking '/home/deylahm/Desktop/ros2 (copy)/install/occupancy_grid_demo' for CMake config files
[28.330s] Level 1:colcon.colcon_core.environment:checking '/home/deylahm/Desktop/ros2 (copy)/install/occupancy_grid_demo/lib'
[28.330s] Level 1:colcon.colcon_core.environment:checking '/home/deylahm/Desktop/ros2 (copy)/install/occupancy_grid_demo/bin'
[28.331s] Level 1:colcon.colcon_core.environment:checking '/home/deylahm/Desktop/ros2 (copy)/install/occupancy_grid_demo/lib/pkgconfig/occupancy_grid_demo.pc'
[28.331s] Level 1:colcon.colcon_core.environment:checking '/home/deylahm/Desktop/ros2 (copy)/install/occupancy_grid_demo/lib/python3.8/site-packages'
[28.332s] Level 1:colcon.colcon_core.shell:create_environment_hook('occupancy_grid_demo', 'pythonpath')
[28.332s] INFO:colcon.colcon_core.shell:Creating environment hook '/home/deylahm/Desktop/ros2 (copy)/install/occupancy_grid_demo/share/occupancy_grid_demo/hook/pythonpath.ps1'
[28.343s] INFO:colcon.colcon_core.shell:Creating environment descriptor '/home/deylahm/Desktop/ros2 (copy)/install/occupancy_grid_demo/share/occupancy_grid_demo/hook/pythonpath.dsv'
[28.350s] INFO:colcon.colcon_core.shell:Creating environment hook '/home/deylahm/Desktop/ros2 (copy)/install/occupancy_grid_demo/share/occupancy_grid_demo/hook/pythonpath.sh'
[28.352s] Level 1:colcon.colcon_core.environment:checking '/home/deylahm/Desktop/ros2 (copy)/install/occupancy_grid_demo/bin'
[28.352s] Level 1:colcon.colcon_core.environment:create_environment_scripts_only(occupancy_grid_demo)
[28.353s] INFO:colcon.colcon_core.shell:Creating package script '/home/deylahm/Desktop/ros2 (copy)/install/occupancy_grid_demo/share/occupancy_grid_demo/package.ps1'
[28.367s] INFO:colcon.colcon_core.shell:Creating package descriptor '/home/deylahm/Desktop/ros2 (copy)/install/occupancy_grid_demo/share/occupancy_grid_demo/package.dsv'
[28.374s] INFO:colcon.colcon_core.shell:Creating package script '/home/deylahm/Desktop/ros2 (copy)/install/occupancy_grid_demo/share/occupancy_grid_demo/package.sh'
[28.386s] INFO:colcon.colcon_core.shell:Creating package script '/home/deylahm/Desktop/ros2 (copy)/install/occupancy_grid_demo/share/occupancy_grid_demo/package.bash'
[28.396s] INFO:colcon.colcon_core.shell:Creating package script '/home/deylahm/Desktop/ros2 (copy)/install/occupancy_grid_demo/share/occupancy_grid_demo/package.zsh'
[28.402s] Level 1:colcon.colcon_core.environment:create_file_with_runtime_dependencies(/home/deylahm/Desktop/ros2 (copy)/install/occupancy_grid_demo/share/colcon-core/packages/occupancy_grid_demo)
[28.413s] DEBUG:colcon.colcon_parallel_executor.executor.parallel:closing loop
[28.420s] DEBUG:colcon.colcon_parallel_executor.executor.parallel:loop closed
[28.420s] DEBUG:colcon.colcon_parallel_executor.executor.parallel:run_until_complete finished with '0'
[28.420s] DEBUG:colcon.colcon_core.event_reactor:joining thread
[28.496s] INFO:colcon.colcon_core.plugin_system:Skipping extension 'colcon_notification.desktop_notification.terminal_notifier': Not used on non-Darwin systems
[28.507s] INFO:colcon.colcon_core.plugin_system:Skipping extension 'colcon_notification.desktop_notification.win32': Not used on non-Windows systems
[28.507s] INFO:colcon.colcon_notification.desktop_notification:Sending desktop notification using 'notify2'
[28.825s] DEBUG:colcon.colcon_core.event_reactor:joined thread
[28.826s] INFO:colcon.colcon_core.shell:Creating prefix script '/home/deylahm/Desktop/ros2 (copy)/install/local_setup.ps1'
[28.833s] INFO:colcon.colcon_core.shell:Creating prefix util module '/home/deylahm/Desktop/ros2 (copy)/install/_local_setup_util_ps1.py'
[28.851s] INFO:colcon.colcon_core.shell:Creating prefix chain script '/home/deylahm/Desktop/ros2 (copy)/install/setup.ps1'
[28.863s] INFO:colcon.colcon_core.shell:Creating prefix script '/home/deylahm/Desktop/ros2 (copy)/install/local_setup.sh'
[28.873s] INFO:colcon.colcon_core.shell:Creating prefix util module '/home/deylahm/Desktop/ros2 (copy)/install/_local_setup_util_sh.py'
[28.878s] INFO:colcon.colcon_core.shell:Creating prefix chain script '/home/deylahm/Desktop/ros2 (copy)/install/setup.sh'
[28.893s] INFO:colcon.colcon_core.shell:Creating prefix script '/home/deylahm/Desktop/ros2 (copy)/install/local_setup.bash'
[28.896s] INFO:colcon.colcon_core.shell:Creating prefix chain script '/home/deylahm/Desktop/ros2 (copy)/install/setup.bash'
[28.909s] INFO:colcon.colcon_core.shell:Creating prefix script '/home/deylahm/Desktop/ros2 (copy)/install/local_setup.zsh'
[28.919s] INFO:colcon.colcon_core.shell:Creating prefix chain script '/home/deylahm/Desktop/ros2 (copy)/install/setup.zsh'
