[2.692s] DEBUG:colcon:Command line arguments: ['/usr/bin/colcon', 'build']
[2.693s] DEBUG:colcon:Parsed command line arguments: Namespace(allow_overriding=[], ament_cmake_args=None, base_paths=['.'], build_base='build', catkin_cmake_args=None, catkin_skip_building_tests=False, cmake_args=None, cmake_clean_cache=False, cmake_clean_first=False, cmake_force_configure=False, cmake_target=None, cmake_target_skip_unavailable=False, continue_on_error=False, event_handlers=None, executor='parallel', ignore_user_meta=False, install_base='install', log_base=None, log_level=None, main=<bound method BuildVerb.main of <colcon_core.verb.build.BuildVerb object at 0x7feb8b482a90>>, merge_install=False, metas=['./colcon.meta'], mixin=None, mixin_files=None, mixin_verb=('build',), packages_above=None, packages_above_and_dependencies=None, packages_above_depth=None, packages_end=None, packages_ignore=None, packages_ignore_regex=None, packages_select=None, packages_select_build_failed=False, packages_select_by_dep=None, packages_select_regex=None, packages_select_test_failures=False, packages_skip=None, packages_skip_build_finished=False, packages_skip_by_dep=None, packages_skip_regex=None, packages_skip_test_passed=False, packages_skip_up_to=None, packages_start=None, packages_up_to=None, packages_up_to_regex=None, parallel_workers=1, paths=None, symlink_install=False, test_result_base=None, verb_extension=<colcon_core.verb.build.BuildVerb object at 0x7feb8b482a90>, verb_name='build', verb_parser=<colcon_mixin.mixin.mixin_argument.MixinArgumentDecorator object at 0x7feb8b3459a0>)
[4.438s] Level 1:colcon.colcon_core.package_discovery:discover_packages(colcon_meta) check parameters
[4.438s] Level 1:colcon.colcon_core.package_discovery:discover_packages(recursive) check parameters
[4.439s] Level 1:colcon.colcon_core.package_discovery:discover_packages(ignore) check parameters
[4.439s] Level 1:colcon.colcon_core.package_discovery:discover_packages(path) check parameters
[4.439s] Level 1:colcon.colcon_core.package_discovery:discover_packages(colcon_meta) discover
[4.440s] Level 1:colcon.colcon_core.package_discovery:discover_packages(recursive) discover
[4.440s] INFO:colcon.colcon_core.package_discovery:Crawling recursively for packages in '/home/deylahm/Desktop/Simulacion Rotbot/Prueba-Ros2'
[4.440s] Level 1:colcon.colcon_core.package_identification:_identify(.) by extensions ['ignore', 'ignore_ament_install']
[4.441s] Level 1:colcon.colcon_core.package_identification:_identify(.) by extension 'ignore'
[4.441s] Level 1:colcon.colcon_core.package_identification:_identify(.) by extension 'ignore_ament_install'
[4.444s] Level 1:colcon.colcon_core.package_identification:_identify(.) by extensions ['colcon_pkg']
[4.444s] Level 1:colcon.colcon_core.package_identification:_identify(.) by extension 'colcon_pkg'
[4.444s] Level 1:colcon.colcon_core.package_identification:_identify(.) by extensions ['colcon_meta']
[4.444s] Level 1:colcon.colcon_core.package_identification:_identify(.) by extension 'colcon_meta'
[4.444s] Level 1:colcon.colcon_core.package_identification:_identify(.) by extensions ['ros']
[4.444s] Level 1:colcon.colcon_core.package_identification:_identify(.) by extension 'ros'
[4.556s] Level 1:colcon.colcon_core.package_identification:_identify(.) by extensions ['cmake', 'python']
[4.559s] Level 1:colcon.colcon_core.package_identification:_identify(.) by extension 'cmake'
[4.559s] Level 1:colcon.colcon_core.package_identification:_identify(.) by extension 'python'
[4.560s] Level 1:colcon.colcon_core.package_identification:_identify(.) by extensions ['python_setup_py']
[4.560s] Level 1:colcon.colcon_core.package_identification:_identify(.) by extension 'python_setup_py'
[4.561s] Level 1:colcon.colcon_core.package_identification:_identify(build) by extensions ['ignore', 'ignore_ament_install']
[4.566s] Level 1:colcon.colcon_core.package_identification:_identify(build) by extension 'ignore'
[4.566s] Level 1:colcon.colcon_core.package_identification:_identify(build) ignored
[4.567s] Level 1:colcon.colcon_core.package_identification:_identify(install) by extensions ['ignore', 'ignore_ament_install']
[4.567s] Level 1:colcon.colcon_core.package_identification:_identify(install) by extension 'ignore'
[4.568s] Level 1:colcon.colcon_core.package_identification:_identify(install) ignored
[4.568s] Level 1:colcon.colcon_core.package_identification:_identify(log) by extensions ['ignore', 'ignore_ament_install']
[4.574s] Level 1:colcon.colcon_core.package_identification:_identify(log) by extension 'ignore'
[4.574s] Level 1:colcon.colcon_core.package_identification:_identify(log) ignored
[4.575s] Level 1:colcon.colcon_core.package_identification:_identify(src) by extensions ['ignore', 'ignore_ament_install']
[4.575s] Level 1:colcon.colcon_core.package_identification:_identify(src) by extension 'ignore'
[4.576s] Level 1:colcon.colcon_core.package_identification:_identify(src) by extension 'ignore_ament_install'
[4.576s] Level 1:colcon.colcon_core.package_identification:_identify(src) by extensions ['colcon_pkg']
[4.577s] Level 1:colcon.colcon_core.package_identification:_identify(src) by extension 'colcon_pkg'
[4.577s] Level 1:colcon.colcon_core.package_identification:_identify(src) by extensions ['colcon_meta']
[4.577s] Level 1:colcon.colcon_core.package_identification:_identify(src) by extension 'colcon_meta'
[4.582s] Level 1:colcon.colcon_core.package_identification:_identify(src) by extensions ['ros']
[4.582s] Level 1:colcon.colcon_core.package_identification:_identify(src) by extension 'ros'
[4.583s] Level 1:colcon.colcon_core.package_identification:_identify(src) by extensions ['cmake', 'python']
[4.583s] Level 1:colcon.colcon_core.package_identification:_identify(src) by extension 'cmake'
[4.583s] Level 1:colcon.colcon_core.package_identification:_identify(src) by extension 'python'
[4.584s] Level 1:colcon.colcon_core.package_identification:_identify(src) by extensions ['python_setup_py']
[4.584s] Level 1:colcon.colcon_core.package_identification:_identify(src) by extension 'python_setup_py'
[4.584s] Level 1:colcon.colcon_core.package_identification:_identify(src/holonomic_robot) by extensions ['ignore', 'ignore_ament_install']
[4.585s] Level 1:colcon.colcon_core.package_identification:_identify(src/holonomic_robot) by extension 'ignore'
[4.585s] Level 1:colcon.colcon_core.package_identification:_identify(src/holonomic_robot) by extension 'ignore_ament_install'
[4.590s] Level 1:colcon.colcon_core.package_identification:_identify(src/holonomic_robot) by extensions ['colcon_pkg']
[4.590s] Level 1:colcon.colcon_core.package_identification:_identify(src/holonomic_robot) by extension 'colcon_pkg'
[4.590s] Level 1:colcon.colcon_core.package_identification:_identify(src/holonomic_robot) by extensions ['colcon_meta']
[4.591s] Level 1:colcon.colcon_core.package_identification:_identify(src/holonomic_robot) by extension 'colcon_meta'
[4.591s] Level 1:colcon.colcon_core.package_identification:_identify(src/holonomic_robot) by extensions ['ros']
[4.591s] Level 1:colcon.colcon_core.package_identification:_identify(src/holonomic_robot) by extension 'ros'
[4.622s] DEBUG:colcon.colcon_core.package_identification:Package 'src/holonomic_robot' with type 'ros.ament_python' and name 'holonomic_robot'
[4.622s] Level 1:colcon.colcon_core.package_identification:_identify(src/occupancy_grid_demo) by extensions ['ignore', 'ignore_ament_install']
[4.623s] Level 1:colcon.colcon_core.package_identification:_identify(src/occupancy_grid_demo) by extension 'ignore'
[4.623s] Level 1:colcon.colcon_core.package_identification:_identify(src/occupancy_grid_demo) by extension 'ignore_ament_install'
[4.623s] Level 1:colcon.colcon_core.package_identification:_identify(src/occupancy_grid_demo) by extensions ['colcon_pkg']
[4.624s] Level 1:colcon.colcon_core.package_identification:_identify(src/occupancy_grid_demo) by extension 'colcon_pkg'
[4.624s] Level 1:colcon.colcon_core.package_identification:_identify(src/occupancy_grid_demo) by extensions ['colcon_meta']
[4.624s] Level 1:colcon.colcon_core.package_identification:_identify(src/occupancy_grid_demo) by extension 'colcon_meta'
[4.624s] Level 1:colcon.colcon_core.package_identification:_identify(src/occupancy_grid_demo) by extensions ['ros']
[4.625s] Level 1:colcon.colcon_core.package_identification:_identify(src/occupancy_grid_demo) by extension 'ros'
[4.631s] DEBUG:colcon.colcon_core.package_identification:Package 'src/occupancy_grid_demo' with type 'ros.ament_python' and name 'occupancy_grid_demo'
[4.632s] Level 1:colcon.colcon_core.package_discovery:discover_packages(recursive) using defaults
[4.632s] Level 1:colcon.colcon_core.package_discovery:discover_packages(ignore) discover
[4.632s] Level 1:colcon.colcon_core.package_discovery:discover_packages(ignore) using defaults
[4.632s] Level 1:colcon.colcon_core.package_discovery:discover_packages(path) discover
[4.632s] Level 1:colcon.colcon_core.package_discovery:discover_packages(path) using defaults
[4.802s] Level 1:colcon.colcon_core.package_discovery:discover_packages(prefix_path) check parameters
[4.803s] Level 1:colcon.colcon_core.package_discovery:discover_packages(prefix_path) discover
[4.820s] DEBUG:colcon.colcon_installed_package_information.package_discovery:Found 2 installed packages in /home/deylahm/Desktop/Simulacion Rotbot/Prueba-Ros2/install
[4.848s] DEBUG:colcon.colcon_installed_package_information.package_discovery:Found 277 installed packages in /opt/ros/foxy
[4.873s] Level 1:colcon.colcon_core.package_discovery:discover_packages(prefix_path) using defaults
[5.798s] Level 5:colcon.colcon_core.verb:set package 'holonomic_robot' build argument 'cmake_args' from command line to 'None'
[5.799s] Level 5:colcon.colcon_core.verb:set package 'holonomic_robot' build argument 'cmake_target' from command line to 'None'
[5.799s] Level 5:colcon.colcon_core.verb:set package 'holonomic_robot' build argument 'cmake_target_skip_unavailable' from command line to 'False'
[5.799s] Level 5:colcon.colcon_core.verb:set package 'holonomic_robot' build argument 'cmake_clean_cache' from command line to 'False'
[5.799s] Level 5:colcon.colcon_core.verb:set package 'holonomic_robot' build argument 'cmake_clean_first' from command line to 'False'
[5.800s] Level 5:colcon.colcon_core.verb:set package 'holonomic_robot' build argument 'cmake_force_configure' from command line to 'False'
[5.800s] Level 5:colcon.colcon_core.verb:set package 'holonomic_robot' build argument 'ament_cmake_args' from command line to 'None'
[5.800s] Level 5:colcon.colcon_core.verb:set package 'holonomic_robot' build argument 'catkin_cmake_args' from command line to 'None'
[5.800s] Level 5:colcon.colcon_core.verb:set package 'holonomic_robot' build argument 'catkin_skip_building_tests' from command line to 'False'
[5.800s] DEBUG:colcon.colcon_core.verb:Building package 'holonomic_robot' with the following arguments: {'ament_cmake_args': None, 'build_base': '/home/deylahm/Desktop/Simulacion Rotbot/Prueba-Ros2/build/holonomic_robot', 'catkin_cmake_args': None, 'catkin_skip_building_tests': False, 'cmake_args': None, 'cmake_clean_cache': False, 'cmake_clean_first': False, 'cmake_force_configure': False, 'cmake_target': None, 'cmake_target_skip_unavailable': False, 'install_base': '/home/deylahm/Desktop/Simulacion Rotbot/Prueba-Ros2/install/holonomic_robot', 'merge_install': False, 'path': '/home/deylahm/Desktop/Simulacion Rotbot/Prueba-Ros2/src/holonomic_robot', 'symlink_install': False, 'test_result_base': None}
[5.803s] Level 5:colcon.colcon_core.verb:set package 'occupancy_grid_demo' build argument 'cmake_args' from command line to 'None'
[5.804s] Level 5:colcon.colcon_core.verb:set package 'occupancy_grid_demo' build argument 'cmake_target' from command line to 'None'
[5.804s] Level 5:colcon.colcon_core.verb:set package 'occupancy_grid_demo' build argument 'cmake_target_skip_unavailable' from command line to 'False'
[5.805s] Level 5:colcon.colcon_core.verb:set package 'occupancy_grid_demo' build argument 'cmake_clean_cache' from command line to 'False'
[5.805s] Level 5:colcon.colcon_core.verb:set package 'occupancy_grid_demo' build argument 'cmake_clean_first' from command line to 'False'
[5.805s] Level 5:colcon.colcon_core.verb:set package 'occupancy_grid_demo' build argument 'cmake_force_configure' from command line to 'False'
[5.814s] Level 5:colcon.colcon_core.verb:set package 'occupancy_grid_demo' build argument 'ament_cmake_args' from command line to 'None'
[5.814s] Level 5:colcon.colcon_core.verb:set package 'occupancy_grid_demo' build argument 'catkin_cmake_args' from command line to 'None'
[5.814s] Level 5:colcon.colcon_core.verb:set package 'occupancy_grid_demo' build argument 'catkin_skip_building_tests' from command line to 'False'
[5.814s] DEBUG:colcon.colcon_core.verb:Building package 'occupancy_grid_demo' with the following arguments: {'ament_cmake_args': None, 'build_base': '/home/deylahm/Desktop/Simulacion Rotbot/Prueba-Ros2/build/occupancy_grid_demo', 'catkin_cmake_args': None, 'catkin_skip_building_tests': False, 'cmake_args': None, 'cmake_clean_cache': False, 'cmake_clean_first': False, 'cmake_force_configure': False, 'cmake_target': None, 'cmake_target_skip_unavailable': False, 'install_base': '/home/deylahm/Desktop/Simulacion Rotbot/Prueba-Ros2/install/occupancy_grid_demo', 'merge_install': False, 'path': '/home/deylahm/Desktop/Simulacion Rotbot/Prueba-Ros2/src/occupancy_grid_demo', 'symlink_install': False, 'test_result_base': None}
[5.815s] INFO:colcon.colcon_core.executor:Executing jobs using 'parallel' executor
[5.818s] DEBUG:colcon.colcon_parallel_executor.executor.parallel:run_until_complete
[5.819s] INFO:colcon.colcon_ros.task.ament_python.build:Building ROS package in '/home/deylahm/Desktop/Simulacion Rotbot/Prueba-Ros2/src/holonomic_robot' with build type 'ament_python'
[5.819s] Level 1:colcon.colcon_core.shell:create_environment_hook('holonomic_robot', 'ament_prefix_path')
[5.841s] INFO:colcon.colcon_core.plugin_system:Skipping extension 'colcon_core.shell.bat': Not used on non-Windows systems
[5.851s] INFO:colcon.colcon_core.shell:Creating environment hook '/home/deylahm/Desktop/Simulacion Rotbot/Prueba-Ros2/install/holonomic_robot/share/holonomic_robot/hook/ament_prefix_path.ps1'
[5.874s] INFO:colcon.colcon_core.shell:Creating environment descriptor '/home/deylahm/Desktop/Simulacion Rotbot/Prueba-Ros2/install/holonomic_robot/share/holonomic_robot/hook/ament_prefix_path.dsv'
[5.886s] INFO:colcon.colcon_core.shell:Creating environment hook '/home/deylahm/Desktop/Simulacion Rotbot/Prueba-Ros2/install/holonomic_robot/share/holonomic_robot/hook/ament_prefix_path.sh'
[5.911s] INFO:colcon.colcon_core.shell:Skip shell extension 'powershell' for command environment: Not usable outside of PowerShell
[5.912s] DEBUG:colcon.colcon_core.shell:Skip shell extension 'dsv' for command environment
[9.067s] INFO:colcon.colcon_core.task.python.build:Building Python package in '/home/deylahm/Desktop/Simulacion Rotbot/Prueba-Ros2/src/holonomic_robot'
[9.069s] INFO:colcon.colcon_core.shell:Skip shell extension 'powershell' for command environment: Not usable outside of PowerShell
[9.090s] DEBUG:colcon.colcon_core.shell:Skip shell extension 'dsv' for command environment
[13.808s] DEBUG:colcon.colcon_core.event_handler.log_command:Invoking command in '/home/deylahm/Desktop/Simulacion Rotbot/Prueba-Ros2/src/holonomic_robot': PYTHONPATH=/home/deylahm/Desktop/Simulacion Rotbot/Prueba-Ros2/build/holonomic_robot/prefix_override:/usr/lib/python3/dist-packages/colcon_core/task/python/colcon_distutils_commands:/home/deylahm/Desktop/Simulacion Rotbot/Prueba-Ros2/install/holonomic_robot/lib/python3.8/site-packages:${PYTHONPATH} /usr/bin/python3 -W ignore:setup.py install is deprecated setup.py egg_info --egg-base ../../build/holonomic_robot build --build-base /home/deylahm/Desktop/Simulacion Rotbot/Prueba-Ros2/build/holonomic_robot/build install --record /home/deylahm/Desktop/Simulacion Rotbot/Prueba-Ros2/build/holonomic_robot/install.log --install-scripts $base/lib/holonomic_robot --single-version-externally-managed install_data
[17.455s] DEBUG:colcon.colcon_core.event_handler.log_command:Invoked command in '/home/deylahm/Desktop/Simulacion Rotbot/Prueba-Ros2/src/holonomic_robot' returned '0': PYTHONPATH=/home/deylahm/Desktop/Simulacion Rotbot/Prueba-Ros2/build/holonomic_robot/prefix_override:/usr/lib/python3/dist-packages/colcon_core/task/python/colcon_distutils_commands:/home/deylahm/Desktop/Simulacion Rotbot/Prueba-Ros2/install/holonomic_robot/lib/python3.8/site-packages:${PYTHONPATH} /usr/bin/python3 -W ignore:setup.py install is deprecated setup.py egg_info --egg-base ../../build/holonomic_robot build --build-base /home/deylahm/Desktop/Simulacion Rotbot/Prueba-Ros2/build/holonomic_robot/build install --record /home/deylahm/Desktop/Simulacion Rotbot/Prueba-Ros2/build/holonomic_robot/install.log --install-scripts $base/lib/holonomic_robot --single-version-externally-managed install_data
[17.463s] Level 1:colcon.colcon_core.environment:checking '/home/deylahm/Desktop/Simulacion Rotbot/Prueba-Ros2/install/holonomic_robot' for CMake module files
[17.465s] Level 1:colcon.colcon_core.environment:checking '/home/deylahm/Desktop/Simulacion Rotbot/Prueba-Ros2/install/holonomic_robot' for CMake config files
[17.473s] Level 1:colcon.colcon_core.environment:checking '/home/deylahm/Desktop/Simulacion Rotbot/Prueba-Ros2/install/holonomic_robot/lib'
[17.473s] Level 1:colcon.colcon_core.environment:checking '/home/deylahm/Desktop/Simulacion Rotbot/Prueba-Ros2/install/holonomic_robot/bin'
[17.473s] Level 1:colcon.colcon_core.environment:checking '/home/deylahm/Desktop/Simulacion Rotbot/Prueba-Ros2/install/holonomic_robot/lib/pkgconfig/holonomic_robot.pc'
[17.479s] Level 1:colcon.colcon_core.environment:checking '/home/deylahm/Desktop/Simulacion Rotbot/Prueba-Ros2/install/holonomic_robot/lib/python3.8/site-packages'
[17.479s] Level 1:colcon.colcon_core.shell:create_environment_hook('holonomic_robot', 'pythonpath')
[17.480s] INFO:colcon.colcon_core.shell:Creating environment hook '/home/deylahm/Desktop/Simulacion Rotbot/Prueba-Ros2/install/holonomic_robot/share/holonomic_robot/hook/pythonpath.ps1'
[17.491s] INFO:colcon.colcon_core.shell:Creating environment descriptor '/home/deylahm/Desktop/Simulacion Rotbot/Prueba-Ros2/install/holonomic_robot/share/holonomic_robot/hook/pythonpath.dsv'
[17.492s] INFO:colcon.colcon_core.shell:Creating environment hook '/home/deylahm/Desktop/Simulacion Rotbot/Prueba-Ros2/install/holonomic_robot/share/holonomic_robot/hook/pythonpath.sh'
[17.494s] Level 1:colcon.colcon_core.environment:checking '/home/deylahm/Desktop/Simulacion Rotbot/Prueba-Ros2/install/holonomic_robot/bin'
[17.494s] Level 1:colcon.colcon_core.environment:create_environment_scripts_only(holonomic_robot)
[17.496s] INFO:colcon.colcon_core.shell:Creating package script '/home/deylahm/Desktop/Simulacion Rotbot/Prueba-Ros2/install/holonomic_robot/share/holonomic_robot/package.ps1'
[17.514s] INFO:colcon.colcon_core.shell:Creating package descriptor '/home/deylahm/Desktop/Simulacion Rotbot/Prueba-Ros2/install/holonomic_robot/share/holonomic_robot/package.dsv'
[17.521s] INFO:colcon.colcon_core.shell:Creating package script '/home/deylahm/Desktop/Simulacion Rotbot/Prueba-Ros2/install/holonomic_robot/share/holonomic_robot/package.sh'
[17.524s] INFO:colcon.colcon_core.shell:Creating package script '/home/deylahm/Desktop/Simulacion Rotbot/Prueba-Ros2/install/holonomic_robot/share/holonomic_robot/package.bash'
[17.531s] INFO:colcon.colcon_core.shell:Creating package script '/home/deylahm/Desktop/Simulacion Rotbot/Prueba-Ros2/install/holonomic_robot/share/holonomic_robot/package.zsh'
[17.539s] Level 1:colcon.colcon_core.environment:create_file_with_runtime_dependencies(/home/deylahm/Desktop/Simulacion Rotbot/Prueba-Ros2/install/holonomic_robot/share/colcon-core/packages/holonomic_robot)
[17.546s] INFO:colcon.colcon_ros.task.ament_python.build:Building ROS package in '/home/deylahm/Desktop/Simulacion Rotbot/Prueba-Ros2/src/occupancy_grid_demo' with build type 'ament_python'
[17.547s] Level 1:colcon.colcon_core.shell:create_environment_hook('occupancy_grid_demo', 'ament_prefix_path')
[17.549s] INFO:colcon.colcon_core.shell:Creating environment hook '/home/deylahm/Desktop/Simulacion Rotbot/Prueba-Ros2/install/occupancy_grid_demo/share/occupancy_grid_demo/hook/ament_prefix_path.ps1'
[17.560s] INFO:colcon.colcon_core.shell:Creating environment descriptor '/home/deylahm/Desktop/Simulacion Rotbot/Prueba-Ros2/install/occupancy_grid_demo/share/occupancy_grid_demo/hook/ament_prefix_path.dsv'
[17.566s] INFO:colcon.colcon_core.shell:Creating environment hook '/home/deylahm/Desktop/Simulacion Rotbot/Prueba-Ros2/install/occupancy_grid_demo/share/occupancy_grid_demo/hook/ament_prefix_path.sh'
[17.573s] INFO:colcon.colcon_core.shell:Skip shell extension 'powershell' for command environment: Not usable outside of PowerShell
[17.579s] DEBUG:colcon.colcon_core.shell:Skip shell extension 'dsv' for command environment
[20.982s] INFO:colcon.colcon_core.task.python.build:Building Python package in '/home/deylahm/Desktop/Simulacion Rotbot/Prueba-Ros2/src/occupancy_grid_demo'
[20.984s] INFO:colcon.colcon_core.shell:Skip shell extension 'powershell' for command environment: Not usable outside of PowerShell
[20.984s] DEBUG:colcon.colcon_core.shell:Skip shell extension 'dsv' for command environment
[25.979s] DEBUG:colcon.colcon_core.event_handler.log_command:Invoking command in '/home/deylahm/Desktop/Simulacion Rotbot/Prueba-Ros2/src/occupancy_grid_demo': PYTHONPATH=/home/deylahm/Desktop/Simulacion Rotbot/Prueba-Ros2/build/occupancy_grid_demo/prefix_override:/usr/lib/python3/dist-packages/colcon_core/task/python/colcon_distutils_commands:/home/deylahm/Desktop/Simulacion Rotbot/Prueba-Ros2/install/occupancy_grid_demo/lib/python3.8/site-packages:${PYTHONPATH} /usr/bin/python3 -W ignore:setup.py install is deprecated setup.py egg_info --egg-base ../../build/occupancy_grid_demo build --build-base /home/deylahm/Desktop/Simulacion Rotbot/Prueba-Ros2/build/occupancy_grid_demo/build install --record /home/deylahm/Desktop/Simulacion Rotbot/Prueba-Ros2/build/occupancy_grid_demo/install.log --install-scripts $base/lib/occupancy_grid_demo --single-version-externally-managed install_data
[29.541s] Level 1:colcon.colcon_core.environment:checking '/home/deylahm/Desktop/Simulacion Rotbot/Prueba-Ros2/install/occupancy_grid_demo' for CMake module files
[29.547s] DEBUG:colcon.colcon_core.event_handler.log_command:Invoked command in '/home/deylahm/Desktop/Simulacion Rotbot/Prueba-Ros2/src/occupancy_grid_demo' returned '0': PYTHONPATH=/home/deylahm/Desktop/Simulacion Rotbot/Prueba-Ros2/build/occupancy_grid_demo/prefix_override:/usr/lib/python3/dist-packages/colcon_core/task/python/colcon_distutils_commands:/home/deylahm/Desktop/Simulacion Rotbot/Prueba-Ros2/install/occupancy_grid_demo/lib/python3.8/site-packages:${PYTHONPATH} /usr/bin/python3 -W ignore:setup.py install is deprecated setup.py egg_info --egg-base ../../build/occupancy_grid_demo build --build-base /home/deylahm/Desktop/Simulacion Rotbot/Prueba-Ros2/build/occupancy_grid_demo/build install --record /home/deylahm/Desktop/Simulacion Rotbot/Prueba-Ros2/build/occupancy_grid_demo/install.log --install-scripts $base/lib/occupancy_grid_demo --single-version-externally-managed install_data
[29.548s] Level 1:colcon.colcon_core.environment:checking '/home/deylahm/Desktop/Simulacion Rotbot/Prueba-Ros2/install/occupancy_grid_demo' for CMake config files
[29.556s] Level 1:colcon.colcon_core.environment:checking '/home/deylahm/Desktop/Simulacion Rotbot/Prueba-Ros2/install/occupancy_grid_demo/lib'
[29.556s] Level 1:colcon.colcon_core.environment:checking '/home/deylahm/Desktop/Simulacion Rotbot/Prueba-Ros2/install/occupancy_grid_demo/bin'
[29.556s] Level 1:colcon.colcon_core.environment:checking '/home/deylahm/Desktop/Simulacion Rotbot/Prueba-Ros2/install/occupancy_grid_demo/lib/pkgconfig/occupancy_grid_demo.pc'
[29.562s] Level 1:colcon.colcon_core.environment:checking '/home/deylahm/Desktop/Simulacion Rotbot/Prueba-Ros2/install/occupancy_grid_demo/lib/python3.8/site-packages'
[29.562s] Level 1:colcon.colcon_core.shell:create_environment_hook('occupancy_grid_demo', 'pythonpath')
[29.564s] INFO:colcon.colcon_core.shell:Creating environment hook '/home/deylahm/Desktop/Simulacion Rotbot/Prueba-Ros2/install/occupancy_grid_demo/share/occupancy_grid_demo/hook/pythonpath.ps1'
[29.569s] INFO:colcon.colcon_core.shell:Creating environment descriptor '/home/deylahm/Desktop/Simulacion Rotbot/Prueba-Ros2/install/occupancy_grid_demo/share/occupancy_grid_demo/hook/pythonpath.dsv'
[29.583s] INFO:colcon.colcon_core.shell:Creating environment hook '/home/deylahm/Desktop/Simulacion Rotbot/Prueba-Ros2/install/occupancy_grid_demo/share/occupancy_grid_demo/hook/pythonpath.sh'
[29.589s] Level 1:colcon.colcon_core.environment:checking '/home/deylahm/Desktop/Simulacion Rotbot/Prueba-Ros2/install/occupancy_grid_demo/bin'
[29.590s] Level 1:colcon.colcon_core.environment:create_environment_scripts_only(occupancy_grid_demo)
[29.602s] INFO:colcon.colcon_core.shell:Creating package script '/home/deylahm/Desktop/Simulacion Rotbot/Prueba-Ros2/install/occupancy_grid_demo/share/occupancy_grid_demo/package.ps1'
[29.604s] INFO:colcon.colcon_core.shell:Creating package descriptor '/home/deylahm/Desktop/Simulacion Rotbot/Prueba-Ros2/install/occupancy_grid_demo/share/occupancy_grid_demo/package.dsv'
[29.609s] INFO:colcon.colcon_core.shell:Creating package script '/home/deylahm/Desktop/Simulacion Rotbot/Prueba-Ros2/install/occupancy_grid_demo/share/occupancy_grid_demo/package.sh'
[29.626s] INFO:colcon.colcon_core.shell:Creating package script '/home/deylahm/Desktop/Simulacion Rotbot/Prueba-Ros2/install/occupancy_grid_demo/share/occupancy_grid_demo/package.bash'
[29.630s] INFO:colcon.colcon_core.shell:Creating package script '/home/deylahm/Desktop/Simulacion Rotbot/Prueba-Ros2/install/occupancy_grid_demo/share/occupancy_grid_demo/package.zsh'
[29.634s] Level 1:colcon.colcon_core.environment:create_file_with_runtime_dependencies(/home/deylahm/Desktop/Simulacion Rotbot/Prueba-Ros2/install/occupancy_grid_demo/share/colcon-core/packages/occupancy_grid_demo)
[29.646s] DEBUG:colcon.colcon_parallel_executor.executor.parallel:closing loop
[29.651s] DEBUG:colcon.colcon_parallel_executor.executor.parallel:loop closed
[29.651s] DEBUG:colcon.colcon_parallel_executor.executor.parallel:run_until_complete finished with '0'
[29.652s] DEBUG:colcon.colcon_core.event_reactor:joining thread
[29.737s] INFO:colcon.colcon_core.plugin_system:Skipping extension 'colcon_notification.desktop_notification.terminal_notifier': Not used on non-Darwin systems
[29.737s] INFO:colcon.colcon_core.plugin_system:Skipping extension 'colcon_notification.desktop_notification.win32': Not used on non-Windows systems
[29.746s] INFO:colcon.colcon_notification.desktop_notification:Sending desktop notification using 'notify2'
[30.035s] DEBUG:colcon.colcon_core.event_reactor:joined thread
[30.035s] INFO:colcon.colcon_core.shell:Creating prefix script '/home/deylahm/Desktop/Simulacion Rotbot/Prueba-Ros2/install/local_setup.ps1'
[30.051s] INFO:colcon.colcon_core.shell:Creating prefix util module '/home/deylahm/Desktop/Simulacion Rotbot/Prueba-Ros2/install/_local_setup_util_ps1.py'
[30.071s] INFO:colcon.colcon_core.shell:Creating prefix chain script '/home/deylahm/Desktop/Simulacion Rotbot/Prueba-Ros2/install/setup.ps1'
[30.098s] INFO:colcon.colcon_core.shell:Creating prefix script '/home/deylahm/Desktop/Simulacion Rotbot/Prueba-Ros2/install/local_setup.sh'
[30.106s] INFO:colcon.colcon_core.shell:Creating prefix util module '/home/deylahm/Desktop/Simulacion Rotbot/Prueba-Ros2/install/_local_setup_util_sh.py'
[30.114s] INFO:colcon.colcon_core.shell:Creating prefix chain script '/home/deylahm/Desktop/Simulacion Rotbot/Prueba-Ros2/install/setup.sh'
[30.132s] INFO:colcon.colcon_core.shell:Creating prefix script '/home/deylahm/Desktop/Simulacion Rotbot/Prueba-Ros2/install/local_setup.bash'
[30.141s] INFO:colcon.colcon_core.shell:Creating prefix chain script '/home/deylahm/Desktop/Simulacion Rotbot/Prueba-Ros2/install/setup.bash'
[30.157s] INFO:colcon.colcon_core.shell:Creating prefix script '/home/deylahm/Desktop/Simulacion Rotbot/Prueba-Ros2/install/local_setup.zsh'
[30.167s] INFO:colcon.colcon_core.shell:Creating prefix chain script '/home/deylahm/Desktop/Simulacion Rotbot/Prueba-Ros2/install/setup.zsh'
