[11.492s] DEBUG:colcon:Command line arguments: ['/usr/bin/colcon', 'list', '-p', '--base-paths', '/home/deylahm/Desktop/ros2']
[11.492s] DEBUG:colcon:Parsed command line arguments: Namespace(allow_overriding=[], base_paths=['/home/deylahm/Desktop/ros2'], build_base='build', ignore_user_meta=False, log_base=None, log_level=None, main=<bound method ListVerb.main of <colcon_package_information.verb.list.ListVerb object at 0x7f2cae9dd3d0>>, metas=['./colcon.meta'], mixin=None, mixin_files=None, mixin_verb=('list',), names_only=False, packages_above=None, packages_above_and_dependencies=None, packages_above_depth=None, packages_end=None, packages_ignore=None, packages_ignore_regex=None, packages_select=None, packages_select_build_failed=False, packages_select_by_dep=None, packages_select_regex=None, packages_select_test_failures=False, packages_skip=None, packages_skip_build_finished=False, packages_skip_by_dep=None, packages_skip_regex=None, packages_skip_test_passed=False, packages_skip_up_to=None, packages_start=None, packages_up_to=None, packages_up_to_regex=None, paths=None, paths_only=True, topological_graph=False, topological_graph_density=False, topological_graph_dot=False, topological_graph_dot_cluster=False, topological_graph_dot_include_skipped=False, topological_graph_legend=False, topological_order=False, verb_extension=<colcon_package_information.verb.list.ListVerb object at 0x7f2cae9dd3d0>, verb_name='list', verb_parser=<colcon_mixin.mixin.mixin_argument.MixinArgumentDecorator object at 0x7f2cae9ed490>)
[24.824s] Level 1:colcon.colcon_core.package_discovery:discover_packages(colcon_meta) check parameters
[24.856s] Level 1:colcon.colcon_core.package_discovery:discover_packages(recursive) check parameters
[24.856s] Level 1:colcon.colcon_core.package_discovery:discover_packages(ignore) check parameters
[24.856s] Level 1:colcon.colcon_core.package_discovery:discover_packages(path) check parameters
[24.856s] Level 1:colcon.colcon_core.package_discovery:discover_packages(recursive) discover
[24.857s] INFO:colcon.colcon_core.package_discovery:Crawling recursively for packages in '/home/deylahm/Desktop/ros2'
[24.857s] Level 1:colcon.colcon_core.package_identification:_identify(/home/deylahm/Desktop/ros2) by extensions ['ignore', 'ignore_ament_install']
[24.858s] Level 1:colcon.colcon_core.package_identification:_identify(/home/deylahm/Desktop/ros2) by extension 'ignore'
[24.858s] Level 1:colcon.colcon_core.package_identification:_identify(/home/deylahm/Desktop/ros2) by extension 'ignore_ament_install'
[24.890s] Level 1:colcon.colcon_core.package_identification:_identify(/home/deylahm/Desktop/ros2) by extensions ['colcon_pkg']
[24.890s] Level 1:colcon.colcon_core.package_identification:_identify(/home/deylahm/Desktop/ros2) by extension 'colcon_pkg'
[24.891s] Level 1:colcon.colcon_core.package_identification:_identify(/home/deylahm/Desktop/ros2) by extensions ['colcon_meta']
[24.891s] Level 1:colcon.colcon_core.package_identification:_identify(/home/deylahm/Desktop/ros2) by extension 'colcon_meta'
[24.891s] Level 1:colcon.colcon_core.package_identification:_identify(/home/deylahm/Desktop/ros2) by extensions ['ros']
[24.891s] Level 1:colcon.colcon_core.package_identification:_identify(/home/deylahm/Desktop/ros2) by extension 'ros'
[25.583s] Level 1:colcon.colcon_core.package_identification:_identify(/home/deylahm/Desktop/ros2) by extensions ['cmake', 'python']
[25.583s] Level 1:colcon.colcon_core.package_identification:_identify(/home/deylahm/Desktop/ros2) by extension 'cmake'
[25.583s] Level 1:colcon.colcon_core.package_identification:_identify(/home/deylahm/Desktop/ros2) by extension 'python'
[25.607s] Level 1:colcon.colcon_core.package_identification:_identify(/home/deylahm/Desktop/ros2) by extensions ['python_setup_py']
[25.607s] Level 1:colcon.colcon_core.package_identification:_identify(/home/deylahm/Desktop/ros2) by extension 'python_setup_py'
[25.618s] Level 1:colcon.colcon_core.package_identification:_identify(/home/deylahm/Desktop/ros2/build) by extensions ['ignore', 'ignore_ament_install']
[25.619s] Level 1:colcon.colcon_core.package_identification:_identify(/home/deylahm/Desktop/ros2/build) by extension 'ignore'
[25.619s] Level 1:colcon.colcon_core.package_identification:_identify(/home/deylahm/Desktop/ros2/build) ignored
[25.619s] Level 1:colcon.colcon_core.package_identification:_identify(/home/deylahm/Desktop/ros2/install) by extensions ['ignore', 'ignore_ament_install']
[25.619s] Level 1:colcon.colcon_core.package_identification:_identify(/home/deylahm/Desktop/ros2/install) by extension 'ignore'
[25.620s] Level 1:colcon.colcon_core.package_identification:_identify(/home/deylahm/Desktop/ros2/install) ignored
[25.620s] Level 1:colcon.colcon_core.package_identification:_identify(/home/deylahm/Desktop/ros2/log) by extensions ['ignore', 'ignore_ament_install']
[25.620s] Level 1:colcon.colcon_core.package_identification:_identify(/home/deylahm/Desktop/ros2/log) by extension 'ignore'
[25.620s] Level 1:colcon.colcon_core.package_identification:_identify(/home/deylahm/Desktop/ros2/log) ignored
[25.621s] Level 1:colcon.colcon_core.package_identification:_identify(/home/deylahm/Desktop/ros2/src) by extensions ['ignore', 'ignore_ament_install']
[25.621s] Level 1:colcon.colcon_core.package_identification:_identify(/home/deylahm/Desktop/ros2/src) by extension 'ignore'
[25.621s] Level 1:colcon.colcon_core.package_identification:_identify(/home/deylahm/Desktop/ros2/src) by extension 'ignore_ament_install'
[25.622s] Level 1:colcon.colcon_core.package_identification:_identify(/home/deylahm/Desktop/ros2/src) by extensions ['colcon_pkg']
[25.622s] Level 1:colcon.colcon_core.package_identification:_identify(/home/deylahm/Desktop/ros2/src) by extension 'colcon_pkg'
[25.622s] Level 1:colcon.colcon_core.package_identification:_identify(/home/deylahm/Desktop/ros2/src) by extensions ['colcon_meta']
[25.622s] Level 1:colcon.colcon_core.package_identification:_identify(/home/deylahm/Desktop/ros2/src) by extension 'colcon_meta'
[25.677s] Level 1:colcon.colcon_core.package_identification:_identify(/home/deylahm/Desktop/ros2/src) by extensions ['ros']
[25.677s] Level 1:colcon.colcon_core.package_identification:_identify(/home/deylahm/Desktop/ros2/src) by extension 'ros'
[25.678s] Level 1:colcon.colcon_core.package_identification:_identify(/home/deylahm/Desktop/ros2/src) by extensions ['cmake', 'python']
[25.678s] Level 1:colcon.colcon_core.package_identification:_identify(/home/deylahm/Desktop/ros2/src) by extension 'cmake'
[25.699s] Level 1:colcon.colcon_core.package_identification:_identify(/home/deylahm/Desktop/ros2/src) by extension 'python'
[25.700s] Level 1:colcon.colcon_core.package_identification:_identify(/home/deylahm/Desktop/ros2/src) by extensions ['python_setup_py']
[25.700s] Level 1:colcon.colcon_core.package_identification:_identify(/home/deylahm/Desktop/ros2/src) by extension 'python_setup_py'
[25.700s] Level 1:colcon.colcon_core.package_identification:_identify(/home/deylahm/Desktop/ros2/src/occupancy_grid_demo) by extensions ['ignore', 'ignore_ament_install']
[25.701s] Level 1:colcon.colcon_core.package_identification:_identify(/home/deylahm/Desktop/ros2/src/occupancy_grid_demo) by extension 'ignore'
[25.701s] Level 1:colcon.colcon_core.package_identification:_identify(/home/deylahm/Desktop/ros2/src/occupancy_grid_demo) by extension 'ignore_ament_install'
[25.701s] Level 1:colcon.colcon_core.package_identification:_identify(/home/deylahm/Desktop/ros2/src/occupancy_grid_demo) by extensions ['colcon_pkg']
[25.701s] Level 1:colcon.colcon_core.package_identification:_identify(/home/deylahm/Desktop/ros2/src/occupancy_grid_demo) by extension 'colcon_pkg'
[25.701s] Level 1:colcon.colcon_core.package_identification:_identify(/home/deylahm/Desktop/ros2/src/occupancy_grid_demo) by extensions ['colcon_meta']
[25.701s] Level 1:colcon.colcon_core.package_identification:_identify(/home/deylahm/Desktop/ros2/src/occupancy_grid_demo) by extension 'colcon_meta'
[25.701s] Level 1:colcon.colcon_core.package_identification:_identify(/home/deylahm/Desktop/ros2/src/occupancy_grid_demo) by extensions ['ros']
[25.702s] Level 1:colcon.colcon_core.package_identification:_identify(/home/deylahm/Desktop/ros2/src/occupancy_grid_demo) by extension 'ros'
[25.921s] DEBUG:colcon.colcon_core.package_identification:Package '/home/deylahm/Desktop/ros2/src/occupancy_grid_demo' with type 'ros.ament_python' and name 'occupancy_grid_demo'
[25.921s] Level 1:colcon.colcon_core.package_discovery:discover_packages(recursive) using defaults
