running egg_info
creating ../../build/occupancy_grid_demo/occupancy_grid_demo.egg-info
writing ../../build/occupancy_grid_demo/occupancy_grid_demo.egg-info/PKG-INFO
writing dependency_links to ../../build/occupancy_grid_demo/occupancy_grid_demo.egg-info/dependency_links.txt
writing entry points to ../../build/occupancy_grid_demo/occupancy_grid_demo.egg-info/entry_points.txt
writing requirements to ../../build/occupancy_grid_demo/occupancy_grid_demo.egg-info/requires.txt
writing top-level names to ../../build/occupancy_grid_demo/occupancy_grid_demo.egg-info/top_level.txt
writing manifest file '../../build/occupancy_grid_demo/occupancy_grid_demo.egg-info/SOURCES.txt'
reading manifest file '../../build/occupancy_grid_demo/occupancy_grid_demo.egg-info/SOURCES.txt'
writing manifest file '../../build/occupancy_grid_demo/occupancy_grid_demo.egg-info/SOURCES.txt'
running build
running build_py
creating /home/deylahm/Desktop/ros2/build/occupancy_grid_demo/build
creating /home/deylahm/Desktop/ros2/build/occupancy_grid_demo/build/lib
creating /home/deylahm/Desktop/ros2/build/occupancy_grid_demo/build/lib/occupancy_grid_demo
copying occupancy_grid_demo/occupancy_grid_publisher.py -> /home/deylahm/Desktop/ros2/build/occupancy_grid_demo/build/lib/occupancy_grid_demo
copying occupancy_grid_demo/__init__.py -> /home/deylahm/Desktop/ros2/build/occupancy_grid_demo/build/lib/occupancy_grid_demo
running install
running install_lib
creating /home/deylahm/Desktop/ros2/install/occupancy_grid_demo/lib/python3.8/site-packages/occupancy_grid_demo
copying /home/deylahm/Desktop/ros2/build/occupancy_grid_demo/build/lib/occupancy_grid_demo/occupancy_grid_publisher.py -> /home/deylahm/Desktop/ros2/install/occupancy_grid_demo/lib/python3.8/site-packages/occupancy_grid_demo
copying /home/deylahm/Desktop/ros2/build/occupancy_grid_demo/build/lib/occupancy_grid_demo/__init__.py -> /home/deylahm/Desktop/ros2/install/occupancy_grid_demo/lib/python3.8/site-packages/occupancy_grid_demo
byte-compiling /home/deylahm/Desktop/ros2/install/occupancy_grid_demo/lib/python3.8/site-packages/occupancy_grid_demo/occupancy_grid_publisher.py to occupancy_grid_publisher.cpython-38.pyc
byte-compiling /home/deylahm/Desktop/ros2/install/occupancy_grid_demo/lib/python3.8/site-packages/occupancy_grid_demo/__init__.py to __init__.cpython-38.pyc
running install_data
creating /home/deylahm/Desktop/ros2/install/occupancy_grid_demo/share
creating /home/deylahm/Desktop/ros2/install/occupancy_grid_demo/share/ament_index
creating /home/deylahm/Desktop/ros2/install/occupancy_grid_demo/share/ament_index/resource_index
creating /home/deylahm/Desktop/ros2/install/occupancy_grid_demo/share/ament_index/resource_index/packages
copying resource/occupancy_grid_demo -> /home/deylahm/Desktop/ros2/install/occupancy_grid_demo/share/ament_index/resource_index/packages
creating /home/deylahm/Desktop/ros2/install/occupancy_grid_demo/share/occupancy_grid_demo
copying package.xml -> /home/deylahm/Desktop/ros2/install/occupancy_grid_demo/share/occupancy_grid_demo
running install_egg_info
Copying ../../build/occupancy_grid_demo/occupancy_grid_demo.egg-info to /home/deylahm/Desktop/ros2/install/occupancy_grid_demo/lib/python3.8/site-packages/occupancy_grid_demo-0.0.0-py3.8.egg-info
running install_scripts
Installing occupancy_grid_publisher script to /home/deylahm/Desktop/ros2/install/occupancy_grid_demo/lib/occupancy_grid_demo
writing list of installed files to '/home/deylahm/Desktop/ros2/build/occupancy_grid_demo/install.log'
