[3.145s] Invoking command in '/home/deylahm/Desktop/Simulacion Rotbot/Prueba-Ros2/src/holonomic_robot': PYTHONPATH=/home/deylahm/Desktop/Simulacion Rotbot/Prueba-Ros2/build/holonomic_robot/prefix_override:/usr/lib/python3/dist-packages/colcon_core/task/python/colcon_distutils_commands:/home/deylahm/Desktop/Simulacion Rotbot/Prueba-Ros2/install/holonomic_robot/lib/python3.8/site-packages:${PYTHONPATH} /usr/bin/python3 -W ignore:setup.py install is deprecated setup.py egg_info --egg-base ../../build/holonomic_robot build --build-base /home/deylahm/Desktop/Simulacion Rotbot/Prueba-Ros2/build/holonomic_robot/build install --record /home/deylahm/Desktop/Simulacion Rotbot/Prueba-Ros2/build/holonomic_robot/install.log --install-scripts $base/lib/holonomic_robot --single-version-externally-managed install_data
[4.481s] running egg_info
[4.493s] writing ../../build/holonomic_robot/holonomic_robot.egg-info/PKG-INFO
[4.501s] writing dependency_links to ../../build/holonomic_robot/holonomic_robot.egg-info/dependency_links.txt
[4.510s] writing entry points to ../../build/holonomic_robot/holonomic_robot.egg-info/entry_points.txt
[4.522s] writing requirements to ../../build/holonomic_robot/holonomic_robot.egg-info/requires.txt
[4.527s] writing top-level names to ../../build/holonomic_robot/holonomic_robot.egg-info/top_level.txt
[4.746s] reading manifest file '../../build/holonomic_robot/holonomic_robot.egg-info/SOURCES.txt'
[4.753s] writing manifest file '../../build/holonomic_robot/holonomic_robot.egg-info/SOURCES.txt'
[4.760s] running build
[4.763s] running build_py
[4.767s] running install
[4.776s] running install_lib
[4.789s] running install_data
[4.798s] copying launch/holonomic_robot_gazebo.launch.py -> /home/deylahm/Desktop/Simulacion Rotbot/Prueba-Ros2/install/holonomic_robot/share/holonomic_robot/launch
[4.804s] running install_egg_info
[4.830s] removing '/home/deylahm/Desktop/Simulacion Rotbot/Prueba-Ros2/install/holonomic_robot/lib/python3.8/site-packages/holonomic_robot-0.0.0-py3.8.egg-info' (and everything under it)
[4.846s] Copying ../../build/holonomic_robot/holonomic_robot.egg-info to /home/deylahm/Desktop/Simulacion Rotbot/Prueba-Ros2/install/holonomic_robot/lib/python3.8/site-packages/holonomic_robot-0.0.0-py3.8.egg-info
[4.848s] running install_scripts
[4.959s] writing list of installed files to '/home/deylahm/Desktop/Simulacion Rotbot/Prueba-Ros2/build/holonomic_robot/install.log'
[5.063s] Invoked command in '/home/deylahm/Desktop/Simulacion Rotbot/Prueba-Ros2/src/holonomic_robot' returned '0': PYTHONPATH=/home/deylahm/Desktop/Simulacion Rotbot/Prueba-Ros2/build/holonomic_robot/prefix_override:/usr/lib/python3/dist-packages/colcon_core/task/python/colcon_distutils_commands:/home/deylahm/Desktop/Simulacion Rotbot/Prueba-Ros2/install/holonomic_robot/lib/python3.8/site-packages:${PYTHONPATH} /usr/bin/python3 -W ignore:setup.py install is deprecated setup.py egg_info --egg-base ../../build/holonomic_robot build --build-base /home/deylahm/Desktop/Simulacion Rotbot/Prueba-Ros2/build/holonomic_robot/build install --record /home/deylahm/Desktop/Simulacion Rotbot/Prueba-Ros2/build/holonomic_robot/install.log --install-scripts $base/lib/holonomic_robot --single-version-externally-managed install_data
