[5.395s] Invoking command in '/home/deylahm/Desktop/ros2 (copy)/src/holonomic_robot': PYTHONPATH=/home/deylahm/Desktop/ros2 (copy)/build/holonomic_robot/prefix_override:/usr/lib/python3/dist-packages/colcon_core/task/python/colcon_distutils_commands:/home/deylahm/Desktop/ros2 (copy)/install/holonomic_robot/lib/python3.8/site-packages:${PYTHONPATH} /usr/bin/python3 -W ignore:setup.py install is deprecated setup.py egg_info --egg-base ../../build/holonomic_robot build --build-base /home/deylahm/Desktop/ros2 (copy)/build/holonomic_robot/build install --record /home/deylahm/Desktop/ros2 (copy)/build/holonomic_robot/install.log --install-scripts $base/lib/holonomic_robot --single-version-externally-managed install_data
[7.255s] running egg_info
[7.260s] writing ../../build/holonomic_robot/holonomic_robot.egg-info/PKG-INFO
[7.263s] writing dependency_links to ../../build/holonomic_robot/holonomic_robot.egg-info/dependency_links.txt
[7.265s] writing entry points to ../../build/holonomic_robot/holonomic_robot.egg-info/entry_points.txt
[7.268s] writing requirements to ../../build/holonomic_robot/holonomic_robot.egg-info/requires.txt
[7.269s] writing top-level names to ../../build/holonomic_robot/holonomic_robot.egg-info/top_level.txt
[7.716s] reading manifest file '../../build/holonomic_robot/holonomic_robot.egg-info/SOURCES.txt'
[7.734s] writing manifest file '../../build/holonomic_robot/holonomic_robot.egg-info/SOURCES.txt'
[7.736s] running build
[7.740s] running build_py
[7.741s] running install
[7.748s] running install_lib
[7.757s] creating /home/deylahm/Desktop/ros2 (copy)/install/holonomic_robot/lib/python3.8/site-packages/holonomic_robot
[7.758s] copying /home/deylahm/Desktop/ros2 (copy)/build/holonomic_robot/build/lib/holonomic_robot/__init__.py -> /home/deylahm/Desktop/ros2 (copy)/install/holonomic_robot/lib/python3.8/site-packages/holonomic_robot
[7.764s] byte-compiling /home/deylahm/Desktop/ros2 (copy)/install/holonomic_robot/lib/python3.8/site-packages/holonomic_robot/__init__.py to __init__.cpython-38.pyc
[7.776s] running install_data
[7.780s] creating /home/deylahm/Desktop/ros2 (copy)/install/holonomic_robot/share/ament_index
[7.781s] creating /home/deylahm/Desktop/ros2 (copy)/install/holonomic_robot/share/ament_index/resource_index
[7.781s] creating /home/deylahm/Desktop/ros2 (copy)/install/holonomic_robot/share/ament_index/resource_index/packages
[7.782s] copying resource/holonomic_robot -> /home/deylahm/Desktop/ros2 (copy)/install/holonomic_robot/share/ament_index/resource_index/packages
[7.788s] copying package.xml -> /home/deylahm/Desktop/ros2 (copy)/install/holonomic_robot/share/holonomic_robot
[7.789s] running install_egg_info
[7.812s] Copying ../../build/holonomic_robot/holonomic_robot.egg-info to /home/deylahm/Desktop/ros2 (copy)/install/holonomic_robot/lib/python3.8/site-packages/holonomic_robot-0.0.0-py3.8.egg-info
[7.834s] running install_scripts
[8.088s] writing list of installed files to '/home/deylahm/Desktop/ros2 (copy)/build/holonomic_robot/install.log'
[8.360s] Invoked command in '/home/deylahm/Desktop/ros2 (copy)/src/holonomic_robot' returned '0': PYTHONPATH=/home/deylahm/Desktop/ros2 (copy)/build/holonomic_robot/prefix_override:/usr/lib/python3/dist-packages/colcon_core/task/python/colcon_distutils_commands:/home/deylahm/Desktop/ros2 (copy)/install/holonomic_robot/lib/python3.8/site-packages:${PYTHONPATH} /usr/bin/python3 -W ignore:setup.py install is deprecated setup.py egg_info --egg-base ../../build/holonomic_robot build --build-base /home/deylahm/Desktop/ros2 (copy)/build/holonomic_robot/build install --record /home/deylahm/Desktop/ros2 (copy)/build/holonomic_robot/install.log --install-scripts $base/lib/holonomic_robot --single-version-externally-managed install_data
