[17.927s] Invoking command in '/home/deylahm/Desktop/ros2/src/occupancy_grid_demo': PYTHONPATH=/home/deylahm/Desktop/ros2/build/occupancy_grid_demo/prefix_override:/usr/lib/python3/dist-packages/colcon_core/task/python/colcon_distutils_commands:/home/deylahm/Desktop/ros2/install/occupancy_grid_demo/lib/python3.8/site-packages:${PYTHONPATH} /usr/bin/python3 -W ignore:setup.py install is deprecated setup.py egg_info --egg-base ../../build/occupancy_grid_demo build --build-base /home/deylahm/Desktop/ros2/build/occupancy_grid_demo/build install --record /home/deylahm/Desktop/ros2/build/occupancy_grid_demo/install.log --install-scripts $base/lib/occupancy_grid_demo --single-version-externally-managed install_data
[24.257s] running egg_info
[24.265s] writing ../../build/occupancy_grid_demo/occupancy_grid_demo.egg-info/PKG-INFO
[24.274s] writing dependency_links to ../../build/occupancy_grid_demo/occupancy_grid_demo.egg-info/dependency_links.txt
[24.285s] writing entry points to ../../build/occupancy_grid_demo/occupancy_grid_demo.egg-info/entry_points.txt
[24.287s] writing requirements to ../../build/occupancy_grid_demo/occupancy_grid_demo.egg-info/requires.txt
[24.294s] writing top-level names to ../../build/occupancy_grid_demo/occupancy_grid_demo.egg-info/top_level.txt
[25.249s] reading manifest file '../../build/occupancy_grid_demo/occupancy_grid_demo.egg-info/SOURCES.txt'
[25.329s] writing manifest file '../../build/occupancy_grid_demo/occupancy_grid_demo.egg-info/SOURCES.txt'
[25.334s] running build
[25.343s] running build_py
[25.368s] copying occupancy_grid_demo/occupancy_grid_publisher.py -> /home/deylahm/Desktop/ros2/build/occupancy_grid_demo/build/lib/occupancy_grid_demo
[25.414s] running install
[25.421s] running install_lib
[25.437s] copying /home/deylahm/Desktop/ros2/build/occupancy_grid_demo/build/lib/occupancy_grid_demo/occupancy_grid_publisher.py -> /home/deylahm/Desktop/ros2/install/occupancy_grid_demo/lib/python3.8/site-packages/occupancy_grid_demo
[25.475s] byte-compiling /home/deylahm/Desktop/ros2/install/occupancy_grid_demo/lib/python3.8/site-packages/occupancy_grid_demo/occupancy_grid_publisher.py to occupancy_grid_publisher.cpython-38.pyc
[25.540s] running install_data
[25.551s] running install_egg_info
[25.577s] removing '/home/deylahm/Desktop/ros2/install/occupancy_grid_demo/lib/python3.8/site-packages/occupancy_grid_demo-0.0.0-py3.8.egg-info' (and everything under it)
[25.608s] Copying ../../build/occupancy_grid_demo/occupancy_grid_demo.egg-info to /home/deylahm/Desktop/ros2/install/occupancy_grid_demo/lib/python3.8/site-packages/occupancy_grid_demo-0.0.0-py3.8.egg-info
[25.637s] running install_scripts
[26.249s] Installing occupancy_grid_publisher script to /home/deylahm/Desktop/ros2/install/occupancy_grid_demo/lib/occupancy_grid_demo
[26.441s] writing list of installed files to '/home/deylahm/Desktop/ros2/build/occupancy_grid_demo/install.log'
[26.979s] Invoked command in '/home/deylahm/Desktop/ros2/src/occupancy_grid_demo' returned '0': PYTHONPATH=/home/deylahm/Desktop/ros2/build/occupancy_grid_demo/prefix_override:/usr/lib/python3/dist-packages/colcon_core/task/python/colcon_distutils_commands:/home/deylahm/Desktop/ros2/install/occupancy_grid_demo/lib/python3.8/site-packages:${PYTHONPATH} /usr/bin/python3 -W ignore:setup.py install is deprecated setup.py egg_info --egg-base ../../build/occupancy_grid_demo build --build-base /home/deylahm/Desktop/ros2/build/occupancy_grid_demo/build install --record /home/deylahm/Desktop/ros2/build/occupancy_grid_demo/install.log --install-scripts $base/lib/occupancy_grid_demo --single-version-externally-managed install_data
