[8.432s] Invoking command in '/home/deylahm/Desktop/Simulacion Rotbot/Prueba-Ros2/src/occupancy_grid_demo': PYTHONPATH=/home/deylahm/Desktop/Simulacion Rotbot/Prueba-Ros2/build/occupancy_grid_demo/prefix_override:/usr/lib/python3/dist-packages/colcon_core/task/python/colcon_distutils_commands:/home/deylahm/Desktop/Simulacion Rotbot/Prueba-Ros2/install/occupancy_grid_demo/lib/python3.8/site-packages:${PYTHONPATH} /usr/bin/python3 -W ignore:setup.py install is deprecated setup.py egg_info --egg-base ../../build/occupancy_grid_demo build --build-base /home/deylahm/Desktop/Simulacion Rotbot/Prueba-Ros2/build/occupancy_grid_demo/build install --record /home/deylahm/Desktop/Simulacion Rotbot/Prueba-Ros2/build/occupancy_grid_demo/install.log --install-scripts $base/lib/occupancy_grid_demo --single-version-externally-managed install_data
[10.919s] running egg_info
[10.927s] writing ../../build/occupancy_grid_demo/occupancy_grid_demo.egg-info/PKG-INFO
[10.929s] writing dependency_links to ../../build/occupancy_grid_demo/occupancy_grid_demo.egg-info/dependency_links.txt
[10.930s] writing entry points to ../../build/occupancy_grid_demo/occupancy_grid_demo.egg-info/entry_points.txt
[10.934s] writing requirements to ../../build/occupancy_grid_demo/occupancy_grid_demo.egg-info/requires.txt
[10.939s] writing top-level names to ../../build/occupancy_grid_demo/occupancy_grid_demo.egg-info/top_level.txt
[11.313s] reading manifest file '../../build/occupancy_grid_demo/occupancy_grid_demo.egg-info/SOURCES.txt'
[11.323s] writing manifest file '../../build/occupancy_grid_demo/occupancy_grid_demo.egg-info/SOURCES.txt'
[11.327s] running build
[11.328s] running build_py
[11.329s] running install
[11.336s] running install_lib
[11.347s] running install_data
[11.349s] running install_egg_info
[11.364s] removing '/home/deylahm/Desktop/Simulacion Rotbot/Prueba-Ros2/install/occupancy_grid_demo/lib/python3.8/site-packages/occupancy_grid_demo-0.0.0-py3.8.egg-info' (and everything under it)
[11.376s] Copying ../../build/occupancy_grid_demo/occupancy_grid_demo.egg-info to /home/deylahm/Desktop/Simulacion Rotbot/Prueba-Ros2/install/occupancy_grid_demo/lib/python3.8/site-packages/occupancy_grid_demo-0.0.0-py3.8.egg-info
[11.385s] running install_scripts
[11.639s] Installing occupancy_grid_publisher script to /home/deylahm/Desktop/Simulacion Rotbot/Prueba-Ros2/install/occupancy_grid_demo/lib/occupancy_grid_demo
[11.705s] writing list of installed files to '/home/deylahm/Desktop/Simulacion Rotbot/Prueba-Ros2/build/occupancy_grid_demo/install.log'
[12.000s] Invoked command in '/home/deylahm/Desktop/Simulacion Rotbot/Prueba-Ros2/src/occupancy_grid_demo' returned '0': PYTHONPATH=/home/deylahm/Desktop/Simulacion Rotbot/Prueba-Ros2/build/occupancy_grid_demo/prefix_override:/usr/lib/python3/dist-packages/colcon_core/task/python/colcon_distutils_commands:/home/deylahm/Desktop/Simulacion Rotbot/Prueba-Ros2/install/occupancy_grid_demo/lib/python3.8/site-packages:${PYTHONPATH} /usr/bin/python3 -W ignore:setup.py install is deprecated setup.py egg_info --egg-base ../../build/occupancy_grid_demo build --build-base /home/deylahm/Desktop/Simulacion Rotbot/Prueba-Ros2/build/occupancy_grid_demo/build install --record /home/deylahm/Desktop/Simulacion Rotbot/Prueba-Ros2/build/occupancy_grid_demo/install.log --install-scripts $base/lib/occupancy_grid_demo --single-version-externally-managed install_data
