[1.517s] DEBUG:colcon:Command line arguments: ['/usr/bin/colcon', 'build']
[1.518s] DEBUG:colcon:Parsed command line arguments: Namespace(allow_overriding=[], ament_cmake_args=None, base_paths=['.'], build_base='build', catkin_cmake_args=None, catkin_skip_building_tests=False, cmake_args=None, cmake_clean_cache=False, cmake_clean_first=False, cmake_force_configure=False, cmake_target=None, cmake_target_skip_unavailable=False, continue_on_error=False, event_handlers=None, executor='parallel', ignore_user_meta=False, install_base='install', log_base=None, log_level=None, main=<bound method BuildVerb.main of <colcon_core.verb.build.BuildVerb object at 0x7f63bff30670>>, merge_install=False, metas=['./colcon.meta'], mixin=None, mixin_files=None, mixin_verb=('build',), packages_above=None, packages_above_and_dependencies=None, packages_above_depth=None, packages_end=None, packages_ignore=None, packages_ignore_regex=None, packages_select=None, packages_select_build_failed=False, packages_select_by_dep=None, packages_select_regex=None, packages_select_test_failures=False, packages_skip=None, packages_skip_build_finished=False, packages_skip_by_dep=None, packages_skip_regex=None, packages_skip_test_passed=False, packages_skip_up_to=None, packages_start=None, packages_up_to=None, packages_up_to_regex=None, parallel_workers=1, paths=None, symlink_install=False, test_result_base=None, verb_extension=<colcon_core.verb.build.BuildVerb object at 0x7f63bff30670>, verb_name='build', verb_parser=<colcon_mixin.mixin.mixin_argument.MixinArgumentDecorator object at 0x7f63bff41220>)
[3.324s] Level 1:colcon.colcon_core.package_discovery:discover_packages(colcon_meta) check parameters
[3.325s] Level 1:colcon.colcon_core.package_discovery:discover_packages(recursive) check parameters
[3.325s] Level 1:colcon.colcon_core.package_discovery:discover_packages(ignore) check parameters
[3.325s] Level 1:colcon.colcon_core.package_discovery:discover_packages(path) check parameters
[3.325s] Level 1:colcon.colcon_core.package_discovery:discover_packages(colcon_meta) discover
[3.326s] Level 1:colcon.colcon_core.package_discovery:discover_packages(recursive) discover
[3.326s] INFO:colcon.colcon_core.package_discovery:Crawling recursively for packages in '/home/deylahm/Desktop/ros2'
[3.326s] Level 1:colcon.colcon_core.package_identification:_identify(.) by extensions ['ignore', 'ignore_ament_install']
[3.326s] Level 1:colcon.colcon_core.package_identification:_identify(.) by extension 'ignore'
[3.327s] Level 1:colcon.colcon_core.package_identification:_identify(.) by extension 'ignore_ament_install'
[3.327s] Level 1:colcon.colcon_core.package_identification:_identify(.) by extensions ['colcon_pkg']
[3.327s] Level 1:colcon.colcon_core.package_identification:_identify(.) by extension 'colcon_pkg'
[3.327s] Level 1:colcon.colcon_core.package_identification:_identify(.) by extensions ['colcon_meta']
[3.328s] Level 1:colcon.colcon_core.package_identification:_identify(.) by extension 'colcon_meta'
[3.329s] Level 1:colcon.colcon_core.package_identification:_identify(.) by extensions ['ros']
[3.329s] Level 1:colcon.colcon_core.package_identification:_identify(.) by extension 'ros'
[3.506s] Level 1:colcon.colcon_core.package_identification:_identify(.) by extensions ['cmake', 'python']
[3.507s] Level 1:colcon.colcon_core.package_identification:_identify(.) by extension 'cmake'
[3.507s] Level 1:colcon.colcon_core.package_identification:_identify(.) by extension 'python'
[3.507s] Level 1:colcon.colcon_core.package_identification:_identify(.) by extensions ['python_setup_py']
[3.514s] Level 1:colcon.colcon_core.package_identification:_identify(.) by extension 'python_setup_py'
[3.515s] Level 1:colcon.colcon_core.package_identification:_identify(build) by extensions ['ignore', 'ignore_ament_install']
[3.516s] Level 1:colcon.colcon_core.package_identification:_identify(build) by extension 'ignore'
[3.516s] Level 1:colcon.colcon_core.package_identification:_identify(build) ignored
[3.517s] Level 1:colcon.colcon_core.package_identification:_identify(install) by extensions ['ignore', 'ignore_ament_install']
[3.518s] Level 1:colcon.colcon_core.package_identification:_identify(install) by extension 'ignore'
[3.518s] Level 1:colcon.colcon_core.package_identification:_identify(install) ignored
[3.519s] Level 1:colcon.colcon_core.package_identification:_identify(log) by extensions ['ignore', 'ignore_ament_install']
[3.519s] Level 1:colcon.colcon_core.package_identification:_identify(log) by extension 'ignore'
[3.520s] Level 1:colcon.colcon_core.package_identification:_identify(log) ignored
[3.521s] Level 1:colcon.colcon_core.package_identification:_identify(src) by extensions ['ignore', 'ignore_ament_install']
[3.521s] Level 1:colcon.colcon_core.package_identification:_identify(src) by extension 'ignore'
[3.522s] Level 1:colcon.colcon_core.package_identification:_identify(src) by extension 'ignore_ament_install'
[3.522s] Level 1:colcon.colcon_core.package_identification:_identify(src) by extensions ['colcon_pkg']
[3.522s] Level 1:colcon.colcon_core.package_identification:_identify(src) by extension 'colcon_pkg'
[3.523s] Level 1:colcon.colcon_core.package_identification:_identify(src) by extensions ['colcon_meta']
[3.523s] Level 1:colcon.colcon_core.package_identification:_identify(src) by extension 'colcon_meta'
[3.523s] Level 1:colcon.colcon_core.package_identification:_identify(src) by extensions ['ros']
[3.523s] Level 1:colcon.colcon_core.package_identification:_identify(src) by extension 'ros'
[3.524s] Level 1:colcon.colcon_core.package_identification:_identify(src) by extensions ['cmake', 'python']
[3.525s] Level 1:colcon.colcon_core.package_identification:_identify(src) by extension 'cmake'
[3.525s] Level 1:colcon.colcon_core.package_identification:_identify(src) by extension 'python'
[3.526s] Level 1:colcon.colcon_core.package_identification:_identify(src) by extensions ['python_setup_py']
[3.526s] Level 1:colcon.colcon_core.package_identification:_identify(src) by extension 'python_setup_py'
[3.526s] Level 1:colcon.colcon_core.package_identification:_identify(src/occupancy_grid_demo) by extensions ['ignore', 'ignore_ament_install']
[3.527s] Level 1:colcon.colcon_core.package_identification:_identify(src/occupancy_grid_demo) by extension 'ignore'
[3.527s] Level 1:colcon.colcon_core.package_identification:_identify(src/occupancy_grid_demo) by extension 'ignore_ament_install'
[3.527s] Level 1:colcon.colcon_core.package_identification:_identify(src/occupancy_grid_demo) by extensions ['colcon_pkg']
[3.528s] Level 1:colcon.colcon_core.package_identification:_identify(src/occupancy_grid_demo) by extension 'colcon_pkg'
[3.528s] Level 1:colcon.colcon_core.package_identification:_identify(src/occupancy_grid_demo) by extensions ['colcon_meta']
[3.529s] Level 1:colcon.colcon_core.package_identification:_identify(src/occupancy_grid_demo) by extension 'colcon_meta'
[3.529s] Level 1:colcon.colcon_core.package_identification:_identify(src/occupancy_grid_demo) by extensions ['ros']
[3.529s] Level 1:colcon.colcon_core.package_identification:_identify(src/occupancy_grid_demo) by extension 'ros'
[3.546s] DEBUG:colcon.colcon_core.package_identification:Package 'src/occupancy_grid_demo' with type 'ros.ament_python' and name 'occupancy_grid_demo'
[3.546s] Level 1:colcon.colcon_core.package_discovery:discover_packages(recursive) using defaults
[3.547s] Level 1:colcon.colcon_core.package_discovery:discover_packages(ignore) discover
[3.547s] Level 1:colcon.colcon_core.package_discovery:discover_packages(ignore) using defaults
[3.547s] Level 1:colcon.colcon_core.package_discovery:discover_packages(path) discover
[3.547s] Level 1:colcon.colcon_core.package_discovery:discover_packages(path) using defaults
[3.729s] Level 1:colcon.colcon_core.package_discovery:discover_packages(prefix_path) check parameters
[3.730s] Level 1:colcon.colcon_core.package_discovery:discover_packages(prefix_path) discover
[3.764s] DEBUG:colcon.colcon_installed_package_information.package_discovery:Found 270 installed packages in /opt/ros/foxy
[3.790s] Level 1:colcon.colcon_core.package_discovery:discover_packages(prefix_path) using defaults
[4.780s] Level 5:colcon.colcon_core.verb:set package 'occupancy_grid_demo' build argument 'cmake_args' from command line to 'None'
[4.780s] Level 5:colcon.colcon_core.verb:set package 'occupancy_grid_demo' build argument 'cmake_target' from command line to 'None'
[4.780s] Level 5:colcon.colcon_core.verb:set package 'occupancy_grid_demo' build argument 'cmake_target_skip_unavailable' from command line to 'False'
[4.780s] Level 5:colcon.colcon_core.verb:set package 'occupancy_grid_demo' build argument 'cmake_clean_cache' from command line to 'False'
[4.780s] Level 5:colcon.colcon_core.verb:set package 'occupancy_grid_demo' build argument 'cmake_clean_first' from command line to 'False'
[4.781s] Level 5:colcon.colcon_core.verb:set package 'occupancy_grid_demo' build argument 'cmake_force_configure' from command line to 'False'
[4.781s] Level 5:colcon.colcon_core.verb:set package 'occupancy_grid_demo' build argument 'ament_cmake_args' from command line to 'None'
[4.781s] Level 5:colcon.colcon_core.verb:set package 'occupancy_grid_demo' build argument 'catkin_cmake_args' from command line to 'None'
[4.781s] Level 5:colcon.colcon_core.verb:set package 'occupancy_grid_demo' build argument 'catkin_skip_building_tests' from command line to 'False'
[4.781s] DEBUG:colcon.colcon_core.verb:Building package 'occupancy_grid_demo' with the following arguments: {'ament_cmake_args': None, 'build_base': '/home/deylahm/Desktop/ros2/build/occupancy_grid_demo', 'catkin_cmake_args': None, 'catkin_skip_building_tests': False, 'cmake_args': None, 'cmake_clean_cache': False, 'cmake_clean_first': False, 'cmake_force_configure': False, 'cmake_target': None, 'cmake_target_skip_unavailable': False, 'install_base': '/home/deylahm/Desktop/ros2/install/occupancy_grid_demo', 'merge_install': False, 'path': '/home/deylahm/Desktop/ros2/src/occupancy_grid_demo', 'symlink_install': False, 'test_result_base': None}
[4.781s] INFO:colcon.colcon_core.executor:Executing jobs using 'parallel' executor
[4.784s] DEBUG:colcon.colcon_parallel_executor.executor.parallel:run_until_complete
[4.784s] INFO:colcon.colcon_ros.task.ament_python.build:Building ROS package in '/home/deylahm/Desktop/ros2/src/occupancy_grid_demo' with build type 'ament_python'
[4.785s] Level 1:colcon.colcon_core.shell:create_environment_hook('occupancy_grid_demo', 'ament_prefix_path')
[4.800s] INFO:colcon.colcon_core.plugin_system:Skipping extension 'colcon_core.shell.bat': Not used on non-Windows systems
[4.801s] INFO:colcon.colcon_core.shell:Creating environment hook '/home/deylahm/Desktop/ros2/install/occupancy_grid_demo/share/occupancy_grid_demo/hook/ament_prefix_path.ps1'
[4.807s] INFO:colcon.colcon_core.shell:Creating environment descriptor '/home/deylahm/Desktop/ros2/install/occupancy_grid_demo/share/occupancy_grid_demo/hook/ament_prefix_path.dsv'
[4.810s] INFO:colcon.colcon_core.shell:Creating environment hook '/home/deylahm/Desktop/ros2/install/occupancy_grid_demo/share/occupancy_grid_demo/hook/ament_prefix_path.sh'
[4.818s] INFO:colcon.colcon_core.shell:Skip shell extension 'powershell' for command environment: Not usable outside of PowerShell
[4.818s] DEBUG:colcon.colcon_core.shell:Skip shell extension 'dsv' for command environment
[6.501s] INFO:colcon.colcon_core.task.python.build:Building Python package in '/home/deylahm/Desktop/ros2/src/occupancy_grid_demo'
[6.503s] INFO:colcon.colcon_core.shell:Skip shell extension 'powershell' for command environment: Not usable outside of PowerShell
[6.504s] DEBUG:colcon.colcon_core.shell:Skip shell extension 'dsv' for command environment
[9.938s] DEBUG:colcon.colcon_core.event_handler.log_command:Invoking command in '/home/deylahm/Desktop/ros2/src/occupancy_grid_demo': PYTHONPATH=/home/deylahm/Desktop/ros2/build/occupancy_grid_demo/prefix_override:/home/deylahm/Desktop/ros2/install/occupancy_grid_demo/lib/python3.8/site-packages:${PYTHONPATH} /usr/bin/python3 -W ignore:setup.py install is deprecated setup.py egg_info --egg-base ../../build/occupancy_grid_demo build --build-base /home/deylahm/Desktop/ros2/build/occupancy_grid_demo/build install --record /home/deylahm/Desktop/ros2/build/occupancy_grid_demo/install.log --install-scripts $base/lib/occupancy_grid_demo --single-version-externally-managed install_data
[12.114s] DEBUG:colcon.colcon_core.event_handler.log_command:Invoked command in '/home/deylahm/Desktop/ros2/src/occupancy_grid_demo' returned '0': PYTHONPATH=/home/deylahm/Desktop/ros2/build/occupancy_grid_demo/prefix_override:/home/deylahm/Desktop/ros2/install/occupancy_grid_demo/lib/python3.8/site-packages:${PYTHONPATH} /usr/bin/python3 -W ignore:setup.py install is deprecated setup.py egg_info --egg-base ../../build/occupancy_grid_demo build --build-base /home/deylahm/Desktop/ros2/build/occupancy_grid_demo/build install --record /home/deylahm/Desktop/ros2/build/occupancy_grid_demo/install.log --install-scripts $base/lib/occupancy_grid_demo --single-version-externally-managed install_data
[12.157s] Level 1:colcon.colcon_core.environment:checking '/home/deylahm/Desktop/ros2/install/occupancy_grid_demo' for CMake module files
[12.164s] Level 1:colcon.colcon_core.environment:checking '/home/deylahm/Desktop/ros2/install/occupancy_grid_demo' for CMake config files
[12.171s] Level 1:colcon.colcon_core.environment:checking '/home/deylahm/Desktop/ros2/install/occupancy_grid_demo/lib'
[12.173s] Level 1:colcon.colcon_core.environment:checking '/home/deylahm/Desktop/ros2/install/occupancy_grid_demo/bin'
[12.173s] Level 1:colcon.colcon_core.environment:checking '/home/deylahm/Desktop/ros2/install/occupancy_grid_demo/lib/pkgconfig/occupancy_grid_demo.pc'
[12.175s] Level 1:colcon.colcon_core.environment:checking '/home/deylahm/Desktop/ros2/install/occupancy_grid_demo/lib/python3.8/site-packages'
[12.175s] Level 1:colcon.colcon_core.shell:create_environment_hook('occupancy_grid_demo', 'pythonpath')
[12.180s] INFO:colcon.colcon_core.shell:Creating environment hook '/home/deylahm/Desktop/ros2/install/occupancy_grid_demo/share/occupancy_grid_demo/hook/pythonpath.ps1'
[12.184s] INFO:colcon.colcon_core.shell:Creating environment descriptor '/home/deylahm/Desktop/ros2/install/occupancy_grid_demo/share/occupancy_grid_demo/hook/pythonpath.dsv'
[12.192s] INFO:colcon.colcon_core.shell:Creating environment hook '/home/deylahm/Desktop/ros2/install/occupancy_grid_demo/share/occupancy_grid_demo/hook/pythonpath.sh'
[12.197s] Level 1:colcon.colcon_core.environment:checking '/home/deylahm/Desktop/ros2/install/occupancy_grid_demo/bin'
[12.197s] Level 1:colcon.colcon_core.environment:create_environment_scripts_only(occupancy_grid_demo)
[12.199s] INFO:colcon.colcon_core.shell:Creating package script '/home/deylahm/Desktop/ros2/install/occupancy_grid_demo/share/occupancy_grid_demo/package.ps1'
[12.220s] INFO:colcon.colcon_core.shell:Creating package descriptor '/home/deylahm/Desktop/ros2/install/occupancy_grid_demo/share/occupancy_grid_demo/package.dsv'
[12.228s] INFO:colcon.colcon_core.shell:Creating package script '/home/deylahm/Desktop/ros2/install/occupancy_grid_demo/share/occupancy_grid_demo/package.sh'
[12.244s] INFO:colcon.colcon_core.shell:Creating package script '/home/deylahm/Desktop/ros2/install/occupancy_grid_demo/share/occupancy_grid_demo/package.bash'
[12.261s] INFO:colcon.colcon_core.shell:Creating package script '/home/deylahm/Desktop/ros2/install/occupancy_grid_demo/share/occupancy_grid_demo/package.zsh'
[12.280s] Level 1:colcon.colcon_core.environment:create_file_with_runtime_dependencies(/home/deylahm/Desktop/ros2/install/occupancy_grid_demo/share/colcon-core/packages/occupancy_grid_demo)
[12.292s] DEBUG:colcon.colcon_parallel_executor.executor.parallel:closing loop
[12.304s] DEBUG:colcon.colcon_parallel_executor.executor.parallel:loop closed
[12.304s] DEBUG:colcon.colcon_parallel_executor.executor.parallel:run_until_complete finished with '0'
[12.305s] DEBUG:colcon.colcon_core.event_reactor:joining thread
[12.412s] INFO:colcon.colcon_core.plugin_system:Skipping extension 'colcon_notification.desktop_notification.terminal_notifier': Not used on non-Darwin systems
[12.413s] INFO:colcon.colcon_core.plugin_system:Skipping extension 'colcon_notification.desktop_notification.win32': Not used on non-Windows systems
[12.413s] INFO:colcon.colcon_notification.desktop_notification:Sending desktop notification using 'notify2'
[12.790s] DEBUG:colcon.colcon_core.event_reactor:joined thread
[12.792s] INFO:colcon.colcon_core.shell:Creating prefix script '/home/deylahm/Desktop/ros2/install/local_setup.ps1'
[12.812s] INFO:colcon.colcon_core.shell:Creating prefix util module '/home/deylahm/Desktop/ros2/install/_local_setup_util_ps1.py'
[12.830s] INFO:colcon.colcon_core.shell:Creating prefix chain script '/home/deylahm/Desktop/ros2/install/setup.ps1'
[12.844s] INFO:colcon.colcon_core.shell:Creating prefix script '/home/deylahm/Desktop/ros2/install/local_setup.sh'
[12.860s] INFO:colcon.colcon_core.shell:Creating prefix util module '/home/deylahm/Desktop/ros2/install/_local_setup_util_sh.py'
[12.870s] INFO:colcon.colcon_core.shell:Creating prefix chain script '/home/deylahm/Desktop/ros2/install/setup.sh'
[12.889s] INFO:colcon.colcon_core.shell:Creating prefix script '/home/deylahm/Desktop/ros2/install/local_setup.bash'
[12.903s] INFO:colcon.colcon_core.shell:Creating prefix chain script '/home/deylahm/Desktop/ros2/install/setup.bash'
[12.920s] INFO:colcon.colcon_core.shell:Creating prefix script '/home/deylahm/Desktop/ros2/install/local_setup.zsh'
[12.932s] INFO:colcon.colcon_core.shell:Creating prefix chain script '/home/deylahm/Desktop/ros2/install/setup.zsh'
