[7.573s] Invoking command in '/home/deylahm/Desktop/Simulacion Rotbot/Prueba-Ros2/src/occupancy_grid_demo': PYTHONPATH=/home/deylahm/Desktop/Simulacion Rotbot/Prueba-Ros2/build/occupancy_grid_demo/prefix_override:/usr/lib/python3/dist-packages/colcon_core/task/python/colcon_distutils_commands:/home/deylahm/Desktop/Simulacion Rotbot/Prueba-Ros2/install/occupancy_grid_demo/lib/python3.8/site-packages:${PYTHONPATH} /usr/bin/python3 -W ignore:setup.py install is deprecated setup.py egg_info --egg-base ../../build/occupancy_grid_demo build --build-base /home/deylahm/Desktop/Simulacion Rotbot/Prueba-Ros2/build/occupancy_grid_demo/build install --record /home/deylahm/Desktop/Simulacion Rotbot/Prueba-Ros2/build/occupancy_grid_demo/install.log --install-scripts $base/lib/occupancy_grid_demo --single-version-externally-managed install_data
[9.461s] running egg_info
[9.472s] writing ../../build/occupancy_grid_demo/occupancy_grid_demo.egg-info/PKG-INFO
[9.475s] writing dependency_links to ../../build/occupancy_grid_demo/occupancy_grid_demo.egg-info/dependency_links.txt
[9.481s] writing entry points to ../../build/occupancy_grid_demo/occupancy_grid_demo.egg-info/entry_points.txt
[9.484s] writing requirements to ../../build/occupancy_grid_demo/occupancy_grid_demo.egg-info/requires.txt
[9.488s] writing top-level names to ../../build/occupancy_grid_demo/occupancy_grid_demo.egg-info/top_level.txt
[9.820s] reading manifest file '../../build/occupancy_grid_demo/occupancy_grid_demo.egg-info/SOURCES.txt'
[9.828s] writing manifest file '../../build/occupancy_grid_demo/occupancy_grid_demo.egg-info/SOURCES.txt'
[9.832s] running build
[9.833s] running build_py
[9.836s] running install
[9.844s] running install_lib
[9.853s] running install_data
[9.853s] running install_egg_info
[9.868s] removing '/home/deylahm/Desktop/Simulacion Rotbot/Prueba-Ros2/install/occupancy_grid_demo/lib/python3.8/site-packages/occupancy_grid_demo-0.0.0-py3.8.egg-info' (and everything under it)
[9.876s] Copying ../../build/occupancy_grid_demo/occupancy_grid_demo.egg-info to /home/deylahm/Desktop/Simulacion Rotbot/Prueba-Ros2/install/occupancy_grid_demo/lib/python3.8/site-packages/occupancy_grid_demo-0.0.0-py3.8.egg-info
[9.884s] running install_scripts
[10.029s] Installing occupancy_grid_publisher script to /home/deylahm/Desktop/Simulacion Rotbot/Prueba-Ros2/install/occupancy_grid_demo/lib/occupancy_grid_demo
[10.036s] writing list of installed files to '/home/deylahm/Desktop/Simulacion Rotbot/Prueba-Ros2/build/occupancy_grid_demo/install.log'
[10.177s] Invoked command in '/home/deylahm/Desktop/Simulacion Rotbot/Prueba-Ros2/src/occupancy_grid_demo' returned '0': PYTHONPATH=/home/deylahm/Desktop/Simulacion Rotbot/Prueba-Ros2/build/occupancy_grid_demo/prefix_override:/usr/lib/python3/dist-packages/colcon_core/task/python/colcon_distutils_commands:/home/deylahm/Desktop/Simulacion Rotbot/Prueba-Ros2/install/occupancy_grid_demo/lib/python3.8/site-packages:${PYTHONPATH} /usr/bin/python3 -W ignore:setup.py install is deprecated setup.py egg_info --egg-base ../../build/occupancy_grid_demo build --build-base /home/deylahm/Desktop/Simulacion Rotbot/Prueba-Ros2/build/occupancy_grid_demo/build install --record /home/deylahm/Desktop/Simulacion Rotbot/Prueba-Ros2/build/occupancy_grid_demo/install.log --install-scripts $base/lib/occupancy_grid_demo --single-version-externally-managed install_data
